{
  "S:\\WorkShop\\cursor\\Bravo\\frontend\\src\\router\\index.ts": {
    "path": "S:\\WorkShop\\cursor\\Bravo\\frontend\\src\\router\\index.ts",
    "all": false,
    "statementMap": {
      "0": {
        "start": { "line": 1, "column": 0 },
        "end": { "line": 1, "column": 59 }
      },
      "1": {
        "start": { "line": 2, "column": 0 },
        "end": { "line": 2, "column": 0 }
      },
      "2": {
        "start": { "line": 3, "column": 0 },
        "end": { "line": 3, "column": 29 }
      },
      "3": {
        "start": { "line": 4, "column": 0 },
        "end": { "line": 4, "column": 30 }
      },
      "4": {
        "start": { "line": 5, "column": 0 },
        "end": { "line": 5, "column": 11 }
      },
      "5": {
        "start": { "line": 6, "column": 0 },
        "end": { "line": 6, "column": 5 }
      },
      "6": {
        "start": { "line": 7, "column": 0 },
        "end": { "line": 7, "column": 16 }
      },
      "7": {
        "start": { "line": 8, "column": 0 },
        "end": { "line": 8, "column": 19 }
      },
      "8": {
        "start": { "line": 9, "column": 0 },
        "end": { "line": 9, "column": 51 }
      },
      "9": {
        "start": { "line": 10, "column": 0 },
        "end": { "line": 10, "column": 6 }
      },
      "10": {
        "start": { "line": 11, "column": 0 },
        "end": { "line": 11, "column": 5 }
      },
      "11": {
        "start": { "line": 12, "column": 0 },
        "end": { "line": 12, "column": 21 }
      },
      "12": {
        "start": { "line": 13, "column": 0 },
        "end": { "line": 13, "column": 20 }
      },
      "13": {
        "start": { "line": 14, "column": 0 },
        "end": { "line": 14, "column": 52 }
      },
      "14": {
        "start": { "line": 15, "column": 0 },
        "end": { "line": 15, "column": 6 }
      },
      "15": {
        "start": { "line": 16, "column": 0 },
        "end": { "line": 16, "column": 4 }
      },
      "16": {
        "start": { "line": 17, "column": 0 },
        "end": { "line": 17, "column": 2 }
      },
      "17": {
        "start": { "line": 18, "column": 0 },
        "end": { "line": 18, "column": 0 }
      },
      "18": {
        "start": { "line": 19, "column": 0 },
        "end": { "line": 19, "column": 21 }
      }
    },
    "s": {
      "0": 1,
      "1": 1,
      "2": 1,
      "3": 1,
      "4": 1,
      "5": 1,
      "6": 1,
      "7": 1,
      "8": 1,
      "9": 1,
      "10": 1,
      "11": 1,
      "12": 1,
      "13": 1,
      "14": 1,
      "15": 1,
      "16": 1,
      "17": 1,
      "18": 1
    },
    "branchMap": {
      "0": {
        "type": "branch",
        "line": 9,
        "loc": {
          "start": { "line": 9, "column": 17 },
          "end": { "line": 9, "column": 51 }
        },
        "locations": [
          {
            "start": { "line": 9, "column": 17 },
            "end": { "line": 9, "column": 51 }
          }
        ]
      },
      "1": {
        "type": "branch",
        "line": 14,
        "loc": {
          "start": { "line": 14, "column": 17 },
          "end": { "line": 14, "column": 52 }
        },
        "locations": [
          {
            "start": { "line": 14, "column": 17 },
            "end": { "line": 14, "column": 52 }
          }
        ]
      }
    },
    "b": { "0": [1], "1": [1] },
    "fnMap": {
      "0": {
        "name": "component",
        "decl": {
          "start": { "line": 9, "column": 17 },
          "end": { "line": 9, "column": 51 }
        },
        "loc": {
          "start": { "line": 9, "column": 17 },
          "end": { "line": 9, "column": 51 }
        },
        "line": 9
      },
      "1": {
        "name": "component",
        "decl": {
          "start": { "line": 14, "column": 17 },
          "end": { "line": 14, "column": 52 }
        },
        "loc": {
          "start": { "line": 14, "column": 17 },
          "end": { "line": 14, "column": 52 }
        },
        "line": 14
      }
    },
    "f": { "0": 1, "1": 1 }
  },
  "S:\\WorkShop\\cursor\\Bravo\\frontend\\src\\views\\Home.vue": {
    "path": "S:\\WorkShop\\cursor\\Bravo\\frontend\\src\\views\\Home.vue",
    "all": false,
    "statementMap": {
      "0": {
        "start": { "line": 1, "column": 0 },
        "end": { "line": 1, "column": 10 }
      },
      "1": {
        "start": { "line": 2, "column": 0 },
        "end": { "line": 2, "column": 20 }
      },
      "2": {
        "start": { "line": 3, "column": 0 },
        "end": { "line": 3, "column": 23 }
      },
      "3": {
        "start": { "line": 4, "column": 0 },
        "end": { "line": 4, "column": 17 }
      },
      "4": {
        "start": { "line": 5, "column": 0 },
        "end": { "line": 5, "column": 8 }
      },
      "5": {
        "start": { "line": 6, "column": 0 },
        "end": { "line": 6, "column": 11 }
      },
      "6": {
        "start": { "line": 7, "column": 0 },
        "end": { "line": 7, "column": 0 }
      },
      "7": {
        "start": { "line": 8, "column": 0 },
        "end": { "line": 8, "column": 24 }
      },
      "8": {
        "start": { "line": 9, "column": 0 },
        "end": { "line": 9, "column": 11 }
      },
      "9": {
        "start": { "line": 10, "column": 0 },
        "end": { "line": 10, "column": 9 }
      },
      "10": {
        "start": { "line": 11, "column": 0 },
        "end": { "line": 11, "column": 0 }
      },
      "11": {
        "start": { "line": 12, "column": 0 },
        "end": { "line": 12, "column": 14 }
      },
      "12": {
        "start": { "line": 13, "column": 0 },
        "end": { "line": 13, "column": 7 }
      },
      "13": {
        "start": { "line": 14, "column": 0 },
        "end": { "line": 14, "column": 21 }
      },
      "14": {
        "start": { "line": 15, "column": 0 },
        "end": { "line": 15, "column": 16 }
      },
      "15": {
        "start": { "line": 16, "column": 0 },
        "end": { "line": 16, "column": 1 }
      },
      "16": {
        "start": { "line": 17, "column": 0 },
        "end": { "line": 17, "column": 0 }
      },
      "17": {
        "start": { "line": 18, "column": 0 },
        "end": { "line": 18, "column": 4 }
      },
      "18": {
        "start": { "line": 19, "column": 0 },
        "end": { "line": 19, "column": 17 }
      },
      "19": {
        "start": { "line": 20, "column": 0 },
        "end": { "line": 20, "column": 1 }
      },
      "20": {
        "start": { "line": 21, "column": 0 },
        "end": { "line": 21, "column": 8 }
      }
    },
    "s": {
      "0": 1,
      "1": 1,
      "2": 1,
      "3": 1,
      "4": 1,
      "5": 1,
      "6": 1,
      "7": 1,
      "8": 1,
      "9": 1,
      "10": 1,
      "11": 1,
      "12": 1,
      "13": 1,
      "14": 1,
      "15": 1,
      "16": 1,
      "17": 1,
      "18": 1,
      "19": 1,
      "20": 1
    },
    "branchMap": {},
    "b": {},
    "fnMap": {},
    "f": {}
  },
  "S:\\WorkShop\\cursor\\Bravo\\frontend\\src\\views\\Login.vue": {
    "path": "S:\\WorkShop\\cursor\\Bravo\\frontend\\src\\views\\Login.vue",
    "all": false,
    "statementMap": {
      "0": {
        "start": { "line": 1, "column": 0 },
        "end": { "line": 1, "column": 10 }
      },
      "1": {
        "start": { "line": 2, "column": 0 },
        "end": { "line": 2, "column": 21 }
      },
      "2": {
        "start": { "line": 3, "column": 0 },
        "end": { "line": 3, "column": 32 }
      },
      "3": {
        "start": { "line": 4, "column": 0 },
        "end": { "line": 4, "column": 17 }
      },
      "4": {
        "start": { "line": 5, "column": 0 },
        "end": { "line": 5, "column": 53 }
      },
      "5": {
        "start": { "line": 6, "column": 0 },
        "end": { "line": 6, "column": 34 }
      },
      "6": {
        "start": { "line": 7, "column": 0 },
        "end": { "line": 7, "column": 72 }
      },
      "7": {
        "start": { "line": 8, "column": 0 },
        "end": { "line": 8, "column": 23 }
      },
      "8": {
        "start": { "line": 9, "column": 0 },
        "end": { "line": 9, "column": 33 }
      },
      "9": {
        "start": { "line": 10, "column": 0 },
        "end": { "line": 10, "column": 87 }
      },
      "10": {
        "start": { "line": 11, "column": 0 },
        "end": { "line": 11, "column": 23 }
      },
      "11": {
        "start": { "line": 12, "column": 0 },
        "end": { "line": 12, "column": 22 }
      },
      "12": {
        "start": { "line": 13, "column": 0 },
        "end": { "line": 13, "column": 71 }
      },
      "13": {
        "start": { "line": 14, "column": 0 },
        "end": { "line": 14, "column": 23 }
      },
      "14": {
        "start": { "line": 15, "column": 0 },
        "end": { "line": 15, "column": 16 }
      },
      "15": {
        "start": { "line": 16, "column": 0 },
        "end": { "line": 16, "column": 14 }
      },
      "16": {
        "start": { "line": 17, "column": 0 },
        "end": { "line": 17, "column": 8 }
      },
      "17": {
        "start": { "line": 18, "column": 0 },
        "end": { "line": 18, "column": 11 }
      },
      "18": {
        "start": { "line": 19, "column": 0 },
        "end": { "line": 19, "column": 0 }
      },
      "19": {
        "start": { "line": 20, "column": 0 },
        "end": { "line": 20, "column": 24 }
      },
      "20": {
        "start": { "line": 21, "column": 0 },
        "end": { "line": 21, "column": 30 }
      },
      "21": {
        "start": { "line": 22, "column": 0 },
        "end": { "line": 22, "column": 38 }
      },
      "22": {
        "start": { "line": 23, "column": 0 },
        "end": { "line": 23, "column": 0 }
      },
      "23": {
        "start": { "line": 24, "column": 0 },
        "end": { "line": 24, "column": 26 }
      },
      "24": {
        "start": { "line": 25, "column": 0 },
        "end": { "line": 25, "column": 0 }
      },
      "25": {
        "start": { "line": 26, "column": 0 },
        "end": { "line": 26, "column": 28 }
      },
      "26": {
        "start": { "line": 27, "column": 0 },
        "end": { "line": 27, "column": 15 }
      },
      "27": {
        "start": { "line": 28, "column": 0 },
        "end": { "line": 28, "column": 14 }
      },
      "28": {
        "start": { "line": 29, "column": 0 },
        "end": { "line": 29, "column": 2 }
      },
      "29": {
        "start": { "line": 30, "column": 0 },
        "end": { "line": 30, "column": 0 }
      },
      "30": {
        "start": { "line": 31, "column": 0 },
        "end": { "line": 31, "column": 27 }
      },
      "31": {
        "start": { "line": 32, "column": 0 },
        "end": { "line": 32, "column": 12 }
      },
      "32": {
        "start": { "line": 33, "column": 0 },
        "end": { "line": 33, "column": 49 }
      },
      "33": {
        "start": { "line": 34, "column": 0 },
        "end": { "line": 34, "column": 20 }
      },
      "34": {
        "start": { "line": 35, "column": 0 },
        "end": { "line": 35, "column": 3 }
      },
      "35": {
        "start": { "line": 36, "column": 0 },
        "end": { "line": 36, "column": 1 }
      },
      "36": {
        "start": { "line": 37, "column": 0 },
        "end": { "line": 37, "column": 9 }
      },
      "37": {
        "start": { "line": 38, "column": 0 },
        "end": { "line": 38, "column": 0 }
      },
      "38": {
        "start": { "line": 39, "column": 0 },
        "end": { "line": 39, "column": 14 }
      },
      "39": {
        "start": { "line": 40, "column": 0 },
        "end": { "line": 40, "column": 8 }
      },
      "40": {
        "start": { "line": 41, "column": 0 },
        "end": { "line": 41, "column": 16 }
      },
      "41": {
        "start": { "line": 42, "column": 0 },
        "end": { "line": 42, "column": 26 }
      },
      "42": {
        "start": { "line": 43, "column": 0 },
        "end": { "line": 43, "column": 22 }
      },
      "43": {
        "start": { "line": 44, "column": 0 },
        "end": { "line": 44, "column": 16 }
      },
      "44": {
        "start": { "line": 45, "column": 0 },
        "end": { "line": 45, "column": 28 }
      },
      "45": {
        "start": { "line": 46, "column": 0 },
        "end": { "line": 46, "column": 1 }
      },
      "46": {
        "start": { "line": 47, "column": 0 },
        "end": { "line": 47, "column": 0 }
      },
      "47": {
        "start": { "line": 48, "column": 0 },
        "end": { "line": 48, "column": 13 }
      },
      "48": {
        "start": { "line": 49, "column": 0 },
        "end": { "line": 49, "column": 15 }
      },
      "49": {
        "start": { "line": 50, "column": 0 },
        "end": { "line": 50, "column": 16 }
      },
      "50": {
        "start": { "line": 51, "column": 0 },
        "end": { "line": 51, "column": 1 }
      },
      "51": {
        "start": { "line": 52, "column": 0 },
        "end": { "line": 52, "column": 0 }
      },
      "52": {
        "start": { "line": 53, "column": 0 },
        "end": { "line": 53, "column": 4 }
      },
      "53": {
        "start": { "line": 54, "column": 0 },
        "end": { "line": 54, "column": 21 }
      },
      "54": {
        "start": { "line": 55, "column": 0 },
        "end": { "line": 55, "column": 22 }
      },
      "55": {
        "start": { "line": 56, "column": 0 },
        "end": { "line": 56, "column": 17 }
      },
      "56": {
        "start": { "line": 57, "column": 0 },
        "end": { "line": 57, "column": 1 }
      },
      "57": {
        "start": { "line": 58, "column": 0 },
        "end": { "line": 58, "column": 8 }
      }
    },
    "s": {
      "0": 1,
      "1": 1,
      "2": 1,
      "3": 1,
      "4": 1,
      "5": 1,
      "6": 1,
      "7": 1,
      "8": 1,
      "9": 1,
      "10": 1,
      "11": 1,
      "12": 1,
      "13": 1,
      "14": 1,
      "15": 1,
      "16": 1,
      "17": 1,
      "18": 1,
      "19": 1,
      "20": 1,
      "21": 1,
      "22": 1,
      "23": 1,
      "24": 1,
      "25": 1,
      "26": 1,
      "27": 1,
      "28": 1,
      "29": 1,
      "30": 1,
      "31": 4,
      "32": 4,
      "33": 1,
      "34": 1,
      "35": 4,
      "36": 1,
      "37": 1,
      "38": 1,
      "39": 1,
      "40": 1,
      "41": 1,
      "42": 1,
      "43": 1,
      "44": 1,
      "45": 1,
      "46": 1,
      "47": 1,
      "48": 1,
      "49": 1,
      "50": 1,
      "51": 1,
      "52": 1,
      "53": 1,
      "54": 1,
      "55": 1,
      "56": 1,
      "57": 1
    },
    "branchMap": {
      "0": {
        "type": "branch",
        "line": 31,
        "loc": {
          "start": { "line": 31, "column": 20 },
          "end": { "line": 36, "column": 1 }
        },
        "locations": [
          {
            "start": { "line": 31, "column": 20 },
            "end": { "line": 36, "column": 1 }
          }
        ]
      },
      "1": {
        "type": "branch",
        "line": 33,
        "loc": {
          "start": { "line": 33, "column": 16 },
          "end": { "line": 33, "column": 48 }
        },
        "locations": [
          {
            "start": { "line": 33, "column": 16 },
            "end": { "line": 33, "column": 48 }
          }
        ]
      },
      "2": {
        "type": "branch",
        "line": 33,
        "loc": {
          "start": { "line": 33, "column": 48 },
          "end": { "line": 35, "column": 3 }
        },
        "locations": [
          {
            "start": { "line": 33, "column": 48 },
            "end": { "line": 35, "column": 3 }
          }
        ]
      },
      "3": {
        "type": "branch",
        "line": 7,
        "loc": {
          "start": { "line": 7, "column": 39 },
          "end": { "line": 7, "column": 49 }
        },
        "locations": [
          {
            "start": { "line": 7, "column": 39 },
            "end": { "line": 7, "column": 49 }
          }
        ]
      },
      "4": {
        "type": "branch",
        "line": 10,
        "loc": {
          "start": { "line": 10, "column": 39 },
          "end": { "line": 10, "column": 49 }
        },
        "locations": [
          {
            "start": { "line": 10, "column": 39 },
            "end": { "line": 10, "column": 49 }
          }
        ]
      },
      "5": {
        "type": "branch",
        "line": 13,
        "loc": {
          "start": { "line": 13, "column": 57 },
          "end": { "line": 13, "column": 71 }
        },
        "locations": [
          {
            "start": { "line": 13, "column": 57 },
            "end": { "line": 13, "column": 71 }
          }
        ]
      }
    },
    "b": { "0": [4], "1": [2], "2": [1], "3": [7], "4": [7], "5": [7] },
    "fnMap": {
      "0": {
        "name": "handleLogin",
        "decl": {
          "start": { "line": 31, "column": 20 },
          "end": { "line": 36, "column": 1 }
        },
        "loc": {
          "start": { "line": 31, "column": 20 },
          "end": { "line": 36, "column": 1 }
        },
        "line": 31
      },
      "1": {
        "name": "__vite_ssr_import_3__.createVNode.onUpdate:modelValue._cache.<computed>._cache.<computed>",
        "decl": {
          "start": { "line": 7, "column": 39 },
          "end": { "line": 7, "column": 49 }
        },
        "loc": {
          "start": { "line": 7, "column": 39 },
          "end": { "line": 7, "column": 49 }
        },
        "line": 7
      },
      "2": {
        "name": "__vite_ssr_import_3__.createVNode.onUpdate:modelValue._cache.<computed>._cache.<computed>",
        "decl": {
          "start": { "line": 10, "column": 39 },
          "end": { "line": 10, "column": 49 }
        },
        "loc": {
          "start": { "line": 10, "column": 39 },
          "end": { "line": 10, "column": 49 }
        },
        "line": 10
      }
    },
    "f": { "0": 4, "1": 0, "2": 0 }
  }
}
