{
  "meta": {
    "format": 3,
    "version": "7.12.0",
    "timestamp": "2025-12-06T23:42:03.384219",
    "branch_coverage": false,
    "show_contexts": false
  },
  "files": {
    "apps/__init__.py": {
      "executed_lines": [0],
      "summary": {
        "covered_lines": 0,
        "num_statements": 0,
        "percent_covered": 100.0,
        "percent_covered_display": "100.00",
        "missing_lines": 0,
        "excluded_lines": 0,
        "percent_statements_covered": 100.0,
        "percent_statements_covered_display": "100.00"
      },
      "missing_lines": [],
      "excluded_lines": [],
      "functions": {
        "": {
          "executed_lines": [],
          "summary": {
            "covered_lines": 0,
            "num_statements": 0,
            "percent_covered": 100.0,
            "percent_covered_display": "100.00",
            "missing_lines": 0,
            "excluded_lines": 0,
            "percent_statements_covered": 100.0,
            "percent_statements_covered_display": "100.00"
          },
          "missing_lines": [],
          "excluded_lines": []
        }
      },
      "classes": {
        "": {
          "executed_lines": [],
          "summary": {
            "covered_lines": 0,
            "num_statements": 0,
            "percent_covered": 100.0,
            "percent_covered_display": "100.00",
            "missing_lines": 0,
            "excluded_lines": 0,
            "percent_statements_covered": 100.0,
            "percent_statements_covered_display": "100.00"
          },
          "missing_lines": [],
          "excluded_lines": []
        }
      }
    },
    "apps/blog/__init__.py": {
      "executed_lines": [],
      "summary": {
        "covered_lines": 0,
        "num_statements": 0,
        "percent_covered": 100.0,
        "percent_covered_display": "100.00",
        "missing_lines": 0,
        "excluded_lines": 0,
        "percent_statements_covered": 100.0,
        "percent_statements_covered_display": "100.00"
      },
      "missing_lines": [],
      "excluded_lines": [],
      "functions": {
        "": {
          "executed_lines": [],
          "summary": {
            "covered_lines": 0,
            "num_statements": 0,
            "percent_covered": 100.0,
            "percent_covered_display": "100.00",
            "missing_lines": 0,
            "excluded_lines": 0,
            "percent_statements_covered": 100.0,
            "percent_statements_covered_display": "100.00"
          },
          "missing_lines": [],
          "excluded_lines": []
        }
      },
      "classes": {
        "": {
          "executed_lines": [],
          "summary": {
            "covered_lines": 0,
            "num_statements": 0,
            "percent_covered": 100.0,
            "percent_covered_display": "100.00",
            "missing_lines": 0,
            "excluded_lines": 0,
            "percent_statements_covered": 100.0,
            "percent_statements_covered_display": "100.00"
          },
          "missing_lines": [],
          "excluded_lines": []
        }
      }
    },
    "apps/blog/urls.py": {
      "executed_lines": [],
      "summary": {
        "covered_lines": 0,
        "num_statements": 2,
        "percent_covered": 0.0,
        "percent_covered_display": "0.00",
        "missing_lines": 2,
        "excluded_lines": 0,
        "percent_statements_covered": 0.0,
        "percent_statements_covered_display": "0.00"
      },
      "missing_lines": [2, 5],
      "excluded_lines": [],
      "functions": {
        "": {
          "executed_lines": [],
          "summary": {
            "covered_lines": 0,
            "num_statements": 2,
            "percent_covered": 0.0,
            "percent_covered_display": "0.00",
            "missing_lines": 2,
            "excluded_lines": 0,
            "percent_statements_covered": 0.0,
            "percent_statements_covered_display": "0.00"
          },
          "missing_lines": [2, 5],
          "excluded_lines": []
        }
      },
      "classes": {
        "": {
          "executed_lines": [],
          "summary": {
            "covered_lines": 0,
            "num_statements": 2,
            "percent_covered": 0.0,
            "percent_covered_display": "0.00",
            "missing_lines": 2,
            "excluded_lines": 0,
            "percent_statements_covered": 0.0,
            "percent_statements_covered_display": "0.00"
          },
          "missing_lines": [2, 5],
          "excluded_lines": []
        }
      }
    },
    "apps/common/__init__.py": {
      "executed_lines": [0],
      "summary": {
        "covered_lines": 0,
        "num_statements": 0,
        "percent_covered": 100.0,
        "percent_covered_display": "100.00",
        "missing_lines": 0,
        "excluded_lines": 0,
        "percent_statements_covered": 100.0,
        "percent_statements_covered_display": "100.00"
      },
      "missing_lines": [],
      "excluded_lines": [],
      "functions": {
        "": {
          "executed_lines": [],
          "summary": {
            "covered_lines": 0,
            "num_statements": 0,
            "percent_covered": 100.0,
            "percent_covered_display": "100.00",
            "missing_lines": 0,
            "excluded_lines": 0,
            "percent_statements_covered": 100.0,
            "percent_statements_covered_display": "100.00"
          },
          "missing_lines": [],
          "excluded_lines": []
        }
      },
      "classes": {
        "": {
          "executed_lines": [],
          "summary": {
            "covered_lines": 0,
            "num_statements": 0,
            "percent_covered": 100.0,
            "percent_covered_display": "100.00",
            "missing_lines": 0,
            "excluded_lines": 0,
            "percent_statements_covered": 100.0,
            "percent_statements_covered_display": "100.00"
          },
          "missing_lines": [],
          "excluded_lines": []
        }
      }
    },
    "apps/common/pagination.py": {
      "executed_lines": [3, 6, 7, 9, 10, 11],
      "summary": {
        "covered_lines": 5,
        "num_statements": 5,
        "percent_covered": 100.0,
        "percent_covered_display": "100.00",
        "missing_lines": 0,
        "excluded_lines": 0,
        "percent_statements_covered": 100.0,
        "percent_statements_covered_display": "100.00"
      },
      "missing_lines": [],
      "excluded_lines": [],
      "functions": {
        "": {
          "executed_lines": [3, 6, 7, 9, 10, 11],
          "summary": {
            "covered_lines": 5,
            "num_statements": 5,
            "percent_covered": 100.0,
            "percent_covered_display": "100.00",
            "missing_lines": 0,
            "excluded_lines": 0,
            "percent_statements_covered": 100.0,
            "percent_statements_covered_display": "100.00"
          },
          "missing_lines": [],
          "excluded_lines": []
        }
      },
      "classes": {
        "StandardResultsSetPagination": {
          "executed_lines": [],
          "summary": {
            "covered_lines": 0,
            "num_statements": 0,
            "percent_covered": 100.0,
            "percent_covered_display": "100.00",
            "missing_lines": 0,
            "excluded_lines": 0,
            "percent_statements_covered": 100.0,
            "percent_statements_covered_display": "100.00"
          },
          "missing_lines": [],
          "excluded_lines": []
        },
        "": {
          "executed_lines": [3, 6, 7, 9, 10, 11],
          "summary": {
            "covered_lines": 5,
            "num_statements": 5,
            "percent_covered": 100.0,
            "percent_covered_display": "100.00",
            "missing_lines": 0,
            "excluded_lines": 0,
            "percent_statements_covered": 100.0,
            "percent_statements_covered_display": "100.00"
          },
          "missing_lines": [],
          "excluded_lines": []
        }
      }
    },
    "apps/common/urls.py": {
      "executed_lines": [1, 3, 5, 7],
      "summary": {
        "covered_lines": 3,
        "num_statements": 3,
        "percent_covered": 100.0,
        "percent_covered_display": "100.00",
        "missing_lines": 0,
        "excluded_lines": 0,
        "percent_statements_covered": 100.0,
        "percent_statements_covered_display": "100.00"
      },
      "missing_lines": [],
      "excluded_lines": [],
      "functions": {
        "": {
          "executed_lines": [1, 3, 5, 7],
          "summary": {
            "covered_lines": 3,
            "num_statements": 3,
            "percent_covered": 100.0,
            "percent_covered_display": "100.00",
            "missing_lines": 0,
            "excluded_lines": 0,
            "percent_statements_covered": 100.0,
            "percent_statements_covered_display": "100.00"
          },
          "missing_lines": [],
          "excluded_lines": []
        }
      },
      "classes": {
        "": {
          "executed_lines": [1, 3, 5, 7],
          "summary": {
            "covered_lines": 3,
            "num_statements": 3,
            "percent_covered": 100.0,
            "percent_covered_display": "100.00",
            "missing_lines": 0,
            "excluded_lines": 0,
            "percent_statements_covered": 100.0,
            "percent_statements_covered_display": "100.00"
          },
          "missing_lines": [],
          "excluded_lines": []
        }
      }
    },
    "apps/common/views.py": {
      "executed_lines": [
        1, 3, 4, 5, 8, 9, 10, 12, 14, 15, 16, 17, 18, 20, 27, 28, 29, 32, 33,
        34, 36, 37, 38, 39, 40, 41, 43, 55, 56, 57
      ],
      "summary": {
        "covered_lines": 29,
        "num_statements": 29,
        "percent_covered": 100.0,
        "percent_covered_display": "100.00",
        "missing_lines": 0,
        "excluded_lines": 0,
        "percent_statements_covered": 100.0,
        "percent_statements_covered_display": "100.00"
      },
      "missing_lines": [],
      "excluded_lines": [],
      "functions": {
        "health_check": {
          "executed_lines": [12, 14, 15, 16, 17, 18, 20, 27, 28, 29],
          "summary": {
            "covered_lines": 10,
            "num_statements": 10,
            "percent_covered": 100.0,
            "percent_covered_display": "100.00",
            "missing_lines": 0,
            "excluded_lines": 0,
            "percent_statements_covered": 100.0,
            "percent_statements_covered_display": "100.00"
          },
          "missing_lines": [],
          "excluded_lines": []
        },
        "api_info": {
          "executed_lines": [36, 37, 38, 39, 40, 41, 43, 55, 56, 57],
          "summary": {
            "covered_lines": 10,
            "num_statements": 10,
            "percent_covered": 100.0,
            "percent_covered_display": "100.00",
            "missing_lines": 0,
            "excluded_lines": 0,
            "percent_statements_covered": 100.0,
            "percent_statements_covered_display": "100.00"
          },
          "missing_lines": [],
          "excluded_lines": []
        },
        "": {
          "executed_lines": [1, 3, 4, 5, 8, 9, 10, 32, 33, 34],
          "summary": {
            "covered_lines": 9,
            "num_statements": 9,
            "percent_covered": 100.0,
            "percent_covered_display": "100.00",
            "missing_lines": 0,
            "excluded_lines": 0,
            "percent_statements_covered": 100.0,
            "percent_statements_covered_display": "100.00"
          },
          "missing_lines": [],
          "excluded_lines": []
        }
      },
      "classes": {
        "": {
          "executed_lines": [
            1, 3, 4, 5, 8, 9, 10, 12, 14, 15, 16, 17, 18, 20, 27, 28, 29, 32,
            33, 34, 36, 37, 38, 39, 40, 41, 43, 55, 56, 57
          ],
          "summary": {
            "covered_lines": 29,
            "num_statements": 29,
            "percent_covered": 100.0,
            "percent_covered_display": "100.00",
            "missing_lines": 0,
            "excluded_lines": 0,
            "percent_statements_covered": 100.0,
            "percent_statements_covered_display": "100.00"
          },
          "missing_lines": [],
          "excluded_lines": []
        }
      }
    },
    "apps/english/__init__.py": {
      "executed_lines": [],
      "summary": {
        "covered_lines": 0,
        "num_statements": 0,
        "percent_covered": 100.0,
        "percent_covered_display": "100.00",
        "missing_lines": 0,
        "excluded_lines": 0,
        "percent_statements_covered": 100.0,
        "percent_statements_covered_display": "100.00"
      },
      "missing_lines": [],
      "excluded_lines": [],
      "functions": {
        "": {
          "executed_lines": [],
          "summary": {
            "covered_lines": 0,
            "num_statements": 0,
            "percent_covered": 100.0,
            "percent_covered_display": "100.00",
            "missing_lines": 0,
            "excluded_lines": 0,
            "percent_statements_covered": 100.0,
            "percent_statements_covered_display": "100.00"
          },
          "missing_lines": [],
          "excluded_lines": []
        }
      },
      "classes": {
        "": {
          "executed_lines": [],
          "summary": {
            "covered_lines": 0,
            "num_statements": 0,
            "percent_covered": 100.0,
            "percent_covered_display": "100.00",
            "missing_lines": 0,
            "excluded_lines": 0,
            "percent_statements_covered": 100.0,
            "percent_statements_covered_display": "100.00"
          },
          "missing_lines": [],
          "excluded_lines": []
        }
      }
    },
    "apps/english/urls.py": {
      "executed_lines": [],
      "summary": {
        "covered_lines": 0,
        "num_statements": 2,
        "percent_covered": 0.0,
        "percent_covered_display": "0.00",
        "missing_lines": 2,
        "excluded_lines": 0,
        "percent_statements_covered": 0.0,
        "percent_statements_covered_display": "0.00"
      },
      "missing_lines": [2, 5],
      "excluded_lines": [],
      "functions": {
        "": {
          "executed_lines": [],
          "summary": {
            "covered_lines": 0,
            "num_statements": 2,
            "percent_covered": 0.0,
            "percent_covered_display": "0.00",
            "missing_lines": 2,
            "excluded_lines": 0,
            "percent_statements_covered": 0.0,
            "percent_statements_covered_display": "0.00"
          },
          "missing_lines": [2, 5],
          "excluded_lines": []
        }
      },
      "classes": {
        "": {
          "executed_lines": [],
          "summary": {
            "covered_lines": 0,
            "num_statements": 2,
            "percent_covered": 0.0,
            "percent_covered_display": "0.00",
            "missing_lines": 2,
            "excluded_lines": 0,
            "percent_statements_covered": 0.0,
            "percent_statements_covered_display": "0.00"
          },
          "missing_lines": [2, 5],
          "excluded_lines": []
        }
      }
    },
    "apps/example/views.py": {
      "executed_lines": [2, 3],
      "summary": {
        "covered_lines": 2,
        "num_statements": 2,
        "percent_covered": 100.0,
        "percent_covered_display": "100.00",
        "missing_lines": 0,
        "excluded_lines": 0,
        "percent_statements_covered": 100.0,
        "percent_statements_covered_display": "100.00"
      },
      "missing_lines": [],
      "excluded_lines": [],
      "functions": {
        "test_view": {
          "executed_lines": [3],
          "summary": {
            "covered_lines": 1,
            "num_statements": 1,
            "percent_covered": 100.0,
            "percent_covered_display": "100.00",
            "missing_lines": 0,
            "excluded_lines": 0,
            "percent_statements_covered": 100.0,
            "percent_statements_covered_display": "100.00"
          },
          "missing_lines": [],
          "excluded_lines": []
        },
        "": {
          "executed_lines": [2],
          "summary": {
            "covered_lines": 1,
            "num_statements": 1,
            "percent_covered": 100.0,
            "percent_covered_display": "100.00",
            "missing_lines": 0,
            "excluded_lines": 0,
            "percent_statements_covered": 100.0,
            "percent_statements_covered_display": "100.00"
          },
          "missing_lines": [],
          "excluded_lines": []
        }
      },
      "classes": {
        "": {
          "executed_lines": [2, 3],
          "summary": {
            "covered_lines": 2,
            "num_statements": 2,
            "percent_covered": 100.0,
            "percent_covered_display": "100.00",
            "missing_lines": 0,
            "excluded_lines": 0,
            "percent_statements_covered": 100.0,
            "percent_statements_covered_display": "100.00"
          },
          "missing_lines": [],
          "excluded_lines": []
        }
      }
    },
    "apps/feature_flags/__init__.py": {
      "executed_lines": [],
      "summary": {
        "covered_lines": 0,
        "num_statements": 0,
        "percent_covered": 100.0,
        "percent_covered_display": "100.00",
        "missing_lines": 0,
        "excluded_lines": 0,
        "percent_statements_covered": 100.0,
        "percent_statements_covered_display": "100.00"
      },
      "missing_lines": [],
      "excluded_lines": [],
      "functions": {
        "": {
          "executed_lines": [],
          "summary": {
            "covered_lines": 0,
            "num_statements": 0,
            "percent_covered": 100.0,
            "percent_covered_display": "100.00",
            "missing_lines": 0,
            "excluded_lines": 0,
            "percent_statements_covered": 100.0,
            "percent_statements_covered_display": "100.00"
          },
          "missing_lines": [],
          "excluded_lines": []
        }
      },
      "classes": {
        "": {
          "executed_lines": [],
          "summary": {
            "covered_lines": 0,
            "num_statements": 0,
            "percent_covered": 100.0,
            "percent_covered_display": "100.00",
            "missing_lines": 0,
            "excluded_lines": 0,
            "percent_statements_covered": 100.0,
            "percent_statements_covered_display": "100.00"
          },
          "missing_lines": [],
          "excluded_lines": []
        }
      }
    },
    "apps/feature_flags/apps.py": {
      "executed_lines": [],
      "summary": {
        "covered_lines": 0,
        "num_statements": 5,
        "percent_covered": 0.0,
        "percent_covered_display": "0.00",
        "missing_lines": 5,
        "excluded_lines": 0,
        "percent_statements_covered": 0.0,
        "percent_statements_covered_display": "0.00"
      },
      "missing_lines": [4, 7, 10, 11, 12],
      "excluded_lines": [],
      "functions": {
        "": {
          "executed_lines": [],
          "summary": {
            "covered_lines": 0,
            "num_statements": 5,
            "percent_covered": 0.0,
            "percent_covered_display": "0.00",
            "missing_lines": 5,
            "excluded_lines": 0,
            "percent_statements_covered": 0.0,
            "percent_statements_covered_display": "0.00"
          },
          "missing_lines": [4, 7, 10, 11, 12],
          "excluded_lines": []
        }
      },
      "classes": {
        "FeatureFlagsConfig": {
          "executed_lines": [],
          "summary": {
            "covered_lines": 0,
            "num_statements": 0,
            "percent_covered": 100.0,
            "percent_covered_display": "100.00",
            "missing_lines": 0,
            "excluded_lines": 0,
            "percent_statements_covered": 100.0,
            "percent_statements_covered_display": "100.00"
          },
          "missing_lines": [],
          "excluded_lines": []
        },
        "": {
          "executed_lines": [],
          "summary": {
            "covered_lines": 0,
            "num_statements": 5,
            "percent_covered": 0.0,
            "percent_covered_display": "0.00",
            "missing_lines": 5,
            "excluded_lines": 0,
            "percent_statements_covered": 0.0,
            "percent_statements_covered_display": "0.00"
          },
          "missing_lines": [4, 7, 10, 11, 12],
          "excluded_lines": []
        }
      }
    },
    "apps/feature_flags/models.py": {
      "executed_lines": [],
      "summary": {
        "covered_lines": 0,
        "num_statements": 13,
        "percent_covered": 0.0,
        "percent_covered_display": "0.00",
        "missing_lines": 13,
        "excluded_lines": 0,
        "percent_statements_covered": 0.0,
        "percent_statements_covered_display": "0.00"
      },
      "missing_lines": [4, 7, 10, 11, 12, 13, 14, 16, 17, 18, 19, 21, 22],
      "excluded_lines": [],
      "functions": {
        "FeatureFlag.__str__": {
          "executed_lines": [],
          "summary": {
            "covered_lines": 0,
            "num_statements": 1,
            "percent_covered": 0.0,
            "percent_covered_display": "0.00",
            "missing_lines": 1,
            "excluded_lines": 0,
            "percent_statements_covered": 0.0,
            "percent_statements_covered_display": "0.00"
          },
          "missing_lines": [22],
          "excluded_lines": []
        },
        "": {
          "executed_lines": [],
          "summary": {
            "covered_lines": 0,
            "num_statements": 12,
            "percent_covered": 0.0,
            "percent_covered_display": "0.00",
            "missing_lines": 12,
            "excluded_lines": 0,
            "percent_statements_covered": 0.0,
            "percent_statements_covered_display": "0.00"
          },
          "missing_lines": [4, 7, 10, 11, 12, 13, 14, 16, 17, 18, 19, 21],
          "excluded_lines": []
        }
      },
      "classes": {
        "FeatureFlag": {
          "executed_lines": [],
          "summary": {
            "covered_lines": 0,
            "num_statements": 1,
            "percent_covered": 0.0,
            "percent_covered_display": "0.00",
            "missing_lines": 1,
            "excluded_lines": 0,
            "percent_statements_covered": 0.0,
            "percent_statements_covered_display": "0.00"
          },
          "missing_lines": [22],
          "excluded_lines": []
        },
        "FeatureFlag.Meta": {
          "executed_lines": [],
          "summary": {
            "covered_lines": 0,
            "num_statements": 0,
            "percent_covered": 100.0,
            "percent_covered_display": "100.00",
            "missing_lines": 0,
            "excluded_lines": 0,
            "percent_statements_covered": 100.0,
            "percent_statements_covered_display": "100.00"
          },
          "missing_lines": [],
          "excluded_lines": []
        },
        "": {
          "executed_lines": [],
          "summary": {
            "covered_lines": 0,
            "num_statements": 12,
            "percent_covered": 0.0,
            "percent_covered_display": "0.00",
            "missing_lines": 12,
            "excluded_lines": 0,
            "percent_statements_covered": 0.0,
            "percent_statements_covered_display": "0.00"
          },
          "missing_lines": [4, 7, 10, 11, 12, 13, 14, 16, 17, 18, 19, 21],
          "excluded_lines": []
        }
      }
    },
    "apps/feature_flags/urls.py": {
      "executed_lines": [],
      "summary": {
        "covered_lines": 0,
        "num_statements": 4,
        "percent_covered": 0.0,
        "percent_covered_display": "0.00",
        "missing_lines": 4,
        "excluded_lines": 0,
        "percent_statements_covered": 0.0,
        "percent_statements_covered_display": "0.00"
      },
      "missing_lines": [4, 6, 8, 10],
      "excluded_lines": [],
      "functions": {
        "": {
          "executed_lines": [],
          "summary": {
            "covered_lines": 0,
            "num_statements": 4,
            "percent_covered": 0.0,
            "percent_covered_display": "0.00",
            "missing_lines": 4,
            "excluded_lines": 0,
            "percent_statements_covered": 0.0,
            "percent_statements_covered_display": "0.00"
          },
          "missing_lines": [4, 6, 8, 10],
          "excluded_lines": []
        }
      },
      "classes": {
        "": {
          "executed_lines": [],
          "summary": {
            "covered_lines": 0,
            "num_statements": 4,
            "percent_covered": 0.0,
            "percent_covered_display": "0.00",
            "missing_lines": 4,
            "excluded_lines": 0,
            "percent_statements_covered": 0.0,
            "percent_statements_covered_display": "0.00"
          },
          "missing_lines": [4, 6, 8, 10],
          "excluded_lines": []
        }
      }
    },
    "apps/feature_flags/views.py": {
      "executed_lines": [],
      "summary": {
        "covered_lines": 0,
        "num_statements": 3,
        "percent_covered": 0.0,
        "percent_covered_display": "0.00",
        "missing_lines": 3,
        "excluded_lines": 0,
        "percent_statements_covered": 0.0,
        "percent_statements_covered_display": "0.00"
      },
      "missing_lines": [4, 7, 9],
      "excluded_lines": [],
      "functions": {
        "feature_flags_status": {
          "executed_lines": [],
          "summary": {
            "covered_lines": 0,
            "num_statements": 1,
            "percent_covered": 0.0,
            "percent_covered_display": "0.00",
            "missing_lines": 1,
            "excluded_lines": 0,
            "percent_statements_covered": 0.0,
            "percent_statements_covered_display": "0.00"
          },
          "missing_lines": [9],
          "excluded_lines": []
        },
        "": {
          "executed_lines": [],
          "summary": {
            "covered_lines": 0,
            "num_statements": 2,
            "percent_covered": 0.0,
            "percent_covered_display": "0.00",
            "missing_lines": 2,
            "excluded_lines": 0,
            "percent_statements_covered": 0.0,
            "percent_statements_covered_display": "0.00"
          },
          "missing_lines": [4, 7],
          "excluded_lines": []
        }
      },
      "classes": {
        "": {
          "executed_lines": [],
          "summary": {
            "covered_lines": 0,
            "num_statements": 3,
            "percent_covered": 0.0,
            "percent_covered_display": "0.00",
            "missing_lines": 3,
            "excluded_lines": 0,
            "percent_statements_covered": 0.0,
            "percent_statements_covered_display": "0.00"
          },
          "missing_lines": [4, 7, 9],
          "excluded_lines": []
        }
      }
    },
    "apps/jobs/__init__.py": {
      "executed_lines": [],
      "summary": {
        "covered_lines": 0,
        "num_statements": 0,
        "percent_covered": 100.0,
        "percent_covered_display": "100.00",
        "missing_lines": 0,
        "excluded_lines": 0,
        "percent_statements_covered": 100.0,
        "percent_statements_covered_display": "100.00"
      },
      "missing_lines": [],
      "excluded_lines": [],
      "functions": {
        "": {
          "executed_lines": [],
          "summary": {
            "covered_lines": 0,
            "num_statements": 0,
            "percent_covered": 100.0,
            "percent_covered_display": "100.00",
            "missing_lines": 0,
            "excluded_lines": 0,
            "percent_statements_covered": 100.0,
            "percent_statements_covered_display": "100.00"
          },
          "missing_lines": [],
          "excluded_lines": []
        }
      },
      "classes": {
        "": {
          "executed_lines": [],
          "summary": {
            "covered_lines": 0,
            "num_statements": 0,
            "percent_covered": 100.0,
            "percent_covered_display": "100.00",
            "missing_lines": 0,
            "excluded_lines": 0,
            "percent_statements_covered": 100.0,
            "percent_statements_covered_display": "100.00"
          },
          "missing_lines": [],
          "excluded_lines": []
        }
      }
    },
    "apps/jobs/urls.py": {
      "executed_lines": [],
      "summary": {
        "covered_lines": 0,
        "num_statements": 2,
        "percent_covered": 0.0,
        "percent_covered_display": "0.00",
        "missing_lines": 2,
        "excluded_lines": 0,
        "percent_statements_covered": 0.0,
        "percent_statements_covered_display": "0.00"
      },
      "missing_lines": [2, 5],
      "excluded_lines": [],
      "functions": {
        "": {
          "executed_lines": [],
          "summary": {
            "covered_lines": 0,
            "num_statements": 2,
            "percent_covered": 0.0,
            "percent_covered_display": "0.00",
            "missing_lines": 2,
            "excluded_lines": 0,
            "percent_statements_covered": 0.0,
            "percent_statements_covered_display": "0.00"
          },
          "missing_lines": [2, 5],
          "excluded_lines": []
        }
      },
      "classes": {
        "": {
          "executed_lines": [],
          "summary": {
            "covered_lines": 0,
            "num_statements": 2,
            "percent_covered": 0.0,
            "percent_covered_display": "0.00",
            "missing_lines": 2,
            "excluded_lines": 0,
            "percent_statements_covered": 0.0,
            "percent_statements_covered_display": "0.00"
          },
          "missing_lines": [2, 5],
          "excluded_lines": []
        }
      }
    },
    "apps/test_optimized/views.py": {
      "executed_lines": [2, 3],
      "summary": {
        "covered_lines": 2,
        "num_statements": 2,
        "percent_covered": 100.0,
        "percent_covered_display": "100.00",
        "missing_lines": 0,
        "excluded_lines": 0,
        "percent_statements_covered": 100.0,
        "percent_statements_covered_display": "100.00"
      },
      "missing_lines": [],
      "excluded_lines": [],
      "functions": {
        "test_view": {
          "executed_lines": [3],
          "summary": {
            "covered_lines": 1,
            "num_statements": 1,
            "percent_covered": 100.0,
            "percent_covered_display": "100.00",
            "missing_lines": 0,
            "excluded_lines": 0,
            "percent_statements_covered": 100.0,
            "percent_statements_covered_display": "100.00"
          },
          "missing_lines": [],
          "excluded_lines": []
        },
        "": {
          "executed_lines": [2],
          "summary": {
            "covered_lines": 1,
            "num_statements": 1,
            "percent_covered": 100.0,
            "percent_covered_display": "100.00",
            "missing_lines": 0,
            "excluded_lines": 0,
            "percent_statements_covered": 100.0,
            "percent_statements_covered_display": "100.00"
          },
          "missing_lines": [],
          "excluded_lines": []
        }
      },
      "classes": {
        "": {
          "executed_lines": [2, 3],
          "summary": {
            "covered_lines": 2,
            "num_statements": 2,
            "percent_covered": 100.0,
            "percent_covered_display": "100.00",
            "missing_lines": 0,
            "excluded_lines": 0,
            "percent_statements_covered": 100.0,
            "percent_statements_covered_display": "100.00"
          },
          "missing_lines": [],
          "excluded_lines": []
        }
      }
    },
    "apps/test_scenario2/views.py": {
      "executed_lines": [2, 3],
      "summary": {
        "covered_lines": 2,
        "num_statements": 2,
        "percent_covered": 100.0,
        "percent_covered_display": "100.00",
        "missing_lines": 0,
        "excluded_lines": 0,
        "percent_statements_covered": 100.0,
        "percent_statements_covered_display": "100.00"
      },
      "missing_lines": [],
      "excluded_lines": [],
      "functions": {
        "scenario2_view": {
          "executed_lines": [3],
          "summary": {
            "covered_lines": 1,
            "num_statements": 1,
            "percent_covered": 100.0,
            "percent_covered_display": "100.00",
            "missing_lines": 0,
            "excluded_lines": 0,
            "percent_statements_covered": 100.0,
            "percent_statements_covered_display": "100.00"
          },
          "missing_lines": [],
          "excluded_lines": []
        },
        "": {
          "executed_lines": [2],
          "summary": {
            "covered_lines": 1,
            "num_statements": 1,
            "percent_covered": 100.0,
            "percent_covered_display": "100.00",
            "missing_lines": 0,
            "excluded_lines": 0,
            "percent_statements_covered": 100.0,
            "percent_statements_covered_display": "100.00"
          },
          "missing_lines": [],
          "excluded_lines": []
        }
      },
      "classes": {
        "": {
          "executed_lines": [2, 3],
          "summary": {
            "covered_lines": 2,
            "num_statements": 2,
            "percent_covered": 100.0,
            "percent_covered_display": "100.00",
            "missing_lines": 0,
            "excluded_lines": 0,
            "percent_statements_covered": 100.0,
            "percent_statements_covered_display": "100.00"
          },
          "missing_lines": [],
          "excluded_lines": []
        }
      }
    },
    "apps/test_scenario3/views.py": {
      "executed_lines": [2, 3],
      "summary": {
        "covered_lines": 2,
        "num_statements": 2,
        "percent_covered": 100.0,
        "percent_covered_display": "100.00",
        "missing_lines": 0,
        "excluded_lines": 0,
        "percent_statements_covered": 100.0,
        "percent_statements_covered_display": "100.00"
      },
      "missing_lines": [],
      "excluded_lines": [],
      "functions": {
        "scenario3_view": {
          "executed_lines": [3],
          "summary": {
            "covered_lines": 1,
            "num_statements": 1,
            "percent_covered": 100.0,
            "percent_covered_display": "100.00",
            "missing_lines": 0,
            "excluded_lines": 0,
            "percent_statements_covered": 100.0,
            "percent_statements_covered_display": "100.00"
          },
          "missing_lines": [],
          "excluded_lines": []
        },
        "": {
          "executed_lines": [2],
          "summary": {
            "covered_lines": 1,
            "num_statements": 1,
            "percent_covered": 100.0,
            "percent_covered_display": "100.00",
            "missing_lines": 0,
            "excluded_lines": 0,
            "percent_statements_covered": 100.0,
            "percent_statements_covered_display": "100.00"
          },
          "missing_lines": [],
          "excluded_lines": []
        }
      },
      "classes": {
        "": {
          "executed_lines": [2, 3],
          "summary": {
            "covered_lines": 2,
            "num_statements": 2,
            "percent_covered": 100.0,
            "percent_covered_display": "100.00",
            "missing_lines": 0,
            "excluded_lines": 0,
            "percent_statements_covered": 100.0,
            "percent_statements_covered_display": "100.00"
          },
          "missing_lines": [],
          "excluded_lines": []
        }
      }
    },
    "apps/test_t01/views.py": {
      "executed_lines": [2, 3],
      "summary": {
        "covered_lines": 2,
        "num_statements": 2,
        "percent_covered": 100.0,
        "percent_covered_display": "100.00",
        "missing_lines": 0,
        "excluded_lines": 0,
        "percent_statements_covered": 100.0,
        "percent_statements_covered_display": "100.00"
      },
      "missing_lines": [],
      "excluded_lines": [],
      "functions": {
        "test_view": {
          "executed_lines": [3],
          "summary": {
            "covered_lines": 1,
            "num_statements": 1,
            "percent_covered": 100.0,
            "percent_covered_display": "100.00",
            "missing_lines": 0,
            "excluded_lines": 0,
            "percent_statements_covered": 100.0,
            "percent_statements_covered_display": "100.00"
          },
          "missing_lines": [],
          "excluded_lines": []
        },
        "": {
          "executed_lines": [2],
          "summary": {
            "covered_lines": 1,
            "num_statements": 1,
            "percent_covered": 100.0,
            "percent_covered_display": "100.00",
            "missing_lines": 0,
            "excluded_lines": 0,
            "percent_statements_covered": 100.0,
            "percent_statements_covered_display": "100.00"
          },
          "missing_lines": [],
          "excluded_lines": []
        }
      },
      "classes": {
        "": {
          "executed_lines": [2, 3],
          "summary": {
            "covered_lines": 2,
            "num_statements": 2,
            "percent_covered": 100.0,
            "percent_covered_display": "100.00",
            "missing_lines": 0,
            "excluded_lines": 0,
            "percent_statements_covered": 100.0,
            "percent_statements_covered_display": "100.00"
          },
          "missing_lines": [],
          "excluded_lines": []
        }
      }
    },
    "apps/users/__init__.py": {
      "executed_lines": [0],
      "summary": {
        "covered_lines": 0,
        "num_statements": 0,
        "percent_covered": 100.0,
        "percent_covered_display": "100.00",
        "missing_lines": 0,
        "excluded_lines": 0,
        "percent_statements_covered": 100.0,
        "percent_statements_covered_display": "100.00"
      },
      "missing_lines": [],
      "excluded_lines": [],
      "functions": {
        "": {
          "executed_lines": [],
          "summary": {
            "covered_lines": 0,
            "num_statements": 0,
            "percent_covered": 100.0,
            "percent_covered_display": "100.00",
            "missing_lines": 0,
            "excluded_lines": 0,
            "percent_statements_covered": 100.0,
            "percent_statements_covered_display": "100.00"
          },
          "missing_lines": [],
          "excluded_lines": []
        }
      },
      "classes": {
        "": {
          "executed_lines": [],
          "summary": {
            "covered_lines": 0,
            "num_statements": 0,
            "percent_covered": 100.0,
            "percent_covered_display": "100.00",
            "missing_lines": 0,
            "excluded_lines": 0,
            "percent_statements_covered": 100.0,
            "percent_statements_covered_display": "100.00"
          },
          "missing_lines": [],
          "excluded_lines": []
        }
      }
    },
    "apps/users/models.py": {
      "executed_lines": [2, 4, 7, 8, 12, 13, 15, 16, 17, 18],
      "summary": {
        "covered_lines": 8,
        "num_statements": 8,
        "percent_covered": 100.0,
        "percent_covered_display": "100.00",
        "missing_lines": 0,
        "excluded_lines": 0,
        "percent_statements_covered": 100.0,
        "percent_statements_covered_display": "100.00"
      },
      "missing_lines": [],
      "excluded_lines": [],
      "functions": {
        "": {
          "executed_lines": [2, 4, 7, 8, 12, 13, 15, 16, 17, 18],
          "summary": {
            "covered_lines": 8,
            "num_statements": 8,
            "percent_covered": 100.0,
            "percent_covered_display": "100.00",
            "missing_lines": 0,
            "excluded_lines": 0,
            "percent_statements_covered": 100.0,
            "percent_statements_covered_display": "100.00"
          },
          "missing_lines": [],
          "excluded_lines": []
        }
      },
      "classes": {
        "User": {
          "executed_lines": [],
          "summary": {
            "covered_lines": 0,
            "num_statements": 0,
            "percent_covered": 100.0,
            "percent_covered_display": "100.00",
            "missing_lines": 0,
            "excluded_lines": 0,
            "percent_statements_covered": 100.0,
            "percent_statements_covered_display": "100.00"
          },
          "missing_lines": [],
          "excluded_lines": []
        },
        "User.Meta": {
          "executed_lines": [],
          "summary": {
            "covered_lines": 0,
            "num_statements": 0,
            "percent_covered": 100.0,
            "percent_covered_display": "100.00",
            "missing_lines": 0,
            "excluded_lines": 0,
            "percent_statements_covered": 100.0,
            "percent_statements_covered_display": "100.00"
          },
          "missing_lines": [],
          "excluded_lines": []
        },
        "": {
          "executed_lines": [2, 4, 7, 8, 12, 13, 15, 16, 17, 18],
          "summary": {
            "covered_lines": 8,
            "num_statements": 8,
            "percent_covered": 100.0,
            "percent_covered_display": "100.00",
            "missing_lines": 0,
            "excluded_lines": 0,
            "percent_statements_covered": 100.0,
            "percent_statements_covered_display": "100.00"
          },
          "missing_lines": [],
          "excluded_lines": []
        }
      }
    },
    "apps/users/urls.py": {
      "executed_lines": [],
      "summary": {
        "covered_lines": 0,
        "num_statements": 2,
        "percent_covered": 0.0,
        "percent_covered_display": "0.00",
        "missing_lines": 2,
        "excluded_lines": 0,
        "percent_statements_covered": 0.0,
        "percent_statements_covered_display": "0.00"
      },
      "missing_lines": [2, 5],
      "excluded_lines": [],
      "functions": {
        "": {
          "executed_lines": [],
          "summary": {
            "covered_lines": 0,
            "num_statements": 2,
            "percent_covered": 0.0,
            "percent_covered_display": "0.00",
            "missing_lines": 2,
            "excluded_lines": 0,
            "percent_statements_covered": 0.0,
            "percent_statements_covered_display": "0.00"
          },
          "missing_lines": [2, 5],
          "excluded_lines": []
        }
      },
      "classes": {
        "": {
          "executed_lines": [],
          "summary": {
            "covered_lines": 0,
            "num_statements": 2,
            "percent_covered": 0.0,
            "percent_covered_display": "0.00",
            "missing_lines": 2,
            "excluded_lines": 0,
            "percent_statements_covered": 0.0,
            "percent_statements_covered_display": "0.00"
          },
          "missing_lines": [2, 5],
          "excluded_lines": []
        }
      }
    },
    "bravo/__init__.py": {
      "executed_lines": [4, 6],
      "summary": {
        "covered_lines": 2,
        "num_statements": 2,
        "percent_covered": 100.0,
        "percent_covered_display": "100.00",
        "missing_lines": 0,
        "excluded_lines": 0,
        "percent_statements_covered": 100.0,
        "percent_statements_covered_display": "100.00"
      },
      "missing_lines": [],
      "excluded_lines": [],
      "functions": {
        "": {
          "executed_lines": [4, 6],
          "summary": {
            "covered_lines": 2,
            "num_statements": 2,
            "percent_covered": 100.0,
            "percent_covered_display": "100.00",
            "missing_lines": 0,
            "excluded_lines": 0,
            "percent_statements_covered": 100.0,
            "percent_statements_covered_display": "100.00"
          },
          "missing_lines": [],
          "excluded_lines": []
        }
      },
      "classes": {
        "": {
          "executed_lines": [4, 6],
          "summary": {
            "covered_lines": 2,
            "num_statements": 2,
            "percent_covered": 100.0,
            "percent_covered_display": "100.00",
            "missing_lines": 0,
            "excluded_lines": 0,
            "percent_statements_covered": 100.0,
            "percent_statements_covered_display": "100.00"
          },
          "missing_lines": [],
          "excluded_lines": []
        }
      }
    },
    "bravo/celery.py": {
      "executed_lines": [1, 3, 6, 8, 11, 14, 17, 18],
      "summary": {
        "covered_lines": 8,
        "num_statements": 9,
        "percent_covered": 88.88888888888889,
        "percent_covered_display": "88.89",
        "missing_lines": 1,
        "excluded_lines": 0,
        "percent_statements_covered": 88.88888888888889,
        "percent_statements_covered_display": "88.89"
      },
      "missing_lines": [19],
      "excluded_lines": [],
      "functions": {
        "debug_task": {
          "executed_lines": [],
          "summary": {
            "covered_lines": 0,
            "num_statements": 1,
            "percent_covered": 0.0,
            "percent_covered_display": "0.00",
            "missing_lines": 1,
            "excluded_lines": 0,
            "percent_statements_covered": 0.0,
            "percent_statements_covered_display": "0.00"
          },
          "missing_lines": [19],
          "excluded_lines": []
        },
        "": {
          "executed_lines": [1, 3, 6, 8, 11, 14, 17, 18],
          "summary": {
            "covered_lines": 8,
            "num_statements": 8,
            "percent_covered": 100.0,
            "percent_covered_display": "100.00",
            "missing_lines": 0,
            "excluded_lines": 0,
            "percent_statements_covered": 100.0,
            "percent_statements_covered_display": "100.00"
          },
          "missing_lines": [],
          "excluded_lines": []
        }
      },
      "classes": {
        "": {
          "executed_lines": [1, 3, 6, 8, 11, 14, 17, 18],
          "summary": {
            "covered_lines": 8,
            "num_statements": 9,
            "percent_covered": 88.88888888888889,
            "percent_covered_display": "88.89",
            "missing_lines": 1,
            "excluded_lines": 0,
            "percent_statements_covered": 88.88888888888889,
            "percent_statements_covered_display": "88.89"
          },
          "missing_lines": [19],
          "excluded_lines": []
        }
      }
    },
    "bravo/urls.py": {
      "executed_lines": [],
      "summary": {
        "covered_lines": 0,
        "num_statements": 11,
        "percent_covered": 0.0,
        "percent_covered_display": "0.00",
        "missing_lines": 11,
        "excluded_lines": 3,
        "percent_statements_covered": 0.0,
        "percent_statements_covered_display": "0.00"
      },
      "missing_lines": [16, 18, 19, 20, 21, 22, 25, 27, 40, 42, 55],
      "excluded_lines": [63, 64, 65],
      "functions": {
        "health_check": {
          "executed_lines": [],
          "summary": {
            "covered_lines": 0,
            "num_statements": 1,
            "percent_covered": 0.0,
            "percent_covered_display": "0.00",
            "missing_lines": 1,
            "excluded_lines": 0,
            "percent_statements_covered": 0.0,
            "percent_statements_covered_display": "0.00"
          },
          "missing_lines": [27],
          "excluded_lines": []
        },
        "api_root": {
          "executed_lines": [],
          "summary": {
            "covered_lines": 0,
            "num_statements": 1,
            "percent_covered": 0.0,
            "percent_covered_display": "0.00",
            "missing_lines": 1,
            "excluded_lines": 0,
            "percent_statements_covered": 0.0,
            "percent_statements_covered_display": "0.00"
          },
          "missing_lines": [42],
          "excluded_lines": []
        },
        "": {
          "executed_lines": [],
          "summary": {
            "covered_lines": 0,
            "num_statements": 9,
            "percent_covered": 0.0,
            "percent_covered_display": "0.00",
            "missing_lines": 9,
            "excluded_lines": 3,
            "percent_statements_covered": 0.0,
            "percent_statements_covered_display": "0.00"
          },
          "missing_lines": [16, 18, 19, 20, 21, 22, 25, 40, 55],
          "excluded_lines": [63, 64, 65]
        }
      },
      "classes": {
        "": {
          "executed_lines": [],
          "summary": {
            "covered_lines": 0,
            "num_statements": 11,
            "percent_covered": 0.0,
            "percent_covered_display": "0.00",
            "missing_lines": 11,
            "excluded_lines": 3,
            "percent_statements_covered": 0.0,
            "percent_statements_covered_display": "0.00"
          },
          "missing_lines": [16, 18, 19, 20, 21, 22, 25, 27, 40, 42, 55],
          "excluded_lines": [63, 64, 65]
        }
      }
    },
    "bravo/urls_test.py": {
      "executed_lines": [2, 4, 5, 6, 7, 10, 26],
      "summary": {
        "covered_lines": 6,
        "num_statements": 7,
        "percent_covered": 85.71428571428571,
        "percent_covered_display": "85.71",
        "missing_lines": 1,
        "excluded_lines": 0,
        "percent_statements_covered": 85.71428571428571,
        "percent_statements_covered_display": "85.71"
      },
      "missing_lines": [12],
      "excluded_lines": [],
      "functions": {
        "home_view": {
          "executed_lines": [],
          "summary": {
            "covered_lines": 0,
            "num_statements": 1,
            "percent_covered": 0.0,
            "percent_covered_display": "0.00",
            "missing_lines": 1,
            "excluded_lines": 0,
            "percent_statements_covered": 0.0,
            "percent_statements_covered_display": "0.00"
          },
          "missing_lines": [12],
          "excluded_lines": []
        },
        "": {
          "executed_lines": [2, 4, 5, 6, 7, 10, 26],
          "summary": {
            "covered_lines": 6,
            "num_statements": 6,
            "percent_covered": 100.0,
            "percent_covered_display": "100.00",
            "missing_lines": 0,
            "excluded_lines": 0,
            "percent_statements_covered": 100.0,
            "percent_statements_covered_display": "100.00"
          },
          "missing_lines": [],
          "excluded_lines": []
        }
      },
      "classes": {
        "": {
          "executed_lines": [2, 4, 5, 6, 7, 10, 26],
          "summary": {
            "covered_lines": 6,
            "num_statements": 7,
            "percent_covered": 85.71428571428571,
            "percent_covered_display": "85.71",
            "missing_lines": 1,
            "excluded_lines": 0,
            "percent_statements_covered": 85.71428571428571,
            "percent_statements_covered_display": "85.71"
          },
          "missing_lines": [12],
          "excluded_lines": []
        }
      }
    }
  },
  "totals": {
    "covered_lines": 71,
    "num_statements": 117,
    "percent_covered": 60.68376068376068,
    "percent_covered_display": "60.68",
    "missing_lines": 46,
    "excluded_lines": 3,
    "percent_statements_covered": 60.68376068376068,
    "percent_statements_covered_display": "60.68"
  }
}
