{
  "meta": {
    "format": 3,
    "version": "7.12.0",
    "timestamp": "2025-12-21T18:01:04.779903",
    "branch_coverage": false,
    "show_contexts": false
  },
  "files": {
    "apps/__init__.py": {
      "executed_lines": [0],
      "summary": {
        "covered_lines": 0,
        "num_statements": 0,
        "percent_covered": 100.0,
        "percent_covered_display": "100.00",
        "missing_lines": 0,
        "excluded_lines": 0,
        "percent_statements_covered": 100.0,
        "percent_statements_covered_display": "100.00"
      },
      "missing_lines": [],
      "excluded_lines": [],
      "functions": {
        "": {
          "executed_lines": [],
          "summary": {
            "covered_lines": 0,
            "num_statements": 0,
            "percent_covered": 100.0,
            "percent_covered_display": "100.00",
            "missing_lines": 0,
            "excluded_lines": 0,
            "percent_statements_covered": 100.0,
            "percent_statements_covered_display": "100.00"
          },
          "missing_lines": [],
          "excluded_lines": []
        }
      },
      "classes": {
        "": {
          "executed_lines": [],
          "summary": {
            "covered_lines": 0,
            "num_statements": 0,
            "percent_covered": 100.0,
            "percent_covered_display": "100.00",
            "missing_lines": 0,
            "excluded_lines": 0,
            "percent_statements_covered": 100.0,
            "percent_statements_covered_display": "100.00"
          },
          "missing_lines": [],
          "excluded_lines": []
        }
      }
    },
    "apps/blog/__init__.py": {
      "executed_lines": [],
      "summary": {
        "covered_lines": 0,
        "num_statements": 0,
        "percent_covered": 100.0,
        "percent_covered_display": "100.00",
        "missing_lines": 0,
        "excluded_lines": 0,
        "percent_statements_covered": 100.0,
        "percent_statements_covered_display": "100.00"
      },
      "missing_lines": [],
      "excluded_lines": [],
      "functions": {
        "": {
          "executed_lines": [],
          "summary": {
            "covered_lines": 0,
            "num_statements": 0,
            "percent_covered": 100.0,
            "percent_covered_display": "100.00",
            "missing_lines": 0,
            "excluded_lines": 0,
            "percent_statements_covered": 100.0,
            "percent_statements_covered_display": "100.00"
          },
          "missing_lines": [],
          "excluded_lines": []
        }
      },
      "classes": {
        "": {
          "executed_lines": [],
          "summary": {
            "covered_lines": 0,
            "num_statements": 0,
            "percent_covered": 100.0,
            "percent_covered_display": "100.00",
            "missing_lines": 0,
            "excluded_lines": 0,
            "percent_statements_covered": 100.0,
            "percent_statements_covered_display": "100.00"
          },
          "missing_lines": [],
          "excluded_lines": []
        }
      }
    },
    "apps/blog/urls.py": {
      "executed_lines": [],
      "summary": {
        "covered_lines": 0,
        "num_statements": 2,
        "percent_covered": 0.0,
        "percent_covered_display": "0.00",
        "missing_lines": 2,
        "excluded_lines": 0,
        "percent_statements_covered": 0.0,
        "percent_statements_covered_display": "0.00"
      },
      "missing_lines": [2, 5],
      "excluded_lines": [],
      "functions": {
        "": {
          "executed_lines": [],
          "summary": {
            "covered_lines": 0,
            "num_statements": 2,
            "percent_covered": 0.0,
            "percent_covered_display": "0.00",
            "missing_lines": 2,
            "excluded_lines": 0,
            "percent_statements_covered": 0.0,
            "percent_statements_covered_display": "0.00"
          },
          "missing_lines": [2, 5],
          "excluded_lines": []
        }
      },
      "classes": {
        "": {
          "executed_lines": [],
          "summary": {
            "covered_lines": 0,
            "num_statements": 2,
            "percent_covered": 0.0,
            "percent_covered_display": "0.00",
            "missing_lines": 2,
            "excluded_lines": 0,
            "percent_statements_covered": 0.0,
            "percent_statements_covered_display": "0.00"
          },
          "missing_lines": [2, 5],
          "excluded_lines": []
        }
      }
    },
    "apps/common/__init__.py": {
      "executed_lines": [0],
      "summary": {
        "covered_lines": 0,
        "num_statements": 0,
        "percent_covered": 100.0,
        "percent_covered_display": "100.00",
        "missing_lines": 0,
        "excluded_lines": 0,
        "percent_statements_covered": 100.0,
        "percent_statements_covered_display": "100.00"
      },
      "missing_lines": [],
      "excluded_lines": [],
      "functions": {
        "": {
          "executed_lines": [],
          "summary": {
            "covered_lines": 0,
            "num_statements": 0,
            "percent_covered": 100.0,
            "percent_covered_display": "100.00",
            "missing_lines": 0,
            "excluded_lines": 0,
            "percent_statements_covered": 100.0,
            "percent_statements_covered_display": "100.00"
          },
          "missing_lines": [],
          "excluded_lines": []
        }
      },
      "classes": {
        "": {
          "executed_lines": [],
          "summary": {
            "covered_lines": 0,
            "num_statements": 0,
            "percent_covered": 100.0,
            "percent_covered_display": "100.00",
            "missing_lines": 0,
            "excluded_lines": 0,
            "percent_statements_covered": 100.0,
            "percent_statements_covered_display": "100.00"
          },
          "missing_lines": [],
          "excluded_lines": []
        }
      }
    },
    "apps/common/pagination.py": {
      "executed_lines": [],
      "summary": {
        "covered_lines": 0,
        "num_statements": 5,
        "percent_covered": 0.0,
        "percent_covered_display": "0.00",
        "missing_lines": 5,
        "excluded_lines": 0,
        "percent_statements_covered": 0.0,
        "percent_statements_covered_display": "0.00"
      },
      "missing_lines": [3, 6, 9, 10, 11],
      "excluded_lines": [],
      "functions": {
        "": {
          "executed_lines": [],
          "summary": {
            "covered_lines": 0,
            "num_statements": 5,
            "percent_covered": 0.0,
            "percent_covered_display": "0.00",
            "missing_lines": 5,
            "excluded_lines": 0,
            "percent_statements_covered": 0.0,
            "percent_statements_covered_display": "0.00"
          },
          "missing_lines": [3, 6, 9, 10, 11],
          "excluded_lines": []
        }
      },
      "classes": {
        "StandardResultsSetPagination": {
          "executed_lines": [],
          "summary": {
            "covered_lines": 0,
            "num_statements": 0,
            "percent_covered": 100.0,
            "percent_covered_display": "100.00",
            "missing_lines": 0,
            "excluded_lines": 0,
            "percent_statements_covered": 100.0,
            "percent_statements_covered_display": "100.00"
          },
          "missing_lines": [],
          "excluded_lines": []
        },
        "": {
          "executed_lines": [],
          "summary": {
            "covered_lines": 0,
            "num_statements": 5,
            "percent_covered": 0.0,
            "percent_covered_display": "0.00",
            "missing_lines": 5,
            "excluded_lines": 0,
            "percent_statements_covered": 0.0,
            "percent_statements_covered_display": "0.00"
          },
          "missing_lines": [3, 6, 9, 10, 11],
          "excluded_lines": []
        }
      }
    },
    "apps/common/urls.py": {
      "executed_lines": [1, 3, 5, 7],
      "summary": {
        "covered_lines": 3,
        "num_statements": 3,
        "percent_covered": 100.0,
        "percent_covered_display": "100.00",
        "missing_lines": 0,
        "excluded_lines": 0,
        "percent_statements_covered": 100.0,
        "percent_statements_covered_display": "100.00"
      },
      "missing_lines": [],
      "excluded_lines": [],
      "functions": {
        "": {
          "executed_lines": [1, 3, 5, 7],
          "summary": {
            "covered_lines": 3,
            "num_statements": 3,
            "percent_covered": 100.0,
            "percent_covered_display": "100.00",
            "missing_lines": 0,
            "excluded_lines": 0,
            "percent_statements_covered": 100.0,
            "percent_statements_covered_display": "100.00"
          },
          "missing_lines": [],
          "excluded_lines": []
        }
      },
      "classes": {
        "": {
          "executed_lines": [1, 3, 5, 7],
          "summary": {
            "covered_lines": 3,
            "num_statements": 3,
            "percent_covered": 100.0,
            "percent_covered_display": "100.00",
            "missing_lines": 0,
            "excluded_lines": 0,
            "percent_statements_covered": 100.0,
            "percent_statements_covered_display": "100.00"
          },
          "missing_lines": [],
          "excluded_lines": []
        }
      }
    },
    "apps/common/views.py": {
      "executed_lines": [
        1, 3, 5, 6, 7, 8, 9, 12, 13, 15, 17, 33, 35, 42, 43, 44, 46, 50, 60, 62,
        63, 66, 67, 69, 71, 98, 116, 120, 130
      ],
      "summary": {
        "covered_lines": 26,
        "num_statements": 44,
        "percent_covered": 59.09090909090909,
        "percent_covered_display": "59.09",
        "missing_lines": 18,
        "excluded_lines": 0,
        "percent_statements_covered": 59.09090909090909,
        "percent_statements_covered_display": "59.09"
      },
      "missing_lines": [
        48, 52, 53, 54, 55, 56, 100, 112, 113, 114, 118, 122, 123, 124, 125,
        126, 132, 133
      ],
      "excluded_lines": [],
      "functions": {
        "HealthCheckView.get": {
          "executed_lines": [35, 42, 43, 44],
          "summary": {
            "covered_lines": 4,
            "num_statements": 4,
            "percent_covered": 100.0,
            "percent_covered_display": "100.00",
            "missing_lines": 0,
            "excluded_lines": 0,
            "percent_statements_covered": 100.0,
            "percent_statements_covered_display": "100.00"
          },
          "missing_lines": [],
          "excluded_lines": []
        },
        "HealthCheckView.post": {
          "executed_lines": [],
          "summary": {
            "covered_lines": 0,
            "num_statements": 1,
            "percent_covered": 0.0,
            "percent_covered_display": "0.00",
            "missing_lines": 1,
            "excluded_lines": 0,
            "percent_statements_covered": 0.0,
            "percent_statements_covered_display": "0.00"
          },
          "missing_lines": [48],
          "excluded_lines": []
        },
        "HealthCheckView.options": {
          "executed_lines": [],
          "summary": {
            "covered_lines": 0,
            "num_statements": 5,
            "percent_covered": 0.0,
            "percent_covered_display": "0.00",
            "missing_lines": 5,
            "excluded_lines": 0,
            "percent_statements_covered": 0.0,
            "percent_statements_covered_display": "0.00"
          },
          "missing_lines": [52, 53, 54, 55, 56],
          "excluded_lines": []
        },
        "health_check": {
          "executed_lines": [62, 63],
          "summary": {
            "covered_lines": 2,
            "num_statements": 2,
            "percent_covered": 100.0,
            "percent_covered_display": "100.00",
            "missing_lines": 0,
            "excluded_lines": 0,
            "percent_statements_covered": 100.0,
            "percent_statements_covered_display": "100.00"
          },
          "missing_lines": [],
          "excluded_lines": []
        },
        "ApiInfoView.get": {
          "executed_lines": [],
          "summary": {
            "covered_lines": 0,
            "num_statements": 4,
            "percent_covered": 0.0,
            "percent_covered_display": "0.00",
            "missing_lines": 4,
            "excluded_lines": 0,
            "percent_statements_covered": 0.0,
            "percent_statements_covered_display": "0.00"
          },
          "missing_lines": [100, 112, 113, 114],
          "excluded_lines": []
        },
        "ApiInfoView.post": {
          "executed_lines": [],
          "summary": {
            "covered_lines": 0,
            "num_statements": 1,
            "percent_covered": 0.0,
            "percent_covered_display": "0.00",
            "missing_lines": 1,
            "excluded_lines": 0,
            "percent_statements_covered": 0.0,
            "percent_statements_covered_display": "0.00"
          },
          "missing_lines": [118],
          "excluded_lines": []
        },
        "ApiInfoView.options": {
          "executed_lines": [],
          "summary": {
            "covered_lines": 0,
            "num_statements": 5,
            "percent_covered": 0.0,
            "percent_covered_display": "0.00",
            "missing_lines": 5,
            "excluded_lines": 0,
            "percent_statements_covered": 0.0,
            "percent_statements_covered_display": "0.00"
          },
          "missing_lines": [122, 123, 124, 125, 126],
          "excluded_lines": []
        },
        "api_info": {
          "executed_lines": [],
          "summary": {
            "covered_lines": 0,
            "num_statements": 2,
            "percent_covered": 0.0,
            "percent_covered_display": "0.00",
            "missing_lines": 2,
            "excluded_lines": 0,
            "percent_statements_covered": 0.0,
            "percent_statements_covered_display": "0.00"
          },
          "missing_lines": [132, 133],
          "excluded_lines": []
        },
        "": {
          "executed_lines": [
            1, 3, 5, 6, 7, 8, 9, 12, 13, 15, 17, 33, 46, 50, 60, 66, 67, 69, 71,
            98, 116, 120, 130
          ],
          "summary": {
            "covered_lines": 20,
            "num_statements": 20,
            "percent_covered": 100.0,
            "percent_covered_display": "100.00",
            "missing_lines": 0,
            "excluded_lines": 0,
            "percent_statements_covered": 100.0,
            "percent_statements_covered_display": "100.00"
          },
          "missing_lines": [],
          "excluded_lines": []
        }
      },
      "classes": {
        "HealthCheckView": {
          "executed_lines": [35, 42, 43, 44],
          "summary": {
            "covered_lines": 4,
            "num_statements": 10,
            "percent_covered": 40.0,
            "percent_covered_display": "40.00",
            "missing_lines": 6,
            "excluded_lines": 0,
            "percent_statements_covered": 40.0,
            "percent_statements_covered_display": "40.00"
          },
          "missing_lines": [48, 52, 53, 54, 55, 56],
          "excluded_lines": []
        },
        "ApiInfoView": {
          "executed_lines": [],
          "summary": {
            "covered_lines": 0,
            "num_statements": 10,
            "percent_covered": 0.0,
            "percent_covered_display": "0.00",
            "missing_lines": 10,
            "excluded_lines": 0,
            "percent_statements_covered": 0.0,
            "percent_statements_covered_display": "0.00"
          },
          "missing_lines": [100, 112, 113, 114, 118, 122, 123, 124, 125, 126],
          "excluded_lines": []
        },
        "": {
          "executed_lines": [
            1, 3, 5, 6, 7, 8, 9, 12, 13, 15, 17, 33, 46, 50, 60, 62, 63, 66, 67,
            69, 71, 98, 116, 120, 130
          ],
          "summary": {
            "covered_lines": 22,
            "num_statements": 24,
            "percent_covered": 91.66666666666667,
            "percent_covered_display": "91.67",
            "missing_lines": 2,
            "excluded_lines": 0,
            "percent_statements_covered": 91.66666666666667,
            "percent_statements_covered_display": "91.67"
          },
          "missing_lines": [132, 133],
          "excluded_lines": []
        }
      }
    },
    "apps/english/__init__.py": {
      "executed_lines": [],
      "summary": {
        "covered_lines": 0,
        "num_statements": 0,
        "percent_covered": 100.0,
        "percent_covered_display": "100.00",
        "missing_lines": 0,
        "excluded_lines": 0,
        "percent_statements_covered": 100.0,
        "percent_statements_covered_display": "100.00"
      },
      "missing_lines": [],
      "excluded_lines": [],
      "functions": {
        "": {
          "executed_lines": [],
          "summary": {
            "covered_lines": 0,
            "num_statements": 0,
            "percent_covered": 100.0,
            "percent_covered_display": "100.00",
            "missing_lines": 0,
            "excluded_lines": 0,
            "percent_statements_covered": 100.0,
            "percent_statements_covered_display": "100.00"
          },
          "missing_lines": [],
          "excluded_lines": []
        }
      },
      "classes": {
        "": {
          "executed_lines": [],
          "summary": {
            "covered_lines": 0,
            "num_statements": 0,
            "percent_covered": 100.0,
            "percent_covered_display": "100.00",
            "missing_lines": 0,
            "excluded_lines": 0,
            "percent_statements_covered": 100.0,
            "percent_statements_covered_display": "100.00"
          },
          "missing_lines": [],
          "excluded_lines": []
        }
      }
    },
    "apps/english/urls.py": {
      "executed_lines": [],
      "summary": {
        "covered_lines": 0,
        "num_statements": 2,
        "percent_covered": 0.0,
        "percent_covered_display": "0.00",
        "missing_lines": 2,
        "excluded_lines": 0,
        "percent_statements_covered": 0.0,
        "percent_statements_covered_display": "0.00"
      },
      "missing_lines": [2, 5],
      "excluded_lines": [],
      "functions": {
        "": {
          "executed_lines": [],
          "summary": {
            "covered_lines": 0,
            "num_statements": 2,
            "percent_covered": 0.0,
            "percent_covered_display": "0.00",
            "missing_lines": 2,
            "excluded_lines": 0,
            "percent_statements_covered": 0.0,
            "percent_statements_covered_display": "0.00"
          },
          "missing_lines": [2, 5],
          "excluded_lines": []
        }
      },
      "classes": {
        "": {
          "executed_lines": [],
          "summary": {
            "covered_lines": 0,
            "num_statements": 2,
            "percent_covered": 0.0,
            "percent_covered_display": "0.00",
            "missing_lines": 2,
            "excluded_lines": 0,
            "percent_statements_covered": 0.0,
            "percent_statements_covered_display": "0.00"
          },
          "missing_lines": [2, 5],
          "excluded_lines": []
        }
      }
    },
    "apps/feature_flags/__init__.py": {
      "executed_lines": [2],
      "summary": {
        "covered_lines": 0,
        "num_statements": 0,
        "percent_covered": 100.0,
        "percent_covered_display": "100.00",
        "missing_lines": 0,
        "excluded_lines": 0,
        "percent_statements_covered": 100.0,
        "percent_statements_covered_display": "100.00"
      },
      "missing_lines": [],
      "excluded_lines": [],
      "functions": {
        "": {
          "executed_lines": [2],
          "summary": {
            "covered_lines": 0,
            "num_statements": 0,
            "percent_covered": 100.0,
            "percent_covered_display": "100.00",
            "missing_lines": 0,
            "excluded_lines": 0,
            "percent_statements_covered": 100.0,
            "percent_statements_covered_display": "100.00"
          },
          "missing_lines": [],
          "excluded_lines": []
        }
      },
      "classes": {
        "": {
          "executed_lines": [2],
          "summary": {
            "covered_lines": 0,
            "num_statements": 0,
            "percent_covered": 100.0,
            "percent_covered_display": "100.00",
            "missing_lines": 0,
            "excluded_lines": 0,
            "percent_statements_covered": 100.0,
            "percent_statements_covered_display": "100.00"
          },
          "missing_lines": [],
          "excluded_lines": []
        }
      }
    },
    "apps/feature_flags/apps.py": {
      "executed_lines": [],
      "summary": {
        "covered_lines": 0,
        "num_statements": 5,
        "percent_covered": 0.0,
        "percent_covered_display": "0.00",
        "missing_lines": 5,
        "excluded_lines": 0,
        "percent_statements_covered": 0.0,
        "percent_statements_covered_display": "0.00"
      },
      "missing_lines": [4, 7, 10, 11, 12],
      "excluded_lines": [],
      "functions": {
        "": {
          "executed_lines": [],
          "summary": {
            "covered_lines": 0,
            "num_statements": 5,
            "percent_covered": 0.0,
            "percent_covered_display": "0.00",
            "missing_lines": 5,
            "excluded_lines": 0,
            "percent_statements_covered": 0.0,
            "percent_statements_covered_display": "0.00"
          },
          "missing_lines": [4, 7, 10, 11, 12],
          "excluded_lines": []
        }
      },
      "classes": {
        "FeatureFlagsConfig": {
          "executed_lines": [],
          "summary": {
            "covered_lines": 0,
            "num_statements": 0,
            "percent_covered": 100.0,
            "percent_covered_display": "100.00",
            "missing_lines": 0,
            "excluded_lines": 0,
            "percent_statements_covered": 100.0,
            "percent_statements_covered_display": "100.00"
          },
          "missing_lines": [],
          "excluded_lines": []
        },
        "": {
          "executed_lines": [],
          "summary": {
            "covered_lines": 0,
            "num_statements": 5,
            "percent_covered": 0.0,
            "percent_covered_display": "0.00",
            "missing_lines": 5,
            "excluded_lines": 0,
            "percent_statements_covered": 0.0,
            "percent_statements_covered_display": "0.00"
          },
          "missing_lines": [4, 7, 10, 11, 12],
          "excluded_lines": []
        }
      }
    },
    "apps/feature_flags/models.py": {
      "executed_lines": [],
      "summary": {
        "covered_lines": 0,
        "num_statements": 13,
        "percent_covered": 0.0,
        "percent_covered_display": "0.00",
        "missing_lines": 13,
        "excluded_lines": 0,
        "percent_statements_covered": 0.0,
        "percent_statements_covered_display": "0.00"
      },
      "missing_lines": [4, 7, 10, 11, 12, 13, 14, 16, 17, 18, 19, 21, 22],
      "excluded_lines": [],
      "functions": {
        "FeatureFlag.__str__": {
          "executed_lines": [],
          "summary": {
            "covered_lines": 0,
            "num_statements": 1,
            "percent_covered": 0.0,
            "percent_covered_display": "0.00",
            "missing_lines": 1,
            "excluded_lines": 0,
            "percent_statements_covered": 0.0,
            "percent_statements_covered_display": "0.00"
          },
          "missing_lines": [22],
          "excluded_lines": []
        },
        "": {
          "executed_lines": [],
          "summary": {
            "covered_lines": 0,
            "num_statements": 12,
            "percent_covered": 0.0,
            "percent_covered_display": "0.00",
            "missing_lines": 12,
            "excluded_lines": 0,
            "percent_statements_covered": 0.0,
            "percent_statements_covered_display": "0.00"
          },
          "missing_lines": [4, 7, 10, 11, 12, 13, 14, 16, 17, 18, 19, 21],
          "excluded_lines": []
        }
      },
      "classes": {
        "FeatureFlag": {
          "executed_lines": [],
          "summary": {
            "covered_lines": 0,
            "num_statements": 1,
            "percent_covered": 0.0,
            "percent_covered_display": "0.00",
            "missing_lines": 1,
            "excluded_lines": 0,
            "percent_statements_covered": 0.0,
            "percent_statements_covered_display": "0.00"
          },
          "missing_lines": [22],
          "excluded_lines": []
        },
        "FeatureFlag.Meta": {
          "executed_lines": [],
          "summary": {
            "covered_lines": 0,
            "num_statements": 0,
            "percent_covered": 100.0,
            "percent_covered_display": "100.00",
            "missing_lines": 0,
            "excluded_lines": 0,
            "percent_statements_covered": 100.0,
            "percent_statements_covered_display": "100.00"
          },
          "missing_lines": [],
          "excluded_lines": []
        },
        "": {
          "executed_lines": [],
          "summary": {
            "covered_lines": 0,
            "num_statements": 12,
            "percent_covered": 0.0,
            "percent_covered_display": "0.00",
            "missing_lines": 12,
            "excluded_lines": 0,
            "percent_statements_covered": 0.0,
            "percent_statements_covered_display": "0.00"
          },
          "missing_lines": [4, 7, 10, 11, 12, 13, 14, 16, 17, 18, 19, 21],
          "excluded_lines": []
        }
      }
    },
    "apps/feature_flags/urls.py": {
      "executed_lines": [2, 4, 6, 8, 10],
      "summary": {
        "covered_lines": 4,
        "num_statements": 4,
        "percent_covered": 100.0,
        "percent_covered_display": "100.00",
        "missing_lines": 0,
        "excluded_lines": 0,
        "percent_statements_covered": 100.0,
        "percent_statements_covered_display": "100.00"
      },
      "missing_lines": [],
      "excluded_lines": [],
      "functions": {
        "": {
          "executed_lines": [2, 4, 6, 8, 10],
          "summary": {
            "covered_lines": 4,
            "num_statements": 4,
            "percent_covered": 100.0,
            "percent_covered_display": "100.00",
            "missing_lines": 0,
            "excluded_lines": 0,
            "percent_statements_covered": 100.0,
            "percent_statements_covered_display": "100.00"
          },
          "missing_lines": [],
          "excluded_lines": []
        }
      },
      "classes": {
        "": {
          "executed_lines": [2, 4, 6, 8, 10],
          "summary": {
            "covered_lines": 4,
            "num_statements": 4,
            "percent_covered": 100.0,
            "percent_covered_display": "100.00",
            "missing_lines": 0,
            "excluded_lines": 0,
            "percent_statements_covered": 100.0,
            "percent_statements_covered_display": "100.00"
          },
          "missing_lines": [],
          "excluded_lines": []
        }
      }
    },
    "apps/feature_flags/views.py": {
      "executed_lines": [2, 4, 5, 6, 7, 10, 11, 13, 15, 32],
      "summary": {
        "covered_lines": 8,
        "num_statements": 9,
        "percent_covered": 88.88888888888889,
        "percent_covered_display": "88.89",
        "missing_lines": 1,
        "excluded_lines": 0,
        "percent_statements_covered": 88.88888888888889,
        "percent_statements_covered_display": "88.89"
      },
      "missing_lines": [34],
      "excluded_lines": [],
      "functions": {
        "FeatureFlagsStatusView.get": {
          "executed_lines": [],
          "summary": {
            "covered_lines": 0,
            "num_statements": 1,
            "percent_covered": 0.0,
            "percent_covered_display": "0.00",
            "missing_lines": 1,
            "excluded_lines": 0,
            "percent_statements_covered": 0.0,
            "percent_statements_covered_display": "0.00"
          },
          "missing_lines": [34],
          "excluded_lines": []
        },
        "": {
          "executed_lines": [2, 4, 5, 6, 7, 10, 11, 13, 15, 32],
          "summary": {
            "covered_lines": 8,
            "num_statements": 8,
            "percent_covered": 100.0,
            "percent_covered_display": "100.00",
            "missing_lines": 0,
            "excluded_lines": 0,
            "percent_statements_covered": 100.0,
            "percent_statements_covered_display": "100.00"
          },
          "missing_lines": [],
          "excluded_lines": []
        }
      },
      "classes": {
        "FeatureFlagsStatusView": {
          "executed_lines": [],
          "summary": {
            "covered_lines": 0,
            "num_statements": 1,
            "percent_covered": 0.0,
            "percent_covered_display": "0.00",
            "missing_lines": 1,
            "excluded_lines": 0,
            "percent_statements_covered": 0.0,
            "percent_statements_covered_display": "0.00"
          },
          "missing_lines": [34],
          "excluded_lines": []
        },
        "": {
          "executed_lines": [2, 4, 5, 6, 7, 10, 11, 13, 15, 32],
          "summary": {
            "covered_lines": 8,
            "num_statements": 8,
            "percent_covered": 100.0,
            "percent_covered_display": "100.00",
            "missing_lines": 0,
            "excluded_lines": 0,
            "percent_statements_covered": 100.0,
            "percent_statements_covered_display": "100.00"
          },
          "missing_lines": [],
          "excluded_lines": []
        }
      }
    },
    "apps/jobs/__init__.py": {
      "executed_lines": [],
      "summary": {
        "covered_lines": 0,
        "num_statements": 0,
        "percent_covered": 100.0,
        "percent_covered_display": "100.00",
        "missing_lines": 0,
        "excluded_lines": 0,
        "percent_statements_covered": 100.0,
        "percent_statements_covered_display": "100.00"
      },
      "missing_lines": [],
      "excluded_lines": [],
      "functions": {
        "": {
          "executed_lines": [],
          "summary": {
            "covered_lines": 0,
            "num_statements": 0,
            "percent_covered": 100.0,
            "percent_covered_display": "100.00",
            "missing_lines": 0,
            "excluded_lines": 0,
            "percent_statements_covered": 100.0,
            "percent_statements_covered_display": "100.00"
          },
          "missing_lines": [],
          "excluded_lines": []
        }
      },
      "classes": {
        "": {
          "executed_lines": [],
          "summary": {
            "covered_lines": 0,
            "num_statements": 0,
            "percent_covered": 100.0,
            "percent_covered_display": "100.00",
            "missing_lines": 0,
            "excluded_lines": 0,
            "percent_statements_covered": 100.0,
            "percent_statements_covered_display": "100.00"
          },
          "missing_lines": [],
          "excluded_lines": []
        }
      }
    },
    "apps/jobs/urls.py": {
      "executed_lines": [],
      "summary": {
        "covered_lines": 0,
        "num_statements": 2,
        "percent_covered": 0.0,
        "percent_covered_display": "0.00",
        "missing_lines": 2,
        "excluded_lines": 0,
        "percent_statements_covered": 0.0,
        "percent_statements_covered_display": "0.00"
      },
      "missing_lines": [2, 5],
      "excluded_lines": [],
      "functions": {
        "": {
          "executed_lines": [],
          "summary": {
            "covered_lines": 0,
            "num_statements": 2,
            "percent_covered": 0.0,
            "percent_covered_display": "0.00",
            "missing_lines": 2,
            "excluded_lines": 0,
            "percent_statements_covered": 0.0,
            "percent_statements_covered_display": "0.00"
          },
          "missing_lines": [2, 5],
          "excluded_lines": []
        }
      },
      "classes": {
        "": {
          "executed_lines": [],
          "summary": {
            "covered_lines": 0,
            "num_statements": 2,
            "percent_covered": 0.0,
            "percent_covered_display": "0.00",
            "missing_lines": 2,
            "excluded_lines": 0,
            "percent_statements_covered": 0.0,
            "percent_statements_covered_display": "0.00"
          },
          "missing_lines": [2, 5],
          "excluded_lines": []
        }
      }
    },
    "apps/users/__init__.py": {
      "executed_lines": [0],
      "summary": {
        "covered_lines": 0,
        "num_statements": 0,
        "percent_covered": 100.0,
        "percent_covered_display": "100.00",
        "missing_lines": 0,
        "excluded_lines": 0,
        "percent_statements_covered": 100.0,
        "percent_statements_covered_display": "100.00"
      },
      "missing_lines": [],
      "excluded_lines": [],
      "functions": {
        "": {
          "executed_lines": [],
          "summary": {
            "covered_lines": 0,
            "num_statements": 0,
            "percent_covered": 100.0,
            "percent_covered_display": "100.00",
            "missing_lines": 0,
            "excluded_lines": 0,
            "percent_statements_covered": 100.0,
            "percent_statements_covered_display": "100.00"
          },
          "missing_lines": [],
          "excluded_lines": []
        }
      },
      "classes": {
        "": {
          "executed_lines": [],
          "summary": {
            "covered_lines": 0,
            "num_statements": 0,
            "percent_covered": 100.0,
            "percent_covered_display": "100.00",
            "missing_lines": 0,
            "excluded_lines": 0,
            "percent_statements_covered": 100.0,
            "percent_statements_covered_display": "100.00"
          },
          "missing_lines": [],
          "excluded_lines": []
        }
      }
    },
    "apps/users/admin.py": {
      "executed_lines": [
        3, 5, 6, 7, 8, 11, 12, 13, 15, 26, 33, 34, 35, 37, 39, 64, 66, 67, 80,
        81, 92, 93, 94, 96, 107, 112, 113, 114, 115, 117, 140, 152, 154, 160,
        162, 168, 169, 171, 177, 178, 180, 182, 183, 198, 199, 209, 210, 211,
        213, 224, 229, 230, 231, 232, 234, 246, 248, 254, 256, 262, 264, 270,
        271, 273, 279, 280, 284, 285, 286
      ],
      "summary": {
        "covered_lines": 65,
        "num_statements": 119,
        "percent_covered": 54.621848739495796,
        "percent_covered_display": "54.62",
        "missing_lines": 54,
        "excluded_lines": 0,
        "percent_statements_covered": 54.621848739495796,
        "percent_statements_covered_display": "54.62"
      },
      "missing_lines": [
        69, 71, 72, 73, 74, 75, 76, 77, 78, 83, 84, 85, 86, 142, 143, 144, 150,
        156, 157, 158, 164, 165, 166, 173, 174, 175, 185, 187, 188, 189, 190,
        195, 196, 201, 203, 204, 205, 206, 236, 237, 238, 244, 250, 251, 252,
        258, 259, 260, 266, 267, 268, 275, 276, 277
      ],
      "excluded_lines": [],
      "functions": {
        "UserAdmin.mark_email_verified": {
          "executed_lines": [],
          "summary": {
            "covered_lines": 0,
            "num_statements": 9,
            "percent_covered": 0.0,
            "percent_covered_display": "0.00",
            "missing_lines": 9,
            "excluded_lines": 0,
            "percent_statements_covered": 0.0,
            "percent_statements_covered_display": "0.00"
          },
          "missing_lines": [69, 71, 72, 73, 74, 75, 76, 77, 78],
          "excluded_lines": []
        },
        "UserAdmin.delete_unverified_users": {
          "executed_lines": [],
          "summary": {
            "covered_lines": 0,
            "num_statements": 4,
            "percent_covered": 0.0,
            "percent_covered_display": "0.00",
            "missing_lines": 4,
            "excluded_lines": 0,
            "percent_statements_covered": 0.0,
            "percent_statements_covered_display": "0.00"
          },
          "missing_lines": [83, 84, 85, 86],
          "excluded_lines": []
        },
        "EmailVerificationAdmin.user_link": {
          "executed_lines": [],
          "summary": {
            "covered_lines": 0,
            "num_statements": 4,
            "percent_covered": 0.0,
            "percent_covered_display": "0.00",
            "missing_lines": 4,
            "excluded_lines": 0,
            "percent_statements_covered": 0.0,
            "percent_statements_covered_display": "0.00"
          },
          "missing_lines": [142, 143, 144, 150],
          "excluded_lines": []
        },
        "EmailVerificationAdmin.token_short": {
          "executed_lines": [],
          "summary": {
            "covered_lines": 0,
            "num_statements": 3,
            "percent_covered": 0.0,
            "percent_covered_display": "0.00",
            "missing_lines": 3,
            "excluded_lines": 0,
            "percent_statements_covered": 0.0,
            "percent_statements_covered_display": "0.00"
          },
          "missing_lines": [156, 157, 158],
          "excluded_lines": []
        },
        "EmailVerificationAdmin.is_verified": {
          "executed_lines": [],
          "summary": {
            "covered_lines": 0,
            "num_statements": 3,
            "percent_covered": 0.0,
            "percent_covered_display": "0.00",
            "missing_lines": 3,
            "excluded_lines": 0,
            "percent_statements_covered": 0.0,
            "percent_statements_covered_display": "0.00"
          },
          "missing_lines": [164, 165, 166],
          "excluded_lines": []
        },
        "EmailVerificationAdmin.is_expired": {
          "executed_lines": [],
          "summary": {
            "covered_lines": 0,
            "num_statements": 3,
            "percent_covered": 0.0,
            "percent_covered_display": "0.00",
            "missing_lines": 3,
            "excluded_lines": 0,
            "percent_statements_covered": 0.0,
            "percent_statements_covered_display": "0.00"
          },
          "missing_lines": [173, 174, 175],
          "excluded_lines": []
        },
        "EmailVerificationAdmin.resend_verification_email": {
          "executed_lines": [],
          "summary": {
            "covered_lines": 0,
            "num_statements": 7,
            "percent_covered": 0.0,
            "percent_covered_display": "0.00",
            "missing_lines": 7,
            "excluded_lines": 0,
            "percent_statements_covered": 0.0,
            "percent_statements_covered_display": "0.00"
          },
          "missing_lines": [185, 187, 188, 189, 190, 195, 196],
          "excluded_lines": []
        },
        "EmailVerificationAdmin.delete_expired_verifications": {
          "executed_lines": [],
          "summary": {
            "covered_lines": 0,
            "num_statements": 5,
            "percent_covered": 0.0,
            "percent_covered_display": "0.00",
            "missing_lines": 5,
            "excluded_lines": 0,
            "percent_statements_covered": 0.0,
            "percent_statements_covered_display": "0.00"
          },
          "missing_lines": [201, 203, 204, 205, 206],
          "excluded_lines": []
        },
        "PasswordResetAdmin.user_link": {
          "executed_lines": [],
          "summary": {
            "covered_lines": 0,
            "num_statements": 4,
            "percent_covered": 0.0,
            "percent_covered_display": "0.00",
            "missing_lines": 4,
            "excluded_lines": 0,
            "percent_statements_covered": 0.0,
            "percent_statements_covered_display": "0.00"
          },
          "missing_lines": [236, 237, 238, 244],
          "excluded_lines": []
        },
        "PasswordResetAdmin.user_email": {
          "executed_lines": [],
          "summary": {
            "covered_lines": 0,
            "num_statements": 3,
            "percent_covered": 0.0,
            "percent_covered_display": "0.00",
            "missing_lines": 3,
            "excluded_lines": 0,
            "percent_statements_covered": 0.0,
            "percent_statements_covered_display": "0.00"
          },
          "missing_lines": [250, 251, 252],
          "excluded_lines": []
        },
        "PasswordResetAdmin.token_short": {
          "executed_lines": [],
          "summary": {
            "covered_lines": 0,
            "num_statements": 3,
            "percent_covered": 0.0,
            "percent_covered_display": "0.00",
            "missing_lines": 3,
            "excluded_lines": 0,
            "percent_statements_covered": 0.0,
            "percent_statements_covered_display": "0.00"
          },
          "missing_lines": [258, 259, 260],
          "excluded_lines": []
        },
        "PasswordResetAdmin.is_used": {
          "executed_lines": [],
          "summary": {
            "covered_lines": 0,
            "num_statements": 3,
            "percent_covered": 0.0,
            "percent_covered_display": "0.00",
            "missing_lines": 3,
            "excluded_lines": 0,
            "percent_statements_covered": 0.0,
            "percent_statements_covered_display": "0.00"
          },
          "missing_lines": [266, 267, 268],
          "excluded_lines": []
        },
        "PasswordResetAdmin.is_expired": {
          "executed_lines": [],
          "summary": {
            "covered_lines": 0,
            "num_statements": 3,
            "percent_covered": 0.0,
            "percent_covered_display": "0.00",
            "missing_lines": 3,
            "excluded_lines": 0,
            "percent_statements_covered": 0.0,
            "percent_statements_covered_display": "0.00"
          },
          "missing_lines": [275, 276, 277],
          "excluded_lines": []
        },
        "": {
          "executed_lines": [
            3, 5, 6, 7, 8, 11, 12, 13, 15, 26, 33, 34, 35, 37, 39, 64, 66, 67,
            80, 81, 92, 93, 94, 96, 107, 112, 113, 114, 115, 117, 140, 152, 154,
            160, 162, 168, 169, 171, 177, 178, 180, 182, 183, 198, 199, 209,
            210, 211, 213, 224, 229, 230, 231, 232, 234, 246, 248, 254, 256,
            262, 264, 270, 271, 273, 279, 280, 284, 285, 286
          ],
          "summary": {
            "covered_lines": 65,
            "num_statements": 65,
            "percent_covered": 100.0,
            "percent_covered_display": "100.00",
            "missing_lines": 0,
            "excluded_lines": 0,
            "percent_statements_covered": 100.0,
            "percent_statements_covered_display": "100.00"
          },
          "missing_lines": [],
          "excluded_lines": []
        }
      },
      "classes": {
        "UserAdmin": {
          "executed_lines": [],
          "summary": {
            "covered_lines": 0,
            "num_statements": 13,
            "percent_covered": 0.0,
            "percent_covered_display": "0.00",
            "missing_lines": 13,
            "excluded_lines": 0,
            "percent_statements_covered": 0.0,
            "percent_statements_covered_display": "0.00"
          },
          "missing_lines": [69, 71, 72, 73, 74, 75, 76, 77, 78, 83, 84, 85, 86],
          "excluded_lines": []
        },
        "EmailVerificationAdmin": {
          "executed_lines": [],
          "summary": {
            "covered_lines": 0,
            "num_statements": 25,
            "percent_covered": 0.0,
            "percent_covered_display": "0.00",
            "missing_lines": 25,
            "excluded_lines": 0,
            "percent_statements_covered": 0.0,
            "percent_statements_covered_display": "0.00"
          },
          "missing_lines": [
            142, 143, 144, 150, 156, 157, 158, 164, 165, 166, 173, 174, 175,
            185, 187, 188, 189, 190, 195, 196, 201, 203, 204, 205, 206
          ],
          "excluded_lines": []
        },
        "PasswordResetAdmin": {
          "executed_lines": [],
          "summary": {
            "covered_lines": 0,
            "num_statements": 16,
            "percent_covered": 0.0,
            "percent_covered_display": "0.00",
            "missing_lines": 16,
            "excluded_lines": 0,
            "percent_statements_covered": 0.0,
            "percent_statements_covered_display": "0.00"
          },
          "missing_lines": [
            236, 237, 238, 244, 250, 251, 252, 258, 259, 260, 266, 267, 268,
            275, 276, 277
          ],
          "excluded_lines": []
        },
        "": {
          "executed_lines": [
            3, 5, 6, 7, 8, 11, 12, 13, 15, 26, 33, 34, 35, 37, 39, 64, 66, 67,
            80, 81, 92, 93, 94, 96, 107, 112, 113, 114, 115, 117, 140, 152, 154,
            160, 162, 168, 169, 171, 177, 178, 180, 182, 183, 198, 199, 209,
            210, 211, 213, 224, 229, 230, 231, 232, 234, 246, 248, 254, 256,
            262, 264, 270, 271, 273, 279, 280, 284, 285, 286
          ],
          "summary": {
            "covered_lines": 65,
            "num_statements": 65,
            "percent_covered": 100.0,
            "percent_covered_display": "100.00",
            "missing_lines": 0,
            "excluded_lines": 0,
            "percent_statements_covered": 100.0,
            "percent_statements_covered_display": "100.00"
          },
          "missing_lines": [],
          "excluded_lines": []
        }
      }
    },
    "apps/users/models.py": {
      "executed_lines": [
        3, 5, 6, 9, 10, 14, 15, 18, 25, 30, 39, 44, 52, 59, 67, 68, 69, 70, 71,
        74, 78, 82, 84, 85, 86, 88, 91, 92, 94, 95, 102, 107, 113, 117, 123,
        129, 130, 131, 132, 133, 137, 139, 143, 145, 147, 149, 151, 154, 155,
        157, 158, 165, 171, 175, 181, 187, 188, 189, 190, 191, 195, 197, 201,
        203, 205, 207, 209
      ],
      "summary": {
        "covered_lines": 63,
        "num_statements": 66,
        "percent_covered": 95.45454545454545,
        "percent_covered_display": "95.45",
        "missing_lines": 3,
        "excluded_lines": 0,
        "percent_statements_covered": 95.45454545454545,
        "percent_statements_covered_display": "95.45"
      },
      "missing_lines": [80, 141, 199],
      "excluded_lines": [],
      "functions": {
        "User.__str__": {
          "executed_lines": [],
          "summary": {
            "covered_lines": 0,
            "num_statements": 1,
            "percent_covered": 0.0,
            "percent_covered_display": "0.00",
            "missing_lines": 1,
            "excluded_lines": 0,
            "percent_statements_covered": 0.0,
            "percent_statements_covered_display": "0.00"
          },
          "missing_lines": [80],
          "excluded_lines": []
        },
        "User.is_locked": {
          "executed_lines": [84, 85, 86, 88],
          "summary": {
            "covered_lines": 4,
            "num_statements": 4,
            "percent_covered": 100.0,
            "percent_covered_display": "100.00",
            "missing_lines": 0,
            "excluded_lines": 0,
            "percent_statements_covered": 100.0,
            "percent_statements_covered_display": "100.00"
          },
          "missing_lines": [],
          "excluded_lines": []
        },
        "EmailVerification.__str__": {
          "executed_lines": [],
          "summary": {
            "covered_lines": 0,
            "num_statements": 1,
            "percent_covered": 0.0,
            "percent_covered_display": "0.00",
            "missing_lines": 1,
            "excluded_lines": 0,
            "percent_statements_covered": 0.0,
            "percent_statements_covered_display": "0.00"
          },
          "missing_lines": [141],
          "excluded_lines": []
        },
        "EmailVerification.is_expired": {
          "executed_lines": [145, 147],
          "summary": {
            "covered_lines": 2,
            "num_statements": 2,
            "percent_covered": 100.0,
            "percent_covered_display": "100.00",
            "missing_lines": 0,
            "excluded_lines": 0,
            "percent_statements_covered": 100.0,
            "percent_statements_covered_display": "100.00"
          },
          "missing_lines": [],
          "excluded_lines": []
        },
        "EmailVerification.is_verified": {
          "executed_lines": [151],
          "summary": {
            "covered_lines": 1,
            "num_statements": 1,
            "percent_covered": 100.0,
            "percent_covered_display": "100.00",
            "missing_lines": 0,
            "excluded_lines": 0,
            "percent_statements_covered": 100.0,
            "percent_statements_covered_display": "100.00"
          },
          "missing_lines": [],
          "excluded_lines": []
        },
        "PasswordReset.__str__": {
          "executed_lines": [],
          "summary": {
            "covered_lines": 0,
            "num_statements": 1,
            "percent_covered": 0.0,
            "percent_covered_display": "0.00",
            "missing_lines": 1,
            "excluded_lines": 0,
            "percent_statements_covered": 0.0,
            "percent_statements_covered_display": "0.00"
          },
          "missing_lines": [199],
          "excluded_lines": []
        },
        "PasswordReset.is_expired": {
          "executed_lines": [203, 205],
          "summary": {
            "covered_lines": 2,
            "num_statements": 2,
            "percent_covered": 100.0,
            "percent_covered_display": "100.00",
            "missing_lines": 0,
            "excluded_lines": 0,
            "percent_statements_covered": 100.0,
            "percent_statements_covered_display": "100.00"
          },
          "missing_lines": [],
          "excluded_lines": []
        },
        "PasswordReset.is_used": {
          "executed_lines": [209],
          "summary": {
            "covered_lines": 1,
            "num_statements": 1,
            "percent_covered": 100.0,
            "percent_covered_display": "100.00",
            "missing_lines": 0,
            "excluded_lines": 0,
            "percent_statements_covered": 100.0,
            "percent_statements_covered_display": "100.00"
          },
          "missing_lines": [],
          "excluded_lines": []
        },
        "": {
          "executed_lines": [
            3, 5, 6, 9, 10, 14, 15, 18, 25, 30, 39, 44, 52, 59, 67, 68, 69, 70,
            71, 74, 78, 82, 91, 92, 94, 95, 102, 107, 113, 117, 123, 129, 130,
            131, 132, 133, 137, 139, 143, 149, 154, 155, 157, 158, 165, 171,
            175, 181, 187, 188, 189, 190, 191, 195, 197, 201, 207
          ],
          "summary": {
            "covered_lines": 53,
            "num_statements": 53,
            "percent_covered": 100.0,
            "percent_covered_display": "100.00",
            "missing_lines": 0,
            "excluded_lines": 0,
            "percent_statements_covered": 100.0,
            "percent_statements_covered_display": "100.00"
          },
          "missing_lines": [],
          "excluded_lines": []
        }
      },
      "classes": {
        "User": {
          "executed_lines": [84, 85, 86, 88],
          "summary": {
            "covered_lines": 4,
            "num_statements": 5,
            "percent_covered": 80.0,
            "percent_covered_display": "80.00",
            "missing_lines": 1,
            "excluded_lines": 0,
            "percent_statements_covered": 80.0,
            "percent_statements_covered_display": "80.00"
          },
          "missing_lines": [80],
          "excluded_lines": []
        },
        "User.Meta": {
          "executed_lines": [],
          "summary": {
            "covered_lines": 0,
            "num_statements": 0,
            "percent_covered": 100.0,
            "percent_covered_display": "100.00",
            "missing_lines": 0,
            "excluded_lines": 0,
            "percent_statements_covered": 100.0,
            "percent_statements_covered_display": "100.00"
          },
          "missing_lines": [],
          "excluded_lines": []
        },
        "EmailVerification": {
          "executed_lines": [145, 147, 151],
          "summary": {
            "covered_lines": 3,
            "num_statements": 4,
            "percent_covered": 75.0,
            "percent_covered_display": "75.00",
            "missing_lines": 1,
            "excluded_lines": 0,
            "percent_statements_covered": 75.0,
            "percent_statements_covered_display": "75.00"
          },
          "missing_lines": [141],
          "excluded_lines": []
        },
        "EmailVerification.Meta": {
          "executed_lines": [],
          "summary": {
            "covered_lines": 0,
            "num_statements": 0,
            "percent_covered": 100.0,
            "percent_covered_display": "100.00",
            "missing_lines": 0,
            "excluded_lines": 0,
            "percent_statements_covered": 100.0,
            "percent_statements_covered_display": "100.00"
          },
          "missing_lines": [],
          "excluded_lines": []
        },
        "PasswordReset": {
          "executed_lines": [203, 205, 209],
          "summary": {
            "covered_lines": 3,
            "num_statements": 4,
            "percent_covered": 75.0,
            "percent_covered_display": "75.00",
            "missing_lines": 1,
            "excluded_lines": 0,
            "percent_statements_covered": 75.0,
            "percent_statements_covered_display": "75.00"
          },
          "missing_lines": [199],
          "excluded_lines": []
        },
        "PasswordReset.Meta": {
          "executed_lines": [],
          "summary": {
            "covered_lines": 0,
            "num_statements": 0,
            "percent_covered": 100.0,
            "percent_covered_display": "100.00",
            "missing_lines": 0,
            "excluded_lines": 0,
            "percent_statements_covered": 100.0,
            "percent_statements_covered_display": "100.00"
          },
          "missing_lines": [],
          "excluded_lines": []
        },
        "": {
          "executed_lines": [
            3, 5, 6, 9, 10, 14, 15, 18, 25, 30, 39, 44, 52, 59, 67, 68, 69, 70,
            71, 74, 78, 82, 91, 92, 94, 95, 102, 107, 113, 117, 123, 129, 130,
            131, 132, 133, 137, 139, 143, 149, 154, 155, 157, 158, 165, 171,
            175, 181, 187, 188, 189, 190, 191, 195, 197, 201, 207
          ],
          "summary": {
            "covered_lines": 53,
            "num_statements": 53,
            "percent_covered": 100.0,
            "percent_covered_display": "100.00",
            "missing_lines": 0,
            "excluded_lines": 0,
            "percent_statements_covered": 100.0,
            "percent_statements_covered_display": "100.00"
          },
          "missing_lines": [],
          "excluded_lines": []
        }
      }
    },
    "apps/users/serializers.py": {
      "executed_lines": [
        3, 5, 7, 8, 9, 10, 11, 13, 16, 17, 19, 20, 26, 31, 32, 34, 36, 37, 40,
        42, 45, 49, 50, 52, 53, 58, 59, 63, 65, 68, 69, 71, 72, 77, 78, 80, 81,
        85, 87, 89, 90, 94, 97, 98, 99, 104, 111, 114, 115, 117, 120, 125, 126,
        128, 131, 132, 134, 135, 140, 141, 144, 146, 147, 152, 153, 156, 157,
        161, 164, 165, 167, 170, 175, 176, 180, 183, 184, 188, 196, 197, 200,
        202, 209, 216, 217, 218, 221, 222, 224, 226, 229, 232, 233, 235, 236,
        237, 239, 241, 243, 244, 246, 247, 251, 254, 255, 257, 258, 264, 270,
        272, 278, 279, 281, 286, 288, 290, 291, 293, 294, 298, 304, 305, 307,
        308, 309, 312, 313, 315, 316, 317, 320, 321, 323, 324, 325, 326, 329,
        330, 332, 333, 334, 337, 338, 340, 341, 346, 347, 349, 352, 353, 355,
        356, 359, 360, 362, 365, 366, 368, 371, 372, 374
      ],
      "summary": {
        "covered_lines": 144,
        "num_statements": 158,
        "percent_covered": 91.13924050632912,
        "percent_covered_display": "91.14",
        "missing_lines": 14,
        "excluded_lines": 0,
        "percent_statements_covered": 91.13924050632912,
        "percent_statements_covered_display": "91.14"
      },
      "missing_lines": [
        46, 60, 61, 100, 101, 191, 204, 205, 206, 211, 212, 213, 273, 282
      ],
      "excluded_lines": [],
      "functions": {
        "UserRegisterSerializer.validate_email": {
          "executed_lines": [36, 37, 40],
          "summary": {
            "covered_lines": 3,
            "num_statements": 3,
            "percent_covered": 100.0,
            "percent_covered_display": "100.00",
            "missing_lines": 0,
            "excluded_lines": 0,
            "percent_statements_covered": 100.0,
            "percent_statements_covered_display": "100.00"
          },
          "missing_lines": [],
          "excluded_lines": []
        },
        "UserRegisterSerializer.validate_password": {
          "executed_lines": [45, 49, 50, 52, 53, 58, 59, 63],
          "summary": {
            "covered_lines": 8,
            "num_statements": 11,
            "percent_covered": 72.72727272727273,
            "percent_covered_display": "72.73",
            "missing_lines": 3,
            "excluded_lines": 0,
            "percent_statements_covered": 72.72727272727273,
            "percent_statements_covered_display": "72.73"
          },
          "missing_lines": [46, 60, 61],
          "excluded_lines": []
        },
        "UserRegisterSerializer.validate": {
          "executed_lines": [68, 69, 71, 72, 77, 78, 80, 81, 85],
          "summary": {
            "covered_lines": 9,
            "num_statements": 9,
            "percent_covered": 100.0,
            "percent_covered_display": "100.00",
            "missing_lines": 0,
            "excluded_lines": 0,
            "percent_statements_covered": 100.0,
            "percent_statements_covered_display": "100.00"
          },
          "missing_lines": [],
          "excluded_lines": []
        },
        "UserRegisterSerializer.create": {
          "executed_lines": [89, 90, 94, 97, 98, 99, 104, 111],
          "summary": {
            "covered_lines": 8,
            "num_statements": 10,
            "percent_covered": 80.0,
            "percent_covered_display": "80.00",
            "missing_lines": 2,
            "excluded_lines": 0,
            "percent_statements_covered": 80.0,
            "percent_statements_covered_display": "80.00"
          },
          "missing_lines": [100, 101],
          "excluded_lines": []
        },
        "UserLoginSerializer.validate": {
          "executed_lines": [
            131, 132, 134, 135, 140, 141, 144, 146, 147, 152, 153, 156, 157, 161
          ],
          "summary": {
            "covered_lines": 14,
            "num_statements": 14,
            "percent_covered": 100.0,
            "percent_covered_display": "100.00",
            "missing_lines": 0,
            "excluded_lines": 0,
            "percent_statements_covered": 100.0,
            "percent_statements_covered_display": "100.00"
          },
          "missing_lines": [],
          "excluded_lines": []
        },
        "PreviewLoginSerializer.validate": {
          "executed_lines": [
            183, 184, 188, 196, 197, 200, 202, 209, 216, 217, 218
          ],
          "summary": {
            "covered_lines": 11,
            "num_statements": 18,
            "percent_covered": 61.111111111111114,
            "percent_covered_display": "61.11",
            "missing_lines": 7,
            "excluded_lines": 0,
            "percent_statements_covered": 61.111111111111114,
            "percent_statements_covered_display": "61.11"
          },
          "missing_lines": [191, 204, 205, 206, 211, 212, 213],
          "excluded_lines": []
        },
        "SendEmailVerificationSerializer.validate_email": {
          "executed_lines": [229],
          "summary": {
            "covered_lines": 1,
            "num_statements": 1,
            "percent_covered": 100.0,
            "percent_covered_display": "100.00",
            "missing_lines": 0,
            "excluded_lines": 0,
            "percent_statements_covered": 100.0,
            "percent_statements_covered_display": "100.00"
          },
          "missing_lines": [],
          "excluded_lines": []
        },
        "SendPasswordResetSerializer.validate": {
          "executed_lines": [241, 243, 244, 246, 247, 251],
          "summary": {
            "covered_lines": 6,
            "num_statements": 6,
            "percent_covered": 100.0,
            "percent_covered_display": "100.00",
            "missing_lines": 0,
            "excluded_lines": 0,
            "percent_statements_covered": 100.0,
            "percent_statements_covered_display": "100.00"
          },
          "missing_lines": [],
          "excluded_lines": []
        },
        "PasswordResetSerializer.validate_password": {
          "executed_lines": [272, 278, 279, 281, 286],
          "summary": {
            "covered_lines": 5,
            "num_statements": 7,
            "percent_covered": 71.42857142857143,
            "percent_covered_display": "71.43",
            "missing_lines": 2,
            "excluded_lines": 0,
            "percent_statements_covered": 71.42857142857143,
            "percent_statements_covered_display": "71.43"
          },
          "missing_lines": [273, 282],
          "excluded_lines": []
        },
        "PasswordResetSerializer.validate": {
          "executed_lines": [290, 291, 293, 294, 298],
          "summary": {
            "covered_lines": 5,
            "num_statements": 5,
            "percent_covered": 100.0,
            "percent_covered_display": "100.00",
            "missing_lines": 0,
            "excluded_lines": 0,
            "percent_statements_covered": 100.0,
            "percent_statements_covered_display": "100.00"
          },
          "missing_lines": [],
          "excluded_lines": []
        },
        "": {
          "executed_lines": [
            3, 5, 7, 8, 9, 10, 11, 13, 16, 17, 19, 20, 26, 31, 32, 34, 42, 65,
            87, 114, 115, 117, 120, 125, 126, 128, 164, 165, 167, 170, 175, 176,
            180, 221, 222, 224, 226, 232, 233, 235, 236, 237, 239, 254, 255,
            257, 258, 264, 270, 288, 304, 305, 307, 308, 309, 312, 313, 315,
            316, 317, 320, 321, 323, 324, 325, 326, 329, 330, 332, 333, 334,
            337, 338, 340, 341, 346, 347, 349, 352, 353, 355, 356, 359, 360,
            362, 365, 366, 368, 371, 372, 374
          ],
          "summary": {
            "covered_lines": 74,
            "num_statements": 74,
            "percent_covered": 100.0,
            "percent_covered_display": "100.00",
            "missing_lines": 0,
            "excluded_lines": 0,
            "percent_statements_covered": 100.0,
            "percent_statements_covered_display": "100.00"
          },
          "missing_lines": [],
          "excluded_lines": []
        }
      },
      "classes": {
        "UserRegisterSerializer": {
          "executed_lines": [
            36, 37, 40, 45, 49, 50, 52, 53, 58, 59, 63, 68, 69, 71, 72, 77, 78,
            80, 81, 85, 89, 90, 94, 97, 98, 99, 104, 111
          ],
          "summary": {
            "covered_lines": 28,
            "num_statements": 33,
            "percent_covered": 84.84848484848484,
            "percent_covered_display": "84.85",
            "missing_lines": 5,
            "excluded_lines": 0,
            "percent_statements_covered": 84.84848484848484,
            "percent_statements_covered_display": "84.85"
          },
          "missing_lines": [46, 60, 61, 100, 101],
          "excluded_lines": []
        },
        "UserLoginSerializer": {
          "executed_lines": [
            131, 132, 134, 135, 140, 141, 144, 146, 147, 152, 153, 156, 157, 161
          ],
          "summary": {
            "covered_lines": 14,
            "num_statements": 14,
            "percent_covered": 100.0,
            "percent_covered_display": "100.00",
            "missing_lines": 0,
            "excluded_lines": 0,
            "percent_statements_covered": 100.0,
            "percent_statements_covered_display": "100.00"
          },
          "missing_lines": [],
          "excluded_lines": []
        },
        "PreviewLoginSerializer": {
          "executed_lines": [
            183, 184, 188, 196, 197, 200, 202, 209, 216, 217, 218
          ],
          "summary": {
            "covered_lines": 11,
            "num_statements": 18,
            "percent_covered": 61.111111111111114,
            "percent_covered_display": "61.11",
            "missing_lines": 7,
            "excluded_lines": 0,
            "percent_statements_covered": 61.111111111111114,
            "percent_statements_covered_display": "61.11"
          },
          "missing_lines": [191, 204, 205, 206, 211, 212, 213],
          "excluded_lines": []
        },
        "SendEmailVerificationSerializer": {
          "executed_lines": [229],
          "summary": {
            "covered_lines": 1,
            "num_statements": 1,
            "percent_covered": 100.0,
            "percent_covered_display": "100.00",
            "missing_lines": 0,
            "excluded_lines": 0,
            "percent_statements_covered": 100.0,
            "percent_statements_covered_display": "100.00"
          },
          "missing_lines": [],
          "excluded_lines": []
        },
        "SendPasswordResetSerializer": {
          "executed_lines": [241, 243, 244, 246, 247, 251],
          "summary": {
            "covered_lines": 6,
            "num_statements": 6,
            "percent_covered": 100.0,
            "percent_covered_display": "100.00",
            "missing_lines": 0,
            "excluded_lines": 0,
            "percent_statements_covered": 100.0,
            "percent_statements_covered_display": "100.00"
          },
          "missing_lines": [],
          "excluded_lines": []
        },
        "PasswordResetSerializer": {
          "executed_lines": [272, 278, 279, 281, 286, 290, 291, 293, 294, 298],
          "summary": {
            "covered_lines": 10,
            "num_statements": 12,
            "percent_covered": 83.33333333333333,
            "percent_covered_display": "83.33",
            "missing_lines": 2,
            "excluded_lines": 0,
            "percent_statements_covered": 83.33333333333333,
            "percent_statements_covered_display": "83.33"
          },
          "missing_lines": [273, 282],
          "excluded_lines": []
        },
        "UserInfoSerializer": {
          "executed_lines": [],
          "summary": {
            "covered_lines": 0,
            "num_statements": 0,
            "percent_covered": 100.0,
            "percent_covered_display": "100.00",
            "missing_lines": 0,
            "excluded_lines": 0,
            "percent_statements_covered": 100.0,
            "percent_statements_covered_display": "100.00"
          },
          "missing_lines": [],
          "excluded_lines": []
        },
        "CaptchaResponseSerializer": {
          "executed_lines": [],
          "summary": {
            "covered_lines": 0,
            "num_statements": 0,
            "percent_covered": 100.0,
            "percent_covered_display": "100.00",
            "missing_lines": 0,
            "excluded_lines": 0,
            "percent_statements_covered": 100.0,
            "percent_statements_covered_display": "100.00"
          },
          "missing_lines": [],
          "excluded_lines": []
        },
        "RegisterResponseSerializer": {
          "executed_lines": [],
          "summary": {
            "covered_lines": 0,
            "num_statements": 0,
            "percent_covered": 100.0,
            "percent_covered_display": "100.00",
            "missing_lines": 0,
            "excluded_lines": 0,
            "percent_statements_covered": 100.0,
            "percent_statements_covered_display": "100.00"
          },
          "missing_lines": [],
          "excluded_lines": []
        },
        "LoginResponseSerializer": {
          "executed_lines": [],
          "summary": {
            "covered_lines": 0,
            "num_statements": 0,
            "percent_covered": 100.0,
            "percent_covered_display": "100.00",
            "missing_lines": 0,
            "excluded_lines": 0,
            "percent_statements_covered": 100.0,
            "percent_statements_covered_display": "100.00"
          },
          "missing_lines": [],
          "excluded_lines": []
        },
        "PreviewResponseSerializer": {
          "executed_lines": [],
          "summary": {
            "covered_lines": 0,
            "num_statements": 0,
            "percent_covered": 100.0,
            "percent_covered_display": "100.00",
            "missing_lines": 0,
            "excluded_lines": 0,
            "percent_statements_covered": 100.0,
            "percent_statements_covered_display": "100.00"
          },
          "missing_lines": [],
          "excluded_lines": []
        },
        "MessageResponseSerializer": {
          "executed_lines": [],
          "summary": {
            "covered_lines": 0,
            "num_statements": 0,
            "percent_covered": 100.0,
            "percent_covered_display": "100.00",
            "missing_lines": 0,
            "excluded_lines": 0,
            "percent_statements_covered": 100.0,
            "percent_statements_covered_display": "100.00"
          },
          "missing_lines": [],
          "excluded_lines": []
        },
        "ErrorResponseSerializer": {
          "executed_lines": [],
          "summary": {
            "covered_lines": 0,
            "num_statements": 0,
            "percent_covered": 100.0,
            "percent_covered_display": "100.00",
            "missing_lines": 0,
            "excluded_lines": 0,
            "percent_statements_covered": 100.0,
            "percent_statements_covered_display": "100.00"
          },
          "missing_lines": [],
          "excluded_lines": []
        },
        "TokenRefreshRequestSerializer": {
          "executed_lines": [],
          "summary": {
            "covered_lines": 0,
            "num_statements": 0,
            "percent_covered": 100.0,
            "percent_covered_display": "100.00",
            "missing_lines": 0,
            "excluded_lines": 0,
            "percent_statements_covered": 100.0,
            "percent_statements_covered_display": "100.00"
          },
          "missing_lines": [],
          "excluded_lines": []
        },
        "TokenRefreshResponseSerializer": {
          "executed_lines": [],
          "summary": {
            "covered_lines": 0,
            "num_statements": 0,
            "percent_covered": 100.0,
            "percent_covered_display": "100.00",
            "missing_lines": 0,
            "excluded_lines": 0,
            "percent_statements_covered": 100.0,
            "percent_statements_covered_display": "100.00"
          },
          "missing_lines": [],
          "excluded_lines": []
        },
        "CaptchaRefreshRequestSerializer": {
          "executed_lines": [],
          "summary": {
            "covered_lines": 0,
            "num_statements": 0,
            "percent_covered": 100.0,
            "percent_covered_display": "100.00",
            "missing_lines": 0,
            "excluded_lines": 0,
            "percent_statements_covered": 100.0,
            "percent_statements_covered_display": "100.00"
          },
          "missing_lines": [],
          "excluded_lines": []
        },
        "": {
          "executed_lines": [
            3, 5, 7, 8, 9, 10, 11, 13, 16, 17, 19, 20, 26, 31, 32, 34, 42, 65,
            87, 114, 115, 117, 120, 125, 126, 128, 164, 165, 167, 170, 175, 176,
            180, 221, 222, 224, 226, 232, 233, 235, 236, 237, 239, 254, 255,
            257, 258, 264, 270, 288, 304, 305, 307, 308, 309, 312, 313, 315,
            316, 317, 320, 321, 323, 324, 325, 326, 329, 330, 332, 333, 334,
            337, 338, 340, 341, 346, 347, 349, 352, 353, 355, 356, 359, 360,
            362, 365, 366, 368, 371, 372, 374
          ],
          "summary": {
            "covered_lines": 74,
            "num_statements": 74,
            "percent_covered": 100.0,
            "percent_covered_display": "100.00",
            "missing_lines": 0,
            "excluded_lines": 0,
            "percent_statements_covered": 100.0,
            "percent_statements_covered_display": "100.00"
          },
          "missing_lines": [],
          "excluded_lines": []
        }
      }
    },
    "apps/users/tasks.py": {
      "executed_lines": [
        3, 5, 7, 8, 9, 10, 12, 15, 26, 38, 41, 42, 45, 48, 54, 60, 63, 69, 72,
        75, 110, 121, 133, 136, 137, 140, 143, 149, 155, 158, 164, 167, 170
      ],
      "summary": {
        "covered_lines": 32,
        "num_statements": 46,
        "percent_covered": 69.56521739130434,
        "percent_covered_display": "69.57",
        "missing_lines": 14,
        "excluded_lines": 0,
        "percent_statements_covered": 69.56521739130434,
        "percent_statements_covered_display": "69.57"
      },
      "missing_lines": [
        80, 82, 90, 97, 98, 101, 107, 175, 177, 185, 192, 193, 196, 202
      ],
      "excluded_lines": [],
      "functions": {
        "send_email_verification": {
          "executed_lines": [38, 41, 42, 45, 48, 54, 60, 63, 69, 72, 75],
          "summary": {
            "covered_lines": 11,
            "num_statements": 18,
            "percent_covered": 61.111111111111114,
            "percent_covered_display": "61.11",
            "missing_lines": 7,
            "excluded_lines": 0,
            "percent_statements_covered": 61.111111111111114,
            "percent_statements_covered_display": "61.11"
          },
          "missing_lines": [80, 82, 90, 97, 98, 101, 107],
          "excluded_lines": []
        },
        "send_password_reset_email": {
          "executed_lines": [
            133, 136, 137, 140, 143, 149, 155, 158, 164, 167, 170
          ],
          "summary": {
            "covered_lines": 11,
            "num_statements": 18,
            "percent_covered": 61.111111111111114,
            "percent_covered_display": "61.11",
            "missing_lines": 7,
            "excluded_lines": 0,
            "percent_statements_covered": 61.111111111111114,
            "percent_statements_covered_display": "61.11"
          },
          "missing_lines": [175, 177, 185, 192, 193, 196, 202],
          "excluded_lines": []
        },
        "": {
          "executed_lines": [3, 5, 7, 8, 9, 10, 12, 15, 26, 110, 121],
          "summary": {
            "covered_lines": 10,
            "num_statements": 10,
            "percent_covered": 100.0,
            "percent_covered_display": "100.00",
            "missing_lines": 0,
            "excluded_lines": 0,
            "percent_statements_covered": 100.0,
            "percent_statements_covered_display": "100.00"
          },
          "missing_lines": [],
          "excluded_lines": []
        }
      },
      "classes": {
        "": {
          "executed_lines": [
            3, 5, 7, 8, 9, 10, 12, 15, 26, 38, 41, 42, 45, 48, 54, 60, 63, 69,
            72, 75, 110, 121, 133, 136, 137, 140, 143, 149, 155, 158, 164, 167,
            170
          ],
          "summary": {
            "covered_lines": 32,
            "num_statements": 46,
            "percent_covered": 69.56521739130434,
            "percent_covered_display": "69.57",
            "missing_lines": 14,
            "excluded_lines": 0,
            "percent_statements_covered": 69.56521739130434,
            "percent_statements_covered_display": "69.57"
          },
          "missing_lines": [
            80, 82, 90, 97, 98, 101, 107, 175, 177, 185, 192, 193, 196, 202
          ],
          "excluded_lines": []
        }
      }
    },
    "apps/users/throttling.py": {
      "executed_lines": [3, 5, 8, 9, 16, 17, 19, 27, 31, 33, 44, 49, 51],
      "summary": {
        "covered_lines": 11,
        "num_statements": 13,
        "percent_covered": 84.61538461538461,
        "percent_covered_display": "84.62",
        "missing_lines": 2,
        "excluded_lines": 0,
        "percent_statements_covered": 84.61538461538461,
        "percent_statements_covered_display": "84.62"
      },
      "missing_lines": [28, 46],
      "excluded_lines": [],
      "functions": {
        "PreviewLoginThrottle.allow_request": {
          "executed_lines": [27, 31],
          "summary": {
            "covered_lines": 2,
            "num_statements": 3,
            "percent_covered": 66.66666666666667,
            "percent_covered_display": "66.67",
            "missing_lines": 1,
            "excluded_lines": 0,
            "percent_statements_covered": 66.66666666666667,
            "percent_statements_covered_display": "66.67"
          },
          "missing_lines": [28],
          "excluded_lines": []
        },
        "PreviewLoginThrottle.get_cache_key": {
          "executed_lines": [44, 49, 51],
          "summary": {
            "covered_lines": 3,
            "num_statements": 4,
            "percent_covered": 75.0,
            "percent_covered_display": "75.00",
            "missing_lines": 1,
            "excluded_lines": 0,
            "percent_statements_covered": 75.0,
            "percent_statements_covered_display": "75.00"
          },
          "missing_lines": [46],
          "excluded_lines": []
        },
        "": {
          "executed_lines": [3, 5, 8, 9, 16, 17, 19, 33],
          "summary": {
            "covered_lines": 6,
            "num_statements": 6,
            "percent_covered": 100.0,
            "percent_covered_display": "100.00",
            "missing_lines": 0,
            "excluded_lines": 0,
            "percent_statements_covered": 100.0,
            "percent_statements_covered_display": "100.00"
          },
          "missing_lines": [],
          "excluded_lines": []
        }
      },
      "classes": {
        "PreviewLoginThrottle": {
          "executed_lines": [27, 31, 44, 49, 51],
          "summary": {
            "covered_lines": 5,
            "num_statements": 7,
            "percent_covered": 71.42857142857143,
            "percent_covered_display": "71.43",
            "missing_lines": 2,
            "excluded_lines": 0,
            "percent_statements_covered": 71.42857142857143,
            "percent_statements_covered_display": "71.43"
          },
          "missing_lines": [28, 46],
          "excluded_lines": []
        },
        "": {
          "executed_lines": [3, 5, 8, 9, 16, 17, 19, 33],
          "summary": {
            "covered_lines": 6,
            "num_statements": 6,
            "percent_covered": 100.0,
            "percent_covered_display": "100.00",
            "missing_lines": 0,
            "excluded_lines": 0,
            "percent_statements_covered": 100.0,
            "percent_statements_covered_display": "100.00"
          },
          "missing_lines": [],
          "excluded_lines": []
        }
      }
    },
    "apps/users/urls.py": {
      "executed_lines": [3, 5, 20, 22, 24],
      "summary": {
        "covered_lines": 4,
        "num_statements": 4,
        "percent_covered": 100.0,
        "percent_covered_display": "100.00",
        "missing_lines": 0,
        "excluded_lines": 0,
        "percent_statements_covered": 100.0,
[...]
            "percent_covered_display": "65.12",
            "missing_lines": 15,
            "excluded_lines": 0,
            "percent_statements_covered": 65.11627906976744,
            "percent_statements_covered_display": "65.12"
          },
          "missing_lines": [
            1152, 1159, 1163, 1164, 1165, 1166, 1173, 1180, 1183, 1186, 1244,
            1246, 1248, 1249, 1254
          ],
          "excluded_lines": []
        },
        "": {
          "executed_lines": [
            3, 5, 6, 8, 9, 26, 27, 28, 33, 34, 35, 36, 37, 38, 39, 40, 41, 42,
            44, 47, 50, 51, 53, 55, 76, 99, 113, 114, 116, 124, 134, 135, 137,
            146, 182, 183, 185, 209, 210, 212, 214, 224, 293, 368, 369, 371,
            373, 384, 524, 525, 527, 528, 530, 547, 573, 583, 619, 620, 622,
            624, 634, 675, 676, 678, 680, 689, 733, 734, 736, 738, 749, 827,
            828, 830, 832, 842, 910, 911, 913, 915, 925, 1001, 1002, 1004, 1006,
            1017, 1109, 1110, 1112, 1114, 1125
          ],
          "summary": {
            "covered_lines": 76,
            "num_statements": 76,
            "percent_covered": 100.0,
            "percent_covered_display": "100.00",
            "missing_lines": 0,
            "excluded_lines": 0,
            "percent_statements_covered": 100.0,
            "percent_statements_covered_display": "100.00"
          },
          "missing_lines": [],
          "excluded_lines": []
        }
      },
      "classes": {
        "BaseCaptchaView": {
          "executed_lines": [65, 66, 67, 70, 74, 84, 87, 90, 109, 110],
          "summary": {
            "covered_lines": 10,
            "num_statements": 10,
            "percent_covered": 100.0,
            "percent_covered_display": "100.00",
            "missing_lines": 0,
            "excluded_lines": 0,
            "percent_statements_covered": 100.0,
            "percent_statements_covered_display": "100.00"
          },
          "missing_lines": [],
          "excluded_lines": []
        },
        "CaptchaAPIView": {
          "executed_lines": [131],
          "summary": {
            "covered_lines": 1,
            "num_statements": 1,
            "percent_covered": 100.0,
            "percent_covered_display": "100.00",
            "missing_lines": 0,
            "excluded_lines": 0,
            "percent_statements_covered": 100.0,
            "percent_statements_covered_display": "100.00"
          },
          "missing_lines": [],
          "excluded_lines": []
        },
        "CaptchaRefreshAPIView": {
          "executed_lines": [159, 160, 165, 166, 168, 170, 171, 172, 176, 179],
          "summary": {
            "covered_lines": 10,
            "num_statements": 11,
            "percent_covered": 90.9090909090909,
            "percent_covered_display": "90.91",
            "missing_lines": 1,
            "excluded_lines": 0,
            "percent_statements_covered": 90.9090909090909,
            "percent_statements_covered_display": "90.91"
          },
          "missing_lines": [162],
          "excluded_lines": []
        },
        "CaptchaAnswerAPIView": {
          "executed_lines": [],
          "summary": {
            "covered_lines": 0,
            "num_statements": 7,
            "percent_covered": 0.0,
            "percent_covered_display": "0.00",
            "missing_lines": 7,
            "excluded_lines": 0,
            "percent_statements_covered": 0.0,
            "percent_statements_covered_display": "0.00"
          },
          "missing_lines": [196, 197, 200, 202, 203, 204, 206],
          "excluded_lines": []
        },
        "RegisterAPIView": {
          "executed_lines": [
            240, 242, 244, 245, 246, 249, 252, 255, 257, 258, 261, 269, 276,
            279, 304, 305, 306, 309, 315, 316, 317, 324, 325, 328, 329, 330,
            331, 338, 347, 348, 351, 365
          ],
          "summary": {
            "covered_lines": 32,
            "num_statements": 38,
            "percent_covered": 84.21052631578948,
            "percent_covered_display": "84.21",
            "missing_lines": 6,
            "excluded_lines": 0,
            "percent_statements_covered": 84.21052631578948,
            "percent_statements_covered_display": "84.21"
          },
          "missing_lines": [320, 352, 355, 358, 362, 363],
          "excluded_lines": []
        },
        "LoginAPIView": {
          "executed_lines": [
            399, 401, 403, 406, 407, 408, 411, 412, 413, 414, 417, 424, 427,
            429, 430, 431, 433, 435, 437, 438, 441, 448, 456, 463, 476, 479,
            482, 483, 488, 489, 490, 491, 494, 495, 501, 507, 510
          ],
          "summary": {
            "covered_lines": 37,
            "num_statements": 46,
            "percent_covered": 80.43478260869566,
            "percent_covered_display": "80.43",
            "missing_lines": 9,
            "excluded_lines": 0,
            "percent_statements_covered": 80.43478260869566,
            "percent_statements_covered_display": "80.43"
          },
          "missing_lines": [418, 419, 420, 421, 472, 473, 502, 503, 504],
          "excluded_lines": []
        },
        "PreviewAPIView": {
          "executed_lines": [
            540, 542, 557, 566, 584, 586, 599, 600, 601, 603, 611, 613
          ],
          "summary": {
            "covered_lines": 12,
            "num_statements": 20,
            "percent_covered": 60.0,
            "percent_covered_display": "60.00",
            "missing_lines": 8,
            "excluded_lines": 0,
            "percent_statements_covered": 60.0,
            "percent_statements_covered_display": "60.00"
          },
          "missing_lines": [545, 559, 588, 591, 592, 593, 596, 605],
          "excluded_lines": []
        },
        "TokenRefreshAPIView": {
          "executed_lines": [644, 646, 647, 652, 654, 655, 658, 663, 664],
          "summary": {
            "covered_lines": 9,
            "num_statements": 11,
            "percent_covered": 81.81818181818181,
            "percent_covered_display": "81.82",
            "missing_lines": 2,
            "excluded_lines": 0,
            "percent_statements_covered": 81.81818181818181,
            "percent_statements_covered_display": "81.82"
          },
          "missing_lines": [668, 669],
          "excluded_lines": []
        },
        "LogoutAPIView": {
          "executed_lines": [700, 706, 708, 710, 720],
          "summary": {
            "covered_lines": 5,
            "num_statements": 13,
            "percent_covered": 38.46153846153846,
            "percent_covered_display": "38.46",
            "missing_lines": 8,
            "excluded_lines": 0,
            "percent_statements_covered": 38.46153846153846,
            "percent_statements_covered_display": "38.46"
          },
          "missing_lines": [701, 711, 713, 714, 715, 717, 725, 727],
          "excluded_lines": []
        },
        "SendEmailVerificationAPIView": {
          "executed_lines": [764, 765, 766, 772, 775, 782, 785, 788, 799, 805],
          "summary": {
            "covered_lines": 10,
            "num_statements": 17,
            "percent_covered": 58.8235294117647,
            "percent_covered_display": "58.82",
            "missing_lines": 7,
            "excluded_lines": 0,
            "percent_statements_covered": 58.8235294117647,
            "percent_statements_covered_display": "58.82"
          },
          "missing_lines": [767, 776, 810, 812, 814, 815, 821],
          "excluded_lines": []
        },
        "VerifyEmailAPIView": {
          "executed_lines": [
            852, 854, 855, 856, 857, 863, 864, 870, 871, 880, 881, 882, 883,
            886, 887, 889
          ],
          "summary": {
            "covered_lines": 16,
            "num_statements": 21,
            "percent_covered": 76.19047619047619,
            "percent_covered_display": "76.19",
            "missing_lines": 5,
            "excluded_lines": 0,
            "percent_statements_covered": 76.19047619047619,
            "percent_statements_covered_display": "76.19"
          },
          "missing_lines": [894, 896, 898, 899, 904],
          "excluded_lines": []
        },
        "ResendEmailVerificationAPIView": {
          "executed_lines": [],
          "summary": {
            "covered_lines": 0,
            "num_statements": 23,
            "percent_covered": 0.0,
            "percent_covered_display": "0.00",
            "missing_lines": 23,
            "excluded_lines": 0,
            "percent_statements_covered": 0.0,
            "percent_statements_covered_display": "0.00"
          },
          "missing_lines": [
            935, 937, 938, 939, 945, 946, 947, 948, 954, 955, 961, 964, 967,
            968, 969, 970, 973, 979, 984, 986, 988, 989, 995
          ],
          "excluded_lines": []
        },
        "SendPasswordResetAPIView": {
          "executed_lines": [
            1031, 1032, 1033, 1035, 1036, 1037, 1040, 1041, 1048, 1057, 1060,
            1063, 1065, 1068, 1071, 1081, 1088
          ],
          "summary": {
            "covered_lines": 17,
            "num_statements": 23,
            "percent_covered": 73.91304347826087,
            "percent_covered_display": "73.91",
            "missing_lines": 6,
            "excluded_lines": 0,
            "percent_statements_covered": 73.91304347826087,
            "percent_statements_covered_display": "73.91"
          },
          "missing_lines": [1042, 1093, 1095, 1097, 1098, 1103],
          "excluded_lines": []
        },
        "PasswordResetAPIView": {
          "executed_lines": [
            1139, 1140, 1141, 1143, 1146, 1147, 1148, 1150, 1151, 1172, 1179,
            1195, 1204, 1205, 1208, 1209, 1210, 1211, 1217, 1218, 1224, 1225,
            1231, 1232, 1233, 1236, 1237, 1239
          ],
          "summary": {
            "covered_lines": 28,
            "num_statements": 43,
            "percent_covered": 65.11627906976744,
            "percent_covered_display": "65.12",
            "missing_lines": 15,
            "excluded_lines": 0,
            "percent_statements_covered": 65.11627906976744,
            "percent_statements_covered_display": "65.12"
          },
          "missing_lines": [
            1152, 1159, 1163, 1164, 1165, 1166, 1173, 1180, 1183, 1186, 1244,
            1246, 1248, 1249, 1254
          ],
          "excluded_lines": []
        },
        "": {
          "executed_lines": [
            3, 5, 6, 8, 9, 26, 27, 28, 33, 34, 35, 36, 37, 38, 39, 40, 41, 42,
            44, 47, 50, 51, 53, 55, 76, 99, 113, 114, 116, 124, 134, 135, 137,
            146, 182, 183, 185, 209, 210, 212, 214, 224, 293, 368, 369, 371,
            373, 384, 524, 525, 527, 528, 530, 547, 573, 583, 619, 620, 622,
            624, 634, 675, 676, 678, 680, 689, 733, 734, 736, 738, 749, 827,
            828, 830, 832, 842, 910, 911, 913, 915, 925, 1001, 1002, 1004, 1006,
            1017, 1109, 1110, 1112, 1114, 1125
          ],
          "summary": {
            "covered_lines": 76,
            "num_statements": 76,
            "percent_covered": 100.0,
            "percent_covered_display": "100.00",
            "missing_lines": 0,
            "excluded_lines": 0,
            "percent_statements_covered": 100.0,
            "percent_statements_covered_display": "100.00"
          },
          "missing_lines": [],
          "excluded_lines": []
        }
      }
    },
    "bravo/__init__.py": {
      "executed_lines": [4, 6],
      "summary": {
        "covered_lines": 2,
        "num_statements": 2,
        "percent_covered": 100.0,
        "percent_covered_display": "100.00",
        "missing_lines": 0,
        "excluded_lines": 0,
        "percent_statements_covered": 100.0,
        "percent_statements_covered_display": "100.00"
      },
      "missing_lines": [],
      "excluded_lines": [],
      "functions": {
        "": {
          "executed_lines": [4, 6],
          "summary": {
            "covered_lines": 2,
            "num_statements": 2,
            "percent_covered": 100.0,
            "percent_covered_display": "100.00",
            "missing_lines": 0,
            "excluded_lines": 0,
            "percent_statements_covered": 100.0,
            "percent_statements_covered_display": "100.00"
          },
          "missing_lines": [],
          "excluded_lines": []
        }
      },
      "classes": {
        "": {
          "executed_lines": [4, 6],
          "summary": {
            "covered_lines": 2,
            "num_statements": 2,
            "percent_covered": 100.0,
            "percent_covered_display": "100.00",
            "missing_lines": 0,
            "excluded_lines": 0,
            "percent_statements_covered": 100.0,
            "percent_statements_covered_display": "100.00"
          },
          "missing_lines": [],
          "excluded_lines": []
        }
      }
    },
    "bravo/celery.py": {
      "executed_lines": [1, 3, 6, 8, 11, 14, 17, 18],
      "summary": {
        "covered_lines": 8,
        "num_statements": 9,
        "percent_covered": 88.88888888888889,
        "percent_covered_display": "88.89",
        "missing_lines": 1,
        "excluded_lines": 0,
        "percent_statements_covered": 88.88888888888889,
        "percent_statements_covered_display": "88.89"
      },
      "missing_lines": [19],
      "excluded_lines": [],
      "functions": {
        "debug_task": {
          "executed_lines": [],
          "summary": {
            "covered_lines": 0,
            "num_statements": 1,
            "percent_covered": 0.0,
            "percent_covered_display": "0.00",
            "missing_lines": 1,
            "excluded_lines": 0,
            "percent_statements_covered": 0.0,
            "percent_statements_covered_display": "0.00"
          },
          "missing_lines": [19],
          "excluded_lines": []
        },
        "": {
          "executed_lines": [1, 3, 6, 8, 11, 14, 17, 18],
          "summary": {
            "covered_lines": 8,
            "num_statements": 8,
            "percent_covered": 100.0,
            "percent_covered_display": "100.00",
            "missing_lines": 0,
            "excluded_lines": 0,
            "percent_statements_covered": 100.0,
            "percent_statements_covered_display": "100.00"
          },
          "missing_lines": [],
          "excluded_lines": []
        }
      },
      "classes": {
        "": {
          "executed_lines": [1, 3, 6, 8, 11, 14, 17, 18],
          "summary": {
            "covered_lines": 8,
            "num_statements": 9,
            "percent_covered": 88.88888888888889,
            "percent_covered_display": "88.89",
            "missing_lines": 1,
            "excluded_lines": 0,
            "percent_statements_covered": 88.88888888888889,
            "percent_statements_covered_display": "88.89"
          },
          "missing_lines": [19],
          "excluded_lines": []
        }
      }
    },
    "bravo/urls.py": {
      "executed_lines": [],
      "summary": {
        "covered_lines": 0,
        "num_statements": 12,
        "percent_covered": 0.0,
        "percent_covered_display": "0.00",
        "missing_lines": 12,
        "excluded_lines": 3,
        "percent_statements_covered": 0.0,
        "percent_statements_covered_display": "0.00"
      },
      "missing_lines": [17, 19, 20, 21, 22, 23, 24, 31, 33, 46, 48, 61],
      "excluded_lines": [88, 89, 90],
      "functions": {
        "health_check": {
          "executed_lines": [],
          "summary": {
            "covered_lines": 0,
            "num_statements": 1,
            "percent_covered": 0.0,
            "percent_covered_display": "0.00",
            "missing_lines": 1,
            "excluded_lines": 0,
            "percent_statements_covered": 0.0,
            "percent_statements_covered_display": "0.00"
          },
          "missing_lines": [33],
          "excluded_lines": []
        },
        "api_root": {
          "executed_lines": [],
          "summary": {
            "covered_lines": 0,
            "num_statements": 1,
            "percent_covered": 0.0,
            "percent_covered_display": "0.00",
            "missing_lines": 1,
            "excluded_lines": 0,
            "percent_statements_covered": 0.0,
            "percent_statements_covered_display": "0.00"
          },
          "missing_lines": [48],
          "excluded_lines": []
        },
        "": {
          "executed_lines": [],
          "summary": {
            "covered_lines": 0,
            "num_statements": 10,
            "percent_covered": 0.0,
            "percent_covered_display": "0.00",
            "missing_lines": 10,
            "excluded_lines": 3,
            "percent_statements_covered": 0.0,
            "percent_statements_covered_display": "0.00"
          },
          "missing_lines": [17, 19, 20, 21, 22, 23, 24, 31, 46, 61],
          "excluded_lines": [88, 89, 90]
        }
      },
      "classes": {
        "": {
          "executed_lines": [],
          "summary": {
            "covered_lines": 0,
            "num_statements": 12,
            "percent_covered": 0.0,
            "percent_covered_display": "0.00",
            "missing_lines": 12,
            "excluded_lines": 3,
            "percent_statements_covered": 0.0,
            "percent_statements_covered_display": "0.00"
          },
          "missing_lines": [17, 19, 20, 21, 22, 23, 24, 31, 33, 46, 48, 61],
          "excluded_lines": [88, 89, 90]
        }
      }
    },
    "bravo/urls_test.py": {
      "executed_lines": [2, 4, 5, 6, 7, 9, 10, 16, 21, 37, 60, 61],
      "summary": {
        "covered_lines": 11,
        "num_statements": 14,
        "percent_covered": 78.57142857142857,
        "percent_covered_display": "78.57",
        "missing_lines": 3,
        "excluded_lines": 0,
        "percent_statements_covered": 78.57142857142857,
        "percent_statements_covered_display": "78.57"
      },
      "missing_lines": [17, 18, 23],
      "excluded_lines": [],
      "functions": {
        "home_view": {
          "executed_lines": [],
          "summary": {
            "covered_lines": 0,
            "num_statements": 1,
            "percent_covered": 0.0,
            "percent_covered_display": "0.00",
            "missing_lines": 1,
            "excluded_lines": 0,
            "percent_statements_covered": 0.0,
            "percent_statements_covered_display": "0.00"
          },
          "missing_lines": [23],
          "excluded_lines": []
        },
        "": {
          "executed_lines": [2, 4, 5, 6, 7, 9, 10, 16, 21, 37, 60, 61],
          "summary": {
            "covered_lines": 11,
            "num_statements": 13,
            "percent_covered": 84.61538461538461,
            "percent_covered_display": "84.62",
            "missing_lines": 2,
            "excluded_lines": 0,
            "percent_statements_covered": 84.61538461538461,
            "percent_statements_covered_display": "84.62"
          },
          "missing_lines": [17, 18],
          "excluded_lines": []
        }
      },
      "classes": {
        "": {
          "executed_lines": [2, 4, 5, 6, 7, 9, 10, 16, 21, 37, 60, 61],
          "summary": {
            "covered_lines": 11,
            "num_statements": 14,
            "percent_covered": 78.57142857142857,
            "percent_covered_display": "78.57",
            "missing_lines": 3,
            "excluded_lines": 0,
            "percent_statements_covered": 78.57142857142857,
            "percent_statements_covered_display": "78.57"
          },
          "missing_lines": [17, 18, 23],
          "excluded_lines": []
        }
      }
    }
  },
  "totals": {
    "covered_lines": 728,
    "num_statements": 984,
    "percent_covered": 73.98373983739837,
    "percent_covered_display": "73.98",
    "missing_lines": 256,
    "excluded_lines": 3,
    "percent_statements_covered": 73.98373983739837,
    "percent_statements_covered_display": "73.98"
  }
}
