{
  "meta": {
    "format": 3,
    "version": "7.12.0",
    "timestamp": "2025-12-07T17:27:58.822120",
    "branch_coverage": false,
    "show_contexts": false
  },
  "files": {
    "apps/__init__.py": {
      "executed_lines": [0],
      "summary": {
        "covered_lines": 0,
        "num_statements": 0,
        "percent_covered": 100.0,
        "percent_covered_display": "100.00",
        "missing_lines": 0,
        "excluded_lines": 0,
        "percent_statements_covered": 100.0,
        "percent_statements_covered_display": "100.00"
      },
      "missing_lines": [],
      "excluded_lines": [],
      "functions": {
        "": {
          "executed_lines": [],
          "summary": {
            "covered_lines": 0,
            "num_statements": 0,
            "percent_covered": 100.0,
            "percent_covered_display": "100.00",
            "missing_lines": 0,
            "excluded_lines": 0,
            "percent_statements_covered": 100.0,
            "percent_statements_covered_display": "100.00"
          },
          "missing_lines": [],
          "excluded_lines": []
        }
      },
      "classes": {
        "": {
          "executed_lines": [],
          "summary": {
            "covered_lines": 0,
            "num_statements": 0,
            "percent_covered": 100.0,
            "percent_covered_display": "100.00",
            "missing_lines": 0,
            "excluded_lines": 0,
            "percent_statements_covered": 100.0,
            "percent_statements_covered_display": "100.00"
          },
          "missing_lines": [],
          "excluded_lines": []
        }
      }
    },
    "apps/blog/__init__.py": {
      "executed_lines": [],
      "summary": {
        "covered_lines": 0,
        "num_statements": 0,
        "percent_covered": 100.0,
        "percent_covered_display": "100.00",
        "missing_lines": 0,
        "excluded_lines": 0,
        "percent_statements_covered": 100.0,
        "percent_statements_covered_display": "100.00"
      },
      "missing_lines": [],
      "excluded_lines": [],
      "functions": {
        "": {
          "executed_lines": [],
          "summary": {
            "covered_lines": 0,
            "num_statements": 0,
            "percent_covered": 100.0,
            "percent_covered_display": "100.00",
            "missing_lines": 0,
            "excluded_lines": 0,
            "percent_statements_covered": 100.0,
            "percent_statements_covered_display": "100.00"
          },
          "missing_lines": [],
          "excluded_lines": []
        }
      },
      "classes": {
        "": {
          "executed_lines": [],
          "summary": {
            "covered_lines": 0,
            "num_statements": 0,
            "percent_covered": 100.0,
            "percent_covered_display": "100.00",
            "missing_lines": 0,
            "excluded_lines": 0,
            "percent_statements_covered": 100.0,
            "percent_statements_covered_display": "100.00"
          },
          "missing_lines": [],
          "excluded_lines": []
        }
      }
    },
    "apps/blog/urls.py": {
      "executed_lines": [],
      "summary": {
        "covered_lines": 0,
        "num_statements": 2,
        "percent_covered": 0.0,
        "percent_covered_display": "0.00",
        "missing_lines": 2,
        "excluded_lines": 0,
        "percent_statements_covered": 0.0,
        "percent_statements_covered_display": "0.00"
      },
      "missing_lines": [2, 5],
      "excluded_lines": [],
      "functions": {
        "": {
          "executed_lines": [],
          "summary": {
            "covered_lines": 0,
            "num_statements": 2,
            "percent_covered": 0.0,
            "percent_covered_display": "0.00",
            "missing_lines": 2,
            "excluded_lines": 0,
            "percent_statements_covered": 0.0,
            "percent_statements_covered_display": "0.00"
          },
          "missing_lines": [2, 5],
          "excluded_lines": []
        }
      },
      "classes": {
        "": {
          "executed_lines": [],
          "summary": {
            "covered_lines": 0,
            "num_statements": 2,
            "percent_covered": 0.0,
            "percent_covered_display": "0.00",
            "missing_lines": 2,
            "excluded_lines": 0,
            "percent_statements_covered": 0.0,
            "percent_statements_covered_display": "0.00"
          },
          "missing_lines": [2, 5],
          "excluded_lines": []
        }
      }
    },
    "apps/common/__init__.py": {
      "executed_lines": [0],
      "summary": {
        "covered_lines": 0,
        "num_statements": 0,
        "percent_covered": 100.0,
        "percent_covered_display": "100.00",
        "missing_lines": 0,
        "excluded_lines": 0,
        "percent_statements_covered": 100.0,
        "percent_statements_covered_display": "100.00"
      },
      "missing_lines": [],
      "excluded_lines": [],
      "functions": {
        "": {
          "executed_lines": [],
          "summary": {
            "covered_lines": 0,
            "num_statements": 0,
            "percent_covered": 100.0,
            "percent_covered_display": "100.00",
            "missing_lines": 0,
            "excluded_lines": 0,
            "percent_statements_covered": 100.0,
            "percent_statements_covered_display": "100.00"
          },
          "missing_lines": [],
          "excluded_lines": []
        }
      },
      "classes": {
        "": {
          "executed_lines": [],
          "summary": {
            "covered_lines": 0,
            "num_statements": 0,
            "percent_covered": 100.0,
            "percent_covered_display": "100.00",
            "missing_lines": 0,
            "excluded_lines": 0,
            "percent_statements_covered": 100.0,
            "percent_statements_covered_display": "100.00"
          },
          "missing_lines": [],
          "excluded_lines": []
        }
      }
    },
    "apps/common/pagination.py": {
      "executed_lines": [],
      "summary": {
        "covered_lines": 0,
        "num_statements": 5,
        "percent_covered": 0.0,
        "percent_covered_display": "0.00",
        "missing_lines": 5,
        "excluded_lines": 0,
        "percent_statements_covered": 0.0,
        "percent_statements_covered_display": "0.00"
      },
      "missing_lines": [3, 6, 9, 10, 11],
      "excluded_lines": [],
      "functions": {
        "": {
          "executed_lines": [],
          "summary": {
            "covered_lines": 0,
            "num_statements": 5,
            "percent_covered": 0.0,
            "percent_covered_display": "0.00",
            "missing_lines": 5,
            "excluded_lines": 0,
            "percent_statements_covered": 0.0,
            "percent_statements_covered_display": "0.00"
          },
          "missing_lines": [3, 6, 9, 10, 11],
          "excluded_lines": []
        }
      },
      "classes": {
        "StandardResultsSetPagination": {
          "executed_lines": [],
          "summary": {
            "covered_lines": 0,
            "num_statements": 0,
            "percent_covered": 100.0,
            "percent_covered_display": "100.00",
            "missing_lines": 0,
            "excluded_lines": 0,
            "percent_statements_covered": 100.0,
            "percent_statements_covered_display": "100.00"
          },
          "missing_lines": [],
          "excluded_lines": []
        },
        "": {
          "executed_lines": [],
          "summary": {
            "covered_lines": 0,
            "num_statements": 5,
            "percent_covered": 0.0,
            "percent_covered_display": "0.00",
            "missing_lines": 5,
            "excluded_lines": 0,
            "percent_statements_covered": 0.0,
            "percent_statements_covered_display": "0.00"
          },
          "missing_lines": [3, 6, 9, 10, 11],
          "excluded_lines": []
        }
      }
    },
    "apps/common/urls.py": {
      "executed_lines": [1, 3, 5, 7],
      "summary": {
        "covered_lines": 3,
        "num_statements": 3,
        "percent_covered": 100.0,
        "percent_covered_display": "100.00",
        "missing_lines": 0,
        "excluded_lines": 0,
        "percent_statements_covered": 100.0,
        "percent_statements_covered_display": "100.00"
      },
      "missing_lines": [],
      "excluded_lines": [],
      "functions": {
        "": {
          "executed_lines": [1, 3, 5, 7],
          "summary": {
            "covered_lines": 3,
            "num_statements": 3,
            "percent_covered": 100.0,
            "percent_covered_display": "100.00",
            "missing_lines": 0,
            "excluded_lines": 0,
            "percent_statements_covered": 100.0,
            "percent_statements_covered_display": "100.00"
          },
          "missing_lines": [],
          "excluded_lines": []
        }
      },
      "classes": {
        "": {
          "executed_lines": [1, 3, 5, 7],
          "summary": {
            "covered_lines": 3,
            "num_statements": 3,
            "percent_covered": 100.0,
            "percent_covered_display": "100.00",
            "missing_lines": 0,
            "excluded_lines": 0,
            "percent_statements_covered": 100.0,
            "percent_statements_covered_display": "100.00"
          },
          "missing_lines": [],
          "excluded_lines": []
        }
      }
    },
    "apps/common/views.py": {
      "executed_lines": [1, 3, 4, 5, 8, 9, 10, 32, 33, 34],
      "summary": {
        "covered_lines": 9,
        "num_statements": 29,
        "percent_covered": 31.03448275862069,
        "percent_covered_display": "31.03",
        "missing_lines": 20,
        "excluded_lines": 0,
        "percent_statements_covered": 31.03448275862069,
        "percent_statements_covered_display": "31.03"
      },
      "missing_lines": [
        12, 14, 15, 16, 17, 18, 20, 27, 28, 29, 36, 37, 38, 39, 40, 41, 43, 55,
        56, 57
      ],
      "excluded_lines": [],
      "functions": {
        "health_check": {
          "executed_lines": [],
          "summary": {
            "covered_lines": 0,
            "num_statements": 10,
            "percent_covered": 0.0,
            "percent_covered_display": "0.00",
            "missing_lines": 10,
            "excluded_lines": 0,
            "percent_statements_covered": 0.0,
            "percent_statements_covered_display": "0.00"
          },
          "missing_lines": [12, 14, 15, 16, 17, 18, 20, 27, 28, 29],
          "excluded_lines": []
        },
        "api_info": {
          "executed_lines": [],
          "summary": {
            "covered_lines": 0,
            "num_statements": 10,
            "percent_covered": 0.0,
            "percent_covered_display": "0.00",
            "missing_lines": 10,
            "excluded_lines": 0,
            "percent_statements_covered": 0.0,
            "percent_statements_covered_display": "0.00"
          },
          "missing_lines": [36, 37, 38, 39, 40, 41, 43, 55, 56, 57],
          "excluded_lines": []
        },
        "": {
          "executed_lines": [1, 3, 4, 5, 8, 9, 10, 32, 33, 34],
          "summary": {
            "covered_lines": 9,
            "num_statements": 9,
            "percent_covered": 100.0,
            "percent_covered_display": "100.00",
            "missing_lines": 0,
            "excluded_lines": 0,
            "percent_statements_covered": 100.0,
            "percent_statements_covered_display": "100.00"
          },
          "missing_lines": [],
          "excluded_lines": []
        }
      },
      "classes": {
        "": {
          "executed_lines": [1, 3, 4, 5, 8, 9, 10, 32, 33, 34],
          "summary": {
            "covered_lines": 9,
            "num_statements": 29,
            "percent_covered": 31.03448275862069,
            "percent_covered_display": "31.03",
            "missing_lines": 20,
            "excluded_lines": 0,
            "percent_statements_covered": 31.03448275862069,
            "percent_statements_covered_display": "31.03"
          },
          "missing_lines": [
            12, 14, 15, 16, 17, 18, 20, 27, 28, 29, 36, 37, 38, 39, 40, 41, 43,
            55, 56, 57
          ],
          "excluded_lines": []
        }
      }
    },
    "apps/english/__init__.py": {
      "executed_lines": [],
      "summary": {
        "covered_lines": 0,
        "num_statements": 0,
        "percent_covered": 100.0,
        "percent_covered_display": "100.00",
        "missing_lines": 0,
        "excluded_lines": 0,
        "percent_statements_covered": 100.0,
        "percent_statements_covered_display": "100.00"
      },
      "missing_lines": [],
      "excluded_lines": [],
      "functions": {
        "": {
          "executed_lines": [],
          "summary": {
            "covered_lines": 0,
            "num_statements": 0,
            "percent_covered": 100.0,
            "percent_covered_display": "100.00",
            "missing_lines": 0,
            "excluded_lines": 0,
            "percent_statements_covered": 100.0,
            "percent_statements_covered_display": "100.00"
          },
          "missing_lines": [],
          "excluded_lines": []
        }
      },
      "classes": {
        "": {
          "executed_lines": [],
          "summary": {
            "covered_lines": 0,
            "num_statements": 0,
            "percent_covered": 100.0,
            "percent_covered_display": "100.00",
            "missing_lines": 0,
            "excluded_lines": 0,
            "percent_statements_covered": 100.0,
            "percent_statements_covered_display": "100.00"
          },
          "missing_lines": [],
          "excluded_lines": []
        }
      }
    },
    "apps/english/urls.py": {
      "executed_lines": [],
      "summary": {
        "covered_lines": 0,
        "num_statements": 2,
        "percent_covered": 0.0,
        "percent_covered_display": "0.00",
        "missing_lines": 2,
        "excluded_lines": 0,
        "percent_statements_covered": 0.0,
        "percent_statements_covered_display": "0.00"
      },
      "missing_lines": [2, 5],
      "excluded_lines": [],
      "functions": {
        "": {
          "executed_lines": [],
          "summary": {
            "covered_lines": 0,
            "num_statements": 2,
            "percent_covered": 0.0,
            "percent_covered_display": "0.00",
            "missing_lines": 2,
            "excluded_lines": 0,
            "percent_statements_covered": 0.0,
            "percent_statements_covered_display": "0.00"
          },
          "missing_lines": [2, 5],
          "excluded_lines": []
        }
      },
      "classes": {
        "": {
          "executed_lines": [],
          "summary": {
            "covered_lines": 0,
            "num_statements": 2,
            "percent_covered": 0.0,
            "percent_covered_display": "0.00",
            "missing_lines": 2,
            "excluded_lines": 0,
            "percent_statements_covered": 0.0,
            "percent_statements_covered_display": "0.00"
          },
          "missing_lines": [2, 5],
          "excluded_lines": []
        }
      }
    },
    "apps/feature_flags/__init__.py": {
      "executed_lines": [],
      "summary": {
        "covered_lines": 0,
        "num_statements": 0,
        "percent_covered": 100.0,
        "percent_covered_display": "100.00",
        "missing_lines": 0,
        "excluded_lines": 0,
        "percent_statements_covered": 100.0,
        "percent_statements_covered_display": "100.00"
      },
      "missing_lines": [],
      "excluded_lines": [],
      "functions": {
        "": {
          "executed_lines": [],
          "summary": {
            "covered_lines": 0,
            "num_statements": 0,
            "percent_covered": 100.0,
            "percent_covered_display": "100.00",
            "missing_lines": 0,
            "excluded_lines": 0,
            "percent_statements_covered": 100.0,
            "percent_statements_covered_display": "100.00"
          },
          "missing_lines": [],
          "excluded_lines": []
        }
      },
      "classes": {
        "": {
          "executed_lines": [],
          "summary": {
            "covered_lines": 0,
            "num_statements": 0,
            "percent_covered": 100.0,
            "percent_covered_display": "100.00",
            "missing_lines": 0,
            "excluded_lines": 0,
            "percent_statements_covered": 100.0,
            "percent_statements_covered_display": "100.00"
          },
          "missing_lines": [],
          "excluded_lines": []
        }
      }
    },
    "apps/feature_flags/apps.py": {
      "executed_lines": [],
      "summary": {
        "covered_lines": 0,
        "num_statements": 5,
        "percent_covered": 0.0,
        "percent_covered_display": "0.00",
        "missing_lines": 5,
        "excluded_lines": 0,
        "percent_statements_covered": 0.0,
        "percent_statements_covered_display": "0.00"
      },
      "missing_lines": [4, 7, 10, 11, 12],
      "excluded_lines": [],
      "functions": {
        "": {
          "executed_lines": [],
          "summary": {
            "covered_lines": 0,
            "num_statements": 5,
            "percent_covered": 0.0,
            "percent_covered_display": "0.00",
            "missing_lines": 5,
            "excluded_lines": 0,
            "percent_statements_covered": 0.0,
            "percent_statements_covered_display": "0.00"
          },
          "missing_lines": [4, 7, 10, 11, 12],
          "excluded_lines": []
        }
      },
      "classes": {
        "FeatureFlagsConfig": {
          "executed_lines": [],
          "summary": {
            "covered_lines": 0,
            "num_statements": 0,
            "percent_covered": 100.0,
            "percent_covered_display": "100.00",
            "missing_lines": 0,
            "excluded_lines": 0,
            "percent_statements_covered": 100.0,
            "percent_statements_covered_display": "100.00"
          },
          "missing_lines": [],
          "excluded_lines": []
        },
        "": {
          "executed_lines": [],
          "summary": {
            "covered_lines": 0,
            "num_statements": 5,
            "percent_covered": 0.0,
            "percent_covered_display": "0.00",
            "missing_lines": 5,
            "excluded_lines": 0,
            "percent_statements_covered": 0.0,
            "percent_statements_covered_display": "0.00"
          },
          "missing_lines": [4, 7, 10, 11, 12],
          "excluded_lines": []
        }
      }
    },
    "apps/feature_flags/models.py": {
      "executed_lines": [],
      "summary": {
        "covered_lines": 0,
        "num_statements": 13,
        "percent_covered": 0.0,
        "percent_covered_display": "0.00",
        "missing_lines": 13,
        "excluded_lines": 0,
        "percent_statements_covered": 0.0,
        "percent_statements_covered_display": "0.00"
      },
      "missing_lines": [4, 7, 10, 11, 12, 13, 14, 16, 17, 18, 19, 21, 22],
      "excluded_lines": [],
      "functions": {
        "FeatureFlag.__str__": {
          "executed_lines": [],
          "summary": {
            "covered_lines": 0,
            "num_statements": 1,
            "percent_covered": 0.0,
            "percent_covered_display": "0.00",
            "missing_lines": 1,
            "excluded_lines": 0,
            "percent_statements_covered": 0.0,
            "percent_statements_covered_display": "0.00"
          },
          "missing_lines": [22],
          "excluded_lines": []
        },
        "": {
          "executed_lines": [],
          "summary": {
            "covered_lines": 0,
            "num_statements": 12,
            "percent_covered": 0.0,
            "percent_covered_display": "0.00",
            "missing_lines": 12,
            "excluded_lines": 0,
            "percent_statements_covered": 0.0,
            "percent_statements_covered_display": "0.00"
          },
          "missing_lines": [4, 7, 10, 11, 12, 13, 14, 16, 17, 18, 19, 21],
          "excluded_lines": []
        }
      },
      "classes": {
        "FeatureFlag": {
          "executed_lines": [],
          "summary": {
            "covered_lines": 0,
            "num_statements": 1,
            "percent_covered": 0.0,
            "percent_covered_display": "0.00",
            "missing_lines": 1,
            "excluded_lines": 0,
            "percent_statements_covered": 0.0,
            "percent_statements_covered_display": "0.00"
          },
          "missing_lines": [22],
          "excluded_lines": []
        },
        "FeatureFlag.Meta": {
          "executed_lines": [],
          "summary": {
            "covered_lines": 0,
            "num_statements": 0,
            "percent_covered": 100.0,
            "percent_covered_display": "100.00",
            "missing_lines": 0,
            "excluded_lines": 0,
            "percent_statements_covered": 100.0,
            "percent_statements_covered_display": "100.00"
          },
          "missing_lines": [],
          "excluded_lines": []
        },
        "": {
          "executed_lines": [],
          "summary": {
            "covered_lines": 0,
            "num_statements": 12,
            "percent_covered": 0.0,
            "percent_covered_display": "0.00",
            "missing_lines": 12,
            "excluded_lines": 0,
            "percent_statements_covered": 0.0,
            "percent_statements_covered_display": "0.00"
          },
          "missing_lines": [4, 7, 10, 11, 12, 13, 14, 16, 17, 18, 19, 21],
          "excluded_lines": []
        }
      }
    },
    "apps/feature_flags/urls.py": {
      "executed_lines": [],
      "summary": {
        "covered_lines": 0,
        "num_statements": 4,
        "percent_covered": 0.0,
        "percent_covered_display": "0.00",
        "missing_lines": 4,
        "excluded_lines": 0,
        "percent_statements_covered": 0.0,
        "percent_statements_covered_display": "0.00"
      },
      "missing_lines": [4, 6, 8, 10],
      "excluded_lines": [],
      "functions": {
        "": {
          "executed_lines": [],
          "summary": {
            "covered_lines": 0,
            "num_statements": 4,
            "percent_covered": 0.0,
            "percent_covered_display": "0.00",
            "missing_lines": 4,
            "excluded_lines": 0,
            "percent_statements_covered": 0.0,
            "percent_statements_covered_display": "0.00"
          },
          "missing_lines": [4, 6, 8, 10],
          "excluded_lines": []
        }
      },
      "classes": {
        "": {
          "executed_lines": [],
          "summary": {
            "covered_lines": 0,
            "num_statements": 4,
            "percent_covered": 0.0,
            "percent_covered_display": "0.00",
            "missing_lines": 4,
            "excluded_lines": 0,
            "percent_statements_covered": 0.0,
            "percent_statements_covered_display": "0.00"
          },
          "missing_lines": [4, 6, 8, 10],
          "excluded_lines": []
        }
      }
    },
    "apps/feature_flags/views.py": {
      "executed_lines": [],
      "summary": {
        "covered_lines": 0,
        "num_statements": 3,
        "percent_covered": 0.0,
        "percent_covered_display": "0.00",
        "missing_lines": 3,
        "excluded_lines": 0,
        "percent_statements_covered": 0.0,
        "percent_statements_covered_display": "0.00"
      },
      "missing_lines": [4, 7, 9],
      "excluded_lines": [],
      "functions": {
        "feature_flags_status": {
          "executed_lines": [],
          "summary": {
            "covered_lines": 0,
            "num_statements": 1,
            "percent_covered": 0.0,
            "percent_covered_display": "0.00",
            "missing_lines": 1,
            "excluded_lines": 0,
            "percent_statements_covered": 0.0,
            "percent_statements_covered_display": "0.00"
          },
          "missing_lines": [9],
          "excluded_lines": []
        },
        "": {
          "executed_lines": [],
          "summary": {
            "covered_lines": 0,
            "num_statements": 2,
            "percent_covered": 0.0,
            "percent_covered_display": "0.00",
            "missing_lines": 2,
            "excluded_lines": 0,
            "percent_statements_covered": 0.0,
            "percent_statements_covered_display": "0.00"
          },
          "missing_lines": [4, 7],
          "excluded_lines": []
        }
      },
      "classes": {
        "": {
          "executed_lines": [],
          "summary": {
            "covered_lines": 0,
            "num_statements": 3,
            "percent_covered": 0.0,
            "percent_covered_display": "0.00",
            "missing_lines": 3,
            "excluded_lines": 0,
            "percent_statements_covered": 0.0,
            "percent_statements_covered_display": "0.00"
          },
          "missing_lines": [4, 7, 9],
          "excluded_lines": []
        }
      }
    },
    "apps/jobs/__init__.py": {
      "executed_lines": [],
      "summary": {
        "covered_lines": 0,
        "num_statements": 0,
        "percent_covered": 100.0,
        "percent_covered_display": "100.00",
        "missing_lines": 0,
        "excluded_lines": 0,
        "percent_statements_covered": 100.0,
        "percent_statements_covered_display": "100.00"
      },
      "missing_lines": [],
      "excluded_lines": [],
      "functions": {
        "": {
          "executed_lines": [],
          "summary": {
            "covered_lines": 0,
            "num_statements": 0,
            "percent_covered": 100.0,
            "percent_covered_display": "100.00",
            "missing_lines": 0,
            "excluded_lines": 0,
            "percent_statements_covered": 100.0,
            "percent_statements_covered_display": "100.00"
          },
          "missing_lines": [],
          "excluded_lines": []
        }
      },
      "classes": {
        "": {
          "executed_lines": [],
          "summary": {
            "covered_lines": 0,
            "num_statements": 0,
            "percent_covered": 100.0,
            "percent_covered_display": "100.00",
            "missing_lines": 0,
            "excluded_lines": 0,
            "percent_statements_covered": 100.0,
            "percent_statements_covered_display": "100.00"
          },
          "missing_lines": [],
          "excluded_lines": []
        }
      }
    },
    "apps/jobs/urls.py": {
      "executed_lines": [],
      "summary": {
        "covered_lines": 0,
        "num_statements": 2,
        "percent_covered": 0.0,
        "percent_covered_display": "0.00",
        "missing_lines": 2,
        "excluded_lines": 0,
        "percent_statements_covered": 0.0,
        "percent_statements_covered_display": "0.00"
      },
      "missing_lines": [2, 5],
      "excluded_lines": [],
      "functions": {
        "": {
          "executed_lines": [],
          "summary": {
            "covered_lines": 0,
            "num_statements": 2,
            "percent_covered": 0.0,
            "percent_covered_display": "0.00",
            "missing_lines": 2,
            "excluded_lines": 0,
            "percent_statements_covered": 0.0,
            "percent_statements_covered_display": "0.00"
          },
          "missing_lines": [2, 5],
          "excluded_lines": []
        }
      },
      "classes": {
        "": {
          "executed_lines": [],
          "summary": {
            "covered_lines": 0,
            "num_statements": 2,
            "percent_covered": 0.0,
            "percent_covered_display": "0.00",
            "missing_lines": 2,
            "excluded_lines": 0,
            "percent_statements_covered": 0.0,
            "percent_statements_covered_display": "0.00"
          },
          "missing_lines": [2, 5],
          "excluded_lines": []
        }
      }
    },
    "apps/users/__init__.py": {
      "executed_lines": [0],
      "summary": {
        "covered_lines": 0,
        "num_statements": 0,
        "percent_covered": 100.0,
        "percent_covered_display": "100.00",
        "missing_lines": 0,
        "excluded_lines": 0,
        "percent_statements_covered": 100.0,
        "percent_statements_covered_display": "100.00"
      },
      "missing_lines": [],
      "excluded_lines": [],
      "functions": {
        "": {
          "executed_lines": [],
          "summary": {
            "covered_lines": 0,
            "num_statements": 0,
            "percent_covered": 100.0,
            "percent_covered_display": "100.00",
            "missing_lines": 0,
            "excluded_lines": 0,
            "percent_statements_covered": 100.0,
            "percent_statements_covered_display": "100.00"
          },
          "missing_lines": [],
          "excluded_lines": []
        }
      },
      "classes": {
        "": {
          "executed_lines": [],
          "summary": {
            "covered_lines": 0,
            "num_statements": 0,
            "percent_covered": 100.0,
            "percent_covered_display": "100.00",
            "missing_lines": 0,
            "excluded_lines": 0,
            "percent_statements_covered": 100.0,
            "percent_statements_covered_display": "100.00"
          },
          "missing_lines": [],
          "excluded_lines": []
        }
      }
    },
    "apps/users/models.py": {
      "executed_lines": [
        3, 5, 6, 9, 10, 14, 15, 18, 25, 30, 39, 44, 52, 59, 67, 68, 69, 70, 71,
        74, 78, 82, 91, 92, 94, 95, 102, 107, 113, 117, 123, 129, 130, 131, 132,
        133, 137, 139, 143, 149, 154, 155, 157, 158, 165, 171, 175, 181, 187,
        188, 189, 190, 191, 195, 197, 201, 207
      ],
      "summary": {
        "covered_lines": 53,
        "num_statements": 66,
        "percent_covered": 80.3030303030303,
        "percent_covered_display": "80.30",
        "missing_lines": 13,
        "excluded_lines": 0,
        "percent_statements_covered": 80.3030303030303,
        "percent_statements_covered_display": "80.30"
      },
      "missing_lines": [
        80, 84, 85, 86, 88, 141, 145, 147, 151, 199, 203, 205, 209
      ],
      "excluded_lines": [],
      "functions": {
        "User.__str__": {
          "executed_lines": [],
          "summary": {
            "covered_lines": 0,
            "num_statements": 1,
            "percent_covered": 0.0,
            "percent_covered_display": "0.00",
            "missing_lines": 1,
            "excluded_lines": 0,
            "percent_statements_covered": 0.0,
            "percent_statements_covered_display": "0.00"
          },
          "missing_lines": [80],
          "excluded_lines": []
        },
        "User.is_locked": {
          "executed_lines": [],
          "summary": {
            "covered_lines": 0,
            "num_statements": 4,
            "percent_covered": 0.0,
            "percent_covered_display": "0.00",
            "missing_lines": 4,
            "excluded_lines": 0,
            "percent_statements_covered": 0.0,
            "percent_statements_covered_display": "0.00"
          },
          "missing_lines": [84, 85, 86, 88],
          "excluded_lines": []
        },
        "EmailVerification.__str__": {
          "executed_lines": [],
          "summary": {
            "covered_lines": 0,
            "num_statements": 1,
            "percent_covered": 0.0,
            "percent_covered_display": "0.00",
            "missing_lines": 1,
            "excluded_lines": 0,
            "percent_statements_covered": 0.0,
            "percent_statements_covered_display": "0.00"
          },
          "missing_lines": [141],
          "excluded_lines": []
        },
        "EmailVerification.is_expired": {
          "executed_lines": [],
          "summary": {
            "covered_lines": 0,
            "num_statements": 2,
            "percent_covered": 0.0,
            "percent_covered_display": "0.00",
            "missing_lines": 2,
            "excluded_lines": 0,
            "percent_statements_covered": 0.0,
            "percent_statements_covered_display": "0.00"
          },
          "missing_lines": [145, 147],
          "excluded_lines": []
        },
        "EmailVerification.is_verified": {
          "executed_lines": [],
          "summary": {
            "covered_lines": 0,
            "num_statements": 1,
            "percent_covered": 0.0,
            "percent_covered_display": "0.00",
            "missing_lines": 1,
            "excluded_lines": 0,
            "percent_statements_covered": 0.0,
            "percent_statements_covered_display": "0.00"
          },
          "missing_lines": [151],
          "excluded_lines": []
        },
        "PasswordReset.__str__": {
          "executed_lines": [],
          "summary": {
            "covered_lines": 0,
            "num_statements": 1,
            "percent_covered": 0.0,
            "percent_covered_display": "0.00",
            "missing_lines": 1,
            "excluded_lines": 0,
            "percent_statements_covered": 0.0,
            "percent_statements_covered_display": "0.00"
          },
          "missing_lines": [199],
          "excluded_lines": []
        },
        "PasswordReset.is_expired": {
          "executed_lines": [],
          "summary": {
            "covered_lines": 0,
            "num_statements": 2,
            "percent_covered": 0.0,
            "percent_covered_display": "0.00",
            "missing_lines": 2,
            "excluded_lines": 0,
            "percent_statements_covered": 0.0,
            "percent_statements_covered_display": "0.00"
          },
          "missing_lines": [203, 205],
          "excluded_lines": []
        },
        "PasswordReset.is_used": {
          "executed_lines": [],
          "summary": {
            "covered_lines": 0,
            "num_statements": 1,
            "percent_covered": 0.0,
            "percent_covered_display": "0.00",
            "missing_lines": 1,
            "excluded_lines": 0,
            "percent_statements_covered": 0.0,
            "percent_statements_covered_display": "0.00"
          },
          "missing_lines": [209],
          "excluded_lines": []
        },
        "": {
          "executed_lines": [
            3, 5, 6, 9, 10, 14, 15, 18, 25, 30, 39, 44, 52, 59, 67, 68, 69, 70,
            71, 74, 78, 82, 91, 92, 94, 95, 102, 107, 113, 117, 123, 129, 130,
            131, 132, 133, 137, 139, 143, 149, 154, 155, 157, 158, 165, 171,
            175, 181, 187, 188, 189, 190, 191, 195, 197, 201, 207
          ],
          "summary": {
            "covered_lines": 53,
            "num_statements": 53,
            "percent_covered": 100.0,
            "percent_covered_display": "100.00",
            "missing_lines": 0,
            "excluded_lines": 0,
            "percent_statements_covered": 100.0,
            "percent_statements_covered_display": "100.00"
          },
          "missing_lines": [],
          "excluded_lines": []
        }
      },
      "classes": {
        "User": {
          "executed_lines": [],
          "summary": {
            "covered_lines": 0,
            "num_statements": 5,
            "percent_covered": 0.0,
            "percent_covered_display": "0.00",
            "missing_lines": 5,
            "excluded_lines": 0,
            "percent_statements_covered": 0.0,
            "percent_statements_covered_display": "0.00"
          },
          "missing_lines": [80, 84, 85, 86, 88],
          "excluded_lines": []
        },
        "User.Meta": {
          "executed_lines": [],
          "summary": {
            "covered_lines": 0,
            "num_statements": 0,
            "percent_covered": 100.0,
            "percent_covered_display": "100.00",
            "missing_lines": 0,
            "excluded_lines": 0,
            "percent_statements_covered": 100.0,
            "percent_statements_covered_display": "100.00"
          },
          "missing_lines": [],
          "excluded_lines": []
        },
        "EmailVerification": {
          "executed_lines": [],
          "summary": {
            "covered_lines": 0,
            "num_statements": 4,
            "percent_covered": 0.0,
            "percent_covered_display": "0.00",
            "missing_lines": 4,
            "excluded_lines": 0,
            "percent_statements_covered": 0.0,
            "percent_statements_covered_display": "0.00"
          },
          "missing_lines": [141, 145, 147, 151],
          "excluded_lines": []
        },
        "EmailVerification.Meta": {
          "executed_lines": [],
          "summary": {
            "covered_lines": 0,
            "num_statements": 0,
            "percent_covered": 100.0,
            "percent_covered_display": "100.00",
            "missing_lines": 0,
            "excluded_lines": 0,
            "percent_statements_covered": 100.0,
            "percent_statements_covered_display": "100.00"
          },
          "missing_lines": [],
          "excluded_lines": []
        },
        "PasswordReset": {
          "executed_lines": [],
          "summary": {
            "covered_lines": 0,
            "num_statements": 4,
            "percent_covered": 0.0,
            "percent_covered_display": "0.00",
            "missing_lines": 4,
            "excluded_lines": 0,
            "percent_statements_covered": 0.0,
            "percent_statements_covered_display": "0.00"
          },
          "missing_lines": [199, 203, 205, 209],
          "excluded_lines": []
        },
        "PasswordReset.Meta": {
          "executed_lines": [],
          "summary": {
            "covered_lines": 0,
            "num_statements": 0,
            "percent_covered": 100.0,
            "percent_covered_display": "100.00",
            "missing_lines": 0,
            "excluded_lines": 0,
            "percent_statements_covered": 100.0,
            "percent_statements_covered_display": "100.00"
          },
          "missing_lines": [],
          "excluded_lines": []
        },
        "": {
          "executed_lines": [
            3, 5, 6, 9, 10, 14, 15, 18, 25, 30, 39, 44, 52, 59, 67, 68, 69, 70,
            71, 74, 78, 82, 91, 92, 94, 95, 102, 107, 113, 117, 123, 129, 130,
            131, 132, 133, 137, 139, 143, 149, 154, 155, 157, 158, 165, 171,
            175, 181, 187, 188, 189, 190, 191, 195, 197, 201, 207
          ],
          "summary": {
            "covered_lines": 53,
            "num_statements": 53,
            "percent_covered": 100.0,
            "percent_covered_display": "100.00",
            "missing_lines": 0,
            "excluded_lines": 0,
            "percent_statements_covered": 100.0,
            "percent_statements_covered_display": "100.00"
          },
          "missing_lines": [],
          "excluded_lines": []
        }
      }
    },
    "apps/users/serializers.py": {
      "executed_lines": [
        3, 5, 7, 8, 9, 10, 11, 13, 16, 17, 19, 20, 26, 31, 32, 34, 42, 65, 87,
        114, 115, 117, 120, 125, 126, 128, 164, 165, 167, 170, 175, 176, 178
      ],
      "summary": {
        "covered_lines": 29,
        "num_statements": 94,
        "percent_covered": 30.851063829787233,
        "percent_covered_display": "30.85",
        "missing_lines": 65,
        "excluded_lines": 0,
        "percent_statements_covered": 30.851063829787233,
        "percent_statements_covered_display": "30.85"
      },
      "missing_lines": [
        36, 37, 40, 45, 46, 49, 50, 52, 53, 58, 59, 60, 61, 63, 68, 69, 71, 72,
        77, 78, 80, 81, 85, 89, 90, 94, 97, 98, 99, 100, 101, 104, 111, 131,
        132, 134, 135, 140, 141, 144, 146, 147, 152, 153, 156, 157, 161, 181,
        182, 184, 185, 190, 191, 194, 196, 198, 199, 200, 203, 205, 206, 207,
        210, 211, 212
      ],
      "excluded_lines": [],
      "functions": {
        "UserRegisterSerializer.validate_email": {
          "executed_lines": [],
          "summary": {
            "covered_lines": 0,
            "num_statements": 3,
            "percent_covered": 0.0,
            "percent_covered_display": "0.00",
            "missing_lines": 3,
            "excluded_lines": 0,
            "percent_statements_covered": 0.0,
            "percent_statements_covered_display": "0.00"
          },
          "missing_lines": [36, 37, 40],
          "excluded_lines": []
        },
        "UserRegisterSerializer.validate_password": {
          "executed_lines": [],
          "summary": {
            "covered_lines": 0,
            "num_statements": 11,
            "percent_covered": 0.0,
            "percent_covered_display": "0.00",
            "missing_lines": 11,
            "excluded_lines": 0,
            "percent_statements_covered": 0.0,
            "percent_statements_covered_display": "0.00"
          },
          "missing_lines": [45, 46, 49, 50, 52, 53, 58, 59, 60, 61, 63],
          "excluded_lines": []
        },
        "UserRegisterSerializer.validate": {
          "executed_lines": [],
          "summary": {
            "covered_lines": 0,
            "num_statements": 9,
            "percent_covered": 0.0,
            "percent_covered_display": "0.00",
            "missing_lines": 9,
            "excluded_lines": 0,
            "percent_statements_covered": 0.0,
            "percent_statements_covered_display": "0.00"
          },
          "missing_lines": [68, 69, 71, 72, 77, 78, 80, 81, 85],
          "excluded_lines": []
        },
        "UserRegisterSerializer.create": {
          "executed_lines": [],
          "summary": {
            "covered_lines": 0,
            "num_statements": 10,
            "percent_covered": 0.0,
            "percent_covered_display": "0.00",
            "missing_lines": 10,
            "excluded_lines": 0,
            "percent_statements_covered": 0.0,
            "percent_statements_covered_display": "0.00"
          },
          "missing_lines": [89, 90, 94, 97, 98, 99, 100, 101, 104, 111],
          "excluded_lines": []
        },
        "UserLoginSerializer.validate": {
          "executed_lines": [],
          "summary": {
            "covered_lines": 0,
            "num_statements": 14,
            "percent_covered": 0.0,
            "percent_covered_display": "0.00",
            "missing_lines": 14,
            "excluded_lines": 0,
            "percent_statements_covered": 0.0,
            "percent_statements_covered_display": "0.00"
          },
          "missing_lines": [
            131, 132, 134, 135, 140, 141, 144, 146, 147, 152, 153, 156, 157, 161
          ],
          "excluded_lines": []
        },
        "PreviewLoginSerializer.validate": {
          "executed_lines": [],
          "summary": {
            "covered_lines": 0,
            "num_statements": 18,
            "percent_covered": 0.0,
            "percent_covered_display": "0.00",
            "missing_lines": 18,
            "excluded_lines": 0,
            "percent_statements_covered": 0.0,
            "percent_statements_covered_display": "0.00"
          },
          "missing_lines": [
            181, 182, 184, 185, 190, 191, 194, 196, 198, 199, 200, 203, 205,
            206, 207, 210, 211, 212
          ],
          "excluded_lines": []
        },
        "": {
          "executed_lines": [
            3, 5, 7, 8, 9, 10, 11, 13, 16, 17, 19, 20, 26, 31, 32, 34, 42, 65,
            87, 114, 115, 117, 120, 125, 126, 128, 164, 165, 167, 170, 175, 176,
            178
          ],
          "summary": {
            "covered_lines": 29,
            "num_statements": 29,
            "percent_covered": 100.0,
            "percent_covered_display": "100.00",
            "missing_lines": 0,
            "excluded_lines": 0,
            "percent_statements_covered": 100.0,
            "percent_statements_covered_display": "100.00"
          },
          "missing_lines": [],
          "excluded_lines": []
        }
      },
      "classes": {
        "UserRegisterSerializer": {
          "executed_lines": [],
          "summary": {
            "covered_lines": 0,
            "num_statements": 33,
            "percent_covered": 0.0,
            "percent_covered_display": "0.00",
            "missing_lines": 33,
            "excluded_lines": 0,
            "percent_statements_covered": 0.0,
            "percent_statements_covered_display": "0.00"
          },
          "missing_lines": [
            36, 37, 40, 45, 46, 49, 50, 52, 53, 58, 59, 60, 61, 63, 68, 69, 71,
            72, 77, 78, 80, 81, 85, 89, 90, 94, 97, 98, 99, 100, 101, 104, 111
          ],
          "excluded_lines": []
        },
        "UserLoginSerializer": {
          "executed_lines": [],
          "summary": {
            "covered_lines": 0,
            "num_statements": 14,
            "percent_covered": 0.0,
            "percent_covered_display": "0.00",
            "missing_lines": 14,
            "excluded_lines": 0,
            "percent_statements_covered": 0.0,
            "percent_statements_covered_display": "0.00"
          },
          "missing_lines": [
            131, 132, 134, 135, 140, 141, 144, 146, 147, 152, 153, 156, 157, 161
          ],
          "excluded_lines": []
        },
        "PreviewLoginSerializer": {
          "executed_lines": [],
          "summary": {
            "covered_lines": 0,
            "num_statements": 18,
            "percent_covered": 0.0,
            "percent_covered_display": "0.00",
            "missing_lines": 18,
            "excluded_lines": 0,
            "percent_statements_covered": 0.0,
            "percent_statements_covered_display": "0.00"
          },
          "missing_lines": [
            181, 182, 184, 185, 190, 191, 194, 196, 198, 199, 200, 203, 205,
            206, 207, 210, 211, 212
          ],
          "excluded_lines": []
        },
        "": {
          "executed_lines": [
            3, 5, 7, 8, 9, 10, 11, 13, 16, 17, 19, 20, 26, 31, 32, 34, 42, 65,
            87, 114, 115, 117, 120, 125, 126, 128, 164, 165, 167, 170, 175, 176,
            178
          ],
          "summary": {
            "covered_lines": 29,
            "num_statements": 29,
            "percent_covered": 100.0,
            "percent_covered_display": "100.00",
            "missing_lines": 0,
            "excluded_lines": 0,
            "percent_statements_covered": 100.0,
            "percent_statements_covered_display": "100.00"
          },
          "missing_lines": [],
          "excluded_lines": []
        }
      }
    },
    "apps/users/throttling.py": {
      "executed_lines": [3, 5, 8, 9, 14, 15, 17],
      "summary": {
        "covered_lines": 5,
        "num_statements": 9,
        "percent_covered": 55.55555555555556,
        "percent_covered_display": "55.56",
        "missing_lines": 4,
        "excluded_lines": 0,
        "percent_statements_covered": 55.55555555555556,
        "percent_statements_covered_display": "55.56"
      },
      "missing_lines": [28, 30, 33, 35],
      "excluded_lines": [],
      "functions": {
        "PreviewLoginThrottle.get_cache_key": {
          "executed_lines": [],
          "summary": {
            "covered_lines": 0,
            "num_statements": 4,
            "percent_covered": 0.0,
            "percent_covered_display": "0.00",
            "missing_lines": 4,
            "excluded_lines": 0,
            "percent_statements_covered": 0.0,
            "percent_statements_covered_display": "0.00"
          },
          "missing_lines": [28, 30, 33, 35],
          "excluded_lines": []
        },
        "": {
          "executed_lines": [3, 5, 8, 9, 14, 15, 17],
          "summary": {
            "covered_lines": 5,
            "num_statements": 5,
            "percent_covered": 100.0,
            "percent_covered_display": "100.00",
            "missing_lines": 0,
            "excluded_lines": 0,
            "percent_statements_covered": 100.0,
            "percent_statements_covered_display": "100.00"
          },
          "missing_lines": [],
          "excluded_lines": []
        }
      },
      "classes": {
        "PreviewLoginThrottle": {
          "executed_lines": [],
          "summary": {
            "covered_lines": 0,
            "num_statements": 4,
            "percent_covered": 0.0,
            "percent_covered_display": "0.00",
            "missing_lines": 4,
            "excluded_lines": 0,
            "percent_statements_covered": 0.0,
            "percent_statements_covered_display": "0.00"
          },
          "missing_lines": [28, 30, 33, 35],
          "excluded_lines": []
        },
        "": {
          "executed_lines": [3, 5, 8, 9, 14, 15, 17],
          "summary": {
            "covered_lines": 5,
            "num_statements": 5,
            "percent_covered": 100.0,
            "percent_covered_display": "100.00",
            "missing_lines": 0,
            "excluded_lines": 0,
            "percent_statements_covered": 100.0,
            "percent_statements_covered_display": "100.00"
          },
          "missing_lines": [],
          "excluded_lines": []
        }
      }
    },
    "apps/users/urls.py": {
      "executed_lines": [3, 5, 14, 16, 18],
      "summary": {
        "covered_lines": 4,
        "num_statements": 4,
        "percent_covered": 100.0,
        "percent_covered_display": "100.00",
        "missing_lines": 0,
        "excluded_lines": 0,
        "percent_statements_covered": 100.0,
        "percent_statements_covered_display": "100.00"
      },
      "missing_lines": [],
      "excluded_lines": [],
      "functions": {
        "": {
          "executed_lines": [3, 5, 14, 16, 18],
          "summary": {
            "covered_lines": 4,
            "num_statements": 4,
            "percent_covered": 100.0,
            "percent_covered_display": "100.00",
            "missing_lines": 0,
            "excluded_lines": 0,
            "percent_statements_covered": 100.0,
            "percent_statements_covered_display": "100.00"
          },
          "missing_lines": [],
          "excluded_lines": []
        }
      },
      "classes": {
        "": {
          "executed_lines": [3, 5, 14, 16, 18],
          "summary": {
            "covered_lines": 4,
            "num_statements": 4,
            "percent_covered": 100.0,
            "percent_covered_display": "100.00",
            "missing_lines": 0,
            "excluded_lines": 0,
            "percent_statements_covered": 100.0,
            "percent_statements_covered_display": "100.00"
          },
          "missing_lines": [],
          "excluded_lines": []
        }
      }
    },
    "apps/users/utils.py": {
      "executed_lines": [3, 5, 6, 7, 8, 9, 11, 12, 15, 108, 125, 155],
      "summary": {
        "covered_lines": 11,
        "num_statements": 74,
        "percent_covered": 14.864864864864865,
        "percent_covered_display": "14.86",
        "missing_lines": 63,
        "excluded_lines": 0,
        "percent_statements_covered": 14.864864864864865,
        "percent_statements_covered_display": "14.86"
      },
      "missing_lines": [
        27, 28, 31, 32, 33, 36, 38, 41, 42, 44, 45, 47, 50, 51, 52, 55, 61, 62,
        63, 69, 72, 73, 74, 75, 76, 77, 82, 85, 86, 87, 88, 93, 96, 97, 98, 99,
        100, 103, 105, 120, 121, 122, 136, 137, 139, 140, 142, 144, 147, 149,
        150, 152, 165, 167, 169, 171, 172, 173, 174, 177, 178, 179, 180
      ],
      "excluded_lines": [],
      "functions": {
        "generate_captcha": {
          "executed_lines": [],
          "summary": {
            "covered_lines": 0,
            "num_statements": 39,
            "percent_covered": 0.0,
            "percent_covered_display": "0.00",
            "missing_lines": 39,
            "excluded_lines": 0,
            "percent_statements_covered": 0.0,
            "percent_statements_covered_display": "0.00"
          },
          "missing_lines": [
            27, 28, 31, 32, 33, 36, 38, 41, 42, 44, 45, 47, 50, 51, 52, 55, 61,
            62, 63, 69, 72, 73, 74, 75, 76, 77, 82, 85, 86, 87, 88, 93, 96, 97,
            98, 99, 100, 103, 105
          ],
          "excluded_lines": []
        },
        "store_captcha": {
          "executed_lines": [],
          "summary": {
            "covered_lines": 0,
            "num_statements": 3,
            "percent_covered": 0.0,
            "percent_covered_display": "0.00",
            "missing_lines": 3,
            "excluded_lines": 0,
            "percent_statements_covered": 0.0,
            "percent_statements_covered_display": "0.00"
          },
          "missing_lines": [120, 121, 122],
          "excluded_lines": []
        },
        "verify_captcha": {
          "executed_lines": [],
          "summary": {
            "covered_lines": 0,
            "num_statements": 10,
            "percent_covered": 0.0,
            "percent_covered_display": "0.00",
            "missing_lines": 10,
            "excluded_lines": 0,
            "percent_statements_covered": 0.0,
            "percent_statements_covered_display": "0.00"
          },
          "missing_lines": [136, 137, 139, 140, 142, 144, 147, 149, 150, 152],
          "excluded_lines": []
        },
        "find_user_by_email_or_username": {
          "executed_lines": [],
          "summary": {
            "covered_lines": 0,
            "num_statements": 11,
            "percent_covered": 0.0,
            "percent_covered_display": "0.00",
            "missing_lines": 11,
            "excluded_lines": 0,
            "percent_statements_covered": 0.0,
            "percent_statements_covered_display": "0.00"
          },
          "missing_lines": [
            165, 167, 169, 171, 172, 173, 174, 177, 178, 179, 180
          ],
          "excluded_lines": []
        },
        "": {
          "executed_lines": [3, 5, 6, 7, 8, 9, 11, 12, 15, 108, 125, 155],
          "summary": {
            "covered_lines": 11,
            "num_statements": 11,
            "percent_covered": 100.0,
            "percent_covered_display": "100.00",
            "missing_lines": 0,
            "excluded_lines": 0,
            "percent_statements_covered": 100.0,
            "percent_statements_covered_display": "100.00"
          },
          "missing_lines": [],
          "excluded_lines": []
        }
      },
      "classes": {
        "": {
          "executed_lines": [3, 5, 6, 7, 8, 9, 11, 12, 15, 108, 125, 155],
          "summary": {
            "covered_lines": 11,
            "num_statements": 74,
            "percent_covered": 14.864864864864865,
            "percent_covered_display": "14.86",
            "missing_lines": 63,
            "excluded_lines": 0,
            "percent_statements_covered": 14.864864864864865,
            "percent_statements_covered_display": "14.86"
          },
          "missing_lines": [
            27, 28, 31, 32, 33, 36, 38, 41, 42, 44, 45, 47, 50, 51, 52, 55, 61,
            62, 63, 69, 72, 73, 74, 75, 76, 77, 82, 85, 86, 87, 88, 93, 96, 97,
            98, 99, 100, 103, 105, 120, 121, 122, 136, 137, 139, 140, 142, 144,
            147, 149, 150, 152, 165, 167, 169, 171, 172, 173, 174, 177, 178,
            179, 180
          ],
          "excluded_lines": []
        }
      }
    },
    "apps/users/views.py": {
      "executed_lines": [
        3, 5, 7, 12, 13, 14, 15, 16, 17, 18, 19, 20, 21, 22, 24, 27, 30, 31, 33,
        35, 56, 80, 81, 83, 93, 94, 96, 117, 118, 120, 122, 194, 207, 256, 257,
        259, 261, 394, 408, 409, 411, 412, 414, 431, 457, 507, 508, 510, 512,
        553, 554, 556, 558
      ],
      "summary": {
        "covered_lines": 44,
        "num_statements": 184,
        "percent_covered": 23.91304347826087,
        "percent_covered_display": "23.91",
        "missing_lines": 140,
        "excluded_lines": 0,
        "percent_statements_covered": 23.91304347826087,
        "percent_statements_covered_display": "23.91"
      },
      "missing_lines": [
        45, 46, 47, 50, 54, 64, 67, 70, 90, 109, 110, 111, 114, 133, 134, 135,
        138, 144, 145, 146, 149, 153, 154, 157, 158, 159, 160, 167, 174, 175,
        178, 179, 182, 185, 189, 190, 192, 204, 205, 223, 225, 227, 228, 229,
        232, 235, 238, 241, 276, 278, 280, 283, 284, 285, 288, 289, 290, 291,
        294, 295, 296, 297, 298, 301, 304, 306, 307, 308, 310, 312, 314, 315,
        318, 325, 330, 337, 343, 344, 347, 350, 353, 354, 359, 360, 361, 362,
        365, 366, 372, 373, 374, 375, 378, 381, 404, 405, 424, 426, 429, 441,
        443, 450, 472, 474, 476, 479, 480, 481, 484, 487, 488, 489, 491, 493,
        499, 501, 522, 524, 525, 530, 532, 533, 536, 541, 542, 546, 547, 569,
        570, 575, 577, 579, 580, 582, 583, 584, 586, 589, 594, 596
      ],
      "excluded_lines": [],
      "functions": {
        "BaseCaptchaView._handle_captcha_error": {
          "executed_lines": [],
          "summary": {
            "covered_lines": 0,
            "num_statements": 5,
            "percent_covered": 0.0,
            "percent_covered_display": "0.00",
            "missing_lines": 5,
            "excluded_lines": 0,
            "percent_statements_covered": 0.0,
            "percent_statements_covered_display": "0.00"
          },
          "missing_lines": [45, 46, 47, 50, 54],
          "excluded_lines": []
        },
        "BaseCaptchaView._create_captcha_response": {
          "executed_lines": [],
          "summary": {
            "covered_lines": 0,
            "num_statements": 3,
            "percent_covered": 0.0,
            "percent_covered_display": "0.00",
            "missing_lines": 3,
            "excluded_lines": 0,
            "percent_statements_covered": 0.0,
            "percent_statements_covered_display": "0.00"
          },
          "missing_lines": [64, 67, 70],
          "excluded_lines": []
        },
        "CaptchaAPIView.get": {
          "executed_lines": [],
          "summary": {
            "covered_lines": 0,
            "num_statements": 1,
            "percent_covered": 0.0,
            "percent_covered_display": "0.00",
            "missing_lines": 1,
            "excluded_lines": 0,
            "percent_statements_covered": 0.0,
            "percent_statements_covered_display": "0.00"
          },
          "missing_lines": [90],
          "excluded_lines": []
        },
        "CaptchaRefreshAPIView.post": {
          "executed_lines": [],
          "summary": {
            "covered_lines": 0,
            "num_statements": 4,
            "percent_covered": 0.0,
            "percent_covered_display": "0.00",
            "missing_lines": 4,
            "excluded_lines": 0,
            "percent_statements_covered": 0.0,
            "percent_statements_covered_display": "0.00"
          },
          "missing_lines": [109, 110, 111, 114],
          "excluded_lines": []
        },
        "RegisterAPIView._format_error_response": {
          "executed_lines": [],
          "summary": {
            "covered_lines": 0,
            "num_statements": 24,
            "percent_covered": 0.0,
            "percent_covered_display": "0.00",
            "missing_lines": 24,
            "excluded_lines": 0,
            "percent_statements_covered": 0.0,
            "percent_statements_covered_display": "0.00"
          },
          "missing_lines": [
            133, 134, 135, 138, 144, 145, 146, 149, 153, 154, 157, 158, 159,
            160, 167, 174, 175, 178, 179, 182, 185, 189, 190, 192
          ],
          "excluded_lines": []
        },
        "RegisterAPIView._generate_tokens": {
          "executed_lines": [],
          "summary": {
            "covered_lines": 0,
            "num_statements": 2,
            "percent_covered": 0.0,
            "percent_covered_display": "0.00",
            "missing_lines": 2,
            "excluded_lines": 0,
            "percent_statements_covered": 0.0,
            "percent_statements_covered_display": "0.00"
          },
          "missing_lines": [204, 205],
          "excluded_lines": []
        },
        "RegisterAPIView.post": {
          "executed_lines": [],
          "summary": {
            "covered_lines": 0,
            "num_statements": 9,
            "percent_covered": 0.0,
            "percent_covered_display": "0.00",
            "missing_lines": 9,
            "excluded_lines": 0,
            "percent_statements_covered": 0.0,
            "percent_statements_covered_display": "0.00"
          },
          "missing_lines": [223, 225, 227, 228, 229, 232, 235, 238, 241],
          "excluded_lines": []
        },
        "LoginAPIView.post": {
          "executed_lines": [],
          "summary": {
            "covered_lines": 0,
            "num_statements": 46,
            "percent_covered": 0.0,
            "percent_covered_display": "0.00",
            "missing_lines": 46,
            "excluded_lines": 0,
            "percent_statements_covered": 0.0,
            "percent_statements_covered_display": "0.00"
          },
          "missing_lines": [
            276, 278, 280, 283, 284, 285, 288, 289, 290, 291, 294, 295, 296,
            297, 298, 301, 304, 306, 307, 308, 310, 312, 314, 315, 318, 325,
            330, 337, 343, 344, 347, 350, 353, 354, 359, 360, 361, 362, 365,
            366, 372, 373, 374, 375, 378, 381
          ],
          "excluded_lines": []
        },
        "LoginAPIView._generate_tokens": {
          "executed_lines": [],
          "summary": {
            "covered_lines": 0,
            "num_statements": 2,
            "percent_covered": 0.0,
            "percent_covered_display": "0.00",
            "missing_lines": 2,
            "excluded_lines": 0,
            "percent_statements_covered": 0.0,
            "percent_statements_covered_display": "0.00"
          },
          "missing_lines": [404, 405],
          "excluded_lines": []
        },
        "PreviewAPIView._get_avatar_letter": {
          "executed_lines": [],
          "summary": {
            "covered_lines": 0,
            "num_statements": 3,
            "percent_covered": 0.0,
            "percent_covered_display": "0.00",
            "missing_lines": 3,
            "excluded_lines": 0,
            "percent_statements_covered": 0.0,
            "percent_statements_covered_display": "0.00"
          },
          "missing_lines": [424, 426, 429],
          "excluded_lines": []
        },
        "PreviewAPIView._format_user_preview_data": {
          "executed_lines": [],
          "summary": {
            "covered_lines": 0,
            "num_statements": 3,
            "percent_covered": 0.0,
            "percent_covered_display": "0.00",
            "missing_lines": 3,
            "excluded_lines": 0,
            "percent_statements_covered": 0.0,
            "percent_statements_covered_display": "0.00"
          },
          "missing_lines": [441, 443, 450],
          "excluded_lines": []
        },
        "PreviewAPIView.post": {
          "executed_lines": [],
          "summary": {
            "covered_lines": 0,
            "num_statements": 14,
            "percent_covered": 0.0,
            "percent_covered_display": "0.00",
            "missing_lines": 14,
            "excluded_lines": 0,
            "percent_statements_covered": 0.0,
            "percent_statements_covered_display": "0.00"
          },
          "missing_lines": [
            472, 474, 476, 479, 480, 481, 484, 487, 488, 489, 491, 493, 499, 501
          ],
          "excluded_lines": []
        },
        "TokenRefreshAPIView.post": {
          "executed_lines": [],
          "summary": {
            "covered_lines": 0,
            "num_statements": 11,
            "percent_covered": 0.0,
            "percent_covered_display": "0.00",
            "missing_lines": 11,
            "excluded_lines": 0,
            "percent_statements_covered": 0.0,
            "percent_statements_covered_display": "0.00"
          },
          "missing_lines": [
            522, 524, 525, 530, 532, 533, 536, 541, 542, 546, 547
          ],
          "excluded_lines": []
        },
        "LogoutAPIView.post": {
          "executed_lines": [],
          "summary": {
            "covered_lines": 0,
            "num_statements": 13,
            "percent_covered": 0.0,
            "percent_covered_display": "0.00",
            "missing_lines": 13,
            "excluded_lines": 0,
            "percent_statements_covered": 0.0,
            "percent_statements_covered_display": "0.00"
          },
          "missing_lines": [
            569, 570, 575, 577, 579, 580, 582, 583, 584, 586, 589, 594, 596
          ],
          "excluded_lines": []
        },
        "": {
          "executed_lines": [
            3, 5, 7, 12, 13, 14, 15, 16, 17, 18, 19, 20, 21, 22, 24, 27, 30, 31,
            33, 35, 56, 80, 81, 83, 93, 94, 96, 117, 118, 120, 122, 194, 207,
            256, 257, 259, 261, 394, 408, 409, 411, 412, 414, 431, 457, 507,
            508, 510, 512, 553, 554, 556, 558
          ],
          "summary": {
            "covered_lines": 44,
            "num_statements": 44,
            "percent_covered": 100.0,
            "percent_covered_display": "100.00",
            "missing_lines": 0,
            "excluded_lines": 0,
            "percent_statements_covered": 100.0,
            "percent_statements_covered_display": "100.00"
          },
          "missing_lines": [],
          "excluded_lines": []
        }
      },
      "classes": {
        "BaseCaptchaView": {
          "executed_lines": [],
          "summary": {
            "covered_lines": 0,
            "num_statements": 8,
            "percent_covered": 0.0,
            "percent_covered_display": "0.00",
            "missing_lines": 8,
            "excluded_lines": 0,
            "percent_statements_covered": 0.0,
            "percent_statements_covered_display": "0.00"
          },
          "missing_lines": [45, 46, 47, 50, 54, 64, 67, 70],
          "excluded_lines": []
        },
        "CaptchaAPIView": {
          "executed_lines": [],
          "summary": {
            "covered_lines": 0,
            "num_statements": 1,
            "percent_covered": 0.0,
            "percent_covered_display": "0.00",
            "missing_lines": 1,
            "excluded_lines": 0,
            "percent_statements_covered": 0.0,
            "percent_statements_covered_display": "0.00"
          },
          "missing_lines": [90],
          "excluded_lines": []
        },
        "CaptchaRefreshAPIView": {
          "executed_lines": [],
          "summary": {
            "covered_lines": 0,
            "num_statements": 4,
            "percent_covered": 0.0,
            "percent_covered_display": "0.00",
            "missing_lines": 4,
            "excluded_lines": 0,
            "percent_statements_covered": 0.0,
            "percent_statements_covered_display": "0.00"
          },
          "missing_lines": [109, 110, 111, 114],
          "excluded_lines": []
        },
        "RegisterAPIView": {
          "executed_lines": [],
          "summary": {
            "covered_lines": 0,
            "num_statements": 35,
            "percent_covered": 0.0,
            "percent_covered_display": "0.00",
            "missing_lines": 35,
            "excluded_lines": 0,
            "percent_statements_covered": 0.0,
            "percent_statements_covered_display": "0.00"
          },
          "missing_lines": [
            133, 134, 135, 138, 144, 145, 146, 149, 153, 154, 157, 158, 159,
            160, 167, 174, 175, 178, 179, 182, 185, 189, 190, 192, 204, 205,
            223, 225, 227, 228, 229, 232, 235, 238, 241
          ],
          "excluded_lines": []
        },
        "LoginAPIView": {
          "executed_lines": [],
          "summary": {
            "covered_lines": 0,
            "num_statements": 48,
            "percent_covered": 0.0,
            "percent_covered_display": "0.00",
            "missing_lines": 48,
            "excluded_lines": 0,
            "percent_statements_covered": 0.0,
            "percent_statements_covered_display": "0.00"
          },
          "missing_lines": [
            276, 278, 280, 283, 284, 285, 288, 289, 290, 291, 294, 295, 296,
            297, 298, 301, 304, 306, 307, 308, 310, 312, 314, 315, 318, 325,
            330, 337, 343, 344, 347, 350, 353, 354, 359, 360, 361, 362, 365,
            366, 372, 373, 374, 375, 378, 381, 404, 405
          ],
          "excluded_lines": []
        },
        "PreviewAPIView": {
          "executed_lines": [],
          "summary": {
            "covered_lines": 0,
            "num_statements": 20,
            "percent_covered": 0.0,
            "percent_covered_display": "0.00",
            "missing_lines": 20,
            "excluded_lines": 0,
            "percent_statements_covered": 0.0,
            "percent_statements_covered_display": "0.00"
          },
          "missing_lines": [
            424, 426, 429, 441, 443, 450, 472, 474, 476, 479, 480, 481, 484,
            487, 488, 489, 491, 493, 499, 501
          ],
          "excluded_lines": []
        },
        "TokenRefreshAPIView": {
          "executed_lines": [],
          "summary": {
            "covered_lines": 0,
            "num_statements": 11,
            "percent_covered": 0.0,
            "percent_covered_display": "0.00",
            "missing_lines": 11,
            "excluded_lines": 0,
            "percent_statements_covered": 0.0,
            "percent_statements_covered_display": "0.00"
          },
          "missing_lines": [
            522, 524, 525, 530, 532, 533, 536, 541, 542, 546, 547
          ],
          "excluded_lines": []
        },
        "LogoutAPIView": {
          "executed_lines": [],
          "summary": {
            "covered_lines": 0,
            "num_statements": 13,
            "percent_covered": 0.0,
            "percent_covered_display": "0.00",
            "missing_lines": 13,
            "excluded_lines": 0,
            "percent_statements_covered": 0.0,
            "percent_statements_covered_display": "0.00"
          },
          "missing_lines": [
            569, 570, 575, 577, 579, 580, 582, 583, 584, 586, 589, 594, 596
          ],
          "excluded_lines": []
        },
        "": {
          "executed_lines": [
            3, 5, 7, 12, 13, 14, 15, 16, 17, 18, 19, 20, 21, 22, 24, 27, 30, 31,
            33, 35, 56, 80, 81, 83, 93, 94, 96, 117, 118, 120, 122, 194, 207,
            256, 257, 259, 261, 394, 408, 409, 411, 412, 414, 431, 457, 507,
            508, 510, 512, 553, 554, 556, 558
          ],
          "summary": {
            "covered_lines": 44,
            "num_statements": 44,
            "percent_covered": 100.0,
            "percent_covered_display": "100.00",
            "missing_lines": 0,
            "excluded_lines": 0,
            "percent_statements_covered": 100.0,
            "percent_statements_covered_display": "100.00"
          },
          "missing_lines": [],
          "excluded_lines": []
        }
      }
    },
    "bravo/__init__.py": {
      "executed_lines": [4, 6],
      "summary": {
        "covered_lines": 2,
        "num_statements": 2,
        "percent_covered": 100.0,
        "percent_covered_display": "100.00",
        "missing_lines": 0,
        "excluded_lines": 0,
        "percent_statements_covered": 100.0,
        "percent_statements_covered_display": "100.00"
      },
      "missing_lines": [],
      "excluded_lines": [],
      "functions": {
        "": {
          "executed_lines": [4, 6],
          "summary": {
            "covered_lines": 2,
            "num_statements": 2,
            "percent_covered": 100.0,
            "percent_covered_display": "100.00",
            "missing_lines": 0,
            "excluded_lines": 0,
            "percent_statements_covered": 100.0,
            "percent_statements_covered_display": "100.00"
          },
          "missing_lines": [],
          "excluded_lines": []
        }
      },
      "classes": {
        "": {
          "executed_lines": [4, 6],
          "summary": {
            "covered_lines": 2,
            "num_statements": 2,
            "percent_covered": 100.0,
            "percent_covered_display": "100.00",
            "missing_lines": 0,
            "excluded_lines": 0,
            "percent_statements_covered": 100.0,
            "percent_statements_covered_display": "100.00"
          },
          "missing_lines": [],
          "excluded_lines": []
        }
      }
    },
    "bravo/celery.py": {
      "executed_lines": [1, 3, 6, 8, 11, 14, 17, 18],
      "summary": {
        "covered_lines": 8,
        "num_statements": 9,
        "percent_covered": 88.88888888888889,
        "percent_covered_display": "88.89",
        "missing_lines": 1,
        "excluded_lines": 0,
        "percent_statements_covered": 88.88888888888889,
        "percent_statements_covered_display": "88.89"
      },
      "missing_lines": [19],
      "excluded_lines": [],
      "functions": {
        "debug_task": {
          "executed_lines": [],
          "summary": {
            "covered_lines": 0,
            "num_statements": 1,
            "percent_covered": 0.0,
            "percent_covered_display": "0.00",
            "missing_lines": 1,
            "excluded_lines": 0,
            "percent_statements_covered": 0.0,
            "percent_statements_covered_display": "0.00"
          },
          "missing_lines": [19],
          "excluded_lines": []
        },
        "": {
          "executed_lines": [1, 3, 6, 8, 11, 14, 17, 18],
          "summary": {
            "covered_lines": 8,
            "num_statements": 8,
            "percent_covered": 100.0,
            "percent_covered_display": "100.00",
            "missing_lines": 0,
            "excluded_lines": 0,
            "percent_statements_covered": 100.0,
            "percent_statements_covered_display": "100.00"
          },
          "missing_lines": [],
          "excluded_lines": []
        }
      },
      "classes": {
        "": {
          "executed_lines": [1, 3, 6, 8, 11, 14, 17, 18],
          "summary": {
            "covered_lines": 8,
            "num_statements": 9,
            "percent_covered": 88.88888888888889,
            "percent_covered_display": "88.89",
            "missing_lines": 1,
            "excluded_lines": 0,
            "percent_statements_covered": 88.88888888888889,
            "percent_statements_covered_display": "88.89"
          },
          "missing_lines": [19],
          "excluded_lines": []
        }
      }
    },
    "bravo/urls.py": {
      "executed_lines": [],
      "summary": {
        "covered_lines": 0,
        "num_statements": 11,
        "percent_covered": 0.0,
        "percent_covered_display": "0.00",
        "missing_lines": 11,
        "excluded_lines": 3,
        "percent_statements_covered": 0.0,
        "percent_statements_covered_display": "0.00"
      },
      "missing_lines": [16, 18, 19, 20, 21, 22, 25, 27, 40, 42, 55],
      "excluded_lines": [64, 65, 66],
      "functions": {
        "health_check": {
          "executed_lines": [],
          "summary": {
            "covered_lines": 0,
            "num_statements": 1,
            "percent_covered": 0.0,
            "percent_covered_display": "0.00",
            "missing_lines": 1,
            "excluded_lines": 0,
            "percent_statements_covered": 0.0,
            "percent_statements_covered_display": "0.00"
          },
          "missing_lines": [27],
          "excluded_lines": []
        },
        "api_root": {
          "executed_lines": [],
          "summary": {
            "covered_lines": 0,
            "num_statements": 1,
            "percent_covered": 0.0,
            "percent_covered_display": "0.00",
            "missing_lines": 1,
            "excluded_lines": 0,
            "percent_statements_covered": 0.0,
            "percent_statements_covered_display": "0.00"
          },
          "missing_lines": [42],
          "excluded_lines": []
        },
        "": {
          "executed_lines": [],
          "summary": {
            "covered_lines": 0,
            "num_statements": 9,
            "percent_covered": 0.0,
            "percent_covered_display": "0.00",
            "missing_lines": 9,
            "excluded_lines": 3,
            "percent_statements_covered": 0.0,
            "percent_statements_covered_display": "0.00"
          },
          "missing_lines": [16, 18, 19, 20, 21, 22, 25, 40, 55],
          "excluded_lines": [64, 65, 66]
        }
      },
      "classes": {
        "": {
          "executed_lines": [],
          "summary": {
            "covered_lines": 0,
            "num_statements": 11,
            "percent_covered": 0.0,
            "percent_covered_display": "0.00",
            "missing_lines": 11,
            "excluded_lines": 3,
            "percent_statements_covered": 0.0,
            "percent_statements_covered_display": "0.00"
          },
          "missing_lines": [16, 18, 19, 20, 21, 22, 25, 27, 40, 42, 55],
          "excluded_lines": [64, 65, 66]
        }
      }
    },
    "bravo/urls_test.py": {
      "executed_lines": [2, 4, 5, 6, 7, 10, 26],
      "summary": {
        "covered_lines": 6,
        "num_statements": 7,
        "percent_covered": 85.71428571428571,
        "percent_covered_display": "85.71",
        "missing_lines": 1,
        "excluded_lines": 0,
        "percent_statements_covered": 85.71428571428571,
        "percent_statements_covered_display": "85.71"
      },
      "missing_lines": [12],
      "excluded_lines": [],
      "functions": {
        "home_view": {
          "executed_lines": [],
          "summary": {
            "covered_lines": 0,
            "num_statements": 1,
            "percent_covered": 0.0,
            "percent_covered_display": "0.00",
            "missing_lines": 1,
            "excluded_lines": 0,
            "percent_statements_covered": 0.0,
            "percent_statements_covered_display": "0.00"
          },
          "missing_lines": [12],
          "excluded_lines": []
        },
        "": {
          "executed_lines": [2, 4, 5, 6, 7, 10, 26],
          "summary": {
            "covered_lines": 6,
            "num_statements": 6,
            "percent_covered": 100.0,
            "percent_covered_display": "100.00",
            "missing_lines": 0,
            "excluded_lines": 0,
            "percent_statements_covered": 100.0,
            "percent_statements_covered_display": "100.00"
          },
          "missing_lines": [],
          "excluded_lines": []
        }
      },
      "classes": {
        "": {
          "executed_lines": [2, 4, 5, 6, 7, 10, 26],
          "summary": {
            "covered_lines": 6,
            "num_statements": 7,
            "percent_covered": 85.71428571428571,
            "percent_covered_display": "85.71",
            "missing_lines": 1,
            "excluded_lines": 0,
            "percent_statements_covered": 85.71428571428571,
            "percent_statements_covered_display": "85.71"
          },
          "missing_lines": [12],
          "excluded_lines": []
        }
      }
    }
  },
  "totals": {
    "covered_lines": 174,
    "num_statements": 528,
    "percent_covered": 32.95454545454545,
    "percent_covered_display": "32.95",
    "missing_lines": 354,
    "excluded_lines": 3,
    "percent_statements_covered": 32.95454545454545,
    "percent_statements_covered_display": "32.95"
  }
}
