{
  "meta": {
    "version": "7.3.2",
    "timestamp": "2025-12-17T13:39:54.958505",
    "branch_coverage": false,
    "show_contexts": false
  },
  "files": {
    "apps\\__init__.py": {
      "executed_lines": [1],
      "summary": {
        "covered_lines": 0,
        "num_statements": 0,
        "percent_covered": 100.0,
        "percent_covered_display": "100.00",
        "missing_lines": 0,
        "excluded_lines": 0
      },
      "missing_lines": [],
      "excluded_lines": []
    },
    "apps\\blog\\__init__.py": {
      "executed_lines": [],
      "summary": {
        "covered_lines": 0,
        "num_statements": 0,
        "percent_covered": 100.0,
        "percent_covered_display": "100.00",
        "missing_lines": 0,
        "excluded_lines": 0
      },
      "missing_lines": [],
      "excluded_lines": []
    },
    "apps\\blog\\urls.py": {
      "executed_lines": [],
      "summary": {
        "covered_lines": 0,
        "num_statements": 2,
        "percent_covered": 0.0,
        "percent_covered_display": "0.00",
        "missing_lines": 2,
        "excluded_lines": 0
      },
      "missing_lines": [2, 5],
      "excluded_lines": []
    },
    "apps\\common\\__init__.py": {
      "executed_lines": [1],
      "summary": {
        "covered_lines": 0,
        "num_statements": 0,
        "percent_covered": 100.0,
        "percent_covered_display": "100.00",
        "missing_lines": 0,
        "excluded_lines": 0
      },
      "missing_lines": [],
      "excluded_lines": []
    },
    "apps\\common\\pagination.py": {
      "executed_lines": [3, 6, 7, 9, 10, 11],
      "summary": {
        "covered_lines": 5,
        "num_statements": 5,
        "percent_covered": 100.0,
        "percent_covered_display": "100.00",
        "missing_lines": 0,
        "excluded_lines": 0
      },
      "missing_lines": [],
      "excluded_lines": []
    },
    "apps\\common\\urls.py": {
      "executed_lines": [1, 3, 5, 7],
      "summary": {
        "covered_lines": 3,
        "num_statements": 3,
        "percent_covered": 100.0,
        "percent_covered_display": "100.00",
        "missing_lines": 0,
        "excluded_lines": 0
      },
      "missing_lines": [],
      "excluded_lines": []
    },
    "apps\\common\\views.py": {
      "executed_lines": [
        1, 3, 4, 5, 8, 9, 10, 12, 14, 15, 16, 17, 18, 20, 27, 28, 29, 32, 33,
        34, 36, 37, 38, 39, 40, 41, 43, 55, 56, 57
      ],
      "summary": {
        "covered_lines": 29,
        "num_statements": 29,
        "percent_covered": 100.0,
        "percent_covered_display": "100.00",
        "missing_lines": 0,
        "excluded_lines": 0
      },
      "missing_lines": [],
      "excluded_lines": []
    },
    "apps\\english\\__init__.py": {
      "executed_lines": [],
      "summary": {
        "covered_lines": 0,
        "num_statements": 0,
        "percent_covered": 100.0,
        "percent_covered_display": "100.00",
        "missing_lines": 0,
        "excluded_lines": 0
      },
      "missing_lines": [],
      "excluded_lines": []
    },
    "apps\\english\\urls.py": {
      "executed_lines": [],
      "summary": {
        "covered_lines": 0,
        "num_statements": 2,
        "percent_covered": 0.0,
        "percent_covered_display": "0.00",
        "missing_lines": 2,
        "excluded_lines": 0
      },
      "missing_lines": [2, 5],
      "excluded_lines": []
    },
    "apps\\example\\views.py": {
      "executed_lines": [2, 3],
      "summary": {
        "covered_lines": 2,
        "num_statements": 2,
        "percent_covered": 100.0,
        "percent_covered_display": "100.00",
        "missing_lines": 0,
        "excluded_lines": 0
      },
      "missing_lines": [],
      "excluded_lines": []
    },
    "apps\\feature_flags\\__init__.py": {
      "executed_lines": [],
      "summary": {
        "covered_lines": 0,
        "num_statements": 1,
        "percent_covered": 0.0,
        "percent_covered_display": "0.00",
        "missing_lines": 1,
        "excluded_lines": 0
      },
      "missing_lines": [2],
      "excluded_lines": []
    },
    "apps\\feature_flags\\apps.py": {
      "executed_lines": [],
      "summary": {
        "covered_lines": 0,
        "num_statements": 6,
        "percent_covered": 0.0,
        "percent_covered_display": "0.00",
        "missing_lines": 6,
        "excluded_lines": 0
      },
      "missing_lines": [2, 4, 7, 10, 11, 12],
      "excluded_lines": []
    },
    "apps\\feature_flags\\models.py": {
      "executed_lines": [],
      "summary": {
        "covered_lines": 0,
        "num_statements": 14,
        "percent_covered": 0.0,
        "percent_covered_display": "0.00",
        "missing_lines": 14,
        "excluded_lines": 0
      },
      "missing_lines": [2, 4, 7, 10, 11, 12, 13, 14, 16, 17, 18, 19, 21, 22],
      "excluded_lines": []
    },
    "apps\\feature_flags\\urls.py": {
      "executed_lines": [],
      "summary": {
        "covered_lines": 0,
        "num_statements": 5,
        "percent_covered": 0.0,
        "percent_covered_display": "0.00",
        "missing_lines": 5,
        "excluded_lines": 0
      },
      "missing_lines": [2, 4, 6, 8, 10],
      "excluded_lines": []
    },
    "apps\\feature_flags\\views.py": {
      "executed_lines": [],
      "summary": {
        "covered_lines": 0,
        "num_statements": 4,
        "percent_covered": 0.0,
        "percent_covered_display": "0.00",
        "missing_lines": 4,
        "excluded_lines": 0
      },
      "missing_lines": [2, 4, 7, 9],
      "excluded_lines": []
    },
    "apps\\jobs\\__init__.py": {
      "executed_lines": [],
      "summary": {
        "covered_lines": 0,
        "num_statements": 0,
        "percent_covered": 100.0,
        "percent_covered_display": "100.00",
        "missing_lines": 0,
        "excluded_lines": 0
      },
      "missing_lines": [],
      "excluded_lines": []
    },
    "apps\\jobs\\urls.py": {
      "executed_lines": [],
      "summary": {
        "covered_lines": 0,
        "num_statements": 2,
        "percent_covered": 0.0,
        "percent_covered_display": "0.00",
        "missing_lines": 2,
        "excluded_lines": 0
      },
      "missing_lines": [2, 5],
      "excluded_lines": []
    },
    "apps\\test_optimized\\views.py": {
      "executed_lines": [2, 3],
      "summary": {
        "covered_lines": 2,
        "num_statements": 2,
        "percent_covered": 100.0,
        "percent_covered_display": "100.00",
        "missing_lines": 0,
        "excluded_lines": 0
      },
      "missing_lines": [],
      "excluded_lines": []
    },
    "apps\\test_scenario2\\views.py": {
      "executed_lines": [2, 3],
      "summary": {
        "covered_lines": 2,
        "num_statements": 2,
        "percent_covered": 100.0,
        "percent_covered_display": "100.00",
        "missing_lines": 0,
        "excluded_lines": 0
      },
      "missing_lines": [],
      "excluded_lines": []
    },
    "apps\\test_scenario3\\views.py": {
      "executed_lines": [2, 3],
      "summary": {
        "covered_lines": 2,
        "num_statements": 2,
        "percent_covered": 100.0,
        "percent_covered_display": "100.00",
        "missing_lines": 0,
        "excluded_lines": 0
      },
      "missing_lines": [],
      "excluded_lines": []
    },
    "apps\\test_t01\\views.py": {
      "executed_lines": [2, 3],
      "summary": {
        "covered_lines": 2,
        "num_statements": 2,
        "percent_covered": 100.0,
        "percent_covered_display": "100.00",
        "missing_lines": 0,
        "excluded_lines": 0
      },
      "missing_lines": [],
      "excluded_lines": []
    },
    "apps\\users\\__init__.py": {
      "executed_lines": [1],
      "summary": {
        "covered_lines": 0,
        "num_statements": 0,
        "percent_covered": 100.0,
        "percent_covered_display": "100.00",
        "missing_lines": 0,
        "excluded_lines": 0
      },
      "missing_lines": [],
      "excluded_lines": []
    },
    "apps\\users\\admin.py": {
      "executed_lines": [
        3, 5, 6, 7, 8, 11, 12, 13, 15, 26, 33, 34, 35, 37, 39, 64, 66, 67, 80,
        81, 92, 93, 94, 96, 107, 112, 113, 114, 115, 117, 140, 152, 154, 160,
        162, 168, 169, 171, 177, 178, 180, 182, 183, 198, 199, 209, 210, 211,
        213, 224, 229, 230, 231, 232, 234, 246, 248, 254, 256, 262, 264, 270,
        271, 273, 279, 280, 284, 285, 286
      ],
      "summary": {
        "covered_lines": 66,
        "num_statements": 120,
        "percent_covered": 55.0,
        "percent_covered_display": "55.00",
        "missing_lines": 54,
        "excluded_lines": 0
      },
      "missing_lines": [
        69, 71, 72, 73, 74, 75, 76, 77, 78, 83, 84, 85, 86, 142, 143, 144, 150,
        156, 157, 158, 164, 165, 166, 173, 174, 175, 185, 187, 188, 189, 190,
        195, 196, 201, 203, 204, 205, 206, 236, 237, 238, 244, 250, 251, 252,
        258, 259, 260, 266, 267, 268, 275, 276, 277
      ],
      "excluded_lines": []
    },
    "apps\\users\\models.py": {
      "executed_lines": [
        3, 5, 6, 9, 10, 14, 15, 18, 25, 30, 39, 44, 52, 59, 67, 68, 69, 70, 71,
        74, 78, 80, 82, 91, 92, 94, 95, 102, 107, 113, 117, 123, 129, 130, 131,
        132, 133, 137, 139, 143, 149, 154, 155, 157, 158, 165, 171, 175, 181,
        187, 188, 189, 190, 191, 195, 197, 201, 207
      ],
      "summary": {
        "covered_lines": 55,
        "num_statements": 67,
        "percent_covered": 82.08955223880596,
        "percent_covered_display": "82.09",
        "missing_lines": 12,
        "excluded_lines": 0
      },
      "missing_lines": [84, 85, 86, 88, 141, 145, 147, 151, 199, 203, 205, 209],
      "excluded_lines": []
    },
    "apps\\users\\serializers.py": {
      "executed_lines": [
        3, 5, 7, 8, 9, 10, 11, 13, 16, 17, 19, 20, 26, 31, 32, 34, 42, 65, 87,
        114, 115, 117, 120, 125, 126, 128, 164, 165, 167, 170, 175, 176, 178,
        181, 182, 185, 186, 191, 192, 195, 197, 199, 200, 201, 204, 206, 207,
        208, 211, 212, 213, 216, 217, 219, 221, 227, 228, 230, 231, 232, 234,
        249, 250, 252, 253, 259, 265, 283
      ],
      "summary": {
        "covered_lines": 62,
        "num_statements": 128,
        "percent_covered": 48.4375,
        "percent_covered_display": "48.44",
        "missing_lines": 66,
        "excluded_lines": 0
      },
      "missing_lines": [
        36, 37, 40, 45, 46, 49, 50, 52, 53, 58, 59, 60, 61, 63, 68, 69, 71, 72,
        77, 78, 80, 81, 85, 89, 90, 94, 97, 98, 99, 100, 101, 104, 111, 131,
        132, 134, 135, 140, 141, 144, 146, 147, 152, 153, 156, 157, 161, 224,
        236, 238, 239, 241, 242, 246, 267, 268, 273, 274, 276, 277, 281, 285,
        286, 288, 289, 293
      ],
      "excluded_lines": []
    },
    "apps\\users\\tasks.py": {
      "executed_lines": [3, 5, 7, 8, 9, 10, 12, 15, 26, 110, 121],
      "summary": {
        "covered_lines": 11,
        "num_statements": 47,
        "percent_covered": 23.404255319148938,
        "percent_covered_display": "23.40",
        "missing_lines": 36,
        "excluded_lines": 0
      },
      "missing_lines": [
        38, 41, 42, 45, 48, 54, 60, 63, 69, 72, 75, 80, 82, 90, 97, 98, 101,
        107, 133, 136, 137, 140, 143, 149, 155, 158, 164, 167, 170, 175, 177,
        185, 192, 193, 196, 202
      ],
      "excluded_lines": []
    },
    "apps\\users\\throttling.py": {
      "executed_lines": [3, 5, 8, 9, 14, 15, 17, 28, 33, 35],
      "summary": {
        "covered_lines": 9,
        "num_statements": 10,
        "percent_covered": 90.0,
        "percent_covered_display": "90.00",
        "missing_lines": 1,
        "excluded_lines": 0
      },
      "missing_lines": [30],
      "excluded_lines": []
    },
    "apps\\users\\urls.py": {
      "executed_lines": [3, 5, 20, 22, 24],
      "summary": {
        "covered_lines": 5,
        "num_statements": 5,
        "percent_covered": 100.0,
        "percent_covered_display": "100.00",
        "missing_lines": 0,
        "excluded_lines": 0
      },
      "missing_lines": [],
      "excluded_lines": []
    },
    "apps\\users\\utils.py": {
      "executed_lines": [
        3, 5, 6, 7, 8, 9, 11, 12, 15, 27, 28, 31, 32, 33, 36, 38, 41, 42, 44,
        50, 51, 52, 55, 61, 62, 63, 69, 72, 73, 74, 75, 76, 77, 82, 85, 86, 87,
        88, 93, 96, 97, 98, 99, 100, 103, 105, 108, 120, 121, 122, 125, 139,
        150, 151, 153, 157, 158, 160, 162, 163, 166, 168, 169, 170, 172, 173,
        176, 186, 188, 190, 192, 193, 194, 195, 198, 199
      ],
      "summary": {
        "covered_lines": 76,
        "num_statements": 84,
        "percent_covered": 90.47619047619048,
        "percent_covered_display": "90.48",
        "missing_lines": 8,
        "excluded_lines": 0
      },
      "missing_lines": [45, 47, 135, 136, 154, 155, 200, 201],
      "excluded_lines": []
    },
    "apps\\users\\views.py": {
      "executed_lines": [
        3, 5, 6, 8, 9, 17, 18, 19, 24, 25, 26, 27, 28, 29, 30, 31, 32, 34, 37,
        40, 41, 43, 45, 55, 56, 57, 60, 64, 66, 89, 103, 104, 106, 116, 117,
        119, 140, 141, 143, 171, 172, 174, 176, 248, 317, 318, 320, 322, 456,
        457, 459, 460, 462, 472, 474, 477, 479, 489, 491, 498, 505, 520, 522,
        524, 527, 528, 529, 532, 535, 536, 537, 539, 541, 547, 549, 555, 556,
        558, 560, 601, 602, 604, 606, 650, 651, 653, 655, 733, 734, 736, 738,
        803, 804, 806, 808, 883, 884, 886, 888, 980, 981, 983, 985
      ],
      "summary": {
        "covered_lines": 89,
        "num_statements": 341,
        "percent_covered": 26.099706744868037,
        "percent_covered_display": "26.10",
        "missing_lines": 252,
        "excluded_lines": 0
      },
      "missing_lines": [
        74, 77, 80, 99, 100, 113, 132, 133, 134, 137, 154, 155, 160, 162, 163,
        164, 168, 187, 188, 189, 192, 198, 199, 200, 203, 207, 208, 211, 212,
        213, 214, 221, 228, 229, 232, 233, 236, 239, 243, 244, 246, 264, 266,
        268, 269, 270, 273, 276, 279, 280, 281, 284, 292, 299, 302, 337, 339,
        341, 344, 345, 346, 349, 350, 351, 352, 355, 356, 357, 358, 359, 362,
        365, 367, 368, 369, 371, 373, 375, 376, 379, 386, 391, 398, 404, 405,
        408, 411, 414, 415, 420, 421, 422, 423, 426, 427, 433, 434, 435, 436,
        439, 442, 570, 572, 573, 578, 580, 581, 584, 589, 590, 594, 595, 617,
        618, 623, 625, 627, 628, 630, 631, 632, 634, 637, 642, 644, 670, 671,
        672, 673, 678, 681, 682, 688, 691, 694, 705, 711, 716, 718, 720, 721,
        727, 748, 750, 751, 752, 753, 759, 760, 766, 767, 773, 774, 775, 776,
        779, 780, 782, 787, 789, 791, 792, 797, 818, 820, 821, 822, 828, 829,
        830, 831, 837, 838, 844, 847, 850, 851, 852, 853, 856, 862, 867, 869,
        871, 872, 877, 902, 903, 904, 906, 907, 908, 911, 912, 913, 919, 928,
        931, 934, 936, 939, 942, 952, 959, 964, 966, 968, 969, 974, 999, 1000,
        1001, 1003, 1006, 1007, 1008, 1010, 1011, 1012, 1016, 1020, 1021, 1022,
        1023, 1029, 1030, 1036, 1037, 1040, 1043, 1049, 1058, 1059, 1062, 1063,
        1064, 1065, 1071, 1072, 1078, 1079, 1085, 1086, 1087, 1090, 1091, 1093,
        1098, 1100, 1102, 1103, 1108
      ],
      "excluded_lines": []
    },
    "bravo\\__init__.py": {
      "executed_lines": [4, 6],
      "summary": {
        "covered_lines": 2,
        "num_statements": 2,
        "percent_covered": 100.0,
        "percent_covered_display": "100.00",
        "missing_lines": 0,
        "excluded_lines": 0
      },
      "missing_lines": [],
      "excluded_lines": []
    },
    "bravo\\celery.py": {
      "executed_lines": [1, 3, 6, 8, 11, 14, 17, 18],
      "summary": {
        "covered_lines": 8,
        "num_statements": 9,
        "percent_covered": 88.88888888888889,
        "percent_covered_display": "88.89",
        "missing_lines": 1,
        "excluded_lines": 0
      },
      "missing_lines": [19],
      "excluded_lines": []
    },
    "bravo\\urls.py": {
      "executed_lines": [],
      "summary": {
        "covered_lines": 0,
        "num_statements": 12,
        "percent_covered": 0.0,
        "percent_covered_display": "0.00",
        "missing_lines": 12,
        "excluded_lines": 3
      },
      "missing_lines": [16, 18, 19, 20, 21, 22, 23, 30, 32, 45, 47, 60],
      "excluded_lines": [81, 82, 83]
    },
    "bravo\\urls_test.py": {
      "executed_lines": [2, 4, 5, 6, 7, 10, 26],
      "summary": {
        "covered_lines": 7,
        "num_statements": 8,
        "percent_covered": 87.5,
        "percent_covered_display": "87.50",
        "missing_lines": 1,
        "excluded_lines": 0
      },
      "missing_lines": [12],
      "excluded_lines": []
    }
  },
  "totals": {
    "covered_lines": 437,
    "num_statements": 916,
    "percent_covered": 47.70742358078603,
    "percent_covered_display": "47.71",
    "missing_lines": 479,
    "excluded_lines": 3
  }
}
