{
  "meta": {
    "format": 3,
    "version": "7.12.0",
    "timestamp": "2025-12-07T18:42:06.516396",
    "branch_coverage": false,
    "show_contexts": false
  },
  "files": {
    "apps/__init__.py": {
      "executed_lines": [0],
      "summary": {
        "covered_lines": 0,
        "num_statements": 0,
        "percent_covered": 100.0,
        "percent_covered_display": "100.00",
        "missing_lines": 0,
        "excluded_lines": 0,
        "percent_statements_covered": 100.0,
        "percent_statements_covered_display": "100.00"
      },
      "missing_lines": [],
      "excluded_lines": [],
      "functions": {
        "": {
          "executed_lines": [],
          "summary": {
            "covered_lines": 0,
            "num_statements": 0,
            "percent_covered": 100.0,
            "percent_covered_display": "100.00",
            "missing_lines": 0,
            "excluded_lines": 0,
            "percent_statements_covered": 100.0,
            "percent_statements_covered_display": "100.00"
          },
          "missing_lines": [],
          "excluded_lines": []
        }
      },
      "classes": {
        "": {
          "executed_lines": [],
          "summary": {
            "covered_lines": 0,
            "num_statements": 0,
            "percent_covered": 100.0,
            "percent_covered_display": "100.00",
            "missing_lines": 0,
            "excluded_lines": 0,
            "percent_statements_covered": 100.0,
            "percent_statements_covered_display": "100.00"
          },
          "missing_lines": [],
          "excluded_lines": []
        }
      }
    },
    "apps/blog/__init__.py": {
      "executed_lines": [],
      "summary": {
        "covered_lines": 0,
        "num_statements": 0,
        "percent_covered": 100.0,
        "percent_covered_display": "100.00",
        "missing_lines": 0,
        "excluded_lines": 0,
        "percent_statements_covered": 100.0,
        "percent_statements_covered_display": "100.00"
      },
      "missing_lines": [],
      "excluded_lines": [],
      "functions": {
        "": {
          "executed_lines": [],
          "summary": {
            "covered_lines": 0,
            "num_statements": 0,
            "percent_covered": 100.0,
            "percent_covered_display": "100.00",
            "missing_lines": 0,
            "excluded_lines": 0,
            "percent_statements_covered": 100.0,
            "percent_statements_covered_display": "100.00"
          },
          "missing_lines": [],
          "excluded_lines": []
        }
      },
      "classes": {
        "": {
          "executed_lines": [],
          "summary": {
            "covered_lines": 0,
            "num_statements": 0,
            "percent_covered": 100.0,
            "percent_covered_display": "100.00",
            "missing_lines": 0,
            "excluded_lines": 0,
            "percent_statements_covered": 100.0,
            "percent_statements_covered_display": "100.00"
          },
          "missing_lines": [],
          "excluded_lines": []
        }
      }
    },
    "apps/blog/urls.py": {
      "executed_lines": [],
      "summary": {
        "covered_lines": 0,
        "num_statements": 2,
        "percent_covered": 0.0,
        "percent_covered_display": "0.00",
        "missing_lines": 2,
        "excluded_lines": 0,
        "percent_statements_covered": 0.0,
        "percent_statements_covered_display": "0.00"
      },
      "missing_lines": [2, 5],
      "excluded_lines": [],
      "functions": {
        "": {
          "executed_lines": [],
          "summary": {
            "covered_lines": 0,
            "num_statements": 2,
            "percent_covered": 0.0,
            "percent_covered_display": "0.00",
            "missing_lines": 2,
            "excluded_lines": 0,
            "percent_statements_covered": 0.0,
            "percent_statements_covered_display": "0.00"
          },
          "missing_lines": [2, 5],
          "excluded_lines": []
        }
      },
      "classes": {
        "": {
          "executed_lines": [],
          "summary": {
            "covered_lines": 0,
            "num_statements": 2,
            "percent_covered": 0.0,
            "percent_covered_display": "0.00",
            "missing_lines": 2,
            "excluded_lines": 0,
            "percent_statements_covered": 0.0,
            "percent_statements_covered_display": "0.00"
          },
          "missing_lines": [2, 5],
          "excluded_lines": []
        }
      }
    },
    "apps/common/__init__.py": {
      "executed_lines": [0],
      "summary": {
        "covered_lines": 0,
        "num_statements": 0,
        "percent_covered": 100.0,
        "percent_covered_display": "100.00",
        "missing_lines": 0,
        "excluded_lines": 0,
        "percent_statements_covered": 100.0,
        "percent_statements_covered_display": "100.00"
      },
      "missing_lines": [],
      "excluded_lines": [],
      "functions": {
        "": {
          "executed_lines": [],
          "summary": {
            "covered_lines": 0,
            "num_statements": 0,
            "percent_covered": 100.0,
            "percent_covered_display": "100.00",
            "missing_lines": 0,
            "excluded_lines": 0,
            "percent_statements_covered": 100.0,
            "percent_statements_covered_display": "100.00"
          },
          "missing_lines": [],
          "excluded_lines": []
        }
      },
      "classes": {
        "": {
          "executed_lines": [],
          "summary": {
            "covered_lines": 0,
            "num_statements": 0,
            "percent_covered": 100.0,
            "percent_covered_display": "100.00",
            "missing_lines": 0,
            "excluded_lines": 0,
            "percent_statements_covered": 100.0,
            "percent_statements_covered_display": "100.00"
          },
          "missing_lines": [],
          "excluded_lines": []
        }
      }
    },
    "apps/common/pagination.py": {
      "executed_lines": [],
      "summary": {
        "covered_lines": 0,
        "num_statements": 5,
        "percent_covered": 0.0,
        "percent_covered_display": "0.00",
        "missing_lines": 5,
        "excluded_lines": 0,
        "percent_statements_covered": 0.0,
        "percent_statements_covered_display": "0.00"
      },
      "missing_lines": [3, 6, 9, 10, 11],
      "excluded_lines": [],
      "functions": {
        "": {
          "executed_lines": [],
          "summary": {
            "covered_lines": 0,
            "num_statements": 5,
            "percent_covered": 0.0,
            "percent_covered_display": "0.00",
            "missing_lines": 5,
            "excluded_lines": 0,
            "percent_statements_covered": 0.0,
            "percent_statements_covered_display": "0.00"
          },
          "missing_lines": [3, 6, 9, 10, 11],
          "excluded_lines": []
        }
      },
      "classes": {
        "StandardResultsSetPagination": {
          "executed_lines": [],
          "summary": {
            "covered_lines": 0,
            "num_statements": 0,
            "percent_covered": 100.0,
            "percent_covered_display": "100.00",
            "missing_lines": 0,
            "excluded_lines": 0,
            "percent_statements_covered": 100.0,
            "percent_statements_covered_display": "100.00"
          },
          "missing_lines": [],
          "excluded_lines": []
        },
        "": {
          "executed_lines": [],
          "summary": {
            "covered_lines": 0,
            "num_statements": 5,
            "percent_covered": 0.0,
            "percent_covered_display": "0.00",
            "missing_lines": 5,
            "excluded_lines": 0,
            "percent_statements_covered": 0.0,
            "percent_statements_covered_display": "0.00"
          },
          "missing_lines": [3, 6, 9, 10, 11],
          "excluded_lines": []
        }
      }
    },
    "apps/common/urls.py": {
      "executed_lines": [1, 3, 5, 7],
      "summary": {
        "covered_lines": 3,
        "num_statements": 3,
        "percent_covered": 100.0,
        "percent_covered_display": "100.00",
        "missing_lines": 0,
        "excluded_lines": 0,
        "percent_statements_covered": 100.0,
        "percent_statements_covered_display": "100.00"
      },
      "missing_lines": [],
      "excluded_lines": [],
      "functions": {
        "": {
          "executed_lines": [1, 3, 5, 7],
          "summary": {
            "covered_lines": 3,
            "num_statements": 3,
            "percent_covered": 100.0,
            "percent_covered_display": "100.00",
            "missing_lines": 0,
            "excluded_lines": 0,
            "percent_statements_covered": 100.0,
            "percent_statements_covered_display": "100.00"
          },
          "missing_lines": [],
          "excluded_lines": []
        }
      },
      "classes": {
        "": {
          "executed_lines": [1, 3, 5, 7],
          "summary": {
            "covered_lines": 3,
            "num_statements": 3,
            "percent_covered": 100.0,
            "percent_covered_display": "100.00",
            "missing_lines": 0,
            "excluded_lines": 0,
            "percent_statements_covered": 100.0,
            "percent_statements_covered_display": "100.00"
          },
          "missing_lines": [],
          "excluded_lines": []
        }
      }
    },
    "apps/common/views.py": {
      "executed_lines": [1, 3, 4, 5, 8, 9, 10, 32, 33, 34],
      "summary": {
        "covered_lines": 9,
        "num_statements": 29,
        "percent_covered": 31.03448275862069,
        "percent_covered_display": "31.03",
        "missing_lines": 20,
        "excluded_lines": 0,
        "percent_statements_covered": 31.03448275862069,
        "percent_statements_covered_display": "31.03"
      },
      "missing_lines": [
        12, 14, 15, 16, 17, 18, 20, 27, 28, 29, 36, 37, 38, 39, 40, 41, 43, 55,
        56, 57
      ],
      "excluded_lines": [],
      "functions": {
        "health_check": {
          "executed_lines": [],
          "summary": {
            "covered_lines": 0,
            "num_statements": 10,
            "percent_covered": 0.0,
            "percent_covered_display": "0.00",
            "missing_lines": 10,
            "excluded_lines": 0,
            "percent_statements_covered": 0.0,
            "percent_statements_covered_display": "0.00"
          },
          "missing_lines": [12, 14, 15, 16, 17, 18, 20, 27, 28, 29],
          "excluded_lines": []
        },
        "api_info": {
          "executed_lines": [],
          "summary": {
            "covered_lines": 0,
            "num_statements": 10,
            "percent_covered": 0.0,
            "percent_covered_display": "0.00",
            "missing_lines": 10,
            "excluded_lines": 0,
            "percent_statements_covered": 0.0,
            "percent_statements_covered_display": "0.00"
          },
          "missing_lines": [36, 37, 38, 39, 40, 41, 43, 55, 56, 57],
          "excluded_lines": []
        },
        "": {
          "executed_lines": [1, 3, 4, 5, 8, 9, 10, 32, 33, 34],
          "summary": {
            "covered_lines": 9,
            "num_statements": 9,
            "percent_covered": 100.0,
            "percent_covered_display": "100.00",
            "missing_lines": 0,
            "excluded_lines": 0,
            "percent_statements_covered": 100.0,
            "percent_statements_covered_display": "100.00"
          },
          "missing_lines": [],
          "excluded_lines": []
        }
      },
      "classes": {
        "": {
          "executed_lines": [1, 3, 4, 5, 8, 9, 10, 32, 33, 34],
          "summary": {
            "covered_lines": 9,
            "num_statements": 29,
            "percent_covered": 31.03448275862069,
            "percent_covered_display": "31.03",
            "missing_lines": 20,
            "excluded_lines": 0,
            "percent_statements_covered": 31.03448275862069,
            "percent_statements_covered_display": "31.03"
          },
          "missing_lines": [
            12, 14, 15, 16, 17, 18, 20, 27, 28, 29, 36, 37, 38, 39, 40, 41, 43,
            55, 56, 57
          ],
          "excluded_lines": []
        }
      }
    },
    "apps/english/__init__.py": {
      "executed_lines": [],
      "summary": {
        "covered_lines": 0,
        "num_statements": 0,
        "percent_covered": 100.0,
        "percent_covered_display": "100.00",
        "missing_lines": 0,
        "excluded_lines": 0,
        "percent_statements_covered": 100.0,
        "percent_statements_covered_display": "100.00"
      },
      "missing_lines": [],
      "excluded_lines": [],
      "functions": {
        "": {
          "executed_lines": [],
          "summary": {
            "covered_lines": 0,
            "num_statements": 0,
            "percent_covered": 100.0,
            "percent_covered_display": "100.00",
            "missing_lines": 0,
            "excluded_lines": 0,
            "percent_statements_covered": 100.0,
            "percent_statements_covered_display": "100.00"
          },
          "missing_lines": [],
          "excluded_lines": []
        }
      },
      "classes": {
        "": {
          "executed_lines": [],
          "summary": {
            "covered_lines": 0,
            "num_statements": 0,
            "percent_covered": 100.0,
            "percent_covered_display": "100.00",
            "missing_lines": 0,
            "excluded_lines": 0,
            "percent_statements_covered": 100.0,
            "percent_statements_covered_display": "100.00"
          },
          "missing_lines": [],
          "excluded_lines": []
        }
      }
    },
    "apps/english/urls.py": {
      "executed_lines": [],
      "summary": {
        "covered_lines": 0,
        "num_statements": 2,
        "percent_covered": 0.0,
        "percent_covered_display": "0.00",
        "missing_lines": 2,
        "excluded_lines": 0,
        "percent_statements_covered": 0.0,
        "percent_statements_covered_display": "0.00"
      },
      "missing_lines": [2, 5],
      "excluded_lines": [],
      "functions": {
        "": {
          "executed_lines": [],
          "summary": {
            "covered_lines": 0,
            "num_statements": 2,
            "percent_covered": 0.0,
            "percent_covered_display": "0.00",
            "missing_lines": 2,
            "excluded_lines": 0,
            "percent_statements_covered": 0.0,
            "percent_statements_covered_display": "0.00"
          },
          "missing_lines": [2, 5],
          "excluded_lines": []
        }
      },
      "classes": {
        "": {
          "executed_lines": [],
          "summary": {
            "covered_lines": 0,
            "num_statements": 2,
            "percent_covered": 0.0,
            "percent_covered_display": "0.00",
            "missing_lines": 2,
            "excluded_lines": 0,
            "percent_statements_covered": 0.0,
            "percent_statements_covered_display": "0.00"
          },
          "missing_lines": [2, 5],
          "excluded_lines": []
        }
      }
    },
    "apps/feature_flags/__init__.py": {
      "executed_lines": [],
      "summary": {
        "covered_lines": 0,
        "num_statements": 0,
        "percent_covered": 100.0,
        "percent_covered_display": "100.00",
        "missing_lines": 0,
        "excluded_lines": 0,
        "percent_statements_covered": 100.0,
        "percent_statements_covered_display": "100.00"
      },
      "missing_lines": [],
      "excluded_lines": [],
      "functions": {
        "": {
          "executed_lines": [],
          "summary": {
            "covered_lines": 0,
            "num_statements": 0,
            "percent_covered": 100.0,
            "percent_covered_display": "100.00",
            "missing_lines": 0,
            "excluded_lines": 0,
            "percent_statements_covered": 100.0,
            "percent_statements_covered_display": "100.00"
          },
          "missing_lines": [],
          "excluded_lines": []
        }
      },
      "classes": {
        "": {
          "executed_lines": [],
          "summary": {
            "covered_lines": 0,
            "num_statements": 0,
            "percent_covered": 100.0,
            "percent_covered_display": "100.00",
            "missing_lines": 0,
            "excluded_lines": 0,
            "percent_statements_covered": 100.0,
            "percent_statements_covered_display": "100.00"
          },
          "missing_lines": [],
          "excluded_lines": []
        }
      }
    },
    "apps/feature_flags/apps.py": {
      "executed_lines": [],
      "summary": {
        "covered_lines": 0,
        "num_statements": 5,
        "percent_covered": 0.0,
        "percent_covered_display": "0.00",
        "missing_lines": 5,
        "excluded_lines": 0,
        "percent_statements_covered": 0.0,
        "percent_statements_covered_display": "0.00"
      },
      "missing_lines": [4, 7, 10, 11, 12],
      "excluded_lines": [],
      "functions": {
        "": {
          "executed_lines": [],
          "summary": {
            "covered_lines": 0,
            "num_statements": 5,
            "percent_covered": 0.0,
            "percent_covered_display": "0.00",
            "missing_lines": 5,
            "excluded_lines": 0,
            "percent_statements_covered": 0.0,
            "percent_statements_covered_display": "0.00"
          },
          "missing_lines": [4, 7, 10, 11, 12],
          "excluded_lines": []
        }
      },
      "classes": {
        "FeatureFlagsConfig": {
          "executed_lines": [],
          "summary": {
            "covered_lines": 0,
            "num_statements": 0,
            "percent_covered": 100.0,
            "percent_covered_display": "100.00",
            "missing_lines": 0,
            "excluded_lines": 0,
            "percent_statements_covered": 100.0,
            "percent_statements_covered_display": "100.00"
          },
          "missing_lines": [],
          "excluded_lines": []
        },
        "": {
          "executed_lines": [],
          "summary": {
            "covered_lines": 0,
            "num_statements": 5,
            "percent_covered": 0.0,
            "percent_covered_display": "0.00",
            "missing_lines": 5,
            "excluded_lines": 0,
            "percent_statements_covered": 0.0,
            "percent_statements_covered_display": "0.00"
          },
          "missing_lines": [4, 7, 10, 11, 12],
          "excluded_lines": []
        }
      }
    },
    "apps/feature_flags/models.py": {
      "executed_lines": [],
      "summary": {
        "covered_lines": 0,
        "num_statements": 13,
        "percent_covered": 0.0,
        "percent_covered_display": "0.00",
        "missing_lines": 13,
        "excluded_lines": 0,
        "percent_statements_covered": 0.0,
        "percent_statements_covered_display": "0.00"
      },
      "missing_lines": [4, 7, 10, 11, 12, 13, 14, 16, 17, 18, 19, 21, 22],
      "excluded_lines": [],
      "functions": {
        "FeatureFlag.__str__": {
          "executed_lines": [],
          "summary": {
            "covered_lines": 0,
            "num_statements": 1,
            "percent_covered": 0.0,
            "percent_covered_display": "0.00",
            "missing_lines": 1,
            "excluded_lines": 0,
            "percent_statements_covered": 0.0,
            "percent_statements_covered_display": "0.00"
          },
          "missing_lines": [22],
          "excluded_lines": []
        },
        "": {
          "executed_lines": [],
          "summary": {
            "covered_lines": 0,
            "num_statements": 12,
            "percent_covered": 0.0,
            "percent_covered_display": "0.00",
            "missing_lines": 12,
            "excluded_lines": 0,
            "percent_statements_covered": 0.0,
            "percent_statements_covered_display": "0.00"
          },
          "missing_lines": [4, 7, 10, 11, 12, 13, 14, 16, 17, 18, 19, 21],
          "excluded_lines": []
        }
      },
      "classes": {
        "FeatureFlag": {
          "executed_lines": [],
          "summary": {
            "covered_lines": 0,
            "num_statements": 1,
            "percent_covered": 0.0,
            "percent_covered_display": "0.00",
            "missing_lines": 1,
            "excluded_lines": 0,
            "percent_statements_covered": 0.0,
            "percent_statements_covered_display": "0.00"
          },
          "missing_lines": [22],
          "excluded_lines": []
        },
        "FeatureFlag.Meta": {
          "executed_lines": [],
          "summary": {
            "covered_lines": 0,
            "num_statements": 0,
            "percent_covered": 100.0,
            "percent_covered_display": "100.00",
            "missing_lines": 0,
            "excluded_lines": 0,
            "percent_statements_covered": 100.0,
            "percent_statements_covered_display": "100.00"
          },
          "missing_lines": [],
          "excluded_lines": []
        },
        "": {
          "executed_lines": [],
          "summary": {
            "covered_lines": 0,
            "num_statements": 12,
            "percent_covered": 0.0,
            "percent_covered_display": "0.00",
            "missing_lines": 12,
            "excluded_lines": 0,
            "percent_statements_covered": 0.0,
            "percent_statements_covered_display": "0.00"
          },
          "missing_lines": [4, 7, 10, 11, 12, 13, 14, 16, 17, 18, 19, 21],
          "excluded_lines": []
        }
      }
    },
    "apps/feature_flags/urls.py": {
      "executed_lines": [],
      "summary": {
        "covered_lines": 0,
        "num_statements": 4,
        "percent_covered": 0.0,
        "percent_covered_display": "0.00",
        "missing_lines": 4,
        "excluded_lines": 0,
        "percent_statements_covered": 0.0,
        "percent_statements_covered_display": "0.00"
      },
      "missing_lines": [4, 6, 8, 10],
      "excluded_lines": [],
      "functions": {
        "": {
          "executed_lines": [],
          "summary": {
            "covered_lines": 0,
            "num_statements": 4,
            "percent_covered": 0.0,
            "percent_covered_display": "0.00",
            "missing_lines": 4,
            "excluded_lines": 0,
            "percent_statements_covered": 0.0,
            "percent_statements_covered_display": "0.00"
          },
          "missing_lines": [4, 6, 8, 10],
          "excluded_lines": []
        }
      },
      "classes": {
        "": {
          "executed_lines": [],
          "summary": {
            "covered_lines": 0,
            "num_statements": 4,
            "percent_covered": 0.0,
            "percent_covered_display": "0.00",
            "missing_lines": 4,
            "excluded_lines": 0,
            "percent_statements_covered": 0.0,
            "percent_statements_covered_display": "0.00"
          },
          "missing_lines": [4, 6, 8, 10],
          "excluded_lines": []
        }
      }
    },
    "apps/feature_flags/views.py": {
      "executed_lines": [],
      "summary": {
        "covered_lines": 0,
        "num_statements": 3,
        "percent_covered": 0.0,
        "percent_covered_display": "0.00",
        "missing_lines": 3,
        "excluded_lines": 0,
        "percent_statements_covered": 0.0,
        "percent_statements_covered_display": "0.00"
      },
      "missing_lines": [4, 7, 9],
      "excluded_lines": [],
      "functions": {
        "feature_flags_status": {
          "executed_lines": [],
          "summary": {
            "covered_lines": 0,
            "num_statements": 1,
            "percent_covered": 0.0,
            "percent_covered_display": "0.00",
            "missing_lines": 1,
            "excluded_lines": 0,
            "percent_statements_covered": 0.0,
            "percent_statements_covered_display": "0.00"
          },
          "missing_lines": [9],
          "excluded_lines": []
        },
        "": {
          "executed_lines": [],
          "summary": {
            "covered_lines": 0,
            "num_statements": 2,
            "percent_covered": 0.0,
            "percent_covered_display": "0.00",
            "missing_lines": 2,
            "excluded_lines": 0,
            "percent_statements_covered": 0.0,
            "percent_statements_covered_display": "0.00"
          },
          "missing_lines": [4, 7],
          "excluded_lines": []
        }
      },
      "classes": {
        "": {
          "executed_lines": [],
          "summary": {
            "covered_lines": 0,
            "num_statements": 3,
            "percent_covered": 0.0,
            "percent_covered_display": "0.00",
            "missing_lines": 3,
            "excluded_lines": 0,
            "percent_statements_covered": 0.0,
            "percent_statements_covered_display": "0.00"
          },
          "missing_lines": [4, 7, 9],
          "excluded_lines": []
        }
      }
    },
    "apps/jobs/__init__.py": {
      "executed_lines": [],
      "summary": {
        "covered_lines": 0,
        "num_statements": 0,
        "percent_covered": 100.0,
        "percent_covered_display": "100.00",
        "missing_lines": 0,
        "excluded_lines": 0,
        "percent_statements_covered": 100.0,
        "percent_statements_covered_display": "100.00"
      },
      "missing_lines": [],
      "excluded_lines": [],
      "functions": {
        "": {
          "executed_lines": [],
          "summary": {
            "covered_lines": 0,
            "num_statements": 0,
            "percent_covered": 100.0,
            "percent_covered_display": "100.00",
            "missing_lines": 0,
            "excluded_lines": 0,
            "percent_statements_covered": 100.0,
            "percent_statements_covered_display": "100.00"
          },
          "missing_lines": [],
          "excluded_lines": []
        }
      },
      "classes": {
        "": {
          "executed_lines": [],
          "summary": {
            "covered_lines": 0,
            "num_statements": 0,
            "percent_covered": 100.0,
            "percent_covered_display": "100.00",
            "missing_lines": 0,
            "excluded_lines": 0,
            "percent_statements_covered": 100.0,
            "percent_statements_covered_display": "100.00"
          },
          "missing_lines": [],
          "excluded_lines": []
        }
      }
    },
    "apps/jobs/urls.py": {
      "executed_lines": [],
      "summary": {
        "covered_lines": 0,
        "num_statements": 2,
        "percent_covered": 0.0,
        "percent_covered_display": "0.00",
        "missing_lines": 2,
        "excluded_lines": 0,
        "percent_statements_covered": 0.0,
        "percent_statements_covered_display": "0.00"
      },
      "missing_lines": [2, 5],
      "excluded_lines": [],
      "functions": {
        "": {
          "executed_lines": [],
          "summary": {
            "covered_lines": 0,
            "num_statements": 2,
            "percent_covered": 0.0,
            "percent_covered_display": "0.00",
            "missing_lines": 2,
            "excluded_lines": 0,
            "percent_statements_covered": 0.0,
            "percent_statements_covered_display": "0.00"
          },
          "missing_lines": [2, 5],
          "excluded_lines": []
        }
      },
      "classes": {
        "": {
          "executed_lines": [],
          "summary": {
            "covered_lines": 0,
            "num_statements": 2,
            "percent_covered": 0.0,
            "percent_covered_display": "0.00",
            "missing_lines": 2,
            "excluded_lines": 0,
            "percent_statements_covered": 0.0,
            "percent_statements_covered_display": "0.00"
          },
          "missing_lines": [2, 5],
          "excluded_lines": []
        }
      }
    },
    "apps/users/__init__.py": {
      "executed_lines": [0],
      "summary": {
        "covered_lines": 0,
        "num_statements": 0,
        "percent_covered": 100.0,
        "percent_covered_display": "100.00",
        "missing_lines": 0,
        "excluded_lines": 0,
        "percent_statements_covered": 100.0,
        "percent_statements_covered_display": "100.00"
      },
      "missing_lines": [],
      "excluded_lines": [],
      "functions": {
        "": {
          "executed_lines": [],
          "summary": {
            "covered_lines": 0,
            "num_statements": 0,
            "percent_covered": 100.0,
            "percent_covered_display": "100.00",
            "missing_lines": 0,
            "excluded_lines": 0,
            "percent_statements_covered": 100.0,
            "percent_statements_covered_display": "100.00"
          },
          "missing_lines": [],
          "excluded_lines": []
        }
      },
      "classes": {
        "": {
          "executed_lines": [],
          "summary": {
            "covered_lines": 0,
            "num_statements": 0,
            "percent_covered": 100.0,
            "percent_covered_display": "100.00",
            "missing_lines": 0,
            "excluded_lines": 0,
            "percent_statements_covered": 100.0,
            "percent_statements_covered_display": "100.00"
          },
          "missing_lines": [],
          "excluded_lines": []
        }
      }
    },
    "apps/users/models.py": {
      "executed_lines": [
        3, 5, 6, 9, 10, 14, 15, 18, 25, 30, 39, 44, 52, 59, 67, 68, 69, 70, 71,
        74, 78, 82, 91, 92, 94, 95, 102, 107, 113, 117, 123, 129, 130, 131, 132,
        133, 137, 139, 143, 149, 154, 155, 157, 158, 165, 171, 175, 181, 187,
        188, 189, 190, 191, 195, 197, 201, 207
      ],
      "summary": {
        "covered_lines": 53,
        "num_statements": 66,
        "percent_covered": 80.3030303030303,
        "percent_covered_display": "80.30",
        "missing_lines": 13,
        "excluded_lines": 0,
        "percent_statements_covered": 80.3030303030303,
        "percent_statements_covered_display": "80.30"
      },
      "missing_lines": [
        80, 84, 85, 86, 88, 141, 145, 147, 151, 199, 203, 205, 209
      ],
      "excluded_lines": [],
      "functions": {
        "User.__str__": {
          "executed_lines": [],
          "summary": {
            "covered_lines": 0,
            "num_statements": 1,
            "percent_covered": 0.0,
            "percent_covered_display": "0.00",
            "missing_lines": 1,
            "excluded_lines": 0,
            "percent_statements_covered": 0.0,
            "percent_statements_covered_display": "0.00"
          },
          "missing_lines": [80],
          "excluded_lines": []
        },
        "User.is_locked": {
          "executed_lines": [],
          "summary": {
            "covered_lines": 0,
            "num_statements": 4,
            "percent_covered": 0.0,
            "percent_covered_display": "0.00",
            "missing_lines": 4,
            "excluded_lines": 0,
            "percent_statements_covered": 0.0,
            "percent_statements_covered_display": "0.00"
          },
          "missing_lines": [84, 85, 86, 88],
          "excluded_lines": []
        },
        "EmailVerification.__str__": {
          "executed_lines": [],
          "summary": {
            "covered_lines": 0,
            "num_statements": 1,
            "percent_covered": 0.0,
            "percent_covered_display": "0.00",
            "missing_lines": 1,
            "excluded_lines": 0,
            "percent_statements_covered": 0.0,
            "percent_statements_covered_display": "0.00"
          },
          "missing_lines": [141],
          "excluded_lines": []
        },
        "EmailVerification.is_expired": {
          "executed_lines": [],
          "summary": {
            "covered_lines": 0,
            "num_statements": 2,
            "percent_covered": 0.0,
            "percent_covered_display": "0.00",
            "missing_lines": 2,
            "excluded_lines": 0,
            "percent_statements_covered": 0.0,
            "percent_statements_covered_display": "0.00"
          },
          "missing_lines": [145, 147],
          "excluded_lines": []
        },
        "EmailVerification.is_verified": {
          "executed_lines": [],
          "summary": {
            "covered_lines": 0,
            "num_statements": 1,
            "percent_covered": 0.0,
            "percent_covered_display": "0.00",
            "missing_lines": 1,
            "excluded_lines": 0,
            "percent_statements_covered": 0.0,
            "percent_statements_covered_display": "0.00"
          },
          "missing_lines": [151],
          "excluded_lines": []
        },
        "PasswordReset.__str__": {
          "executed_lines": [],
          "summary": {
            "covered_lines": 0,
            "num_statements": 1,
            "percent_covered": 0.0,
            "percent_covered_display": "0.00",
            "missing_lines": 1,
            "excluded_lines": 0,
            "percent_statements_covered": 0.0,
            "percent_statements_covered_display": "0.00"
          },
          "missing_lines": [199],
          "excluded_lines": []
        },
        "PasswordReset.is_expired": {
          "executed_lines": [],
          "summary": {
            "covered_lines": 0,
            "num_statements": 2,
            "percent_covered": 0.0,
            "percent_covered_display": "0.00",
            "missing_lines": 2,
            "excluded_lines": 0,
            "percent_statements_covered": 0.0,
            "percent_statements_covered_display": "0.00"
          },
          "missing_lines": [203, 205],
          "excluded_lines": []
        },
        "PasswordReset.is_used": {
          "executed_lines": [],
          "summary": {
            "covered_lines": 0,
            "num_statements": 1,
            "percent_covered": 0.0,
            "percent_covered_display": "0.00",
            "missing_lines": 1,
            "excluded_lines": 0,
            "percent_statements_covered": 0.0,
            "percent_statements_covered_display": "0.00"
          },
          "missing_lines": [209],
          "excluded_lines": []
        },
        "": {
          "executed_lines": [
            3, 5, 6, 9, 10, 14, 15, 18, 25, 30, 39, 44, 52, 59, 67, 68, 69, 70,
            71, 74, 78, 82, 91, 92, 94, 95, 102, 107, 113, 117, 123, 129, 130,
            131, 132, 133, 137, 139, 143, 149, 154, 155, 157, 158, 165, 171,
            175, 181, 187, 188, 189, 190, 191, 195, 197, 201, 207
          ],
          "summary": {
            "covered_lines": 53,
            "num_statements": 53,
            "percent_covered": 100.0,
            "percent_covered_display": "100.00",
            "missing_lines": 0,
            "excluded_lines": 0,
            "percent_statements_covered": 100.0,
            "percent_statements_covered_display": "100.00"
          },
          "missing_lines": [],
          "excluded_lines": []
        }
      },
      "classes": {
        "User": {
          "executed_lines": [],
          "summary": {
            "covered_lines": 0,
            "num_statements": 5,
            "percent_covered": 0.0,
            "percent_covered_display": "0.00",
            "missing_lines": 5,
            "excluded_lines": 0,
            "percent_statements_covered": 0.0,
            "percent_statements_covered_display": "0.00"
          },
          "missing_lines": [80, 84, 85, 86, 88],
          "excluded_lines": []
        },
        "User.Meta": {
          "executed_lines": [],
          "summary": {
            "covered_lines": 0,
            "num_statements": 0,
            "percent_covered": 100.0,
            "percent_covered_display": "100.00",
            "missing_lines": 0,
            "excluded_lines": 0,
            "percent_statements_covered": 100.0,
            "percent_statements_covered_display": "100.00"
          },
          "missing_lines": [],
          "excluded_lines": []
        },
        "EmailVerification": {
          "executed_lines": [],
          "summary": {
            "covered_lines": 0,
            "num_statements": 4,
            "percent_covered": 0.0,
            "percent_covered_display": "0.00",
            "missing_lines": 4,
            "excluded_lines": 0,
            "percent_statements_covered": 0.0,
            "percent_statements_covered_display": "0.00"
          },
          "missing_lines": [141, 145, 147, 151],
          "excluded_lines": []
        },
        "EmailVerification.Meta": {
          "executed_lines": [],
          "summary": {
            "covered_lines": 0,
            "num_statements": 0,
            "percent_covered": 100.0,
            "percent_covered_display": "100.00",
            "missing_lines": 0,
            "excluded_lines": 0,
            "percent_statements_covered": 100.0,
            "percent_statements_covered_display": "100.00"
          },
          "missing_lines": [],
          "excluded_lines": []
        },
        "PasswordReset": {
          "executed_lines": [],
          "summary": {
            "covered_lines": 0,
            "num_statements": 4,
            "percent_covered": 0.0,
            "percent_covered_display": "0.00",
            "missing_lines": 4,
            "excluded_lines": 0,
            "percent_statements_covered": 0.0,
            "percent_statements_covered_display": "0.00"
          },
          "missing_lines": [199, 203, 205, 209],
          "excluded_lines": []
        },
        "PasswordReset.Meta": {
          "executed_lines": [],
          "summary": {
            "covered_lines": 0,
            "num_statements": 0,
            "percent_covered": 100.0,
            "percent_covered_display": "100.00",
            "missing_lines": 0,
            "excluded_lines": 0,
            "percent_statements_covered": 100.0,
            "percent_statements_covered_display": "100.00"
          },
          "missing_lines": [],
          "excluded_lines": []
        },
        "": {
          "executed_lines": [
            3, 5, 6, 9, 10, 14, 15, 18, 25, 30, 39, 44, 52, 59, 67, 68, 69, 70,
            71, 74, 78, 82, 91, 92, 94, 95, 102, 107, 113, 117, 123, 129, 130,
            131, 132, 133, 137, 139, 143, 149, 154, 155, 157, 158, 165, 171,
            175, 181, 187, 188, 189, 190, 191, 195, 197, 201, 207
          ],
          "summary": {
            "covered_lines": 53,
            "num_statements": 53,
            "percent_covered": 100.0,
            "percent_covered_display": "100.00",
            "missing_lines": 0,
            "excluded_lines": 0,
            "percent_statements_covered": 100.0,
            "percent_statements_covered_display": "100.00"
          },
          "missing_lines": [],
          "excluded_lines": []
        }
      }
    },
    "apps/users/serializers.py": {
      "executed_lines": [
        3, 5, 7, 8, 9, 10, 11, 13, 16, 17, 19, 20, 26, 31, 32, 34, 42, 65, 87,
        114, 115, 117, 120, 125, 126, 128, 164, 165, 167, 170, 175, 176, 178,
        215, 216, 218, 220, 226, 227, 229, 230, 231, 233, 235, 237, 238, 240,
        241, 245
      ],
      "summary": {
        "covered_lines": 43,
        "num_statements": 109,
        "percent_covered": 39.44954128440367,
        "percent_covered_display": "39.45",
        "missing_lines": 66,
        "excluded_lines": 0,
        "percent_statements_covered": 39.44954128440367,
        "percent_statements_covered_display": "39.45"
      },
      "missing_lines": [
        36, 37, 40, 45, 46, 49, 50, 52, 53, 58, 59, 60, 61, 63, 68, 69, 71, 72,
        77, 78, 80, 81, 85, 89, 90, 94, 97, 98, 99, 100, 101, 104, 111, 131,
        132, 134, 135, 140, 141, 144, 146, 147, 152, 153, 156, 157, 161, 181,
        182, 184, 185, 190, 191, 194, 196, 198, 199, 200, 203, 205, 206, 207,
        210, 211, 212, 223
      ],
      "excluded_lines": [],
      "functions": {
        "UserRegisterSerializer.validate_email": {
          "executed_lines": [],
          "summary": {
            "covered_lines": 0,
            "num_statements": 3,
            "percent_covered": 0.0,
            "percent_covered_display": "0.00",
            "missing_lines": 3,
            "excluded_lines": 0,
            "percent_statements_covered": 0.0,
            "percent_statements_covered_display": "0.00"
          },
          "missing_lines": [36, 37, 40],
          "excluded_lines": []
        },
        "UserRegisterSerializer.validate_password": {
          "executed_lines": [],
          "summary": {
            "covered_lines": 0,
            "num_statements": 11,
            "percent_covered": 0.0,
            "percent_covered_display": "0.00",
            "missing_lines": 11,
            "excluded_lines": 0,
            "percent_statements_covered": 0.0,
            "percent_statements_covered_display": "0.00"
          },
          "missing_lines": [45, 46, 49, 50, 52, 53, 58, 59, 60, 61, 63],
          "excluded_lines": []
        },
        "UserRegisterSerializer.validate": {
          "executed_lines": [],
          "summary": {
            "covered_lines": 0,
            "num_statements": 9,
            "percent_covered": 0.0,
            "percent_covered_display": "0.00",
            "missing_lines": 9,
            "excluded_lines": 0,
            "percent_statements_covered": 0.0,
            "percent_statements_covered_display": "0.00"
          },
          "missing_lines": [68, 69, 71, 72, 77, 78, 80, 81, 85],
          "excluded_lines": []
        },
        "UserRegisterSerializer.create": {
          "executed_lines": [],
          "summary": {
            "covered_lines": 0,
            "num_statements": 10,
            "percent_covered": 0.0,
            "percent_covered_display": "0.00",
            "missing_lines": 10,
            "excluded_lines": 0,
            "percent_statements_covered": 0.0,
            "percent_statements_covered_display": "0.00"
          },
          "missing_lines": [89, 90, 94, 97, 98, 99, 100, 101, 104, 111],
          "excluded_lines": []
        },
        "UserLoginSerializer.validate": {
          "executed_lines": [],
          "summary": {
            "covered_lines": 0,
            "num_statements": 14,
            "percent_covered": 0.0,
            "percent_covered_display": "0.00",
            "missing_lines": 14,
            "excluded_lines": 0,
            "percent_statements_covered": 0.0,
            "percent_statements_covered_display": "0.00"
          },
          "missing_lines": [
            131, 132, 134, 135, 140, 141, 144, 146, 147, 152, 153, 156, 157, 161
          ],
          "excluded_lines": []
        },
        "PreviewLoginSerializer.validate": {
          "executed_lines": [],
          "summary": {
            "covered_lines": 0,
            "num_statements": 18,
            "percent_covered": 0.0,
            "percent_covered_display": "0.00",
            "missing_lines": 18,
            "excluded_lines": 0,
            "percent_statements_covered": 0.0,
            "percent_statements_covered_display": "0.00"
          },
          "missing_lines": [
            181, 182, 184, 185, 190, 191, 194, 196, 198, 199, 200, 203, 205,
            206, 207, 210, 211, 212
          ],
          "excluded_lines": []
        },
        "SendEmailVerificationSerializer.validate_email": {
          "executed_lines": [],
          "summary": {
            "covered_lines": 0,
            "num_statements": 1,
            "percent_covered": 0.0,
            "percent_covered_display": "0.00",
            "missing_lines": 1,
            "excluded_lines": 0,
            "percent_statements_covered": 0.0,
            "percent_statements_covered_display": "0.00"
          },
          "missing_lines": [223],
          "excluded_lines": []
        },
        "SendPasswordResetSerializer.validate": {
          "executed_lines": [235, 237, 238, 240, 241, 245],
          "summary": {
            "covered_lines": 6,
            "num_statements": 6,
            "percent_covered": 100.0,
            "percent_covered_display": "100.00",
            "missing_lines": 0,
            "excluded_lines": 0,
            "percent_statements_covered": 100.0,
            "percent_statements_covered_display": "100.00"
          },
          "missing_lines": [],
          "excluded_lines": []
        },
        "": {
          "executed_lines": [
            3, 5, 7, 8, 9, 10, 11, 13, 16, 17, 19, 20, 26, 31, 32, 34, 42, 65,
            87, 114, 115, 117, 120, 125, 126, 128, 164, 165, 167, 170, 175, 176,
            178, 215, 216, 218, 220, 226, 227, 229, 230, 231, 233
          ],
          "summary": {
            "covered_lines": 37,
            "num_statements": 37,
            "percent_covered": 100.0,
            "percent_covered_display": "100.00",
            "missing_lines": 0,
            "excluded_lines": 0,
            "percent_statements_covered": 100.0,
            "percent_statements_covered_display": "100.00"
          },
          "missing_lines": [],
          "excluded_lines": []
        }
      },
      "classes": {
        "UserRegisterSerializer": {
          "executed_lines": [],
          "summary": {
            "covered_lines": 0,
            "num_statements": 33,
            "percent_covered": 0.0,
            "percent_covered_display": "0.00",
            "missing_lines": 33,
            "excluded_lines": 0,
            "percent_statements_covered": 0.0,
            "percent_statements_covered_display": "0.00"
          },
          "missing_lines": [
            36, 37, 40, 45, 46, 49, 50, 52, 53, 58, 59, 60, 61, 63, 68, 69, 71,
            72, 77, 78, 80, 81, 85, 89, 90, 94, 97, 98, 99, 100, 101, 104, 111
          ],
          "excluded_lines": []
        },
        "UserLoginSerializer": {
          "executed_lines": [],
          "summary": {
            "covered_lines": 0,
            "num_statements": 14,
            "percent_covered": 0.0,
            "percent_covered_display": "0.00",
            "missing_lines": 14,
            "excluded_lines": 0,
            "percent_statements_covered": 0.0,
            "percent_statements_covered_display": "0.00"
          },
          "missing_lines": [
            131, 132, 134, 135, 140, 141, 144, 146, 147, 152, 153, 156, 157, 161
          ],
          "excluded_lines": []
        },
        "PreviewLoginSerializer": {
          "executed_lines": [],
          "summary": {
            "covered_lines": 0,
            "num_statements": 18,
            "percent_covered": 0.0,
            "percent_covered_display": "0.00",
            "missing_lines": 18,
            "excluded_lines": 0,
            "percent_statements_covered": 0.0,
            "percent_statements_covered_display": "0.00"
          },
          "missing_lines": [
            181, 182, 184, 185, 190, 191, 194, 196, 198, 199, 200, 203, 205,
            206, 207, 210, 211, 212
          ],
          "excluded_lines": []
        },
        "SendEmailVerificationSerializer": {
          "executed_lines": [],
          "summary": {
            "covered_lines": 0,
            "num_statements": 1,
            "percent_covered": 0.0,
            "percent_covered_display": "0.00",
            "missing_lines": 1,
            "excluded_lines": 0,
            "percent_statements_covered": 0.0,
            "percent_statements_covered_display": "0.00"
          },
          "missing_lines": [223],
          "excluded_lines": []
        },
        "SendPasswordResetSerializer": {
          "executed_lines": [235, 237, 238, 240, 241, 245],
          "summary": {
            "covered_lines": 6,
            "num_statements": 6,
            "percent_covered": 100.0,
            "percent_covered_display": "100.00",
            "missing_lines": 0,
            "excluded_lines": 0,
            "percent_statements_covered": 100.0,
            "percent_statements_covered_display": "100.00"
          },
          "missing_lines": [],
          "excluded_lines": []
        },
        "": {
          "executed_lines": [
            3, 5, 7, 8, 9, 10, 11, 13, 16, 17, 19, 20, 26, 31, 32, 34, 42, 65,
            87, 114, 115, 117, 120, 125, 126, 128, 164, 165, 167, 170, 175, 176,
            178, 215, 216, 218, 220, 226, 227, 229, 230, 231, 233
          ],
          "summary": {
            "covered_lines": 37,
            "num_statements": 37,
            "percent_covered": 100.0,
            "percent_covered_display": "100.00",
            "missing_lines": 0,
            "excluded_lines": 0,
            "percent_statements_covered": 100.0,
            "percent_statements_covered_display": "100.00"
          },
          "missing_lines": [],
          "excluded_lines": []
        }
      }
    },
    "apps/users/tasks.py": {
      "executed_lines": [3, 5, 7, 8, 9, 10, 12, 15, 24, 98, 107],
      "summary": {
        "covered_lines": 10,
        "num_statements": 44,
        "percent_covered": 22.727272727272727,
        "percent_covered_display": "22.73",
        "missing_lines": 34,
        "excluded_lines": 0,
        "percent_statements_covered": 22.727272727272727,
        "percent_statements_covered_display": "22.73"
      },
      "missing_lines": [
        36, 39, 40, 43, 46, 52, 58, 61, 67, 70, 73, 78, 80, 87, 88, 91, 95, 119,
        122, 123, 126, 129, 135, 141, 144, 150, 153, 156, 161, 163, 170, 171,
        174, 178
      ],
      "excluded_lines": [],
      "functions": {
        "send_email_verification": {
          "executed_lines": [],
          "summary": {
            "covered_lines": 0,
            "num_statements": 17,
            "percent_covered": 0.0,
            "percent_covered_display": "0.00",
            "missing_lines": 17,
            "excluded_lines": 0,
            "percent_statements_covered": 0.0,
            "percent_statements_covered_display": "0.00"
          },
          "missing_lines": [
            36, 39, 40, 43, 46, 52, 58, 61, 67, 70, 73, 78, 80, 87, 88, 91, 95
          ],
          "excluded_lines": []
        },
        "send_password_reset_email": {
          "executed_lines": [],
          "summary": {
            "covered_lines": 0,
            "num_statements": 17,
            "percent_covered": 0.0,
            "percent_covered_display": "0.00",
            "missing_lines": 17,
            "excluded_lines": 0,
            "percent_statements_covered": 0.0,
            "percent_statements_covered_display": "0.00"
          },
          "missing_lines": [
            119, 122, 123, 126, 129, 135, 141, 144, 150, 153, 156, 161, 163,
            170, 171, 174, 178
          ],
          "excluded_lines": []
        },
        "": {
          "executed_lines": [3, 5, 7, 8, 9, 10, 12, 15, 24, 98, 107],
          "summary": {
            "covered_lines": 10,
            "num_statements": 10,
            "percent_covered": 100.0,
            "percent_covered_display": "100.00",
            "missing_lines": 0,
            "excluded_lines": 0,
            "percent_statements_covered": 100.0,
            "percent_statements_covered_display": "100.00"
          },
          "missing_lines": [],
          "excluded_lines": []
        }
      },
      "classes": {
        "": {
          "executed_lines": [3, 5, 7, 8, 9, 10, 12, 15, 24, 98, 107],
          "summary": {
            "covered_lines": 10,
            "num_statements": 44,
            "percent_covered": 22.727272727272727,
            "percent_covered_display": "22.73",
            "missing_lines": 34,
            "excluded_lines": 0,
            "percent_statements_covered": 22.727272727272727,
            "percent_statements_covered_display": "22.73"
          },
          "missing_lines": [
            36, 39, 40, 43, 46, 52, 58, 61, 67, 70, 73, 78, 80, 87, 88, 91, 95,
            119, 122, 123, 126, 129, 135, 141, 144, 150, 153, 156, 161, 163,
            170, 171, 174, 178
          ],
          "excluded_lines": []
        }
      }
    },
    "apps/users/throttling.py": {
      "executed_lines": [3, 5, 8, 9, 14, 15, 17],
      "summary": {
        "covered_lines": 5,
        "num_statements": 9,
        "percent_covered": 55.55555555555556,
        "percent_covered_display": "55.56",
        "missing_lines": 4,
        "excluded_lines": 0,
        "percent_statements_covered": 55.55555555555556,
        "percent_statements_covered_display": "55.56"
      },
      "missing_lines": [28, 30, 33, 35],
      "excluded_lines": [],
      "functions": {
        "PreviewLoginThrottle.get_cache_key": {
          "executed_lines": [],
          "summary": {
            "covered_lines": 0,
            "num_statements": 4,
            "percent_covered": 0.0,
            "percent_covered_display": "0.00",
            "missing_lines": 4,
            "excluded_lines": 0,
            "percent_statements_covered": 0.0,
            "percent_statements_covered_display": "0.00"
          },
          "missing_lines": [28, 30, 33, 35],
          "excluded_lines": []
        },
        "": {
          "executed_lines": [3, 5, 8, 9, 14, 15, 17],
          "summary": {
            "covered_lines": 5,
            "num_statements": 5,
            "percent_covered": 100.0,
            "percent_covered_display": "100.00",
            "missing_lines": 0,
            "excluded_lines": 0,
            "percent_statements_covered": 100.0,
            "percent_statements_covered_display": "100.00"
          },
          "missing_lines": [],
          "excluded_lines": []
        }
      },
      "classes": {
        "PreviewLoginThrottle": {
          "executed_lines": [],
          "summary": {
            "covered_lines": 0,
            "num_statements": 4,
            "percent_covered": 0.0,
            "percent_covered_display": "0.00",
            "missing_lines": 4,
            "excluded_lines": 0,
            "percent_statements_covered": 0.0,
            "percent_statements_covered_display": "0.00"
          },
          "missing_lines": [28, 30, 33, 35],
          "excluded_lines": []
        },
        "": {
          "executed_lines": [3, 5, 8, 9, 14, 15, 17],
          "summary": {
            "covered_lines": 5,
            "num_statements": 5,
            "percent_covered": 100.0,
            "percent_covered_display": "100.00",
            "missing_lines": 0,
            "excluded_lines": 0,
            "percent_statements_covered": 100.0,
            "percent_statements_covered_display": "100.00"
          },
          "missing_lines": [],
          "excluded_lines": []
        }
      }
    },
    "apps/users/urls.py": {
      "executed_lines": [3, 5, 17, 19, 21],
      "summary": {
        "covered_lines": 4,
        "num_statements": 4,
        "percent_covered": 100.0,
        "percent_covered_display": "100.00",
        "missing_lines": 0,
        "excluded_lines": 0,
        "percent_statements_covered": 100.0,
        "percent_statements_covered_display": "100.00"
      },
      "missing_lines": [],
      "excluded_lines": [],
      "functions": {
        "": {
          "executed_lines": [3, 5, 17, 19, 21],
          "summary": {
            "covered_lines": 4,
            "num_statements": 4,
            "percent_covered": 100.0,
            "percent_covered_display": "100.00",
            "missing_lines": 0,
            "excluded_lines": 0,
            "percent_statements_covered": 100.0,
            "percent_statements_covered_display": "100.00"
          },
          "missing_lines": [],
          "excluded_lines": []
        }
      },
      "classes": {
        "": {
          "executed_lines": [3, 5, 17, 19, 21],
          "summary": {
            "covered_lines": 4,
            "num_statements": 4,
            "percent_covered": 100.0,
            "percent_covered_display": "100.00",
            "missing_lines": 0,
            "excluded_lines": 0,
            "percent_statements_covered": 100.0,
            "percent_statements_covered_display": "100.00"
          },
          "missing_lines": [],
          "excluded_lines": []
        }
      }
    },
    "apps/users/utils.py": {
      "executed_lines": [
        3, 5, 6, 7, 8, 9, 11, 12, 15, 27, 28, 31, 32, 33, 36, 38, 41, 42, 44,
        45, 47, 50, 51, 52, 55, 61, 62, 63, 69, 72, 73, 74, 75, 76, 77, 82, 85,
        86, 87, 88, 93, 96, 97, 98, 99, 100, 103, 105, 108, 120, 121, 122, 125,
        136, 139, 140, 142, 144, 147, 149, 150, 155, 165, 167, 169, 171, 172,
        173, 174
      ],
      "summary": {
        "covered_lines": 68,
        "num_statements": 74,
        "percent_covered": 91.89189189189189,
        "percent_covered_display": "91.89",
        "missing_lines": 6,
        "excluded_lines": 0,
        "percent_statements_covered": 91.89189189189189,
        "percent_statements_covered_display": "91.89"
      },
      "missing_lines": [137, 152, 177, 178, 179, 180],
      "excluded_lines": [],
      "functions": {
        "generate_captcha": {
          "executed_lines": [
            27, 28, 31, 32, 33, 36, 38, 41, 42, 44, 45, 47, 50, 51, 52, 55, 61,
            62, 63, 69, 72, 73, 74, 75, 76, 77, 82, 85, 86, 87, 88, 93, 96, 97,
            98, 99, 100, 103, 105
          ],
          "summary": {
            "covered_lines": 39,
            "num_statements": 39,
            "percent_covered": 100.0,
            "percent_covered_display": "100.00",
            "missing_lines": 0,
            "excluded_lines": 0,
            "percent_statements_covered": 100.0,
            "percent_statements_covered_display": "100.00"
          },
          "missing_lines": [],
          "excluded_lines": []
        },
        "store_captcha": {
          "executed_lines": [120, 121, 122],
          "summary": {
            "covered_lines": 3,
            "num_statements": 3,
            "percent_covered": 100.0,
            "percent_covered_display": "100.00",
            "missing_lines": 0,
            "excluded_lines": 0,
            "percent_statements_covered": 100.0,
            "percent_statements_covered_display": "100.00"
          },
          "missing_lines": [],
          "excluded_lines": []
        },
        "verify_captcha": {
          "executed_lines": [136, 139, 140, 142, 144, 147, 149, 150],
          "summary": {
            "covered_lines": 8,
            "num_statements": 10,
            "percent_covered": 80.0,
            "percent_covered_display": "80.00",
            "missing_lines": 2,
            "excluded_lines": 0,
            "percent_statements_covered": 80.0,
            "percent_statements_covered_display": "80.00"
          },
          "missing_lines": [137, 152],
          "excluded_lines": []
        },
        "find_user_by_email_or_username": {
          "executed_lines": [165, 167, 169, 171, 172, 173, 174],
          "summary": {
            "covered_lines": 7,
            "num_statements": 11,
            "percent_covered": 63.63636363636363,
            "percent_covered_display": "63.64",
            "missing_lines": 4,
            "excluded_lines": 0,
            "percent_statements_covered": 63.63636363636363,
            "percent_statements_covered_display": "63.64"
          },
          "missing_lines": [177, 178, 179, 180],
          "excluded_lines": []
        },
        "": {
          "executed_lines": [3, 5, 6, 7, 8, 9, 11, 12, 15, 108, 125, 155],
          "summary": {
            "covered_lines": 11,
            "num_statements": 11,
            "percent_covered": 100.0,
            "percent_covered_display": "100.00",
            "missing_lines": 0,
            "excluded_lines": 0,
            "percent_statements_covered": 100.0,
            "percent_statements_covered_display": "100.00"
          },
          "missing_lines": [],
          "excluded_lines": []
        }
      },
      "classes": {
        "": {
          "executed_lines": [
            3, 5, 6, 7, 8, 9, 11, 12, 15, 27, 28, 31, 32, 33, 36, 38, 41, 42,
            44, 45, 47, 50, 51, 52, 55, 61, 62, 63, 69, 72, 73, 74, 75, 76, 77,
            82, 85, 86, 87, 88, 93, 96, 97, 98, 99, 100, 103, 105, 108, 120,
            121, 122, 125, 136, 139, 140, 142, 144, 147, 149, 150, 155, 165,
            167, 169, 171, 172, 173, 174
          ],
          "summary": {
            "covered_lines": 68,
            "num_statements": 74,
            "percent_covered": 91.89189189189189,
            "percent_covered_display": "91.89",
            "missing_lines": 6,
            "excluded_lines": 0,
            "percent_statements_covered": 91.89189189189189,
            "percent_statements_covered_display": "91.89"
          },
          "missing_lines": [137, 152, 177, 178, 179, 180],
          "excluded_lines": []
        }
      }
    },
    "apps/users/views.py": {
      "executed_lines": [
        3, 5, 6, 8, 9, 16, 17, 18, 23, 24, 25, 26, 27, 28, 29, 30, 31, 33, 36,
        39, 40, 42, 44, 54, 55, 56, 59, 65, 89, 90, 92, 102, 103, 105, 126, 127,
        129, 131, 203, 216, 265, 266, 268, 270, 403, 417, 418, 420, 421, 423,
        440, 466, 516, 517, 519, 521, 562, 563, 565, 567, 611, 612, 614, 616,
        694, 695, 697, 699, 764, 765, 767, 769, 783, 784, 785, 787, 788, 789,
        796, 799, 802, 827
      ],
      "summary": {
        "covered_lines": 70,
        "num_statements": 254,
        "percent_covered": 27.559055118110237,
        "percent_covered_display": "27.56",
        "missing_lines": 184,
        "excluded_lines": 0,
        "percent_statements_covered": 27.559055118110237,
        "percent_statements_covered_display": "27.56"
      },
      "missing_lines": [
        63, 73, 76, 79, 99, 118, 119, 120, 123, 142, 143, 144, 147, 153, 154,
        155, 158, 162, 163, 166, 167, 168, 169, 176, 183, 184, 187, 188, 191,
        194, 198, 199, 201, 213, 214, 232, 234, 236, 237, 238, 241, 244, 247,
        250, 285, 287, 289, 292, 293, 294, 297, 298, 299, 300, 303, 304, 305,
        306, 307, 310, 313, 315, 316, 317, 319, 321, 323, 324, 327, 334, 339,
        346, 352, 353, 356, 359, 362, 363, 368, 369, 370, 371, 374, 375, 381,
        382, 383, 384, 387, 390, 413, 414, 433, 435, 438, 450, 452, 459, 481,
        483, 485, 488, 489, 490, 493, 496, 497, 498, 500, 502, 508, 510, 531,
        533, 534, 539, 541, 542, 545, 550, 551, 555, 556, 578, 579, 584, 586,
        588, 589, 591, 592, 593, 595, 598, 603, 605, 631, 632, 633, 634, 639,
        642, 643, 649, 652, 655, 666, 672, 677, 679, 681, 682, 688, 709, 711,
        712, 713, 714, 720, 721, 727, 728, 734, 735, 736, 737, 740, 741, 743,
        748, 750, 752, 753, 758, 791, 804, 807, 810, 820, 832, 834, 836, 837,
        843
      ],
      "excluded_lines": [],
      "functions": {
        "BaseCaptchaView._handle_captcha_error": {
          "executed_lines": [54, 55, 56, 59],
          "summary": {
            "covered_lines": 4,
            "num_statements": 5,
            "percent_covered": 80.0,
            "percent_covered_display": "80.00",
            "missing_lines": 1,
            "excluded_lines": 0,
            "percent_statements_covered": 80.0,
            "percent_statements_covered_display": "80.00"
          },
          "missing_lines": [63],
          "excluded_lines": []
        },
        "BaseCaptchaView._create_captcha_response": {
          "executed_lines": [],
          "summary": {
            "covered_lines": 0,
            "num_statements": 3,
            "percent_covered": 0.0,
            "percent_covered_display": "0.00",
            "missing_lines": 3,
            "excluded_lines": 0,
            "percent_statements_covered": 0.0,
            "percent_statements_covered_display": "0.00"
          },
          "missing_lines": [73, 76, 79],
          "excluded_lines": []
        },
        "CaptchaAPIView.get": {
          "executed_lines": [],
          "summary": {
            "covered_lines": 0,
            "num_statements": 1,
            "percent_covered": 0.0,
            "percent_covered_display": "0.00",
            "missing_lines": 1,
            "excluded_lines": 0,
            "percent_statements_covered": 0.0,
            "percent_statements_covered_display": "0.00"
          },
          "missing_lines": [99],
          "excluded_lines": []
        },
        "CaptchaRefreshAPIView.post": {
          "executed_lines": [],
          "summary": {
            "covered_lines": 0,
            "num_statements": 4,
            "percent_covered": 0.0,
            "percent_covered_display": "0.00",
            "missing_lines": 4,
            "excluded_lines": 0,
            "percent_statements_covered": 0.0,
            "percent_statements_covered_display": "0.00"
          },
          "missing_lines": [118, 119, 120, 123],
          "excluded_lines": []
        },
        "RegisterAPIView._format_error_response": {
          "executed_lines": [],
          "summary": {
            "covered_lines": 0,
            "num_statements": 24,
            "percent_covered": 0.0,
            "percent_covered_display": "0.00",
            "missing_lines": 24,
            "excluded_lines": 0,
            "percent_statements_covered": 0.0,
            "percent_statements_covered_display": "0.00"
          },
          "missing_lines": [
            142, 143, 144, 147, 153, 154, 155, 158, 162, 163, 166, 167, 168,
            169, 176, 183, 184, 187, 188, 191, 194, 198, 199, 201
          ],
          "excluded_lines": []
        },
        "RegisterAPIView._generate_tokens": {
          "executed_lines": [],
          "summary": {
            "covered_lines": 0,
            "num_statements": 2,
            "percent_covered": 0.0,
            "percent_covered_display": "0.00",
            "missing_lines": 2,
            "excluded_lines": 0,
            "percent_statements_covered": 0.0,
            "percent_statements_covered_display": "0.00"
          },
          "missing_lines": [213, 214],
          "excluded_lines": []
        },
        "RegisterAPIView.post": {
          "executed_lines": [],
          "summary": {
            "covered_lines": 0,
            "num_statements": 9,
            "percent_covered": 0.0,
            "percent_covered_display": "0.00",
            "missing_lines": 9,
            "excluded_lines": 0,
            "percent_statements_covered": 0.0,
            "percent_statements_covered_display": "0.00"
          },
          "missing_lines": [232, 234, 236, 237, 238, 241, 244, 247, 250],
          "excluded_lines": []
        },
        "LoginAPIView.post": {
          "executed_lines": [],
          "summary": {
            "covered_lines": 0,
            "num_statements": 46,
            "percent_covered": 0.0,
            "percent_covered_display": "0.00",
            "missing_lines": 46,
            "excluded_lines": 0,
            "percent_statements_covered": 0.0,
            "percent_statements_covered_display": "0.00"
          },
          "missing_lines": [
            285, 287, 289, 292, 293, 294, 297, 298, 299, 300, 303, 304, 305,
            306, 307, 310, 313, 315, 316, 317, 319, 321, 323, 324, 327, 334,
            339, 346, 352, 353, 356, 359, 362, 363, 368, 369, 370, 371, 374,
            375, 381, 382, 383, 384, 387, 390
          ],
          "excluded_lines": []
        },
        "LoginAPIView._generate_tokens": {
          "executed_lines": [],
          "summary": {
            "covered_lines": 0,
            "num_statements": 2,
            "percent_covered": 0.0,
            "percent_covered_display": "0.00",
            "missing_lines": 2,
            "excluded_lines": 0,
            "percent_statements_covered": 0.0,
            "percent_statements_covered_display": "0.00"
          },
          "missing_lines": [413, 414],
          "excluded_lines": []
        },
        "PreviewAPIView._get_avatar_letter": {
          "executed_lines": [],
          "summary": {
            "covered_lines": 0,
            "num_statements": 3,
            "percent_covered": 0.0,
            "percent_covered_display": "0.00",
            "missing_lines": 3,
            "excluded_lines": 0,
            "percent_statements_covered": 0.0,
            "percent_statements_covered_display": "0.00"
          },
          "missing_lines": [433, 435, 438],
          "excluded_lines": []
        },
        "PreviewAPIView._format_user_preview_data": {
          "executed_lines": [],
          "summary": {
            "covered_lines": 0,
            "num_statements": 3,
            "percent_covered": 0.0,
            "percent_covered_display": "0.00",
            "missing_lines": 3,
            "excluded_lines": 0,
            "percent_statements_covered": 0.0,
            "percent_statements_covered_display": "0.00"
          },
          "missing_lines": [450, 452, 459],
          "excluded_lines": []
        },
        "PreviewAPIView.post": {
          "executed_lines": [],
          "summary": {
            "covered_lines": 0,
            "num_statements": 14,
            "percent_covered": 0.0,
            "percent_covered_display": "0.00",
            "missing_lines": 14,
            "excluded_lines": 0,
            "percent_statements_covered": 0.0,
            "percent_statements_covered_display": "0.00"
          },
          "missing_lines": [
            481, 483, 485, 488, 489, 490, 493, 496, 497, 498, 500, 502, 508, 510
          ],
          "excluded_lines": []
        },
        "TokenRefreshAPIView.post": {
          "executed_lines": [],
          "summary": {
            "covered_lines": 0,
            "num_statements": 11,
            "percent_covered": 0.0,
            "percent_covered_display": "0.00",
            "missing_lines": 11,
            "excluded_lines": 0,
            "percent_statements_covered": 0.0,
            "percent_statements_covered_display": "0.00"
          },
          "missing_lines": [
            531, 533, 534, 539, 541, 542, 545, 550, 551, 555, 556
          ],
          "excluded_lines": []
        },
        "LogoutAPIView.post": {
          "executed_lines": [],
          "summary": {
            "covered_lines": 0,
            "num_statements": 13,
            "percent_covered": 0.0,
            "percent_covered_display": "0.00",
            "missing_lines": 13,
            "excluded_lines": 0,
            "percent_statements_covered": 0.0,
            "percent_statements_covered_display": "0.00"
          },
          "missing_lines": [
            578, 579, 584, 586, 588, 589, 591, 592, 593, 595, 598, 603, 605
          ],
          "excluded_lines": []
        },
        "SendEmailVerificationAPIView.post": {
          "executed_lines": [],
          "summary": {
            "covered_lines": 0,
            "num_statements": 17,
            "percent_covered": 0.0,
            "percent_covered_display": "0.00",
            "missing_lines": 17,
            "excluded_lines": 0,
            "percent_statements_covered": 0.0,
            "percent_statements_covered_display": "0.00"
          },
          "missing_lines": [
            631, 632, 633, 634, 639, 642, 643, 649, 652, 655, 666, 672, 677,
            679, 681, 682, 688
          ],
          "excluded_lines": []
        },
        "VerifyEmailAPIView.get": {
          "executed_lines": [],
          "summary": {
            "covered_lines": 0,
            "num_statements": 21,
            "percent_covered": 0.0,
            "percent_covered_display": "0.00",
            "missing_lines": 21,
            "excluded_lines": 0,
            "percent_statements_covered": 0.0,
            "percent_statements_covered_display": "0.00"
          },
          "missing_lines": [
            709, 711, 712, 713, 714, 720, 721, 727, 728, 734, 735, 736, 737,
            740, 741, 743, 748, 750, 752, 753, 758
          ],
          "excluded_lines": []
        },
        "SendPasswordResetAPIView.post": {
          "executed_lines": [783, 784, 785, 787, 788, 789, 796, 799, 802, 827],
          "summary": {
            "covered_lines": 10,
            "num_statements": 20,
            "percent_covered": 50.0,
            "percent_covered_display": "50.00",
            "missing_lines": 10,
            "excluded_lines": 0,
            "percent_statements_covered": 50.0,
            "percent_statements_covered_display": "50.00"
          },
          "missing_lines": [791, 804, 807, 810, 820, 832, 834, 836, 837, 843],
          "excluded_lines": []
        },
        "": {
          "executed_lines": [
            3, 5, 6, 8, 9, 16, 17, 18, 23, 24, 25, 26, 27, 28, 29, 30, 31, 33,
            36, 39, 40, 42, 44, 65, 89, 90, 92, 102, 103, 105, 126, 127, 129,
            131, 203, 216, 265, 266, 268, 270, 403, 417, 418, 420, 421, 423,
            440, 466, 516, 517, 519, 521, 562, 563, 565, 567, 611, 612, 614,
            616, 694, 695, 697, 699, 764, 765, 767, 769
          ],
          "summary": {
            "covered_lines": 56,
            "num_statements": 56,
            "percent_covered": 100.0,
            "percent_covered_display": "100.00",
            "missing_lines": 0,
            "excluded_lines": 0,
            "percent_statements_covered": 100.0,
            "percent_statements_covered_display": "100.00"
          },
          "missing_lines": [],
          "excluded_lines": []
        }
      },
      "classes": {
        "BaseCaptchaView": {
          "executed_lines": [54, 55, 56, 59],
          "summary": {
            "covered_lines": 4,
            "num_statements": 8,
            "percent_covered": 50.0,
            "percent_covered_display": "50.00",
            "missing_lines": 4,
            "excluded_lines": 0,
            "percent_statements_covered": 50.0,
            "percent_statements_covered_display": "50.00"
          },
          "missing_lines": [63, 73, 76, 79],
          "excluded_lines": []
        },
        "CaptchaAPIView": {
          "executed_lines": [],
          "summary": {
            "covered_lines": 0,
            "num_statements": 1,
            "percent_covered": 0.0,
            "percent_covered_display": "0.00",
            "missing_lines": 1,
            "excluded_lines": 0,
            "percent_statements_covered": 0.0,
            "percent_statements_covered_display": "0.00"
          },
          "missing_lines": [99],
          "excluded_lines": []
        },
        "CaptchaRefreshAPIView": {
          "executed_lines": [],
          "summary": {
            "covered_lines": 0,
            "num_statements": 4,
            "percent_covered": 0.0,
            "percent_covered_display": "0.00",
            "missing_lines": 4,
            "excluded_lines": 0,
            "percent_statements_covered": 0.0,
            "percent_statements_covered_display": "0.00"
          },
          "missing_lines": [118, 119, 120, 123],
          "excluded_lines": []
        },
        "RegisterAPIView": {
          "executed_lines": [],
          "summary": {
            "covered_lines": 0,
            "num_statements": 35,
            "percent_covered": 0.0,
            "percent_covered_display": "0.00",
            "missing_lines": 35,
            "excluded_lines": 0,
            "percent_statements_covered": 0.0,
            "percent_statements_covered_display": "0.00"
          },
          "missing_lines": [
            142, 143, 144, 147, 153, 154, 155, 158, 162, 163, 166, 167, 168,
            169, 176, 183, 184, 187, 188, 191, 194, 198, 199, 201, 213, 214,
            232, 234, 236, 237, 238, 241, 244, 247, 250
          ],
          "excluded_lines": []
        },
        "LoginAPIView": {
          "executed_lines": [],
          "summary": {
            "covered_lines": 0,
            "num_statements": 48,
            "percent_covered": 0.0,
            "percent_covered_display": "0.00",
            "missing_lines": 48,
            "excluded_lines": 0,
            "percent_statements_covered": 0.0,
            "percent_statements_covered_display": "0.00"
          },
          "missing_lines": [
            285, 287, 289, 292, 293, 294, 297, 298, 299, 300, 303, 304, 305,
            306, 307, 310, 313, 315, 316, 317, 319, 321, 323, 324, 327, 334,
            339, 346, 352, 353, 356, 359, 362, 363, 368, 369, 370, 371, 374,
            375, 381, 382, 383, 384, 387, 390, 413, 414
          ],
          "excluded_lines": []
        },
        "PreviewAPIView": {
          "executed_lines": [],
          "summary": {
            "covered_lines": 0,
            "num_statements": 20,
            "percent_covered": 0.0,
            "percent_covered_display": "0.00",
            "missing_lines": 20,
            "excluded_lines": 0,
            "percent_statements_covered": 0.0,
            "percent_statements_covered_display": "0.00"
          },
          "missing_lines": [
            433, 435, 438, 450, 452, 459, 481, 483, 485, 488, 489, 490, 493,
            496, 497, 498, 500, 502, 508, 510
          ],
          "excluded_lines": []
        },
        "TokenRefreshAPIView": {
          "executed_lines": [],
          "summary": {
            "covered_lines": 0,
            "num_statements": 11,
            "percent_covered": 0.0,
            "percent_covered_display": "0.00",
            "missing_lines": 11,
            "excluded_lines": 0,
            "percent_statements_covered": 0.0,
            "percent_statements_covered_display": "0.00"
          },
          "missing_lines": [
            531, 533, 534, 539, 541, 542, 545, 550, 551, 555, 556
          ],
          "excluded_lines": []
        },
        "LogoutAPIView": {
          "executed_lines": [],
          "summary": {
            "covered_lines": 0,
            "num_statements": 13,
            "percent_covered": 0.0,
            "percent_covered_display": "0.00",
            "missing_lines": 13,
            "excluded_lines": 0,
            "percent_statements_covered": 0.0,
            "percent_statements_covered_display": "0.00"
          },
          "missing_lines": [
            578, 579, 584, 586, 588, 589, 591, 592, 593, 595, 598, 603, 605
          ],
          "excluded_lines": []
        },
        "SendEmailVerificationAPIView": {
          "executed_lines": [],
          "summary": {
            "covered_lines": 0,
            "num_statements": 17,
            "percent_covered": 0.0,
            "percent_covered_display": "0.00",
            "missing_lines": 17,
            "excluded_lines": 0,
            "percent_statements_covered": 0.0,
            "percent_statements_covered_display": "0.00"
          },
          "missing_lines": [
            631, 632, 633, 634, 639, 642, 643, 649, 652, 655, 666, 672, 677,
            679, 681, 682, 688
          ],
          "excluded_lines": []
        },
        "VerifyEmailAPIView": {
          "executed_lines": [],
          "summary": {
            "covered_lines": 0,
            "num_statements": 21,
            "percent_covered": 0.0,
            "percent_covered_display": "0.00",
            "missing_lines": 21,
            "excluded_lines": 0,
            "percent_statements_covered": 0.0,
            "percent_statements_covered_display": "0.00"
          },
          "missing_lines": [
            709, 711, 712, 713, 714, 720, 721, 727, 728, 734, 735, 736, 737,
            740, 741, 743, 748, 750, 752, 753, 758
          ],
          "excluded_lines": []
        },
        "SendPasswordResetAPIView": {
          "executed_lines": [783, 784, 785, 787, 788, 789, 796, 799, 802, 827],
          "summary": {
            "covered_lines": 10,
            "num_statements": 20,
            "percent_covered": 50.0,
            "percent_covered_display": "50.00",
            "missing_lines": 10,
            "excluded_lines": 0,
            "percent_statements_covered": 50.0,
            "percent_statements_covered_display": "50.00"
          },
          "missing_lines": [791, 804, 807, 810, 820, 832, 834, 836, 837, 843],
          "excluded_lines": []
        },
        "": {
          "executed_lines": [
            3, 5, 6, 8, 9, 16, 17, 18, 23, 24, 25, 26, 27, 28, 29, 30, 31, 33,
            36, 39, 40, 42, 44, 65, 89, 90, 92, 102, 103, 105, 126, 127, 129,
            131, 203, 216, 265, 266, 268, 270, 403, 417, 418, 420, 421, 423,
            440, 466, 516, 517, 519, 521, 562, 563, 565, 567, 611, 612, 614,
            616, 694, 695, 697, 699, 764, 765, 767, 769
          ],
          "summary": {
            "covered_lines": 56,
            "num_statements": 56,
            "percent_covered": 100.0,
            "percent_covered_display": "100.00",
            "missing_lines": 0,
            "excluded_lines": 0,
            "percent_statements_covered": 100.0,
            "percent_statements_covered_display": "100.00"
          },
          "missing_lines": [],
          "excluded_lines": []
        }
      }
    },
    "bravo/__init__.py": {
      "executed_lines": [4, 6],
      "summary": {
        "covered_lines": 2,
        "num_statements": 2,
        "percent_covered": 100.0,
        "percent_covered_display": "100.00",
        "missing_lines": 0,
        "excluded_lines": 0,
        "percent_statements_covered": 100.0,
        "percent_statements_covered_display": "100.00"
      },
      "missing_lines": [],
      "excluded_lines": [],
      "functions": {
        "": {
          "executed_lines": [4, 6],
          "summary": {
            "covered_lines": 2,
            "num_statements": 2,
            "percent_covered": 100.0,
            "percent_covered_display": "100.00",
            "missing_lines": 0,
            "excluded_lines": 0,
            "percent_statements_covered": 100.0,
            "percent_statements_covered_display": "100.00"
          },
          "missing_lines": [],
          "excluded_lines": []
        }
      },
      "classes": {
        "": {
          "executed_lines": [4, 6],
          "summary": {
            "covered_lines": 2,
            "num_statements": 2,
            "percent_covered": 100.0,
            "percent_covered_display": "100.00",
            "missing_lines": 0,
            "excluded_lines": 0,
            "percent_statements_covered": 100.0,
            "percent_statements_covered_display": "100.00"
          },
          "missing_lines": [],
          "excluded_lines": []
        }
      }
    },
    "bravo/celery.py": {
      "executed_lines": [1, 3, 6, 8, 11, 14, 17, 18],
      "summary": {
        "covered_lines": 8,
        "num_statements": 9,
        "percent_covered": 88.88888888888889,
        "percent_covered_display": "88.89",
        "missing_lines": 1,
        "excluded_lines": 0,
        "percent_statements_covered": 88.88888888888889,
        "percent_statements_covered_display": "88.89"
      },
      "missing_lines": [19],
      "excluded_lines": [],
      "functions": {
        "debug_task": {
          "executed_lines": [],
          "summary": {
            "covered_lines": 0,
            "num_statements": 1,
            "percent_covered": 0.0,
            "percent_covered_display": "0.00",
            "missing_lines": 1,
            "excluded_lines": 0,
            "percent_statements_covered": 0.0,
            "percent_statements_covered_display": "0.00"
          },
          "missing_lines": [19],
          "excluded_lines": []
        },
        "": {
          "executed_lines": [1, 3, 6, 8, 11, 14, 17, 18],
          "summary": {
            "covered_lines": 8,
            "num_statements": 8,
            "percent_covered": 100.0,
            "percent_covered_display": "100.00",
            "missing_lines": 0,
            "excluded_lines": 0,
            "percent_statements_covered": 100.0,
            "percent_statements_covered_display": "100.00"
          },
          "missing_lines": [],
          "excluded_lines": []
        }
      },
      "classes": {
        "": {
          "executed_lines": [1, 3, 6, 8, 11, 14, 17, 18],
          "summary": {
            "covered_lines": 8,
            "num_statements": 9,
            "percent_covered": 88.88888888888889,
            "percent_covered_display": "88.89",
            "missing_lines": 1,
            "excluded_lines": 0,
            "percent_statements_covered": 88.88888888888889,
            "percent_statements_covered_display": "88.89"
          },
          "missing_lines": [19],
          "excluded_lines": []
        }
      }
    },
    "bravo/urls.py": {
      "executed_lines": [],
      "summary": {
        "covered_lines": 0,
        "num_statements": 11,
        "percent_covered": 0.0,
        "percent_covered_display": "0.00",
        "missing_lines": 11,
        "excluded_lines": 3,
        "percent_statements_covered": 0.0,
        "percent_statements_covered_display": "0.00"
      },
      "missing_lines": [16, 18, 19, 20, 21, 22, 25, 27, 40, 42, 55],
      "excluded_lines": [64, 65, 66],
      "functions": {
        "health_check": {
          "executed_lines": [],
          "summary": {
            "covered_lines": 0,
            "num_statements": 1,
            "percent_covered": 0.0,
            "percent_covered_display": "0.00",
            "missing_lines": 1,
            "excluded_lines": 0,
            "percent_statements_covered": 0.0,
            "percent_statements_covered_display": "0.00"
          },
          "missing_lines": [27],
          "excluded_lines": []
        },
        "api_root": {
          "executed_lines": [],
          "summary": {
            "covered_lines": 0,
            "num_statements": 1,
            "percent_covered": 0.0,
            "percent_covered_display": "0.00",
            "missing_lines": 1,
            "excluded_lines": 0,
            "percent_statements_covered": 0.0,
            "percent_statements_covered_display": "0.00"
          },
          "missing_lines": [42],
          "excluded_lines": []
        },
        "": {
          "executed_lines": [],
          "summary": {
            "covered_lines": 0,
            "num_statements": 9,
            "percent_covered": 0.0,
            "percent_covered_display": "0.00",
            "missing_lines": 9,
            "excluded_lines": 3,
            "percent_statements_covered": 0.0,
            "percent_statements_covered_display": "0.00"
          },
          "missing_lines": [16, 18, 19, 20, 21, 22, 25, 40, 55],
          "excluded_lines": [64, 65, 66]
        }
      },
      "classes": {
        "": {
          "executed_lines": [],
          "summary": {
            "covered_lines": 0,
            "num_statements": 11,
            "percent_covered": 0.0,
            "percent_covered_display": "0.00",
            "missing_lines": 11,
            "excluded_lines": 3,
            "percent_statements_covered": 0.0,
            "percent_statements_covered_display": "0.00"
          },
          "missing_lines": [16, 18, 19, 20, 21, 22, 25, 27, 40, 42, 55],
          "excluded_lines": [64, 65, 66]
        }
      }
    },
    "bravo/urls_test.py": {
      "executed_lines": [2, 4, 5, 6, 7, 10, 26],
      "summary": {
        "covered_lines": 6,
        "num_statements": 7,
        "percent_covered": 85.71428571428571,
        "percent_covered_display": "85.71",
        "missing_lines": 1,
        "excluded_lines": 0,
        "percent_statements_covered": 85.71428571428571,
        "percent_statements_covered_display": "85.71"
      },
      "missing_lines": [12],
      "excluded_lines": [],
      "functions": {
        "home_view": {
          "executed_lines": [],
          "summary": {
            "covered_lines": 0,
            "num_statements": 1,
            "percent_covered": 0.0,
            "percent_covered_display": "0.00",
            "missing_lines": 1,
            "excluded_lines": 0,
            "percent_statements_covered": 0.0,
            "percent_statements_covered_display": "0.00"
          },
          "missing_lines": [12],
          "excluded_lines": []
        },
        "": {
          "executed_lines": [2, 4, 5, 6, 7, 10, 26],
          "summary": {
            "covered_lines": 6,
            "num_statements": 6,
            "percent_covered": 100.0,
            "percent_covered_display": "100.00",
            "missing_lines": 0,
            "excluded_lines": 0,
            "percent_statements_covered": 100.0,
            "percent_statements_covered_display": "100.00"
          },
          "missing_lines": [],
          "excluded_lines": []
        }
      },
      "classes": {
        "": {
          "executed_lines": [2, 4, 5, 6, 7, 10, 26],
          "summary": {
            "covered_lines": 6,
            "num_statements": 7,
            "percent_covered": 85.71428571428571,
            "percent_covered_display": "85.71",
            "missing_lines": 1,
            "excluded_lines": 0,
            "percent_statements_covered": 85.71428571428571,
            "percent_statements_covered_display": "85.71"
          },
          "missing_lines": [12],
          "excluded_lines": []
        }
      }
    }
  },
  "totals": {
    "covered_lines": 281,
    "num_statements": 657,
    "percent_covered": 42.77016742770167,
    "percent_covered_display": "42.77",
    "missing_lines": 376,
    "excluded_lines": 3,
    "percent_statements_covered": 42.77016742770167,
    "percent_statements_covered_display": "42.77"
  }
}
