{
  "meta": {
    "format": 3,
    "version": "7.13.5",
    "timestamp": "2026-03-19T13:52:34.020056",
    "branch_coverage": false,
    "show_contexts": false
  },
  "files": {
    "apps/__init__.py": {
      "executed_lines": [],
      "summary": {
        "covered_lines": 0,
        "num_statements": 0,
        "percent_covered": 100.0,
        "percent_covered_display": "100.00",
        "missing_lines": 0,
        "excluded_lines": 0,
        "percent_statements_covered": 100.0,
        "percent_statements_covered_display": "100.00"
      },
      "missing_lines": [],
      "excluded_lines": [],
      "functions": {
        "": {
          "executed_lines": [],
          "summary": {
            "covered_lines": 0,
            "num_statements": 0,
            "percent_covered": 100.0,
            "percent_covered_display": "100.00",
            "missing_lines": 0,
            "excluded_lines": 0,
            "percent_statements_covered": 100.0,
            "percent_statements_covered_display": "100.00"
          },
          "missing_lines": [],
          "excluded_lines": [],
          "start_line": 1
        }
      },
      "classes": {
        "": {
          "executed_lines": [],
          "summary": {
            "covered_lines": 0,
            "num_statements": 0,
            "percent_covered": 100.0,
            "percent_covered_display": "100.00",
            "missing_lines": 0,
            "excluded_lines": 0,
            "percent_statements_covered": 100.0,
            "percent_statements_covered_display": "100.00"
          },
          "missing_lines": [],
          "excluded_lines": [],
          "start_line": 1
        }
      }
    },
    "apps/blog/__init__.py": {
      "executed_lines": [],
      "summary": {
        "covered_lines": 0,
        "num_statements": 0,
        "percent_covered": 100.0,
        "percent_covered_display": "100.00",
        "missing_lines": 0,
        "excluded_lines": 0,
        "percent_statements_covered": 100.0,
        "percent_statements_covered_display": "100.00"
      },
      "missing_lines": [],
      "excluded_lines": [],
      "functions": {
        "": {
          "executed_lines": [],
          "summary": {
            "covered_lines": 0,
            "num_statements": 0,
            "percent_covered": 100.0,
            "percent_covered_display": "100.00",
            "missing_lines": 0,
            "excluded_lines": 0,
            "percent_statements_covered": 100.0,
            "percent_statements_covered_display": "100.00"
          },
          "missing_lines": [],
          "excluded_lines": [],
          "start_line": 1
        }
      },
      "classes": {
        "": {
          "executed_lines": [],
          "summary": {
            "covered_lines": 0,
            "num_statements": 0,
            "percent_covered": 100.0,
            "percent_covered_display": "100.00",
            "missing_lines": 0,
            "excluded_lines": 0,
            "percent_statements_covered": 100.0,
            "percent_statements_covered_display": "100.00"
          },
          "missing_lines": [],
          "excluded_lines": [],
          "start_line": 1
        }
      }
    },
    "apps/blog/urls.py": {
      "executed_lines": [],
      "summary": {
        "covered_lines": 0,
        "num_statements": 2,
        "percent_covered": 0.0,
        "percent_covered_display": "0.00",
        "missing_lines": 2,
        "excluded_lines": 0,
        "percent_statements_covered": 0.0,
        "percent_statements_covered_display": "0.00"
      },
      "missing_lines": [2, 5],
      "excluded_lines": [],
      "functions": {
        "": {
          "executed_lines": [],
          "summary": {
            "covered_lines": 0,
            "num_statements": 2,
            "percent_covered": 0.0,
            "percent_covered_display": "0.00",
            "missing_lines": 2,
            "excluded_lines": 0,
            "percent_statements_covered": 0.0,
            "percent_statements_covered_display": "0.00"
          },
          "missing_lines": [2, 5],
          "excluded_lines": [],
          "start_line": 1
        }
      },
      "classes": {
        "": {
          "executed_lines": [],
          "summary": {
            "covered_lines": 0,
            "num_statements": 2,
            "percent_covered": 0.0,
            "percent_covered_display": "0.00",
            "missing_lines": 2,
            "excluded_lines": 0,
            "percent_statements_covered": 0.0,
            "percent_statements_covered_display": "0.00"
          },
          "missing_lines": [2, 5],
          "excluded_lines": [],
          "start_line": 1
        }
      }
    },
    "apps/common/__init__.py": {
      "executed_lines": [],
      "summary": {
        "covered_lines": 0,
        "num_statements": 0,
        "percent_covered": 100.0,
        "percent_covered_display": "100.00",
        "missing_lines": 0,
        "excluded_lines": 0,
        "percent_statements_covered": 100.0,
        "percent_statements_covered_display": "100.00"
      },
      "missing_lines": [],
      "excluded_lines": [],
      "functions": {
        "": {
          "executed_lines": [],
          "summary": {
            "covered_lines": 0,
            "num_statements": 0,
            "percent_covered": 100.0,
            "percent_covered_display": "100.00",
            "missing_lines": 0,
            "excluded_lines": 0,
            "percent_statements_covered": 100.0,
            "percent_statements_covered_display": "100.00"
          },
          "missing_lines": [],
          "excluded_lines": [],
          "start_line": 1
        }
      },
      "classes": {
        "": {
          "executed_lines": [],
          "summary": {
            "covered_lines": 0,
            "num_statements": 0,
            "percent_covered": 100.0,
            "percent_covered_display": "100.00",
            "missing_lines": 0,
            "excluded_lines": 0,
            "percent_statements_covered": 100.0,
            "percent_statements_covered_display": "100.00"
          },
          "missing_lines": [],
          "excluded_lines": [],
          "start_line": 1
        }
      }
    },
    "apps/common/pagination.py": {
      "executed_lines": [],
      "summary": {
        "covered_lines": 0,
        "num_statements": 5,
        "percent_covered": 0.0,
        "percent_covered_display": "0.00",
        "missing_lines": 5,
        "excluded_lines": 0,
        "percent_statements_covered": 0.0,
        "percent_statements_covered_display": "0.00"
      },
      "missing_lines": [3, 6, 9, 10, 11],
      "excluded_lines": [],
      "functions": {
        "": {
          "executed_lines": [],
          "summary": {
            "covered_lines": 0,
            "num_statements": 5,
            "percent_covered": 0.0,
            "percent_covered_display": "0.00",
            "missing_lines": 5,
            "excluded_lines": 0,
            "percent_statements_covered": 0.0,
            "percent_statements_covered_display": "0.00"
          },
          "missing_lines": [3, 6, 9, 10, 11],
          "excluded_lines": [],
          "start_line": 1
        }
      },
      "classes": {
        "StandardResultsSetPagination": {
          "executed_lines": [],
          "summary": {
            "covered_lines": 0,
            "num_statements": 0,
            "percent_covered": 100.0,
            "percent_covered_display": "100.00",
            "missing_lines": 0,
            "excluded_lines": 0,
            "percent_statements_covered": 100.0,
            "percent_statements_covered_display": "100.00"
          },
          "missing_lines": [],
          "excluded_lines": [],
          "start_line": 6
        },
        "": {
          "executed_lines": [],
          "summary": {
            "covered_lines": 0,
            "num_statements": 5,
            "percent_covered": 0.0,
            "percent_covered_display": "0.00",
            "missing_lines": 5,
            "excluded_lines": 0,
            "percent_statements_covered": 0.0,
            "percent_statements_covered_display": "0.00"
          },
          "missing_lines": [3, 6, 9, 10, 11],
          "excluded_lines": [],
          "start_line": 1
        }
      }
    },
    "apps/common/urls.py": {
      "executed_lines": [3, 5, 7],
      "summary": {
        "covered_lines": 3,
        "num_statements": 3,
        "percent_covered": 100.0,
        "percent_covered_display": "100.00",
        "missing_lines": 0,
        "excluded_lines": 0,
        "percent_statements_covered": 100.0,
        "percent_statements_covered_display": "100.00"
      },
      "missing_lines": [],
      "excluded_lines": [],
      "functions": {
        "": {
          "executed_lines": [3, 5, 7],
          "summary": {
            "covered_lines": 3,
            "num_statements": 3,
            "percent_covered": 100.0,
            "percent_covered_display": "100.00",
            "missing_lines": 0,
            "excluded_lines": 0,
            "percent_statements_covered": 100.0,
            "percent_statements_covered_display": "100.00"
          },
          "missing_lines": [],
          "excluded_lines": [],
          "start_line": 1
        }
      },
      "classes": {
        "": {
          "executed_lines": [3, 5, 7],
          "summary": {
            "covered_lines": 3,
            "num_statements": 3,
            "percent_covered": 100.0,
            "percent_covered_display": "100.00",
            "missing_lines": 0,
            "excluded_lines": 0,
            "percent_statements_covered": 100.0,
            "percent_statements_covered_display": "100.00"
          },
          "missing_lines": [],
          "excluded_lines": [],
          "start_line": 1
        }
      }
    },
    "apps/common/views.py": {
      "executed_lines": [
        3, 5, 6, 7, 8, 9, 12, 15, 17, 33, 35, 42, 43, 44, 46, 50, 60, 62, 63,
        66, 69, 71, 98, 116, 120, 130
      ],
      "summary": {
        "covered_lines": 26,
        "num_statements": 44,
        "percent_covered": 59.09090909090909,
        "percent_covered_display": "59.09",
        "missing_lines": 18,
        "excluded_lines": 0,
        "percent_statements_covered": 59.09090909090909,
        "percent_statements_covered_display": "59.09"
      },
      "missing_lines": [
        48, 52, 53, 54, 55, 56, 100, 112, 113, 114, 118, 122, 123, 124, 125,
        126, 132, 133
      ],
      "excluded_lines": [],
      "functions": {
        "HealthCheckView.get": {
          "executed_lines": [35, 42, 43, 44],
          "summary": {
            "covered_lines": 4,
            "num_statements": 4,
            "percent_covered": 100.0,
            "percent_covered_display": "100.00",
            "missing_lines": 0,
            "excluded_lines": 0,
            "percent_statements_covered": 100.0,
            "percent_statements_covered_display": "100.00"
          },
          "missing_lines": [],
          "excluded_lines": [],
          "start_line": 33
        },
        "HealthCheckView.post": {
          "executed_lines": [],
          "summary": {
            "covered_lines": 0,
            "num_statements": 1,
            "percent_covered": 0.0,
            "percent_covered_display": "0.00",
            "missing_lines": 1,
            "excluded_lines": 0,
            "percent_statements_covered": 0.0,
            "percent_statements_covered_display": "0.00"
          },
          "missing_lines": [48],
          "excluded_lines": [],
          "start_line": 46
        },
        "HealthCheckView.options": {
          "executed_lines": [],
          "summary": {
            "covered_lines": 0,
            "num_statements": 5,
            "percent_covered": 0.0,
            "percent_covered_display": "0.00",
            "missing_lines": 5,
            "excluded_lines": 0,
            "percent_statements_covered": 0.0,
            "percent_statements_covered_display": "0.00"
          },
          "missing_lines": [52, 53, 54, 55, 56],
          "excluded_lines": [],
          "start_line": 50
        },
        "health_check": {
          "executed_lines": [62, 63],
          "summary": {
            "covered_lines": 2,
            "num_statements": 2,
            "percent_covered": 100.0,
            "percent_covered_display": "100.00",
            "missing_lines": 0,
            "excluded_lines": 0,
            "percent_statements_covered": 100.0,
            "percent_statements_covered_display": "100.00"
          },
          "missing_lines": [],
          "excluded_lines": [],
          "start_line": 60
        },
        "ApiInfoView.get": {
          "executed_lines": [],
          "summary": {
            "covered_lines": 0,
            "num_statements": 4,
            "percent_covered": 0.0,
            "percent_covered_display": "0.00",
            "missing_lines": 4,
            "excluded_lines": 0,
            "percent_statements_covered": 0.0,
            "percent_statements_covered_display": "0.00"
          },
          "missing_lines": [100, 112, 113, 114],
          "excluded_lines": [],
          "start_line": 98
        },
        "ApiInfoView.post": {
          "executed_lines": [],
          "summary": {
            "covered_lines": 0,
            "num_statements": 1,
            "percent_covered": 0.0,
            "percent_covered_display": "0.00",
            "missing_lines": 1,
            "excluded_lines": 0,
            "percent_statements_covered": 0.0,
            "percent_statements_covered_display": "0.00"
          },
          "missing_lines": [118],
          "excluded_lines": [],
          "start_line": 116
        },
        "ApiInfoView.options": {
          "executed_lines": [],
          "summary": {
            "covered_lines": 0,
            "num_statements": 5,
            "percent_covered": 0.0,
            "percent_covered_display": "0.00",
            "missing_lines": 5,
            "excluded_lines": 0,
            "percent_statements_covered": 0.0,
            "percent_statements_covered_display": "0.00"
          },
          "missing_lines": [122, 123, 124, 125, 126],
          "excluded_lines": [],
          "start_line": 120
        },
        "api_info": {
          "executed_lines": [],
          "summary": {
            "covered_lines": 0,
            "num_statements": 2,
            "percent_covered": 0.0,
            "percent_covered_display": "0.00",
            "missing_lines": 2,
            "excluded_lines": 0,
            "percent_statements_covered": 0.0,
            "percent_statements_covered_display": "0.00"
          },
          "missing_lines": [132, 133],
          "excluded_lines": [],
          "start_line": 130
        },
        "": {
          "executed_lines": [
            3, 5, 6, 7, 8, 9, 12, 15, 17, 33, 46, 50, 60, 66, 69, 71, 98, 116,
            120, 130
          ],
          "summary": {
            "covered_lines": 20,
            "num_statements": 20,
            "percent_covered": 100.0,
            "percent_covered_display": "100.00",
            "missing_lines": 0,
            "excluded_lines": 0,
            "percent_statements_covered": 100.0,
            "percent_statements_covered_display": "100.00"
          },
          "missing_lines": [],
          "excluded_lines": [],
          "start_line": 1
        }
      },
      "classes": {
        "HealthCheckView": {
          "executed_lines": [35, 42, 43, 44],
          "summary": {
            "covered_lines": 4,
            "num_statements": 10,
            "percent_covered": 40.0,
            "percent_covered_display": "40.00",
            "missing_lines": 6,
            "excluded_lines": 0,
            "percent_statements_covered": 40.0,
            "percent_statements_covered_display": "40.00"
          },
          "missing_lines": [48, 52, 53, 54, 55, 56],
          "excluded_lines": [],
          "start_line": 12
        },
        "ApiInfoView": {
          "executed_lines": [],
          "summary": {
            "covered_lines": 0,
            "num_statements": 10,
            "percent_covered": 0.0,
            "percent_covered_display": "0.00",
            "missing_lines": 10,
            "excluded_lines": 0,
            "percent_statements_covered": 0.0,
            "percent_statements_covered_display": "0.00"
          },
          "missing_lines": [100, 112, 113, 114, 118, 122, 123, 124, 125, 126],
          "excluded_lines": [],
          "start_line": 66
        },
        "": {
          "executed_lines": [
            3, 5, 6, 7, 8, 9, 12, 15, 17, 33, 46, 50, 60, 62, 63, 66, 69, 71,
            98, 116, 120, 130
          ],
          "summary": {
            "covered_lines": 22,
            "num_statements": 24,
            "percent_covered": 91.66666666666667,
            "percent_covered_display": "91.67",
            "missing_lines": 2,
            "excluded_lines": 0,
            "percent_statements_covered": 91.66666666666667,
            "percent_statements_covered_display": "91.67"
          },
          "missing_lines": [132, 133],
          "excluded_lines": [],
          "start_line": 1
        }
      }
    },
    "apps/english/__init__.py": {
      "executed_lines": [],
      "summary": {
        "covered_lines": 0,
        "num_statements": 0,
        "percent_covered": 100.0,
        "percent_covered_display": "100.00",
        "missing_lines": 0,
        "excluded_lines": 0,
        "percent_statements_covered": 100.0,
        "percent_statements_covered_display": "100.00"
      },
      "missing_lines": [],
      "excluded_lines": [],
      "functions": {
        "": {
          "executed_lines": [],
          "summary": {
            "covered_lines": 0,
            "num_statements": 0,
            "percent_covered": 100.0,
            "percent_covered_display": "100.00",
            "missing_lines": 0,
            "excluded_lines": 0,
            "percent_statements_covered": 100.0,
            "percent_statements_covered_display": "100.00"
          },
          "missing_lines": [],
          "excluded_lines": [],
          "start_line": 1
        }
      },
      "classes": {
        "": {
          "executed_lines": [],
          "summary": {
            "covered_lines": 0,
            "num_statements": 0,
            "percent_covered": 100.0,
            "percent_covered_display": "100.00",
            "missing_lines": 0,
            "excluded_lines": 0,
            "percent_statements_covered": 100.0,
            "percent_statements_covered_display": "100.00"
          },
          "missing_lines": [],
          "excluded_lines": [],
          "start_line": 1
        }
      }
    },
    "apps/english/urls.py": {
      "executed_lines": [],
      "summary": {
        "covered_lines": 0,
        "num_statements": 2,
        "percent_covered": 0.0,
        "percent_covered_display": "0.00",
        "missing_lines": 2,
        "excluded_lines": 0,
        "percent_statements_covered": 0.0,
        "percent_statements_covered_display": "0.00"
      },
      "missing_lines": [2, 5],
      "excluded_lines": [],
      "functions": {
        "": {
          "executed_lines": [],
          "summary": {
            "covered_lines": 0,
            "num_statements": 2,
            "percent_covered": 0.0,
            "percent_covered_display": "0.00",
            "missing_lines": 2,
            "excluded_lines": 0,
            "percent_statements_covered": 0.0,
            "percent_statements_covered_display": "0.00"
          },
          "missing_lines": [2, 5],
          "excluded_lines": [],
          "start_line": 1
        }
      },
      "classes": {
        "": {
          "executed_lines": [],
          "summary": {
            "covered_lines": 0,
            "num_statements": 2,
            "percent_covered": 0.0,
            "percent_covered_display": "0.00",
            "missing_lines": 2,
            "excluded_lines": 0,
            "percent_statements_covered": 0.0,
            "percent_statements_covered_display": "0.00"
          },
          "missing_lines": [2, 5],
          "excluded_lines": [],
          "start_line": 1
        }
      }
    },
    "apps/feature_flags/__init__.py": {
      "executed_lines": [],
      "summary": {
        "covered_lines": 0,
        "num_statements": 0,
        "percent_covered": 100.0,
        "percent_covered_display": "100.00",
        "missing_lines": 0,
        "excluded_lines": 0,
        "percent_statements_covered": 100.0,
        "percent_statements_covered_display": "100.00"
      },
      "missing_lines": [],
      "excluded_lines": [],
      "functions": {
        "": {
          "executed_lines": [],
          "summary": {
            "covered_lines": 0,
            "num_statements": 0,
            "percent_covered": 100.0,
            "percent_covered_display": "100.00",
            "missing_lines": 0,
            "excluded_lines": 0,
            "percent_statements_covered": 100.0,
            "percent_statements_covered_display": "100.00"
          },
          "missing_lines": [],
          "excluded_lines": [],
          "start_line": 1
        }
      },
      "classes": {
        "": {
          "executed_lines": [],
          "summary": {
            "covered_lines": 0,
            "num_statements": 0,
            "percent_covered": 100.0,
            "percent_covered_display": "100.00",
            "missing_lines": 0,
            "excluded_lines": 0,
            "percent_statements_covered": 100.0,
            "percent_statements_covered_display": "100.00"
          },
          "missing_lines": [],
          "excluded_lines": [],
          "start_line": 1
        }
      }
    },
    "apps/feature_flags/apps.py": {
      "executed_lines": [],
      "summary": {
        "covered_lines": 0,
        "num_statements": 5,
        "percent_covered": 0.0,
        "percent_covered_display": "0.00",
        "missing_lines": 5,
        "excluded_lines": 0,
        "percent_statements_covered": 0.0,
        "percent_statements_covered_display": "0.00"
      },
      "missing_lines": [4, 7, 10, 11, 12],
      "excluded_lines": [],
      "functions": {
        "": {
          "executed_lines": [],
          "summary": {
            "covered_lines": 0,
            "num_statements": 5,
            "percent_covered": 0.0,
            "percent_covered_display": "0.00",
            "missing_lines": 5,
            "excluded_lines": 0,
            "percent_statements_covered": 0.0,
            "percent_statements_covered_display": "0.00"
          },
          "missing_lines": [4, 7, 10, 11, 12],
          "excluded_lines": [],
          "start_line": 1
        }
      },
      "classes": {
        "FeatureFlagsConfig": {
          "executed_lines": [],
          "summary": {
            "covered_lines": 0,
            "num_statements": 0,
            "percent_covered": 100.0,
            "percent_covered_display": "100.00",
            "missing_lines": 0,
            "excluded_lines": 0,
            "percent_statements_covered": 100.0,
            "percent_statements_covered_display": "100.00"
          },
          "missing_lines": [],
          "excluded_lines": [],
          "start_line": 7
        },
        "": {
          "executed_lines": [],
          "summary": {
            "covered_lines": 0,
            "num_statements": 5,
            "percent_covered": 0.0,
            "percent_covered_display": "0.00",
            "missing_lines": 5,
            "excluded_lines": 0,
            "percent_statements_covered": 0.0,
            "percent_statements_covered_display": "0.00"
          },
          "missing_lines": [4, 7, 10, 11, 12],
          "excluded_lines": [],
          "start_line": 1
        }
      }
    },
    "apps/feature_flags/models.py": {
      "executed_lines": [],
      "summary": {
        "covered_lines": 0,
        "num_statements": 13,
        "percent_covered": 0.0,
        "percent_covered_display": "0.00",
        "missing_lines": 13,
        "excluded_lines": 0,
        "percent_statements_covered": 0.0,
        "percent_statements_covered_display": "0.00"
      },
      "missing_lines": [4, 7, 10, 11, 12, 13, 14, 16, 17, 18, 19, 21, 22],
      "excluded_lines": [],
      "functions": {
        "FeatureFlag.__str__": {
          "executed_lines": [],
          "summary": {
            "covered_lines": 0,
            "num_statements": 1,
            "percent_covered": 0.0,
            "percent_covered_display": "0.00",
            "missing_lines": 1,
            "excluded_lines": 0,
            "percent_statements_covered": 0.0,
            "percent_statements_covered_display": "0.00"
          },
          "missing_lines": [22],
          "excluded_lines": [],
          "start_line": 21
        },
        "": {
          "executed_lines": [],
          "summary": {
            "covered_lines": 0,
            "num_statements": 12,
            "percent_covered": 0.0,
            "percent_covered_display": "0.00",
            "missing_lines": 12,
            "excluded_lines": 0,
            "percent_statements_covered": 0.0,
            "percent_statements_covered_display": "0.00"
          },
          "missing_lines": [4, 7, 10, 11, 12, 13, 14, 16, 17, 18, 19, 21],
          "excluded_lines": [],
          "start_line": 1
        }
      },
      "classes": {
        "FeatureFlag": {
          "executed_lines": [],
          "summary": {
            "covered_lines": 0,
            "num_statements": 1,
            "percent_covered": 0.0,
            "percent_covered_display": "0.00",
            "missing_lines": 1,
            "excluded_lines": 0,
            "percent_statements_covered": 0.0,
            "percent_statements_covered_display": "0.00"
          },
          "missing_lines": [22],
          "excluded_lines": [],
          "start_line": 7
        },
        "FeatureFlag.Meta": {
          "executed_lines": [],
          "summary": {
            "covered_lines": 0,
            "num_statements": 0,
            "percent_covered": 100.0,
            "percent_covered_display": "100.00",
            "missing_lines": 0,
            "excluded_lines": 0,
            "percent_statements_covered": 100.0,
            "percent_statements_covered_display": "100.00"
          },
          "missing_lines": [],
          "excluded_lines": [],
          "start_line": 16
        },
        "": {
          "executed_lines": [],
          "summary": {
            "covered_lines": 0,
            "num_statements": 12,
            "percent_covered": 0.0,
            "percent_covered_display": "0.00",
            "missing_lines": 12,
            "excluded_lines": 0,
            "percent_statements_covered": 0.0,
            "percent_statements_covered_display": "0.00"
          },
          "missing_lines": [4, 7, 10, 11, 12, 13, 14, 16, 17, 18, 19, 21],
          "excluded_lines": [],
          "start_line": 1
        }
      }
    },
    "apps/feature_flags/urls.py": {
      "executed_lines": [4, 6, 8, 10],
      "summary": {
        "covered_lines": 4,
        "num_statements": 4,
        "percent_covered": 100.0,
        "percent_covered_display": "100.00",
        "missing_lines": 0,
        "excluded_lines": 0,
        "percent_statements_covered": 100.0,
        "percent_statements_covered_display": "100.00"
      },
      "missing_lines": [],
      "excluded_lines": [],
      "functions": {
        "": {
          "executed_lines": [4, 6, 8, 10],
          "summary": {
            "covered_lines": 4,
            "num_statements": 4,
            "percent_covered": 100.0,
            "percent_covered_display": "100.00",
            "missing_lines": 0,
            "excluded_lines": 0,
            "percent_statements_covered": 100.0,
            "percent_statements_covered_display": "100.00"
          },
          "missing_lines": [],
          "excluded_lines": [],
          "start_line": 1
        }
      },
      "classes": {
        "": {
          "executed_lines": [4, 6, 8, 10],
          "summary": {
            "covered_lines": 4,
            "num_statements": 4,
            "percent_covered": 100.0,
            "percent_covered_display": "100.00",
            "missing_lines": 0,
            "excluded_lines": 0,
            "percent_statements_covered": 100.0,
            "percent_statements_covered_display": "100.00"
          },
          "missing_lines": [],
          "excluded_lines": [],
          "start_line": 1
        }
      }
    },
    "apps/feature_flags/views.py": {
      "executed_lines": [4, 5, 6, 7, 10, 13, 15, 32],
      "summary": {
        "covered_lines": 8,
        "num_statements": 9,
        "percent_covered": 88.88888888888889,
        "percent_covered_display": "88.89",
        "missing_lines": 1,
        "excluded_lines": 0,
        "percent_statements_covered": 88.88888888888889,
        "percent_statements_covered_display": "88.89"
      },
      "missing_lines": [34],
      "excluded_lines": [],
      "functions": {
        "FeatureFlagsStatusView.get": {
          "executed_lines": [],
          "summary": {
            "covered_lines": 0,
            "num_statements": 1,
            "percent_covered": 0.0,
            "percent_covered_display": "0.00",
            "missing_lines": 1,
            "excluded_lines": 0,
            "percent_statements_covered": 0.0,
            "percent_statements_covered_display": "0.00"
          },
          "missing_lines": [34],
          "excluded_lines": [],
          "start_line": 32
        },
        "": {
          "executed_lines": [4, 5, 6, 7, 10, 13, 15, 32],
          "summary": {
            "covered_lines": 8,
            "num_statements": 8,
            "percent_covered": 100.0,
            "percent_covered_display": "100.00",
            "missing_lines": 0,
            "excluded_lines": 0,
            "percent_statements_covered": 100.0,
            "percent_statements_covered_display": "100.00"
          },
          "missing_lines": [],
          "excluded_lines": [],
          "start_line": 1
        }
      },
      "classes": {
        "FeatureFlagsStatusView": {
          "executed_lines": [],
          "summary": {
            "covered_lines": 0,
            "num_statements": 1,
            "percent_covered": 0.0,
            "percent_covered_display": "0.00",
            "missing_lines": 1,
            "excluded_lines": 0,
            "percent_statements_covered": 0.0,
            "percent_statements_covered_display": "0.00"
          },
          "missing_lines": [34],
          "excluded_lines": [],
          "start_line": 10
        },
        "": {
          "executed_lines": [4, 5, 6, 7, 10, 13, 15, 32],
          "summary": {
            "covered_lines": 8,
            "num_statements": 8,
            "percent_covered": 100.0,
            "percent_covered_display": "100.00",
            "missing_lines": 0,
            "excluded_lines": 0,
            "percent_statements_covered": 100.0,
            "percent_statements_covered_display": "100.00"
          },
          "missing_lines": [],
          "excluded_lines": [],
          "start_line": 1
        }
      }
    },
    "apps/jobs/__init__.py": {
      "executed_lines": [],
      "summary": {
        "covered_lines": 0,
        "num_statements": 0,
        "percent_covered": 100.0,
        "percent_covered_display": "100.00",
        "missing_lines": 0,
        "excluded_lines": 0,
        "percent_statements_covered": 100.0,
        "percent_statements_covered_display": "100.00"
      },
      "missing_lines": [],
      "excluded_lines": [],
      "functions": {
        "": {
          "executed_lines": [],
          "summary": {
            "covered_lines": 0,
            "num_statements": 0,
            "percent_covered": 100.0,
            "percent_covered_display": "100.00",
            "missing_lines": 0,
            "excluded_lines": 0,
            "percent_statements_covered": 100.0,
            "percent_statements_covered_display": "100.00"
          },
          "missing_lines": [],
          "excluded_lines": [],
          "start_line": 1
        }
      },
      "classes": {
        "": {
          "executed_lines": [],
          "summary": {
            "covered_lines": 0,
            "num_statements": 0,
            "percent_covered": 100.0,
            "percent_covered_display": "100.00",
            "missing_lines": 0,
            "excluded_lines": 0,
            "percent_statements_covered": 100.0,
            "percent_statements_covered_display": "100.00"
          },
          "missing_lines": [],
          "excluded_lines": [],
          "start_line": 1
        }
      }
    },
    "apps/jobs/urls.py": {
      "executed_lines": [],
      "summary": {
        "covered_lines": 0,
        "num_statements": 2,
        "percent_covered": 0.0,
        "percent_covered_display": "0.00",
        "missing_lines": 2,
        "excluded_lines": 0,
        "percent_statements_covered": 0.0,
        "percent_statements_covered_display": "0.00"
      },
      "missing_lines": [2, 5],
      "excluded_lines": [],
      "functions": {
        "": {
          "executed_lines": [],
          "summary": {
            "covered_lines": 0,
            "num_statements": 2,
            "percent_covered": 0.0,
            "percent_covered_display": "0.00",
            "missing_lines": 2,
            "excluded_lines": 0,
            "percent_statements_covered": 0.0,
            "percent_statements_covered_display": "0.00"
          },
          "missing_lines": [2, 5],
          "excluded_lines": [],
          "start_line": 1
        }
      },
      "classes": {
        "": {
          "executed_lines": [],
          "summary": {
            "covered_lines": 0,
            "num_statements": 2,
            "percent_covered": 0.0,
            "percent_covered_display": "0.00",
            "missing_lines": 2,
            "excluded_lines": 0,
            "percent_statements_covered": 0.0,
            "percent_statements_covered_display": "0.00"
          },
          "missing_lines": [2, 5],
          "excluded_lines": [],
          "start_line": 1
        }
      }
    },
    "apps/users/__init__.py": {
      "executed_lines": [],
      "summary": {
        "covered_lines": 0,
        "num_statements": 0,
        "percent_covered": 100.0,
        "percent_covered_display": "100.00",
        "missing_lines": 0,
        "excluded_lines": 0,
        "percent_statements_covered": 100.0,
        "percent_statements_covered_display": "100.00"
      },
      "missing_lines": [],
      "excluded_lines": [],
      "functions": {
        "": {
          "executed_lines": [],
          "summary": {
            "covered_lines": 0,
            "num_statements": 0,
            "percent_covered": 100.0,
            "percent_covered_display": "100.00",
            "missing_lines": 0,
            "excluded_lines": 0,
            "percent_statements_covered": 100.0,
            "percent_statements_covered_display": "100.00"
          },
          "missing_lines": [],
          "excluded_lines": [],
          "start_line": 1
        }
      },
      "classes": {
        "": {
          "executed_lines": [],
          "summary": {
            "covered_lines": 0,
            "num_statements": 0,
            "percent_covered": 100.0,
            "percent_covered_display": "100.00",
            "missing_lines": 0,
            "excluded_lines": 0,
            "percent_statements_covered": 100.0,
            "percent_statements_covered_display": "100.00"
          },
          "missing_lines": [],
          "excluded_lines": [],
          "start_line": 1
        }
      }
    },
    "apps/users/admin.py": {
      "executed_lines": [
        5, 6, 7, 8, 11, 12, 15, 26, 33, 34, 35, 37, 39, 64, 66, 67, 80, 81, 92,
        93, 96, 107, 112, 113, 114, 115, 117, 140, 152, 154, 160, 162, 168, 169,
        171, 177, 178, 180, 182, 183, 198, 199, 209, 210, 213, 224, 229, 230,
        231, 232, 234, 246, 248, 254, 256, 262, 264, 270, 271, 273, 279, 280,
        284, 285, 286
      ],
      "summary": {
        "covered_lines": 65,
        "num_statements": 119,
        "percent_covered": 54.621848739495796,
        "percent_covered_display": "54.62",
        "missing_lines": 54,
        "excluded_lines": 0,
        "percent_statements_covered": 54.621848739495796,
        "percent_statements_covered_display": "54.62"
      },
      "missing_lines": [
        69, 71, 72, 73, 74, 75, 76, 77, 78, 83, 84, 85, 86, 142, 143, 144, 150,
        156, 157, 158, 164, 165, 166, 173, 174, 175, 185, 187, 188, 189, 190,
        195, 196, 201, 203, 204, 205, 206, 236, 237, 238, 244, 250, 251, 252,
        258, 259, 260, 266, 267, 268, 275, 276, 277
      ],
      "excluded_lines": [],
      "functions": {
        "UserAdmin.mark_email_verified": {
          "executed_lines": [],
          "summary": {
            "covered_lines": 0,
            "num_statements": 9,
            "percent_covered": 0.0,
            "percent_covered_display": "0.00",
            "missing_lines": 9,
            "excluded_lines": 0,
            "percent_statements_covered": 0.0,
            "percent_statements_covered_display": "0.00"
          },
          "missing_lines": [69, 71, 72, 73, 74, 75, 76, 77, 78],
          "excluded_lines": [],
          "start_line": 67
        },
        "UserAdmin.delete_unverified_users": {
          "executed_lines": [],
          "summary": {
            "covered_lines": 0,
            "num_statements": 4,
            "percent_covered": 0.0,
            "percent_covered_display": "0.00",
            "missing_lines": 4,
            "excluded_lines": 0,
            "percent_statements_covered": 0.0,
            "percent_statements_covered_display": "0.00"
          },
          "missing_lines": [83, 84, 85, 86],
          "excluded_lines": [],
          "start_line": 81
        },
        "EmailVerificationAdmin.user_link": {
          "executed_lines": [],
          "summary": {
            "covered_lines": 0,
            "num_statements": 4,
            "percent_covered": 0.0,
            "percent_covered_display": "0.00",
            "missing_lines": 4,
            "excluded_lines": 0,
            "percent_statements_covered": 0.0,
            "percent_statements_covered_display": "0.00"
          },
          "missing_lines": [142, 143, 144, 150],
          "excluded_lines": [],
          "start_line": 140
        },
        "EmailVerificationAdmin.token_short": {
          "executed_lines": [],
          "summary": {
            "covered_lines": 0,
            "num_statements": 3,
            "percent_covered": 0.0,
            "percent_covered_display": "0.00",
            "missing_lines": 3,
            "excluded_lines": 0,
            "percent_statements_covered": 0.0,
            "percent_statements_covered_display": "0.00"
          },
          "missing_lines": [156, 157, 158],
          "excluded_lines": [],
          "start_line": 154
        },
        "EmailVerificationAdmin.is_verified": {
          "executed_lines": [],
          "summary": {
            "covered_lines": 0,
            "num_statements": 3,
            "percent_covered": 0.0,
            "percent_covered_display": "0.00",
            "missing_lines": 3,
            "excluded_lines": 0,
            "percent_statements_covered": 0.0,
            "percent_statements_covered_display": "0.00"
          },
          "missing_lines": [164, 165, 166],
          "excluded_lines": [],
          "start_line": 162
        },
        "EmailVerificationAdmin.is_expired": {
          "executed_lines": [],
          "summary": {
            "covered_lines": 0,
            "num_statements": 3,
            "percent_covered": 0.0,
            "percent_covered_display": "0.00",
            "missing_lines": 3,
            "excluded_lines": 0,
            "percent_statements_covered": 0.0,
            "percent_statements_covered_display": "0.00"
          },
          "missing_lines": [173, 174, 175],
          "excluded_lines": [],
          "start_line": 171
        },
        "EmailVerificationAdmin.resend_verification_email": {
          "executed_lines": [],
          "summary": {
            "covered_lines": 0,
            "num_statements": 7,
            "percent_covered": 0.0,
            "percent_covered_display": "0.00",
            "missing_lines": 7,
            "excluded_lines": 0,
            "percent_statements_covered": 0.0,
            "percent_statements_covered_display": "0.00"
          },
          "missing_lines": [185, 187, 188, 189, 190, 195, 196],
          "excluded_lines": [],
          "start_line": 183
        },
        "EmailVerificationAdmin.delete_expired_verifications": {
          "executed_lines": [],
          "summary": {
            "covered_lines": 0,
            "num_statements": 5,
            "percent_covered": 0.0,
            "percent_covered_display": "0.00",
            "missing_lines": 5,
            "excluded_lines": 0,
            "percent_statements_covered": 0.0,
            "percent_statements_covered_display": "0.00"
          },
          "missing_lines": [201, 203, 204, 205, 206],
          "excluded_lines": [],
          "start_line": 199
        },
        "PasswordResetAdmin.user_link": {
          "executed_lines": [],
          "summary": {
            "covered_lines": 0,
            "num_statements": 4,
            "percent_covered": 0.0,
            "percent_covered_display": "0.00",
            "missing_lines": 4,
            "excluded_lines": 0,
            "percent_statements_covered": 0.0,
            "percent_statements_covered_display": "0.00"
          },
          "missing_lines": [236, 237, 238, 244],
          "excluded_lines": [],
          "start_line": 234
        },
        "PasswordResetAdmin.user_email": {
          "executed_lines": [],
          "summary": {
            "covered_lines": 0,
            "num_statements": 3,
            "percent_covered": 0.0,
            "percent_covered_display": "0.00",
            "missing_lines": 3,
            "excluded_lines": 0,
            "percent_statements_covered": 0.0,
            "percent_statements_covered_display": "0.00"
          },
          "missing_lines": [250, 251, 252],
          "excluded_lines": [],
          "start_line": 248
        },
        "PasswordResetAdmin.token_short": {
          "executed_lines": [],
          "summary": {
            "covered_lines": 0,
            "num_statements": 3,
            "percent_covered": 0.0,
            "percent_covered_display": "0.00",
            "missing_lines": 3,
            "excluded_lines": 0,
            "percent_statements_covered": 0.0,
            "percent_statements_covered_display": "0.00"
          },
          "missing_lines": [258, 259, 260],
          "excluded_lines": [],
          "start_line": 256
        },
        "PasswordResetAdmin.is_used": {
          "executed_lines": [],
          "summary": {
            "covered_lines": 0,
            "num_statements": 3,
            "percent_covered": 0.0,
            "percent_covered_display": "0.00",
            "missing_lines": 3,
            "excluded_lines": 0,
            "percent_statements_covered": 0.0,
            "percent_statements_covered_display": "0.00"
          },
          "missing_lines": [266, 267, 268],
          "excluded_lines": [],
          "start_line": 264
        },
        "PasswordResetAdmin.is_expired": {
          "executed_lines": [],
          "summary": {
            "covered_lines": 0,
            "num_statements": 3,
            "percent_covered": 0.0,
            "percent_covered_display": "0.00",
            "missing_lines": 3,
            "excluded_lines": 0,
            "percent_statements_covered": 0.0,
            "percent_statements_covered_display": "0.00"
          },
          "missing_lines": [275, 276, 277],
          "excluded_lines": [],
          "start_line": 273
        },
        "": {
          "executed_lines": [
            5, 6, 7, 8, 11, 12, 15, 26, 33, 34, 35, 37, 39, 64, 66, 67, 80, 81,
            92, 93, 96, 107, 112, 113, 114, 115, 117, 140, 152, 154, 160, 162,
            168, 169, 171, 177, 178, 180, 182, 183, 198, 199, 209, 210, 213,
            224, 229, 230, 231, 232, 234, 246, 248, 254, 256, 262, 264, 270,
            271, 273, 279, 280, 284, 285, 286
          ],
          "summary": {
            "covered_lines": 65,
            "num_statements": 65,
            "percent_covered": 100.0,
            "percent_covered_display": "100.00",
            "missing_lines": 0,
            "excluded_lines": 0,
            "percent_statements_covered": 100.0,
            "percent_statements_covered_display": "100.00"
          },
          "missing_lines": [],
          "excluded_lines": [],
          "start_line": 1
        }
      },
      "classes": {
        "UserAdmin": {
          "executed_lines": [],
          "summary": {
            "covered_lines": 0,
            "num_statements": 13,
            "percent_covered": 0.0,
            "percent_covered_display": "0.00",
            "missing_lines": 13,
            "excluded_lines": 0,
            "percent_statements_covered": 0.0,
            "percent_statements_covered_display": "0.00"
          },
          "missing_lines": [69, 71, 72, 73, 74, 75, 76, 77, 78, 83, 84, 85, 86],
          "excluded_lines": [],
          "start_line": 12
        },
        "EmailVerificationAdmin": {
          "executed_lines": [],
          "summary": {
            "covered_lines": 0,
            "num_statements": 25,
            "percent_covered": 0.0,
            "percent_covered_display": "0.00",
            "missing_lines": 25,
            "excluded_lines": 0,
            "percent_statements_covered": 0.0,
            "percent_statements_covered_display": "0.00"
          },
          "missing_lines": [
            142, 143, 144, 150, 156, 157, 158, 164, 165, 166, 173, 174, 175,
            185, 187, 188, 189, 190, 195, 196, 201, 203, 204, 205, 206
          ],
          "excluded_lines": [],
          "start_line": 93
        },
        "PasswordResetAdmin": {
          "executed_lines": [],
          "summary": {
            "covered_lines": 0,
            "num_statements": 16,
            "percent_covered": 0.0,
            "percent_covered_display": "0.00",
            "missing_lines": 16,
            "excluded_lines": 0,
            "percent_statements_covered": 0.0,
            "percent_statements_covered_display": "0.00"
          },
          "missing_lines": [
            236, 237, 238, 244, 250, 251, 252, 258, 259, 260, 266, 267, 268,
            275, 276, 277
          ],
          "excluded_lines": [],
          "start_line": 210
        },
        "": {
          "executed_lines": [
            5, 6, 7, 8, 11, 12, 15, 26, 33, 34, 35, 37, 39, 64, 66, 67, 80, 81,
            92, 93, 96, 107, 112, 113, 114, 115, 117, 140, 152, 154, 160, 162,
            168, 169, 171, 177, 178, 180, 182, 183, 198, 199, 209, 210, 213,
            224, 229, 230, 231, 232, 234, 246, 248, 254, 256, 262, 264, 270,
            271, 273, 279, 280, 284, 285, 286
          ],
          "summary": {
            "covered_lines": 65,
            "num_statements": 65,
            "percent_covered": 100.0,
            "percent_covered_display": "100.00",
            "missing_lines": 0,
            "excluded_lines": 0,
            "percent_statements_covered": 100.0,
            "percent_statements_covered_display": "100.00"
          },
          "missing_lines": [],
          "excluded_lines": [],
          "start_line": 1
        }
      }
    },
    "apps/users/models.py": {
      "executed_lines": [
        5, 6, 9, 14, 15, 18, 25, 30, 39, 44, 52, 59, 67, 68, 69, 70, 71, 74, 78,
        82, 84, 85, 86, 88, 91, 94, 95, 102, 107, 113, 117, 123, 129, 130, 131,
        132, 133, 137, 139, 143, 145, 147, 149, 151, 154, 157, 158, 165, 171,
        175, 181, 187, 188, 189, 190, 191, 195, 197, 201, 203, 205, 207, 209
      ],
      "summary": {
        "covered_lines": 63,
        "num_statements": 66,
        "percent_covered": 95.45454545454545,
        "percent_covered_display": "95.45",
        "missing_lines": 3,
        "excluded_lines": 0,
        "percent_statements_covered": 95.45454545454545,
        "percent_statements_covered_display": "95.45"
      },
      "missing_lines": [80, 141, 199],
      "excluded_lines": [],
      "functions": {
        "User.__str__": {
          "executed_lines": [],
          "summary": {
            "covered_lines": 0,
            "num_statements": 1,
            "percent_covered": 0.0,
            "percent_covered_display": "0.00",
            "missing_lines": 1,
            "excluded_lines": 0,
            "percent_statements_covered": 0.0,
            "percent_statements_covered_display": "0.00"
          },
          "missing_lines": [80],
          "excluded_lines": [],
          "start_line": 78
        },
        "User.is_locked": {
          "executed_lines": [84, 85, 86, 88],
          "summary": {
            "covered_lines": 4,
            "num_statements": 4,
            "percent_covered": 100.0,
            "percent_covered_display": "100.00",
            "missing_lines": 0,
            "excluded_lines": 0,
            "percent_statements_covered": 100.0,
            "percent_statements_covered_display": "100.00"
          },
          "missing_lines": [],
          "excluded_lines": [],
          "start_line": 82
        },
        "EmailVerification.__str__": {
          "executed_lines": [],
          "summary": {
            "covered_lines": 0,
            "num_statements": 1,
            "percent_covered": 0.0,
            "percent_covered_display": "0.00",
            "missing_lines": 1,
            "excluded_lines": 0,
            "percent_statements_covered": 0.0,
            "percent_statements_covered_display": "0.00"
          },
          "missing_lines": [141],
          "excluded_lines": [],
          "start_line": 139
        },
        "EmailVerification.is_expired": {
          "executed_lines": [145, 147],
          "summary": {
            "covered_lines": 2,
            "num_statements": 2,
            "percent_covered": 100.0,
            "percent_covered_display": "100.00",
            "missing_lines": 0,
            "excluded_lines": 0,
            "percent_statements_covered": 100.0,
            "percent_statements_covered_display": "100.00"
          },
          "missing_lines": [],
          "excluded_lines": [],
          "start_line": 143
        },
        "EmailVerification.is_verified": {
          "executed_lines": [151],
          "summary": {
            "covered_lines": 1,
            "num_statements": 1,
            "percent_covered": 100.0,
            "percent_covered_display": "100.00",
            "missing_lines": 0,
            "excluded_lines": 0,
            "percent_statements_covered": 100.0,
            "percent_statements_covered_display": "100.00"
          },
          "missing_lines": [],
          "excluded_lines": [],
          "start_line": 149
        },
        "PasswordReset.__str__": {
          "executed_lines": [],
          "summary": {
            "covered_lines": 0,
            "num_statements": 1,
            "percent_covered": 0.0,
            "percent_covered_display": "0.00",
            "missing_lines": 1,
            "excluded_lines": 0,
            "percent_statements_covered": 0.0,
            "percent_statements_covered_display": "0.00"
          },
          "missing_lines": [199],
          "excluded_lines": [],
          "start_line": 197
        },
        "PasswordReset.is_expired": {
          "executed_lines": [203, 205],
          "summary": {
            "covered_lines": 2,
            "num_statements": 2,
            "percent_covered": 100.0,
            "percent_covered_display": "100.00",
            "missing_lines": 0,
            "excluded_lines": 0,
            "percent_statements_covered": 100.0,
            "percent_statements_covered_display": "100.00"
          },
          "missing_lines": [],
          "excluded_lines": [],
          "start_line": 201
        },
        "PasswordReset.is_used": {
          "executed_lines": [209],
          "summary": {
            "covered_lines": 1,
            "num_statements": 1,
            "percent_covered": 100.0,
            "percent_covered_display": "100.00",
            "missing_lines": 0,
            "excluded_lines": 0,
            "percent_statements_covered": 100.0,
            "percent_statements_covered_display": "100.00"
          },
          "missing_lines": [],
          "excluded_lines": [],
          "start_line": 207
        },
        "": {
          "executed_lines": [
            5, 6, 9, 14, 15, 18, 25, 30, 39, 44, 52, 59, 67, 68, 69, 70, 71, 74,
            78, 82, 91, 94, 95, 102, 107, 113, 117, 123, 129, 130, 131, 132,
            133, 137, 139, 143, 149, 154, 157, 158, 165, 171, 175, 181, 187,
            188, 189, 190, 191, 195, 197, 201, 207
          ],
          "summary": {
            "covered_lines": 53,
            "num_statements": 53,
            "percent_covered": 100.0,
            "percent_covered_display": "100.00",
            "missing_lines": 0,
            "excluded_lines": 0,
            "percent_statements_covered": 100.0,
            "percent_statements_covered_display": "100.00"
          },
          "missing_lines": [],
          "excluded_lines": [],
          "start_line": 1
        }
      },
      "classes": {
        "User": {
          "executed_lines": [84, 85, 86, 88],
          "summary": {
            "covered_lines": 4,
            "num_statements": 5,
            "percent_covered": 80.0,
            "percent_covered_display": "80.00",
            "missing_lines": 1,
            "excluded_lines": 0,
            "percent_statements_covered": 80.0,
            "percent_statements_covered_display": "80.00"
          },
          "missing_lines": [80],
          "excluded_lines": [],
          "start_line": 9
        },
        "User.Meta": {
          "executed_lines": [],
          "summary": {
            "covered_lines": 0,
            "num_statements": 0,
            "percent_covered": 100.0,
            "percent_covered_display": "100.00",
            "missing_lines": 0,
            "excluded_lines": 0,
            "percent_statements_covered": 100.0,
            "percent_statements_covered_display": "100.00"
          },
          "missing_lines": [],
          "excluded_lines": [],
          "start_line": 67
        },
        "EmailVerification": {
          "executed_lines": [145, 147, 151],
          "summary": {
            "covered_lines": 3,
            "num_statements": 4,
            "percent_covered": 75.0,
            "percent_covered_display": "75.00",
            "missing_lines": 1,
            "excluded_lines": 0,
            "percent_statements_covered": 75.0,
            "percent_statements_covered_display": "75.00"
          },
          "missing_lines": [141],
          "excluded_lines": [],
          "start_line": 91
        },
        "EmailVerification.Meta": {
          "executed_lines": [],
          "summary": {
            "covered_lines": 0,
            "num_statements": 0,
            "percent_covered": 100.0,
            "percent_covered_display": "100.00",
            "missing_lines": 0,
            "excluded_lines": 0,
            "percent_statements_covered": 100.0,
            "percent_statements_covered_display": "100.00"
          },
          "missing_lines": [],
          "excluded_lines": [],
          "start_line": 129
        },
        "PasswordReset": {
          "executed_lines": [203, 205, 209],
          "summary": {
            "covered_lines": 3,
            "num_statements": 4,
            "percent_covered": 75.0,
            "percent_covered_display": "75.00",
            "missing_lines": 1,
            "excluded_lines": 0,
            "percent_statements_covered": 75.0,
            "percent_statements_covered_display": "75.00"
          },
          "missing_lines": [199],
          "excluded_lines": [],
          "start_line": 154
        },
        "PasswordReset.Meta": {
          "executed_lines": [],
          "summary": {
            "covered_lines": 0,
            "num_statements": 0,
            "percent_covered": 100.0,
            "percent_covered_display": "100.00",
            "missing_lines": 0,
            "excluded_lines": 0,
            "percent_statements_covered": 100.0,
            "percent_statements_covered_display": "100.00"
          },
          "missing_lines": [],
          "excluded_lines": [],
          "start_line": 187
        },
        "": {
          "executed_lines": [
            5, 6, 9, 14, 15, 18, 25, 30, 39, 44, 52, 59, 67, 68, 69, 70, 71, 74,
            78, 82, 91, 94, 95, 102, 107, 113, 117, 123, 129, 130, 131, 132,
            133, 137, 139, 143, 149, 154, 157, 158, 165, 171, 175, 181, 187,
            188, 189, 190, 191, 195, 197, 201, 207
          ],
          "summary": {
            "covered_lines": 53,
            "num_statements": 53,
            "percent_covered": 100.0,
            "percent_covered_display": "100.00",
            "missing_lines": 0,
            "excluded_lines": 0,
            "percent_statements_covered": 100.0,
            "percent_statements_covered_display": "100.00"
          },
          "missing_lines": [],
          "excluded_lines": [],
          "start_line": 1
        }
      }
    },
    "apps/users/serializers.py": {
      "executed_lines": [
        5, 7, 8, 9, 10, 11, 13, 16, 19, 20, 26, 31, 32, 34, 36, 37, 40, 42, 45,
        49, 50, 52, 53, 58, 59, 63, 65, 68, 69, 71, 72, 77, 78, 80, 81, 85, 87,
        89, 90, 94, 97, 98, 99, 104, 111, 114, 117, 120, 125, 126, 128, 131,
        132, 134, 135, 140, 141, 144, 146, 147, 152, 153, 156, 157, 161, 164,
        167, 170, 175, 176, 180, 183, 184, 188, 196, 197, 200, 202, 209, 216,
        217, 218, 221, 224, 226, 229, 232, 235, 236, 237, 239, 241, 243, 244,
        246, 247, 251, 254, 257, 258, 264, 270, 272, 278, 279, 281, 286, 288,
        290, 291, 293, 294, 298, 304, 307, 308, 309, 312, 315, 316, 317, 320,
        323, 324, 325, 326, 329, 332, 333, 334, 337, 340, 341, 346, 349, 352,
        355, 356, 359, 362, 365, 368, 371, 374
      ],
      "summary": {
        "covered_lines": 144,
        "num_statements": 158,
        "percent_covered": 91.13924050632912,
        "percent_covered_display": "91.14",
        "missing_lines": 14,
        "excluded_lines": 0,
        "percent_statements_covered": 91.13924050632912,
        "percent_statements_covered_display": "91.14"
      },
      "missing_lines": [
        46, 60, 61, 100, 101, 191, 204, 205, 206, 211, 212, 213, 273, 282
      ],
      "excluded_lines": [],
      "functions": {
        "UserRegisterSerializer.validate_email": {
          "executed_lines": [36, 37, 40],
          "summary": {
            "covered_lines": 3,
            "num_statements": 3,
            "percent_covered": 100.0,
            "percent_covered_display": "100.00",
            "missing_lines": 0,
            "excluded_lines": 0,
            "percent_statements_covered": 100.0,
            "percent_statements_covered_display": "100.00"
          },
          "missing_lines": [],
          "excluded_lines": [],
          "start_line": 34
        },
        "UserRegisterSerializer.validate_password": {
          "executed_lines": [45, 49, 50, 52, 53, 58, 59, 63],
          "summary": {
            "covered_lines": 8,
            "num_statements": 11,
            "percent_covered": 72.72727272727273,
            "percent_covered_display": "72.73",
            "missing_lines": 3,
            "excluded_lines": 0,
            "percent_statements_covered": 72.72727272727273,
            "percent_statements_covered_display": "72.73"
          },
          "missing_lines": [46, 60, 61],
          "excluded_lines": [],
          "start_line": 42
        },
        "UserRegisterSerializer.validate": {
          "executed_lines": [68, 69, 71, 72, 77, 78, 80, 81, 85],
          "summary": {
            "covered_lines": 9,
            "num_statements": 9,
            "percent_covered": 100.0,
            "percent_covered_display": "100.00",
            "missing_lines": 0,
            "excluded_lines": 0,
            "percent_statements_covered": 100.0,
            "percent_statements_covered_display": "100.00"
          },
          "missing_lines": [],
          "excluded_lines": [],
          "start_line": 65
        },
        "UserRegisterSerializer.create": {
          "executed_lines": [89, 90, 94, 97, 98, 99, 104, 111],
          "summary": {
            "covered_lines": 8,
            "num_statements": 10,
            "percent_covered": 80.0,
            "percent_covered_display": "80.00",
            "missing_lines": 2,
            "excluded_lines": 0,
            "percent_statements_covered": 80.0,
            "percent_statements_covered_display": "80.00"
          },
          "missing_lines": [100, 101],
          "excluded_lines": [],
          "start_line": 87
        },
        "UserLoginSerializer.validate": {
          "executed_lines": [
            131, 132, 134, 135, 140, 141, 144, 146, 147, 152, 153, 156, 157, 161
          ],
          "summary": {
            "covered_lines": 14,
            "num_statements": 14,
            "percent_covered": 100.0,
            "percent_covered_display": "100.00",
            "missing_lines": 0,
            "excluded_lines": 0,
            "percent_statements_covered": 100.0,
            "percent_statements_covered_display": "100.00"
          },
          "missing_lines": [],
          "excluded_lines": [],
          "start_line": 128
        },
        "PreviewLoginSerializer.validate": {
          "executed_lines": [
            183, 184, 188, 196, 197, 200, 202, 209, 216, 217, 218
          ],
          "summary": {
            "covered_lines": 11,
            "num_statements": 18,
            "percent_covered": 61.111111111111114,
            "percent_covered_display": "61.11",
            "missing_lines": 7,
            "excluded_lines": 0,
            "percent_statements_covered": 61.111111111111114,
            "percent_statements_covered_display": "61.11"
          },
          "missing_lines": [191, 204, 205, 206, 211, 212, 213],
          "excluded_lines": [],
          "start_line": 180
        },
        "SendEmailVerificationSerializer.validate_email": {
          "executed_lines": [229],
          "summary": {
            "covered_lines": 1,
            "num_statements": 1,
            "percent_covered": 100.0,
            "percent_covered_display": "100.00",
            "missing_lines": 0,
            "excluded_lines": 0,
            "percent_statements_covered": 100.0,
            "percent_statements_covered_display": "100.00"
          },
          "missing_lines": [],
          "excluded_lines": [],
          "start_line": 226
        },
        "SendPasswordResetSerializer.validate": {
          "executed_lines": [241, 243, 244, 246, 247, 251],
          "summary": {
            "covered_lines": 6,
            "num_statements": 6,
            "percent_covered": 100.0,
            "percent_covered_display": "100.00",
            "missing_lines": 0,
            "excluded_lines": 0,
            "percent_statements_covered": 100.0,
            "percent_statements_covered_display": "100.00"
          },
          "missing_lines": [],
          "excluded_lines": [],
          "start_line": 239
        },
        "PasswordResetSerializer.validate_password": {
          "executed_lines": [272, 278, 279, 281, 286],
          "summary": {
            "covered_lines": 5,
            "num_statements": 7,
            "percent_covered": 71.42857142857143,
            "percent_covered_display": "71.43",
            "missing_lines": 2,
            "excluded_lines": 0,
            "percent_statements_covered": 71.42857142857143,
            "percent_statements_covered_display": "71.43"
          },
          "missing_lines": [273, 282],
          "excluded_lines": [],
          "start_line": 270
        },
        "PasswordResetSerializer.validate": {
          "executed_lines": [290, 291, 293, 294, 298],
          "summary": {
            "covered_lines": 5,
            "num_statements": 5,
            "percent_covered": 100.0,
            "percent_covered_display": "100.00",
            "missing_lines": 0,
            "excluded_lines": 0,
            "percent_statements_covered": 100.0,
            "percent_statements_covered_display": "100.00"
          },
          "missing_lines": [],
          "excluded_lines": [],
          "start_line": 288
        },
        "": {
          "executed_lines": [
            5, 7, 8, 9, 10, 11, 13, 16, 19, 20, 26, 31, 32, 34, 42, 65, 87, 114,
            117, 120, 125, 126, 128, 164, 167, 170, 175, 176, 180, 221, 224,
            226, 232, 235, 236, 237, 239, 254, 257, 258, 264, 270, 288, 304,
            307, 308, 309, 312, 315, 316, 317, 320, 323, 324, 325, 326, 329,
            332, 333, 334, 337, 340, 341, 346, 349, 352, 355, 356, 359, 362,
            365, 368, 371, 374
          ],
          "summary": {
            "covered_lines": 74,
            "num_statements": 74,
            "percent_covered": 100.0,
            "percent_covered_display": "100.00",
            "missing_lines": 0,
            "excluded_lines": 0,
            "percent_statements_covered": 100.0,
            "percent_statements_covered_display": "100.00"
          },
          "missing_lines": [],
          "excluded_lines": [],
          "start_line": 1
        }
      },
      "classes": {
        "UserRegisterSerializer": {
          "executed_lines": [
            36, 37, 40, 45, 49, 50, 52, 53, 58, 59, 63, 68, 69, 71, 72, 77, 78,
            80, 81, 85, 89, 90, 94, 97, 98, 99, 104, 111
          ],
          "summary": {
            "covered_lines": 28,
            "num_statements": 33,
            "percent_covered": 84.84848484848484,
            "percent_covered_display": "84.85",
            "missing_lines": 5,
            "excluded_lines": 0,
            "percent_statements_covered": 84.84848484848484,
            "percent_statements_covered_display": "84.85"
          },
          "missing_lines": [46, 60, 61, 100, 101],
          "excluded_lines": [],
          "start_line": 16
        },
        "UserLoginSerializer": {
          "executed_lines": [
            131, 132, 134, 135, 140, 141, 144, 146, 147, 152, 153, 156, 157, 161
          ],
          "summary": {
            "covered_lines": 14,
            "num_statements": 14,
            "percent_covered": 100.0,
            "percent_covered_display": "100.00",
            "missing_lines": 0,
            "excluded_lines": 0,
            "percent_statements_covered": 100.0,
            "percent_statements_covered_display": "100.00"
          },
          "missing_lines": [],
          "excluded_lines": [],
          "start_line": 114
        },
        "PreviewLoginSerializer": {
          "executed_lines": [
            183, 184, 188, 196, 197, 200, 202, 209, 216, 217, 218
          ],
          "summary": {
            "covered_lines": 11,
            "num_statements": 18,
            "percent_covered": 61.111111111111114,
            "percent_covered_display": "61.11",
            "missing_lines": 7,
            "excluded_lines": 0,
            "percent_statements_covered": 61.111111111111114,
            "percent_statements_covered_display": "61.11"
          },
          "missing_lines": [191, 204, 205, 206, 211, 212, 213],
          "excluded_lines": [],
          "start_line": 164
        },
        "SendEmailVerificationSerializer": {
          "executed_lines": [229],
          "summary": {
            "covered_lines": 1,
            "num_statements": 1,
            "percent_covered": 100.0,
            "percent_covered_display": "100.00",
            "missing_lines": 0,
            "excluded_lines": 0,
            "percent_statements_covered": 100.0,
            "percent_statements_covered_display": "100.00"
          },
          "missing_lines": [],
          "excluded_lines": [],
          "start_line": 221
        },
        "SendPasswordResetSerializer": {
          "executed_lines": [241, 243, 244, 246, 247, 251],
          "summary": {
            "covered_lines": 6,
            "num_statements": 6,
            "percent_covered": 100.0,
            "percent_covered_display": "100.00",
            "missing_lines": 0,
            "excluded_lines": 0,
            "percent_statements_covered": 100.0,
            "percent_statements_covered_display": "100.00"
          },
          "missing_lines": [],
          "excluded_lines": [],
          "start_line": 232
        },
        "PasswordResetSerializer": {
          "executed_lines": [272, 278, 279, 281, 286, 290, 291, 293, 294, 298],
          "summary": {
            "covered_lines": 10,
            "num_statements": 12,
            "percent_covered": 83.33333333333333,
            "percent_covered_display": "83.33",
            "missing_lines": 2,
            "excluded_lines": 0,
            "percent_statements_covered": 83.33333333333333,
            "percent_statements_covered_display": "83.33"
          },
          "missing_lines": [273, 282],
          "excluded_lines": [],
          "start_line": 254
        },
        "UserInfoSerializer": {
          "executed_lines": [],
          "summary": {
            "covered_lines": 0,
            "num_statements": 0,
            "percent_covered": 100.0,
            "percent_covered_display": "100.00",
            "missing_lines": 0,
            "excluded_lines": 0,
            "percent_statements_covered": 100.0,
            "percent_statements_covered_display": "100.00"
          },
          "missing_lines": [],
          "excluded_lines": [],
          "start_line": 304
        },
        "CaptchaResponseSerializer": {
          "executed_lines": [],
          "summary": {
            "covered_lines": 0,
            "num_statements": 0,
            "percent_covered": 100.0,
            "percent_covered_display": "100.00",
            "missing_lines": 0,
            "excluded_lines": 0,
            "percent_statements_covered": 100.0,
            "percent_statements_covered_display": "100.00"
          },
          "missing_lines": [],
          "excluded_lines": [],
          "start_line": 312
        },
        "RegisterResponseSerializer": {
          "executed_lines": [],
          "summary": {
            "covered_lines": 0,
            "num_statements": 0,
            "percent_covered": 100.0,
            "percent_covered_display": "100.00",
            "missing_lines": 0,
            "excluded_lines": 0,
            "percent_statements_covered": 100.0,
            "percent_statements_covered_display": "100.00"
          },
          "missing_lines": [],
          "excluded_lines": [],
          "start_line": 320
        },
        "LoginResponseSerializer": {
          "executed_lines": [],
          "summary": {
            "covered_lines": 0,
            "num_statements": 0,
            "percent_covered": 100.0,
            "percent_covered_display": "100.00",
            "missing_lines": 0,
            "excluded_lines": 0,
            "percent_statements_covered": 100.0,
            "percent_statements_covered_display": "100.00"
          },
          "missing_lines": [],
          "excluded_lines": [],
          "start_line": 329
        },
        "PreviewResponseSerializer": {
          "executed_lines": [],
          "summary": {
            "covered_lines": 0,
            "num_statements": 0,
            "percent_covered": 100.0,
            "percent_covered_display": "100.00",
            "missing_lines": 0,
            "excluded_lines": 0,
            "percent_statements_covered": 100.0,
            "percent_statements_covered_display": "100.00"
          },
          "missing_lines": [],
          "excluded_lines": [],
          "start_line": 337
        },
        "MessageResponseSerializer": {
          "executed_lines": [],
          "summary": {
            "covered_lines": 0,
            "num_statements": 0,
            "percent_covered": 100.0,
            "percent_covered_display": "100.00",
            "missing_lines": 0,
            "excluded_lines": 0,
            "percent_statements_covered": 100.0,
            "percent_statements_covered_display": "100.00"
          },
          "missing_lines": [],
          "excluded_lines": [],
          "start_line": 346
        },
        "ErrorResponseSerializer": {
          "executed_lines": [],
          "summary": {
            "covered_lines": 0,
            "num_statements": 0,
            "percent_covered": 100.0,
            "percent_covered_display": "100.00",
            "missing_lines": 0,
            "excluded_lines": 0,
            "percent_statements_covered": 100.0,
            "percent_statements_covered_display": "100.00"
          },
          "missing_lines": [],
          "excluded_lines": [],
          "start_line": 352
        },
        "TokenRefreshRequestSerializer": {
          "executed_lines": [],
          "summary": {
            "covered_lines": 0,
            "num_statements": 0,
            "percent_covered": 100.0,
            "percent_covered_display": "100.00",
            "missing_lines": 0,
            "excluded_lines": 0,
            "percent_statements_covered": 100.0,
            "percent_statements_covered_display": "100.00"
          },
          "missing_lines": [],
          "excluded_lines": [],
          "start_line": 359
        },
        "TokenRefreshResponseSerializer": {
          "executed_lines": [],
          "summary": {
            "covered_lines": 0,
            "num_statements": 0,
            "percent_covered": 100.0,
            "percent_covered_display": "100.00",
            "missing_lines": 0,
            "excluded_lines": 0,
            "percent_statements_covered": 100.0,
            "percent_statements_covered_display": "100.00"
          },
          "missing_lines": [],
          "excluded_lines": [],
          "start_line": 365
        },
        "CaptchaRefreshRequestSerializer": {
          "executed_lines": [],
          "summary": {
            "covered_lines": 0,
            "num_statements": 0,
            "percent_covered": 100.0,
            "percent_covered_display": "100.00",
            "missing_lines": 0,
            "excluded_lines": 0,
            "percent_statements_covered": 100.0,
            "percent_statements_covered_display": "100.00"
          },
          "missing_lines": [],
          "excluded_lines": [],
          "start_line": 371
        },
        "": {
          "executed_lines": [
            5, 7, 8, 9, 10, 11, 13, 16, 19, 20, 26, 31, 32, 34, 42, 65, 87, 114,
            117, 120, 125, 126, 128, 164, 167, 170, 175, 176, 180, 221, 224,
            226, 232, 235, 236, 237, 239, 254, 257, 258, 264, 270, 288, 304,
            307, 308, 309, 312, 315, 316, 317, 320, 323, 324, 325, 326, 329,
            332, 333, 334, 337, 340, 341, 346, 349, 352, 355, 356, 359, 362,
            365, 368, 371, 374
          ],
          "summary": {
            "covered_lines": 74,
            "num_statements": 74,
            "percent_covered": 100.0,
            "percent_covered_display": "100.00",
            "missing_lines": 0,
            "excluded_lines": 0,
            "percent_statements_covered": 100.0,
            "percent_statements_covered_display": "100.00"
          },
          "missing_lines": [],
          "excluded_lines": [],
          "start_line": 1
        }
      }
    },
    "apps/users/tasks.py": {
      "executed_lines": [
        5, 7, 8, 9, 10, 12, 15, 26, 38, 41, 42, 45, 48, 54, 60, 63, 69, 72, 75,
        110, 121, 133, 136, 137, 140, 143, 149, 155, 158, 164, 167, 170
      ],
      "summary": {
        "covered_lines": 32,
        "num_statements": 46,
        "percent_covered": 69.56521739130434,
        "percent_covered_display": "69.57",
        "missing_lines": 14,
        "excluded_lines": 0,
        "percent_statements_covered": 69.56521739130434,
        "percent_statements_covered_display": "69.57"
      },
      "missing_lines": [
        80, 82, 90, 97, 98, 101, 107, 175, 177, 185, 192, 193, 196, 202
      ],
      "excluded_lines": [],
      "functions": {
        "send_email_verification": {
          "executed_lines": [38, 41, 42, 45, 48, 54, 60, 63, 69, 72, 75],
          "summary": {
            "covered_lines": 11,
            "num_statements": 18,
            "percent_covered": 61.111111111111114,
            "percent_covered_display": "61.11",
            "missing_lines": 7,
            "excluded_lines": 0,
            "percent_statements_covered": 61.111111111111114,
            "percent_statements_covered_display": "61.11"
          },
          "missing_lines": [80, 82, 90, 97, 98, 101, 107],
          "excluded_lines": [],
          "start_line": 26
        },
        "send_password_reset_email": {
          "executed_lines": [
            133, 136, 137, 140, 143, 149, 155, 158, 164, 167, 170
          ],
          "summary": {
            "covered_lines": 11,
            "num_statements": 18,
            "percent_covered": 61.111111111111114,
            "percent_covered_display": "61.11",
            "missing_lines": 7,
            "excluded_lines": 0,
            "percent_statements_covered": 61.111111111111114,
            "percent_statements_covered_display": "61.11"
          },
          "missing_lines": [175, 177, 185, 192, 193, 196, 202],
          "excluded_lines": [],
          "start_line": 121
        },
        "": {
          "executed_lines": [5, 7, 8, 9, 10, 12, 15, 26, 110, 121],
          "summary": {
            "covered_lines": 10,
            "num_statements": 10,
            "percent_covered": 100.0,
            "percent_covered_display": "100.00",
            "missing_lines": 0,
            "excluded_lines": 0,
            "percent_statements_covered": 100.0,
            "percent_statements_covered_display": "100.00"
          },
          "missing_lines": [],
          "excluded_lines": [],
          "start_line": 1
        }
      },
      "classes": {
        "": {
          "executed_lines": [
            5, 7, 8, 9, 10, 12, 15, 26, 38, 41, 42, 45, 48, 54, 60, 63, 69, 72,
            75, 110, 121, 133, 136, 137, 140, 143, 149, 155, 158, 164, 167, 170
          ],
          "summary": {
            "covered_lines": 32,
            "num_statements": 46,
            "percent_covered": 69.56521739130434,
            "percent_covered_display": "69.57",
            "missing_lines": 14,
            "excluded_lines": 0,
            "percent_statements_covered": 69.56521739130434,
            "percent_statements_covered_display": "69.57"
          },
          "missing_lines": [
            80, 82, 90, 97, 98, 101, 107, 175, 177, 185, 192, 193, 196, 202
          ],
          "excluded_lines": [],
          "start_line": 1
        }
      }
    },
    "apps/users/throttling.py": {
      "executed_lines": [5, 8, 16, 17, 19, 27, 31, 33, 44, 49, 51],
      "summary": {
        "covered_lines": 11,
        "num_statements": 13,
        "percent_covered": 84.61538461538461,
        "percent_covered_display": "84.62",
        "missing_lines": 2,
        "excluded_lines": 0,
        "percent_statements_covered": 84.61538461538461,
        "percent_statements_covered_display": "84.62"
      },
      "missing_lines": [28, 46],
      "excluded_lines": [],
      "functions": {
        "PreviewLoginThrottle.allow_request": {
          "executed_lines": [27, 31],
          "summary": {
            "covered_lines": 2,
            "num_statements": 3,
            "percent_covered": 66.66666666666667,
[...]
            214, 216, 226, 295, 370, 373, 375, 386, 526, 529, 530, 532, 549,
            575, 585, 621, 624, 626, 636, 677, 680, 682, 691, 735, 738, 740,
            751, 829, 832, 834, 844, 912, 915, 917, 927, 1003, 1006, 1008, 1019,
            1111, 1114, 1116, 1127
          ],
          "summary": {
            "covered_lines": 76,
            "num_statements": 76,
            "percent_covered": 100.0,
            "percent_covered_display": "100.00",
            "missing_lines": 0,
            "excluded_lines": 0,
            "percent_statements_covered": 100.0,
            "percent_statements_covered_display": "100.00"
          },
          "missing_lines": [],
          "excluded_lines": [],
          "start_line": 1
        }
      },
      "classes": {
        "BaseCaptchaView": {
          "executed_lines": [65, 66, 67, 70, 74, 84, 87, 90, 109, 110],
          "summary": {
            "covered_lines": 10,
            "num_statements": 10,
            "percent_covered": 100.0,
            "percent_covered_display": "100.00",
            "missing_lines": 0,
            "excluded_lines": 0,
            "percent_statements_covered": 100.0,
            "percent_statements_covered_display": "100.00"
          },
          "missing_lines": [],
          "excluded_lines": [],
          "start_line": 50
        },
        "CaptchaAPIView": {
          "executed_lines": [131],
          "summary": {
            "covered_lines": 1,
            "num_statements": 1,
            "percent_covered": 100.0,
            "percent_covered_display": "100.00",
            "missing_lines": 0,
            "excluded_lines": 0,
            "percent_statements_covered": 100.0,
            "percent_statements_covered_display": "100.00"
          },
          "missing_lines": [],
          "excluded_lines": [],
          "start_line": 113
        },
        "CaptchaRefreshAPIView": {
          "executed_lines": [
            160, 161, 162, 167, 168, 170, 172, 173, 174, 178, 181
          ],
          "summary": {
            "covered_lines": 11,
            "num_statements": 12,
            "percent_covered": 91.66666666666667,
            "percent_covered_display": "91.67",
            "missing_lines": 1,
            "excluded_lines": 0,
            "percent_statements_covered": 91.66666666666667,
            "percent_statements_covered_display": "91.67"
          },
          "missing_lines": [164],
          "excluded_lines": [],
          "start_line": 134
        },
        "CaptchaAnswerAPIView": {
          "executed_lines": [],
          "summary": {
            "covered_lines": 0,
            "num_statements": 7,
            "percent_covered": 0.0,
            "percent_covered_display": "0.00",
            "missing_lines": 7,
            "excluded_lines": 0,
            "percent_statements_covered": 0.0,
            "percent_statements_covered_display": "0.00"
          },
          "missing_lines": [198, 199, 202, 204, 205, 206, 208],
          "excluded_lines": [],
          "start_line": 184
        },
        "RegisterAPIView": {
          "executed_lines": [
            242, 244, 246, 247, 248, 251, 254, 257, 259, 260, 263, 271, 278,
            281, 306, 307, 308, 311, 317, 318, 319, 326, 327, 330, 331, 332,
            333, 340, 349, 350, 353, 367
          ],
          "summary": {
            "covered_lines": 32,
            "num_statements": 38,
            "percent_covered": 84.21052631578948,
            "percent_covered_display": "84.21",
            "missing_lines": 6,
            "excluded_lines": 0,
            "percent_statements_covered": 84.21052631578948,
            "percent_statements_covered_display": "84.21"
          },
          "missing_lines": [322, 354, 357, 360, 364, 365],
          "excluded_lines": [],
          "start_line": 211
        },
        "LoginAPIView": {
          "executed_lines": [
            401, 403, 405, 408, 409, 410, 413, 414, 415, 416, 419, 426, 429,
            431, 432, 433, 435, 437, 439, 440, 443, 450, 458, 465, 478, 481,
            484, 485, 490, 491, 492, 493, 496, 497, 503, 509, 512
          ],
          "summary": {
            "covered_lines": 37,
            "num_statements": 46,
            "percent_covered": 80.43478260869566,
            "percent_covered_display": "80.43",
            "missing_lines": 9,
            "excluded_lines": 0,
            "percent_statements_covered": 80.43478260869566,
            "percent_statements_covered_display": "80.43"
          },
          "missing_lines": [420, 421, 422, 423, 474, 475, 504, 505, 506],
          "excluded_lines": [],
          "start_line": 370
        },
        "PreviewAPIView": {
          "executed_lines": [
            542, 544, 559, 568, 586, 588, 601, 602, 603, 605, 613, 615
          ],
          "summary": {
            "covered_lines": 12,
            "num_statements": 20,
            "percent_covered": 60.0,
            "percent_covered_display": "60.00",
            "missing_lines": 8,
            "excluded_lines": 0,
            "percent_statements_covered": 60.0,
            "percent_statements_covered_display": "60.00"
          },
          "missing_lines": [547, 561, 590, 593, 594, 595, 598, 607],
          "excluded_lines": [],
          "start_line": 526
        },
        "TokenRefreshAPIView": {
          "executed_lines": [646, 648, 649, 654, 656, 657, 660, 665, 666],
          "summary": {
            "covered_lines": 9,
            "num_statements": 11,
            "percent_covered": 81.81818181818181,
            "percent_covered_display": "81.82",
            "missing_lines": 2,
            "excluded_lines": 0,
            "percent_statements_covered": 81.81818181818181,
            "percent_statements_covered_display": "81.82"
          },
          "missing_lines": [670, 671],
          "excluded_lines": [],
          "start_line": 621
        },
        "LogoutAPIView": {
          "executed_lines": [702, 708, 710, 712, 722],
          "summary": {
            "covered_lines": 5,
            "num_statements": 13,
            "percent_covered": 38.46153846153846,
            "percent_covered_display": "38.46",
            "missing_lines": 8,
            "excluded_lines": 0,
            "percent_statements_covered": 38.46153846153846,
            "percent_statements_covered_display": "38.46"
          },
          "missing_lines": [703, 713, 715, 716, 717, 719, 727, 729],
          "excluded_lines": [],
          "start_line": 677
        },
        "SendEmailVerificationAPIView": {
          "executed_lines": [766, 767, 768, 774, 777, 784, 787, 790, 801, 807],
          "summary": {
            "covered_lines": 10,
            "num_statements": 17,
            "percent_covered": 58.8235294117647,
            "percent_covered_display": "58.82",
            "missing_lines": 7,
            "excluded_lines": 0,
            "percent_statements_covered": 58.8235294117647,
            "percent_statements_covered_display": "58.82"
          },
          "missing_lines": [769, 778, 812, 814, 816, 817, 823],
          "excluded_lines": [],
          "start_line": 735
        },
        "VerifyEmailAPIView": {
          "executed_lines": [
            854, 856, 857, 858, 859, 865, 866, 872, 873, 882, 883, 884, 885,
            888, 889, 891
          ],
          "summary": {
            "covered_lines": 16,
            "num_statements": 21,
            "percent_covered": 76.19047619047619,
            "percent_covered_display": "76.19",
            "missing_lines": 5,
            "excluded_lines": 0,
            "percent_statements_covered": 76.19047619047619,
            "percent_statements_covered_display": "76.19"
          },
          "missing_lines": [896, 898, 900, 901, 906],
          "excluded_lines": [],
          "start_line": 829
        },
        "ResendEmailVerificationAPIView": {
          "executed_lines": [],
          "summary": {
            "covered_lines": 0,
            "num_statements": 23,
            "percent_covered": 0.0,
            "percent_covered_display": "0.00",
            "missing_lines": 23,
            "excluded_lines": 0,
            "percent_statements_covered": 0.0,
            "percent_statements_covered_display": "0.00"
          },
          "missing_lines": [
            937, 939, 940, 941, 947, 948, 949, 950, 956, 957, 963, 966, 969,
            970, 971, 972, 975, 981, 986, 988, 990, 991, 997
          ],
          "excluded_lines": [],
          "start_line": 912
        },
        "SendPasswordResetAPIView": {
          "executed_lines": [
            1033, 1034, 1035, 1037, 1038, 1039, 1042, 1043, 1050, 1059, 1062,
            1065, 1067, 1070, 1073, 1083, 1090
          ],
          "summary": {
            "covered_lines": 17,
            "num_statements": 23,
            "percent_covered": 73.91304347826087,
            "percent_covered_display": "73.91",
            "missing_lines": 6,
            "excluded_lines": 0,
            "percent_statements_covered": 73.91304347826087,
            "percent_statements_covered_display": "73.91"
          },
          "missing_lines": [1044, 1095, 1097, 1099, 1100, 1105],
          "excluded_lines": [],
          "start_line": 1003
        },
        "PasswordResetAPIView": {
          "executed_lines": [
            1141, 1142, 1143, 1145, 1148, 1149, 1150, 1152, 1153, 1174, 1181,
            1197, 1206, 1207, 1210, 1211, 1212, 1213, 1219, 1220, 1226, 1227,
            1233, 1234, 1235, 1238, 1239, 1241
          ],
          "summary": {
            "covered_lines": 28,
            "num_statements": 43,
            "percent_covered": 65.11627906976744,
            "percent_covered_display": "65.12",
            "missing_lines": 15,
            "excluded_lines": 0,
            "percent_statements_covered": 65.11627906976744,
            "percent_statements_covered_display": "65.12"
          },
          "missing_lines": [
            1154, 1161, 1165, 1166, 1167, 1168, 1175, 1182, 1185, 1188, 1246,
            1248, 1250, 1251, 1256
          ],
          "excluded_lines": [],
          "start_line": 1111
        },
        "": {
          "executed_lines": [
            5, 6, 8, 9, 26, 27, 28, 33, 34, 35, 36, 37, 38, 39, 40, 41, 42, 44,
            47, 50, 53, 55, 76, 99, 113, 116, 124, 134, 137, 146, 184, 187, 211,
            214, 216, 226, 295, 370, 373, 375, 386, 526, 529, 530, 532, 549,
            575, 585, 621, 624, 626, 636, 677, 680, 682, 691, 735, 738, 740,
            751, 829, 832, 834, 844, 912, 915, 917, 927, 1003, 1006, 1008, 1019,
            1111, 1114, 1116, 1127
          ],
          "summary": {
            "covered_lines": 76,
            "num_statements": 76,
            "percent_covered": 100.0,
            "percent_covered_display": "100.00",
            "missing_lines": 0,
            "excluded_lines": 0,
            "percent_statements_covered": 100.0,
            "percent_statements_covered_display": "100.00"
          },
          "missing_lines": [],
          "excluded_lines": [],
          "start_line": 1
        }
      }
    },
    "bravo/__init__.py": {
      "executed_lines": [4, 6],
      "summary": {
        "covered_lines": 2,
        "num_statements": 2,
        "percent_covered": 100.0,
        "percent_covered_display": "100.00",
        "missing_lines": 0,
        "excluded_lines": 0,
        "percent_statements_covered": 100.0,
        "percent_statements_covered_display": "100.00"
      },
      "missing_lines": [],
      "excluded_lines": [],
      "functions": {
        "": {
          "executed_lines": [4, 6],
          "summary": {
            "covered_lines": 2,
            "num_statements": 2,
            "percent_covered": 100.0,
            "percent_covered_display": "100.00",
            "missing_lines": 0,
            "excluded_lines": 0,
            "percent_statements_covered": 100.0,
            "percent_statements_covered_display": "100.00"
          },
          "missing_lines": [],
          "excluded_lines": [],
          "start_line": 1
        }
      },
      "classes": {
        "": {
          "executed_lines": [4, 6],
          "summary": {
            "covered_lines": 2,
            "num_statements": 2,
            "percent_covered": 100.0,
            "percent_covered_display": "100.00",
            "missing_lines": 0,
            "excluded_lines": 0,
            "percent_statements_covered": 100.0,
            "percent_statements_covered_display": "100.00"
          },
          "missing_lines": [],
          "excluded_lines": [],
          "start_line": 1
        }
      }
    },
    "bravo/celery.py": {
      "executed_lines": [1, 3, 6, 8, 11, 14, 17, 18],
      "summary": {
        "covered_lines": 8,
        "num_statements": 9,
        "percent_covered": 88.88888888888889,
        "percent_covered_display": "88.89",
        "missing_lines": 1,
        "excluded_lines": 0,
        "percent_statements_covered": 88.88888888888889,
        "percent_statements_covered_display": "88.89"
      },
      "missing_lines": [19],
      "excluded_lines": [],
      "functions": {
        "debug_task": {
          "executed_lines": [],
          "summary": {
            "covered_lines": 0,
            "num_statements": 1,
            "percent_covered": 0.0,
            "percent_covered_display": "0.00",
            "missing_lines": 1,
            "excluded_lines": 0,
            "percent_statements_covered": 0.0,
            "percent_statements_covered_display": "0.00"
          },
          "missing_lines": [19],
          "excluded_lines": [],
          "start_line": 18
        },
        "": {
          "executed_lines": [1, 3, 6, 8, 11, 14, 17, 18],
          "summary": {
            "covered_lines": 8,
            "num_statements": 8,
            "percent_covered": 100.0,
            "percent_covered_display": "100.00",
            "missing_lines": 0,
            "excluded_lines": 0,
            "percent_statements_covered": 100.0,
            "percent_statements_covered_display": "100.00"
          },
          "missing_lines": [],
          "excluded_lines": [],
          "start_line": 1
        }
      },
      "classes": {
        "": {
          "executed_lines": [1, 3, 6, 8, 11, 14, 17, 18],
          "summary": {
            "covered_lines": 8,
            "num_statements": 9,
            "percent_covered": 88.88888888888889,
            "percent_covered_display": "88.89",
            "missing_lines": 1,
            "excluded_lines": 0,
            "percent_statements_covered": 88.88888888888889,
            "percent_statements_covered_display": "88.89"
          },
          "missing_lines": [19],
          "excluded_lines": [],
          "start_line": 1
        }
      }
    },
    "bravo/urls.py": {
      "executed_lines": [],
      "summary": {
        "covered_lines": 0,
        "num_statements": 12,
        "percent_covered": 0.0,
        "percent_covered_display": "0.00",
        "missing_lines": 12,
        "excluded_lines": 3,
        "percent_statements_covered": 0.0,
        "percent_statements_covered_display": "0.00"
      },
      "missing_lines": [17, 19, 20, 21, 22, 23, 24, 31, 33, 46, 48, 61],
      "excluded_lines": [88, 89, 90],
      "functions": {
        "health_check": {
          "executed_lines": [],
          "summary": {
            "covered_lines": 0,
            "num_statements": 1,
            "percent_covered": 0.0,
            "percent_covered_display": "0.00",
            "missing_lines": 1,
            "excluded_lines": 0,
            "percent_statements_covered": 0.0,
            "percent_statements_covered_display": "0.00"
          },
          "missing_lines": [33],
          "excluded_lines": [],
          "start_line": 31
        },
        "api_root": {
          "executed_lines": [],
          "summary": {
            "covered_lines": 0,
            "num_statements": 1,
            "percent_covered": 0.0,
            "percent_covered_display": "0.00",
            "missing_lines": 1,
            "excluded_lines": 0,
            "percent_statements_covered": 0.0,
            "percent_statements_covered_display": "0.00"
          },
          "missing_lines": [48],
          "excluded_lines": [],
          "start_line": 46
        },
        "": {
          "executed_lines": [],
          "summary": {
            "covered_lines": 0,
            "num_statements": 10,
            "percent_covered": 0.0,
            "percent_covered_display": "0.00",
            "missing_lines": 10,
            "excluded_lines": 3,
            "percent_statements_covered": 0.0,
            "percent_statements_covered_display": "0.00"
          },
          "missing_lines": [17, 19, 20, 21, 22, 23, 24, 31, 46, 61],
          "excluded_lines": [88, 89, 90],
          "start_line": 1
        }
      },
      "classes": {
        "": {
          "executed_lines": [],
          "summary": {
            "covered_lines": 0,
            "num_statements": 12,
            "percent_covered": 0.0,
            "percent_covered_display": "0.00",
            "missing_lines": 12,
            "excluded_lines": 3,
            "percent_statements_covered": 0.0,
            "percent_statements_covered_display": "0.00"
          },
          "missing_lines": [17, 19, 20, 21, 22, 23, 24, 31, 33, 46, 48, 61],
          "excluded_lines": [88, 89, 90],
          "start_line": 1
        }
      }
    },
    "bravo/urls_test.py": {
      "executed_lines": [4, 5, 6, 7, 9, 10, 16, 21, 37, 60, 61],
      "summary": {
        "covered_lines": 11,
        "num_statements": 14,
        "percent_covered": 78.57142857142857,
        "percent_covered_display": "78.57",
        "missing_lines": 3,
        "excluded_lines": 0,
        "percent_statements_covered": 78.57142857142857,
        "percent_statements_covered_display": "78.57"
      },
      "missing_lines": [17, 18, 23],
      "excluded_lines": [],
      "functions": {
        "home_view": {
          "executed_lines": [],
          "summary": {
            "covered_lines": 0,
            "num_statements": 1,
            "percent_covered": 0.0,
            "percent_covered_display": "0.00",
            "missing_lines": 1,
            "excluded_lines": 0,
            "percent_statements_covered": 0.0,
            "percent_statements_covered_display": "0.00"
          },
          "missing_lines": [23],
          "excluded_lines": [],
          "start_line": 21
        },
        "": {
          "executed_lines": [4, 5, 6, 7, 9, 10, 16, 21, 37, 60, 61],
          "summary": {
            "covered_lines": 11,
            "num_statements": 13,
            "percent_covered": 84.61538461538461,
            "percent_covered_display": "84.62",
            "missing_lines": 2,
            "excluded_lines": 0,
            "percent_statements_covered": 84.61538461538461,
            "percent_statements_covered_display": "84.62"
          },
          "missing_lines": [17, 18],
          "excluded_lines": [],
          "start_line": 1
        }
      },
      "classes": {
        "": {
          "executed_lines": [4, 5, 6, 7, 9, 10, 16, 21, 37, 60, 61],
          "summary": {
            "covered_lines": 11,
            "num_statements": 14,
            "percent_covered": 78.57142857142857,
            "percent_covered_display": "78.57",
            "missing_lines": 3,
            "excluded_lines": 0,
            "percent_statements_covered": 78.57142857142857,
            "percent_statements_covered_display": "78.57"
          },
          "missing_lines": [17, 18, 23],
          "excluded_lines": [],
          "start_line": 1
        }
      }
    }
  },
  "totals": {
    "covered_lines": 729,
    "num_statements": 985,
    "percent_covered": 74.01015228426395,
    "percent_covered_display": "74.01",
    "missing_lines": 256,
    "excluded_lines": 3,
    "percent_statements_covered": 74.01015228426395,
    "percent_statements_covered_display": "74.01"
  }
}
