{
  "meta": {
    "format": 3,
    "version": "7.12.0",
    "timestamp": "2025-12-07T19:03:48.507990",
    "branch_coverage": false,
    "show_contexts": false
  },
  "files": {
    "apps/__init__.py": {
      "executed_lines": [0],
      "summary": {
        "covered_lines": 0,
        "num_statements": 0,
        "percent_covered": 100.0,
        "percent_covered_display": "100.00",
        "missing_lines": 0,
        "excluded_lines": 0,
        "percent_statements_covered": 100.0,
        "percent_statements_covered_display": "100.00"
      },
      "missing_lines": [],
      "excluded_lines": [],
      "functions": {
        "": {
          "executed_lines": [],
          "summary": {
            "covered_lines": 0,
            "num_statements": 0,
            "percent_covered": 100.0,
            "percent_covered_display": "100.00",
            "missing_lines": 0,
            "excluded_lines": 0,
            "percent_statements_covered": 100.0,
            "percent_statements_covered_display": "100.00"
          },
          "missing_lines": [],
          "excluded_lines": []
        }
      },
      "classes": {
        "": {
          "executed_lines": [],
          "summary": {
            "covered_lines": 0,
            "num_statements": 0,
            "percent_covered": 100.0,
            "percent_covered_display": "100.00",
            "missing_lines": 0,
            "excluded_lines": 0,
            "percent_statements_covered": 100.0,
            "percent_statements_covered_display": "100.00"
          },
          "missing_lines": [],
          "excluded_lines": []
        }
      }
    },
    "apps/blog/__init__.py": {
      "executed_lines": [],
      "summary": {
        "covered_lines": 0,
        "num_statements": 0,
        "percent_covered": 100.0,
        "percent_covered_display": "100.00",
        "missing_lines": 0,
        "excluded_lines": 0,
        "percent_statements_covered": 100.0,
        "percent_statements_covered_display": "100.00"
      },
      "missing_lines": [],
      "excluded_lines": [],
      "functions": {
        "": {
          "executed_lines": [],
          "summary": {
            "covered_lines": 0,
            "num_statements": 0,
            "percent_covered": 100.0,
            "percent_covered_display": "100.00",
            "missing_lines": 0,
            "excluded_lines": 0,
            "percent_statements_covered": 100.0,
            "percent_statements_covered_display": "100.00"
          },
          "missing_lines": [],
          "excluded_lines": []
        }
      },
      "classes": {
        "": {
          "executed_lines": [],
          "summary": {
            "covered_lines": 0,
            "num_statements": 0,
            "percent_covered": 100.0,
            "percent_covered_display": "100.00",
            "missing_lines": 0,
            "excluded_lines": 0,
            "percent_statements_covered": 100.0,
            "percent_statements_covered_display": "100.00"
          },
          "missing_lines": [],
          "excluded_lines": []
        }
      }
    },
    "apps/blog/urls.py": {
      "executed_lines": [],
      "summary": {
        "covered_lines": 0,
        "num_statements": 2,
        "percent_covered": 0.0,
        "percent_covered_display": "0.00",
        "missing_lines": 2,
        "excluded_lines": 0,
        "percent_statements_covered": 0.0,
        "percent_statements_covered_display": "0.00"
      },
      "missing_lines": [2, 5],
      "excluded_lines": [],
      "functions": {
        "": {
          "executed_lines": [],
          "summary": {
            "covered_lines": 0,
            "num_statements": 2,
            "percent_covered": 0.0,
            "percent_covered_display": "0.00",
            "missing_lines": 2,
            "excluded_lines": 0,
            "percent_statements_covered": 0.0,
            "percent_statements_covered_display": "0.00"
          },
          "missing_lines": [2, 5],
          "excluded_lines": []
        }
      },
      "classes": {
        "": {
          "executed_lines": [],
          "summary": {
            "covered_lines": 0,
            "num_statements": 2,
            "percent_covered": 0.0,
            "percent_covered_display": "0.00",
            "missing_lines": 2,
            "excluded_lines": 0,
            "percent_statements_covered": 0.0,
            "percent_statements_covered_display": "0.00"
          },
          "missing_lines": [2, 5],
          "excluded_lines": []
        }
      }
    },
    "apps/common/__init__.py": {
      "executed_lines": [0],
      "summary": {
        "covered_lines": 0,
        "num_statements": 0,
        "percent_covered": 100.0,
        "percent_covered_display": "100.00",
        "missing_lines": 0,
        "excluded_lines": 0,
        "percent_statements_covered": 100.0,
        "percent_statements_covered_display": "100.00"
      },
      "missing_lines": [],
      "excluded_lines": [],
      "functions": {
        "": {
          "executed_lines": [],
          "summary": {
            "covered_lines": 0,
            "num_statements": 0,
            "percent_covered": 100.0,
            "percent_covered_display": "100.00",
            "missing_lines": 0,
            "excluded_lines": 0,
            "percent_statements_covered": 100.0,
            "percent_statements_covered_display": "100.00"
          },
          "missing_lines": [],
          "excluded_lines": []
        }
      },
      "classes": {
        "": {
          "executed_lines": [],
          "summary": {
            "covered_lines": 0,
            "num_statements": 0,
            "percent_covered": 100.0,
            "percent_covered_display": "100.00",
            "missing_lines": 0,
            "excluded_lines": 0,
            "percent_statements_covered": 100.0,
            "percent_statements_covered_display": "100.00"
          },
          "missing_lines": [],
          "excluded_lines": []
        }
      }
    },
    "apps/common/pagination.py": {
      "executed_lines": [],
      "summary": {
        "covered_lines": 0,
        "num_statements": 5,
        "percent_covered": 0.0,
        "percent_covered_display": "0.00",
        "missing_lines": 5,
        "excluded_lines": 0,
        "percent_statements_covered": 0.0,
        "percent_statements_covered_display": "0.00"
      },
      "missing_lines": [3, 6, 9, 10, 11],
      "excluded_lines": [],
      "functions": {
        "": {
          "executed_lines": [],
          "summary": {
            "covered_lines": 0,
            "num_statements": 5,
            "percent_covered": 0.0,
            "percent_covered_display": "0.00",
            "missing_lines": 5,
            "excluded_lines": 0,
            "percent_statements_covered": 0.0,
            "percent_statements_covered_display": "0.00"
          },
          "missing_lines": [3, 6, 9, 10, 11],
          "excluded_lines": []
        }
      },
      "classes": {
        "StandardResultsSetPagination": {
          "executed_lines": [],
          "summary": {
            "covered_lines": 0,
            "num_statements": 0,
            "percent_covered": 100.0,
            "percent_covered_display": "100.00",
            "missing_lines": 0,
            "excluded_lines": 0,
            "percent_statements_covered": 100.0,
            "percent_statements_covered_display": "100.00"
          },
          "missing_lines": [],
          "excluded_lines": []
        },
        "": {
          "executed_lines": [],
          "summary": {
            "covered_lines": 0,
            "num_statements": 5,
            "percent_covered": 0.0,
            "percent_covered_display": "0.00",
            "missing_lines": 5,
            "excluded_lines": 0,
            "percent_statements_covered": 0.0,
            "percent_statements_covered_display": "0.00"
          },
          "missing_lines": [3, 6, 9, 10, 11],
          "excluded_lines": []
        }
      }
    },
    "apps/common/urls.py": {
      "executed_lines": [1, 3, 5, 7],
      "summary": {
        "covered_lines": 3,
        "num_statements": 3,
        "percent_covered": 100.0,
        "percent_covered_display": "100.00",
        "missing_lines": 0,
        "excluded_lines": 0,
        "percent_statements_covered": 100.0,
        "percent_statements_covered_display": "100.00"
      },
      "missing_lines": [],
      "excluded_lines": [],
      "functions": {
        "": {
          "executed_lines": [1, 3, 5, 7],
          "summary": {
            "covered_lines": 3,
            "num_statements": 3,
            "percent_covered": 100.0,
            "percent_covered_display": "100.00",
            "missing_lines": 0,
            "excluded_lines": 0,
            "percent_statements_covered": 100.0,
            "percent_statements_covered_display": "100.00"
          },
          "missing_lines": [],
          "excluded_lines": []
        }
      },
      "classes": {
        "": {
          "executed_lines": [1, 3, 5, 7],
          "summary": {
            "covered_lines": 3,
            "num_statements": 3,
            "percent_covered": 100.0,
            "percent_covered_display": "100.00",
            "missing_lines": 0,
            "excluded_lines": 0,
            "percent_statements_covered": 100.0,
            "percent_statements_covered_display": "100.00"
          },
          "missing_lines": [],
          "excluded_lines": []
        }
      }
    },
    "apps/common/views.py": {
      "executed_lines": [1, 3, 4, 5, 8, 9, 10, 32, 33, 34],
      "summary": {
        "covered_lines": 9,
        "num_statements": 29,
        "percent_covered": 31.03448275862069,
        "percent_covered_display": "31.03",
        "missing_lines": 20,
        "excluded_lines": 0,
        "percent_statements_covered": 31.03448275862069,
        "percent_statements_covered_display": "31.03"
      },
      "missing_lines": [
        12, 14, 15, 16, 17, 18, 20, 27, 28, 29, 36, 37, 38, 39, 40, 41, 43, 55,
        56, 57
      ],
      "excluded_lines": [],
      "functions": {
        "health_check": {
          "executed_lines": [],
          "summary": {
            "covered_lines": 0,
            "num_statements": 10,
            "percent_covered": 0.0,
            "percent_covered_display": "0.00",
            "missing_lines": 10,
            "excluded_lines": 0,
            "percent_statements_covered": 0.0,
            "percent_statements_covered_display": "0.00"
          },
          "missing_lines": [12, 14, 15, 16, 17, 18, 20, 27, 28, 29],
          "excluded_lines": []
        },
        "api_info": {
          "executed_lines": [],
          "summary": {
            "covered_lines": 0,
            "num_statements": 10,
            "percent_covered": 0.0,
            "percent_covered_display": "0.00",
            "missing_lines": 10,
            "excluded_lines": 0,
            "percent_statements_covered": 0.0,
            "percent_statements_covered_display": "0.00"
          },
          "missing_lines": [36, 37, 38, 39, 40, 41, 43, 55, 56, 57],
          "excluded_lines": []
        },
        "": {
          "executed_lines": [1, 3, 4, 5, 8, 9, 10, 32, 33, 34],
          "summary": {
            "covered_lines": 9,
            "num_statements": 9,
            "percent_covered": 100.0,
            "percent_covered_display": "100.00",
            "missing_lines": 0,
            "excluded_lines": 0,
            "percent_statements_covered": 100.0,
            "percent_statements_covered_display": "100.00"
          },
          "missing_lines": [],
          "excluded_lines": []
        }
      },
      "classes": {
        "": {
          "executed_lines": [1, 3, 4, 5, 8, 9, 10, 32, 33, 34],
          "summary": {
            "covered_lines": 9,
            "num_statements": 29,
            "percent_covered": 31.03448275862069,
            "percent_covered_display": "31.03",
            "missing_lines": 20,
            "excluded_lines": 0,
            "percent_statements_covered": 31.03448275862069,
            "percent_statements_covered_display": "31.03"
          },
          "missing_lines": [
            12, 14, 15, 16, 17, 18, 20, 27, 28, 29, 36, 37, 38, 39, 40, 41, 43,
            55, 56, 57
          ],
          "excluded_lines": []
        }
      }
    },
    "apps/english/__init__.py": {
      "executed_lines": [],
      "summary": {
        "covered_lines": 0,
        "num_statements": 0,
        "percent_covered": 100.0,
        "percent_covered_display": "100.00",
        "missing_lines": 0,
        "excluded_lines": 0,
        "percent_statements_covered": 100.0,
        "percent_statements_covered_display": "100.00"
      },
      "missing_lines": [],
      "excluded_lines": [],
      "functions": {
        "": {
          "executed_lines": [],
          "summary": {
            "covered_lines": 0,
            "num_statements": 0,
            "percent_covered": 100.0,
            "percent_covered_display": "100.00",
            "missing_lines": 0,
            "excluded_lines": 0,
            "percent_statements_covered": 100.0,
            "percent_statements_covered_display": "100.00"
          },
          "missing_lines": [],
          "excluded_lines": []
        }
      },
      "classes": {
        "": {
          "executed_lines": [],
          "summary": {
            "covered_lines": 0,
            "num_statements": 0,
            "percent_covered": 100.0,
            "percent_covered_display": "100.00",
            "missing_lines": 0,
            "excluded_lines": 0,
            "percent_statements_covered": 100.0,
            "percent_statements_covered_display": "100.00"
          },
          "missing_lines": [],
          "excluded_lines": []
        }
      }
    },
    "apps/english/urls.py": {
      "executed_lines": [],
      "summary": {
        "covered_lines": 0,
        "num_statements": 2,
        "percent_covered": 0.0,
        "percent_covered_display": "0.00",
        "missing_lines": 2,
        "excluded_lines": 0,
        "percent_statements_covered": 0.0,
        "percent_statements_covered_display": "0.00"
      },
      "missing_lines": [2, 5],
      "excluded_lines": [],
      "functions": {
        "": {
          "executed_lines": [],
          "summary": {
            "covered_lines": 0,
            "num_statements": 2,
            "percent_covered": 0.0,
            "percent_covered_display": "0.00",
            "missing_lines": 2,
            "excluded_lines": 0,
            "percent_statements_covered": 0.0,
            "percent_statements_covered_display": "0.00"
          },
          "missing_lines": [2, 5],
          "excluded_lines": []
        }
      },
      "classes": {
        "": {
          "executed_lines": [],
          "summary": {
            "covered_lines": 0,
            "num_statements": 2,
            "percent_covered": 0.0,
            "percent_covered_display": "0.00",
            "missing_lines": 2,
            "excluded_lines": 0,
            "percent_statements_covered": 0.0,
            "percent_statements_covered_display": "0.00"
          },
          "missing_lines": [2, 5],
          "excluded_lines": []
        }
      }
    },
    "apps/feature_flags/__init__.py": {
      "executed_lines": [],
      "summary": {
        "covered_lines": 0,
        "num_statements": 0,
        "percent_covered": 100.0,
        "percent_covered_display": "100.00",
        "missing_lines": 0,
        "excluded_lines": 0,
        "percent_statements_covered": 100.0,
        "percent_statements_covered_display": "100.00"
      },
      "missing_lines": [],
      "excluded_lines": [],
      "functions": {
        "": {
          "executed_lines": [],
          "summary": {
            "covered_lines": 0,
            "num_statements": 0,
            "percent_covered": 100.0,
            "percent_covered_display": "100.00",
            "missing_lines": 0,
            "excluded_lines": 0,
            "percent_statements_covered": 100.0,
            "percent_statements_covered_display": "100.00"
          },
          "missing_lines": [],
          "excluded_lines": []
        }
      },
      "classes": {
        "": {
          "executed_lines": [],
          "summary": {
            "covered_lines": 0,
            "num_statements": 0,
            "percent_covered": 100.0,
            "percent_covered_display": "100.00",
            "missing_lines": 0,
            "excluded_lines": 0,
            "percent_statements_covered": 100.0,
            "percent_statements_covered_display": "100.00"
          },
          "missing_lines": [],
          "excluded_lines": []
        }
      }
    },
    "apps/feature_flags/apps.py": {
      "executed_lines": [],
      "summary": {
        "covered_lines": 0,
        "num_statements": 5,
        "percent_covered": 0.0,
        "percent_covered_display": "0.00",
        "missing_lines": 5,
        "excluded_lines": 0,
        "percent_statements_covered": 0.0,
        "percent_statements_covered_display": "0.00"
      },
      "missing_lines": [4, 7, 10, 11, 12],
      "excluded_lines": [],
      "functions": {
        "": {
          "executed_lines": [],
          "summary": {
            "covered_lines": 0,
            "num_statements": 5,
            "percent_covered": 0.0,
            "percent_covered_display": "0.00",
            "missing_lines": 5,
            "excluded_lines": 0,
            "percent_statements_covered": 0.0,
            "percent_statements_covered_display": "0.00"
          },
          "missing_lines": [4, 7, 10, 11, 12],
          "excluded_lines": []
        }
      },
      "classes": {
        "FeatureFlagsConfig": {
          "executed_lines": [],
          "summary": {
            "covered_lines": 0,
            "num_statements": 0,
            "percent_covered": 100.0,
            "percent_covered_display": "100.00",
            "missing_lines": 0,
            "excluded_lines": 0,
            "percent_statements_covered": 100.0,
            "percent_statements_covered_display": "100.00"
          },
          "missing_lines": [],
          "excluded_lines": []
        },
        "": {
          "executed_lines": [],
          "summary": {
            "covered_lines": 0,
            "num_statements": 5,
            "percent_covered": 0.0,
            "percent_covered_display": "0.00",
            "missing_lines": 5,
            "excluded_lines": 0,
            "percent_statements_covered": 0.0,
            "percent_statements_covered_display": "0.00"
          },
          "missing_lines": [4, 7, 10, 11, 12],
          "excluded_lines": []
        }
      }
    },
    "apps/feature_flags/models.py": {
      "executed_lines": [],
      "summary": {
        "covered_lines": 0,
        "num_statements": 13,
        "percent_covered": 0.0,
        "percent_covered_display": "0.00",
        "missing_lines": 13,
        "excluded_lines": 0,
        "percent_statements_covered": 0.0,
        "percent_statements_covered_display": "0.00"
      },
      "missing_lines": [4, 7, 10, 11, 12, 13, 14, 16, 17, 18, 19, 21, 22],
      "excluded_lines": [],
      "functions": {
        "FeatureFlag.__str__": {
          "executed_lines": [],
          "summary": {
            "covered_lines": 0,
            "num_statements": 1,
            "percent_covered": 0.0,
            "percent_covered_display": "0.00",
            "missing_lines": 1,
            "excluded_lines": 0,
            "percent_statements_covered": 0.0,
            "percent_statements_covered_display": "0.00"
          },
          "missing_lines": [22],
          "excluded_lines": []
        },
        "": {
          "executed_lines": [],
          "summary": {
            "covered_lines": 0,
            "num_statements": 12,
            "percent_covered": 0.0,
            "percent_covered_display": "0.00",
            "missing_lines": 12,
            "excluded_lines": 0,
            "percent_statements_covered": 0.0,
            "percent_statements_covered_display": "0.00"
          },
          "missing_lines": [4, 7, 10, 11, 12, 13, 14, 16, 17, 18, 19, 21],
          "excluded_lines": []
        }
      },
      "classes": {
        "FeatureFlag": {
          "executed_lines": [],
          "summary": {
            "covered_lines": 0,
            "num_statements": 1,
            "percent_covered": 0.0,
            "percent_covered_display": "0.00",
            "missing_lines": 1,
            "excluded_lines": 0,
            "percent_statements_covered": 0.0,
            "percent_statements_covered_display": "0.00"
          },
          "missing_lines": [22],
          "excluded_lines": []
        },
        "FeatureFlag.Meta": {
          "executed_lines": [],
          "summary": {
            "covered_lines": 0,
            "num_statements": 0,
            "percent_covered": 100.0,
            "percent_covered_display": "100.00",
            "missing_lines": 0,
            "excluded_lines": 0,
            "percent_statements_covered": 100.0,
            "percent_statements_covered_display": "100.00"
          },
          "missing_lines": [],
          "excluded_lines": []
        },
        "": {
          "executed_lines": [],
          "summary": {
            "covered_lines": 0,
            "num_statements": 12,
            "percent_covered": 0.0,
            "percent_covered_display": "0.00",
            "missing_lines": 12,
            "excluded_lines": 0,
            "percent_statements_covered": 0.0,
            "percent_statements_covered_display": "0.00"
          },
          "missing_lines": [4, 7, 10, 11, 12, 13, 14, 16, 17, 18, 19, 21],
          "excluded_lines": []
        }
      }
    },
    "apps/feature_flags/urls.py": {
      "executed_lines": [],
      "summary": {
        "covered_lines": 0,
        "num_statements": 4,
        "percent_covered": 0.0,
        "percent_covered_display": "0.00",
        "missing_lines": 4,
        "excluded_lines": 0,
        "percent_statements_covered": 0.0,
        "percent_statements_covered_display": "0.00"
      },
      "missing_lines": [4, 6, 8, 10],
      "excluded_lines": [],
      "functions": {
        "": {
          "executed_lines": [],
          "summary": {
            "covered_lines": 0,
            "num_statements": 4,
            "percent_covered": 0.0,
            "percent_covered_display": "0.00",
            "missing_lines": 4,
            "excluded_lines": 0,
            "percent_statements_covered": 0.0,
            "percent_statements_covered_display": "0.00"
          },
          "missing_lines": [4, 6, 8, 10],
          "excluded_lines": []
        }
      },
      "classes": {
        "": {
          "executed_lines": [],
          "summary": {
            "covered_lines": 0,
            "num_statements": 4,
            "percent_covered": 0.0,
            "percent_covered_display": "0.00",
            "missing_lines": 4,
            "excluded_lines": 0,
            "percent_statements_covered": 0.0,
            "percent_statements_covered_display": "0.00"
          },
          "missing_lines": [4, 6, 8, 10],
          "excluded_lines": []
        }
      }
    },
    "apps/feature_flags/views.py": {
      "executed_lines": [],
      "summary": {
        "covered_lines": 0,
        "num_statements": 3,
        "percent_covered": 0.0,
        "percent_covered_display": "0.00",
        "missing_lines": 3,
        "excluded_lines": 0,
        "percent_statements_covered": 0.0,
        "percent_statements_covered_display": "0.00"
      },
      "missing_lines": [4, 7, 9],
      "excluded_lines": [],
      "functions": {
        "feature_flags_status": {
          "executed_lines": [],
          "summary": {
            "covered_lines": 0,
            "num_statements": 1,
            "percent_covered": 0.0,
            "percent_covered_display": "0.00",
            "missing_lines": 1,
            "excluded_lines": 0,
            "percent_statements_covered": 0.0,
            "percent_statements_covered_display": "0.00"
          },
          "missing_lines": [9],
          "excluded_lines": []
        },
        "": {
          "executed_lines": [],
          "summary": {
            "covered_lines": 0,
            "num_statements": 2,
            "percent_covered": 0.0,
            "percent_covered_display": "0.00",
            "missing_lines": 2,
            "excluded_lines": 0,
            "percent_statements_covered": 0.0,
            "percent_statements_covered_display": "0.00"
          },
          "missing_lines": [4, 7],
          "excluded_lines": []
        }
      },
      "classes": {
        "": {
          "executed_lines": [],
          "summary": {
            "covered_lines": 0,
            "num_statements": 3,
            "percent_covered": 0.0,
            "percent_covered_display": "0.00",
            "missing_lines": 3,
            "excluded_lines": 0,
            "percent_statements_covered": 0.0,
            "percent_statements_covered_display": "0.00"
          },
          "missing_lines": [4, 7, 9],
          "excluded_lines": []
        }
      }
    },
    "apps/jobs/__init__.py": {
      "executed_lines": [],
      "summary": {
        "covered_lines": 0,
        "num_statements": 0,
        "percent_covered": 100.0,
        "percent_covered_display": "100.00",
        "missing_lines": 0,
        "excluded_lines": 0,
        "percent_statements_covered": 100.0,
        "percent_statements_covered_display": "100.00"
      },
      "missing_lines": [],
      "excluded_lines": [],
      "functions": {
        "": {
          "executed_lines": [],
          "summary": {
            "covered_lines": 0,
            "num_statements": 0,
            "percent_covered": 100.0,
            "percent_covered_display": "100.00",
            "missing_lines": 0,
            "excluded_lines": 0,
            "percent_statements_covered": 100.0,
            "percent_statements_covered_display": "100.00"
          },
          "missing_lines": [],
          "excluded_lines": []
        }
      },
      "classes": {
        "": {
          "executed_lines": [],
          "summary": {
            "covered_lines": 0,
            "num_statements": 0,
            "percent_covered": 100.0,
            "percent_covered_display": "100.00",
            "missing_lines": 0,
            "excluded_lines": 0,
            "percent_statements_covered": 100.0,
            "percent_statements_covered_display": "100.00"
          },
          "missing_lines": [],
          "excluded_lines": []
        }
      }
    },
    "apps/jobs/urls.py": {
      "executed_lines": [],
      "summary": {
        "covered_lines": 0,
        "num_statements": 2,
        "percent_covered": 0.0,
        "percent_covered_display": "0.00",
        "missing_lines": 2,
        "excluded_lines": 0,
        "percent_statements_covered": 0.0,
        "percent_statements_covered_display": "0.00"
      },
      "missing_lines": [2, 5],
      "excluded_lines": [],
      "functions": {
        "": {
          "executed_lines": [],
          "summary": {
            "covered_lines": 0,
            "num_statements": 2,
            "percent_covered": 0.0,
            "percent_covered_display": "0.00",
            "missing_lines": 2,
            "excluded_lines": 0,
            "percent_statements_covered": 0.0,
            "percent_statements_covered_display": "0.00"
          },
          "missing_lines": [2, 5],
          "excluded_lines": []
        }
      },
      "classes": {
        "": {
          "executed_lines": [],
          "summary": {
            "covered_lines": 0,
            "num_statements": 2,
            "percent_covered": 0.0,
            "percent_covered_display": "0.00",
            "missing_lines": 2,
            "excluded_lines": 0,
            "percent_statements_covered": 0.0,
            "percent_statements_covered_display": "0.00"
          },
          "missing_lines": [2, 5],
          "excluded_lines": []
        }
      }
    },
    "apps/users/__init__.py": {
      "executed_lines": [0],
      "summary": {
        "covered_lines": 0,
        "num_statements": 0,
        "percent_covered": 100.0,
        "percent_covered_display": "100.00",
        "missing_lines": 0,
        "excluded_lines": 0,
        "percent_statements_covered": 100.0,
        "percent_statements_covered_display": "100.00"
      },
      "missing_lines": [],
      "excluded_lines": [],
      "functions": {
        "": {
          "executed_lines": [],
          "summary": {
            "covered_lines": 0,
            "num_statements": 0,
            "percent_covered": 100.0,
            "percent_covered_display": "100.00",
            "missing_lines": 0,
            "excluded_lines": 0,
            "percent_statements_covered": 100.0,
            "percent_statements_covered_display": "100.00"
          },
          "missing_lines": [],
          "excluded_lines": []
        }
      },
      "classes": {
        "": {
          "executed_lines": [],
          "summary": {
            "covered_lines": 0,
            "num_statements": 0,
            "percent_covered": 100.0,
            "percent_covered_display": "100.00",
            "missing_lines": 0,
            "excluded_lines": 0,
            "percent_statements_covered": 100.0,
            "percent_statements_covered_display": "100.00"
          },
          "missing_lines": [],
          "excluded_lines": []
        }
      }
    },
    "apps/users/models.py": {
      "executed_lines": [
        3, 5, 6, 9, 10, 14, 15, 18, 25, 30, 39, 44, 52, 59, 67, 68, 69, 70, 71,
        74, 78, 82, 91, 92, 94, 95, 102, 107, 113, 117, 123, 129, 130, 131, 132,
        133, 137, 139, 143, 149, 154, 155, 157, 158, 165, 171, 175, 181, 187,
        188, 189, 190, 191, 195, 197, 201, 203, 205, 207, 209
      ],
      "summary": {
        "covered_lines": 56,
        "num_statements": 66,
        "percent_covered": 84.84848484848484,
        "percent_covered_display": "84.85",
        "missing_lines": 10,
        "excluded_lines": 0,
        "percent_statements_covered": 84.84848484848484,
        "percent_statements_covered_display": "84.85"
      },
      "missing_lines": [80, 84, 85, 86, 88, 141, 145, 147, 151, 199],
      "excluded_lines": [],
      "functions": {
        "User.__str__": {
          "executed_lines": [],
          "summary": {
            "covered_lines": 0,
            "num_statements": 1,
            "percent_covered": 0.0,
            "percent_covered_display": "0.00",
            "missing_lines": 1,
            "excluded_lines": 0,
            "percent_statements_covered": 0.0,
            "percent_statements_covered_display": "0.00"
          },
          "missing_lines": [80],
          "excluded_lines": []
        },
        "User.is_locked": {
          "executed_lines": [],
          "summary": {
            "covered_lines": 0,
            "num_statements": 4,
            "percent_covered": 0.0,
            "percent_covered_display": "0.00",
            "missing_lines": 4,
            "excluded_lines": 0,
            "percent_statements_covered": 0.0,
            "percent_statements_covered_display": "0.00"
          },
          "missing_lines": [84, 85, 86, 88],
          "excluded_lines": []
        },
        "EmailVerification.__str__": {
          "executed_lines": [],
          "summary": {
            "covered_lines": 0,
            "num_statements": 1,
            "percent_covered": 0.0,
            "percent_covered_display": "0.00",
            "missing_lines": 1,
            "excluded_lines": 0,
            "percent_statements_covered": 0.0,
            "percent_statements_covered_display": "0.00"
          },
          "missing_lines": [141],
          "excluded_lines": []
        },
        "EmailVerification.is_expired": {
          "executed_lines": [],
          "summary": {
            "covered_lines": 0,
            "num_statements": 2,
            "percent_covered": 0.0,
            "percent_covered_display": "0.00",
            "missing_lines": 2,
            "excluded_lines": 0,
            "percent_statements_covered": 0.0,
            "percent_statements_covered_display": "0.00"
          },
          "missing_lines": [145, 147],
          "excluded_lines": []
        },
        "EmailVerification.is_verified": {
          "executed_lines": [],
          "summary": {
            "covered_lines": 0,
            "num_statements": 1,
            "percent_covered": 0.0,
            "percent_covered_display": "0.00",
            "missing_lines": 1,
            "excluded_lines": 0,
            "percent_statements_covered": 0.0,
            "percent_statements_covered_display": "0.00"
          },
          "missing_lines": [151],
          "excluded_lines": []
        },
        "PasswordReset.__str__": {
          "executed_lines": [],
          "summary": {
            "covered_lines": 0,
            "num_statements": 1,
            "percent_covered": 0.0,
            "percent_covered_display": "0.00",
            "missing_lines": 1,
            "excluded_lines": 0,
            "percent_statements_covered": 0.0,
            "percent_statements_covered_display": "0.00"
          },
          "missing_lines": [199],
          "excluded_lines": []
        },
        "PasswordReset.is_expired": {
          "executed_lines": [203, 205],
          "summary": {
            "covered_lines": 2,
            "num_statements": 2,
            "percent_covered": 100.0,
            "percent_covered_display": "100.00",
            "missing_lines": 0,
            "excluded_lines": 0,
            "percent_statements_covered": 100.0,
            "percent_statements_covered_display": "100.00"
          },
          "missing_lines": [],
          "excluded_lines": []
        },
        "PasswordReset.is_used": {
          "executed_lines": [209],
          "summary": {
            "covered_lines": 1,
            "num_statements": 1,
            "percent_covered": 100.0,
            "percent_covered_display": "100.00",
            "missing_lines": 0,
            "excluded_lines": 0,
            "percent_statements_covered": 100.0,
            "percent_statements_covered_display": "100.00"
          },
          "missing_lines": [],
          "excluded_lines": []
        },
        "": {
          "executed_lines": [
            3, 5, 6, 9, 10, 14, 15, 18, 25, 30, 39, 44, 52, 59, 67, 68, 69, 70,
            71, 74, 78, 82, 91, 92, 94, 95, 102, 107, 113, 117, 123, 129, 130,
            131, 132, 133, 137, 139, 143, 149, 154, 155, 157, 158, 165, 171,
            175, 181, 187, 188, 189, 190, 191, 195, 197, 201, 207
          ],
          "summary": {
            "covered_lines": 53,
            "num_statements": 53,
            "percent_covered": 100.0,
            "percent_covered_display": "100.00",
            "missing_lines": 0,
            "excluded_lines": 0,
            "percent_statements_covered": 100.0,
            "percent_statements_covered_display": "100.00"
          },
          "missing_lines": [],
          "excluded_lines": []
        }
      },
      "classes": {
        "User": {
          "executed_lines": [],
          "summary": {
            "covered_lines": 0,
            "num_statements": 5,
            "percent_covered": 0.0,
            "percent_covered_display": "0.00",
            "missing_lines": 5,
            "excluded_lines": 0,
            "percent_statements_covered": 0.0,
            "percent_statements_covered_display": "0.00"
          },
          "missing_lines": [80, 84, 85, 86, 88],
          "excluded_lines": []
        },
        "User.Meta": {
          "executed_lines": [],
          "summary": {
            "covered_lines": 0,
            "num_statements": 0,
            "percent_covered": 100.0,
            "percent_covered_display": "100.00",
            "missing_lines": 0,
            "excluded_lines": 0,
            "percent_statements_covered": 100.0,
            "percent_statements_covered_display": "100.00"
          },
          "missing_lines": [],
          "excluded_lines": []
        },
        "EmailVerification": {
          "executed_lines": [],
          "summary": {
            "covered_lines": 0,
            "num_statements": 4,
            "percent_covered": 0.0,
            "percent_covered_display": "0.00",
            "missing_lines": 4,
            "excluded_lines": 0,
            "percent_statements_covered": 0.0,
            "percent_statements_covered_display": "0.00"
          },
          "missing_lines": [141, 145, 147, 151],
          "excluded_lines": []
        },
        "EmailVerification.Meta": {
          "executed_lines": [],
          "summary": {
            "covered_lines": 0,
            "num_statements": 0,
            "percent_covered": 100.0,
            "percent_covered_display": "100.00",
            "missing_lines": 0,
            "excluded_lines": 0,
            "percent_statements_covered": 100.0,
            "percent_statements_covered_display": "100.00"
          },
          "missing_lines": [],
          "excluded_lines": []
        },
        "PasswordReset": {
          "executed_lines": [203, 205, 209],
          "summary": {
            "covered_lines": 3,
            "num_statements": 4,
            "percent_covered": 75.0,
            "percent_covered_display": "75.00",
            "missing_lines": 1,
            "excluded_lines": 0,
            "percent_statements_covered": 75.0,
            "percent_statements_covered_display": "75.00"
          },
          "missing_lines": [199],
          "excluded_lines": []
        },
        "PasswordReset.Meta": {
          "executed_lines": [],
          "summary": {
            "covered_lines": 0,
            "num_statements": 0,
            "percent_covered": 100.0,
            "percent_covered_display": "100.00",
            "missing_lines": 0,
            "excluded_lines": 0,
            "percent_statements_covered": 100.0,
            "percent_statements_covered_display": "100.00"
          },
          "missing_lines": [],
          "excluded_lines": []
        },
        "": {
          "executed_lines": [
            3, 5, 6, 9, 10, 14, 15, 18, 25, 30, 39, 44, 52, 59, 67, 68, 69, 70,
            71, 74, 78, 82, 91, 92, 94, 95, 102, 107, 113, 117, 123, 129, 130,
            131, 132, 133, 137, 139, 143, 149, 154, 155, 157, 158, 165, 171,
            175, 181, 187, 188, 189, 190, 191, 195, 197, 201, 207
          ],
          "summary": {
            "covered_lines": 53,
            "num_statements": 53,
            "percent_covered": 100.0,
            "percent_covered_display": "100.00",
            "missing_lines": 0,
            "excluded_lines": 0,
            "percent_statements_covered": 100.0,
            "percent_statements_covered_display": "100.00"
          },
          "missing_lines": [],
          "excluded_lines": []
        }
      }
    },
    "apps/users/serializers.py": {
      "executed_lines": [
        3, 5, 7, 8, 9, 10, 11, 13, 16, 17, 19, 20, 26, 31, 32, 34, 42, 65, 87,
        114, 115, 117, 120, 125, 126, 128, 164, 165, 167, 170, 175, 176, 178,
        215, 216, 218, 220, 226, 227, 229, 230, 231, 233, 235, 237, 238, 240,
        241, 245, 248, 249, 251, 252, 258, 264, 266, 272, 273, 275, 280, 282,
        284, 285, 287, 288, 292
      ],
      "summary": {
        "covered_lines": 59,
        "num_statements": 127,
        "percent_covered": 46.45669291338583,
        "percent_covered_display": "46.46",
        "missing_lines": 68,
        "excluded_lines": 0,
        "percent_statements_covered": 46.45669291338583,
        "percent_statements_covered_display": "46.46"
      },
      "missing_lines": [
        36, 37, 40, 45, 46, 49, 50, 52, 53, 58, 59, 60, 61, 63, 68, 69, 71, 72,
        77, 78, 80, 81, 85, 89, 90, 94, 97, 98, 99, 100, 101, 104, 111, 131,
        132, 134, 135, 140, 141, 144, 146, 147, 152, 153, 156, 157, 161, 181,
        182, 184, 185, 190, 191, 194, 196, 198, 199, 200, 203, 205, 206, 207,
        210, 211, 212, 223, 267, 276
      ],
      "excluded_lines": [],
      "functions": {
        "UserRegisterSerializer.validate_email": {
          "executed_lines": [],
          "summary": {
            "covered_lines": 0,
            "num_statements": 3,
            "percent_covered": 0.0,
            "percent_covered_display": "0.00",
            "missing_lines": 3,
            "excluded_lines": 0,
            "percent_statements_covered": 0.0,
            "percent_statements_covered_display": "0.00"
          },
          "missing_lines": [36, 37, 40],
          "excluded_lines": []
        },
        "UserRegisterSerializer.validate_password": {
          "executed_lines": [],
          "summary": {
            "covered_lines": 0,
            "num_statements": 11,
            "percent_covered": 0.0,
            "percent_covered_display": "0.00",
            "missing_lines": 11,
            "excluded_lines": 0,
            "percent_statements_covered": 0.0,
            "percent_statements_covered_display": "0.00"
          },
          "missing_lines": [45, 46, 49, 50, 52, 53, 58, 59, 60, 61, 63],
          "excluded_lines": []
        },
        "UserRegisterSerializer.validate": {
          "executed_lines": [],
          "summary": {
            "covered_lines": 0,
            "num_statements": 9,
            "percent_covered": 0.0,
            "percent_covered_display": "0.00",
            "missing_lines": 9,
            "excluded_lines": 0,
            "percent_statements_covered": 0.0,
            "percent_statements_covered_display": "0.00"
          },
          "missing_lines": [68, 69, 71, 72, 77, 78, 80, 81, 85],
          "excluded_lines": []
        },
        "UserRegisterSerializer.create": {
          "executed_lines": [],
          "summary": {
            "covered_lines": 0,
            "num_statements": 10,
            "percent_covered": 0.0,
            "percent_covered_display": "0.00",
            "missing_lines": 10,
            "excluded_lines": 0,
            "percent_statements_covered": 0.0,
            "percent_statements_covered_display": "0.00"
          },
          "missing_lines": [89, 90, 94, 97, 98, 99, 100, 101, 104, 111],
          "excluded_lines": []
        },
        "UserLoginSerializer.validate": {
          "executed_lines": [],
          "summary": {
            "covered_lines": 0,
            "num_statements": 14,
            "percent_covered": 0.0,
            "percent_covered_display": "0.00",
            "missing_lines": 14,
            "excluded_lines": 0,
            "percent_statements_covered": 0.0,
            "percent_statements_covered_display": "0.00"
          },
          "missing_lines": [
            131, 132, 134, 135, 140, 141, 144, 146, 147, 152, 153, 156, 157, 161
          ],
          "excluded_lines": []
        },
        "PreviewLoginSerializer.validate": {
          "executed_lines": [],
          "summary": {
            "covered_lines": 0,
            "num_statements": 18,
            "percent_covered": 0.0,
            "percent_covered_display": "0.00",
            "missing_lines": 18,
            "excluded_lines": 0,
            "percent_statements_covered": 0.0,
            "percent_statements_covered_display": "0.00"
          },
          "missing_lines": [
            181, 182, 184, 185, 190, 191, 194, 196, 198, 199, 200, 203, 205,
            206, 207, 210, 211, 212
          ],
          "excluded_lines": []
        },
        "SendEmailVerificationSerializer.validate_email": {
          "executed_lines": [],
          "summary": {
            "covered_lines": 0,
            "num_statements": 1,
            "percent_covered": 0.0,
            "percent_covered_display": "0.00",
            "missing_lines": 1,
            "excluded_lines": 0,
            "percent_statements_covered": 0.0,
            "percent_statements_covered_display": "0.00"
          },
          "missing_lines": [223],
          "excluded_lines": []
        },
        "SendPasswordResetSerializer.validate": {
          "executed_lines": [235, 237, 238, 240, 241, 245],
          "summary": {
            "covered_lines": 6,
            "num_statements": 6,
            "percent_covered": 100.0,
            "percent_covered_display": "100.00",
            "missing_lines": 0,
            "excluded_lines": 0,
            "percent_statements_covered": 100.0,
            "percent_statements_covered_display": "100.00"
          },
          "missing_lines": [],
          "excluded_lines": []
        },
        "PasswordResetSerializer.validate_password": {
          "executed_lines": [266, 272, 273, 275, 280],
          "summary": {
            "covered_lines": 5,
            "num_statements": 7,
            "percent_covered": 71.42857142857143,
            "percent_covered_display": "71.43",
            "missing_lines": 2,
            "excluded_lines": 0,
            "percent_statements_covered": 71.42857142857143,
            "percent_statements_covered_display": "71.43"
          },
          "missing_lines": [267, 276],
          "excluded_lines": []
        },
        "PasswordResetSerializer.validate": {
          "executed_lines": [284, 285, 287, 288, 292],
          "summary": {
            "covered_lines": 5,
            "num_statements": 5,
            "percent_covered": 100.0,
            "percent_covered_display": "100.00",
            "missing_lines": 0,
            "excluded_lines": 0,
            "percent_statements_covered": 100.0,
            "percent_statements_covered_display": "100.00"
          },
          "missing_lines": [],
          "excluded_lines": []
        },
        "": {
          "executed_lines": [
            3, 5, 7, 8, 9, 10, 11, 13, 16, 17, 19, 20, 26, 31, 32, 34, 42, 65,
            87, 114, 115, 117, 120, 125, 126, 128, 164, 165, 167, 170, 175, 176,
            178, 215, 216, 218, 220, 226, 227, 229, 230, 231, 233, 248, 249,
            251, 252, 258, 264, 282
          ],
          "summary": {
            "covered_lines": 43,
            "num_statements": 43,
            "percent_covered": 100.0,
            "percent_covered_display": "100.00",
            "missing_lines": 0,
            "excluded_lines": 0,
            "percent_statements_covered": 100.0,
            "percent_statements_covered_display": "100.00"
          },
          "missing_lines": [],
          "excluded_lines": []
        }
      },
      "classes": {
        "UserRegisterSerializer": {
          "executed_lines": [],
          "summary": {
            "covered_lines": 0,
            "num_statements": 33,
            "percent_covered": 0.0,
            "percent_covered_display": "0.00",
            "missing_lines": 33,
            "excluded_lines": 0,
            "percent_statements_covered": 0.0,
            "percent_statements_covered_display": "0.00"
          },
          "missing_lines": [
            36, 37, 40, 45, 46, 49, 50, 52, 53, 58, 59, 60, 61, 63, 68, 69, 71,
            72, 77, 78, 80, 81, 85, 89, 90, 94, 97, 98, 99, 100, 101, 104, 111
          ],
          "excluded_lines": []
        },
        "UserLoginSerializer": {
          "executed_lines": [],
          "summary": {
            "covered_lines": 0,
            "num_statements": 14,
            "percent_covered": 0.0,
            "percent_covered_display": "0.00",
            "missing_lines": 14,
            "excluded_lines": 0,
            "percent_statements_covered": 0.0,
            "percent_statements_covered_display": "0.00"
          },
          "missing_lines": [
            131, 132, 134, 135, 140, 141, 144, 146, 147, 152, 153, 156, 157, 161
          ],
          "excluded_lines": []
        },
        "PreviewLoginSerializer": {
          "executed_lines": [],
          "summary": {
            "covered_lines": 0,
            "num_statements": 18,
            "percent_covered": 0.0,
            "percent_covered_display": "0.00",
            "missing_lines": 18,
            "excluded_lines": 0,
            "percent_statements_covered": 0.0,
            "percent_statements_covered_display": "0.00"
          },
          "missing_lines": [
            181, 182, 184, 185, 190, 191, 194, 196, 198, 199, 200, 203, 205,
            206, 207, 210, 211, 212
          ],
          "excluded_lines": []
        },
        "SendEmailVerificationSerializer": {
          "executed_lines": [],
          "summary": {
            "covered_lines": 0,
            "num_statements": 1,
            "percent_covered": 0.0,
            "percent_covered_display": "0.00",
            "missing_lines": 1,
            "excluded_lines": 0,
            "percent_statements_covered": 0.0,
            "percent_statements_covered_display": "0.00"
          },
          "missing_lines": [223],
          "excluded_lines": []
        },
        "SendPasswordResetSerializer": {
          "executed_lines": [235, 237, 238, 240, 241, 245],
          "summary": {
            "covered_lines": 6,
            "num_statements": 6,
            "percent_covered": 100.0,
            "percent_covered_display": "100.00",
            "missing_lines": 0,
            "excluded_lines": 0,
            "percent_statements_covered": 100.0,
            "percent_statements_covered_display": "100.00"
          },
          "missing_lines": [],
          "excluded_lines": []
        },
        "PasswordResetSerializer": {
          "executed_lines": [266, 272, 273, 275, 280, 284, 285, 287, 288, 292],
          "summary": {
            "covered_lines": 10,
            "num_statements": 12,
            "percent_covered": 83.33333333333333,
            "percent_covered_display": "83.33",
            "missing_lines": 2,
            "excluded_lines": 0,
            "percent_statements_covered": 83.33333333333333,
            "percent_statements_covered_display": "83.33"
          },
          "missing_lines": [267, 276],
          "excluded_lines": []
        },
        "": {
          "executed_lines": [
            3, 5, 7, 8, 9, 10, 11, 13, 16, 17, 19, 20, 26, 31, 32, 34, 42, 65,
            87, 114, 115, 117, 120, 125, 126, 128, 164, 165, 167, 170, 175, 176,
            178, 215, 216, 218, 220, 226, 227, 229, 230, 231, 233, 248, 249,
            251, 252, 258, 264, 282
          ],
          "summary": {
            "covered_lines": 43,
            "num_statements": 43,
            "percent_covered": 100.0,
            "percent_covered_display": "100.00",
            "missing_lines": 0,
            "excluded_lines": 0,
            "percent_statements_covered": 100.0,
            "percent_statements_covered_display": "100.00"
          },
          "missing_lines": [],
          "excluded_lines": []
        }
      }
    },
    "apps/users/tasks.py": {
      "executed_lines": [
        3, 5, 7, 8, 9, 10, 12, 15, 24, 98, 107, 119, 122, 123, 126, 129, 135,
        141, 144, 150, 153, 156
      ],
      "summary": {
        "covered_lines": 21,
        "num_statements": 44,
        "percent_covered": 47.72727272727273,
        "percent_covered_display": "47.73",
        "missing_lines": 23,
        "excluded_lines": 0,
        "percent_statements_covered": 47.72727272727273,
        "percent_statements_covered_display": "47.73"
      },
      "missing_lines": [
        36, 39, 40, 43, 46, 52, 58, 61, 67, 70, 73, 78, 80, 87, 88, 91, 95, 161,
        163, 170, 171, 174, 178
      ],
      "excluded_lines": [],
      "functions": {
        "send_email_verification": {
          "executed_lines": [],
          "summary": {
            "covered_lines": 0,
            "num_statements": 17,
            "percent_covered": 0.0,
            "percent_covered_display": "0.00",
            "missing_lines": 17,
            "excluded_lines": 0,
            "percent_statements_covered": 0.0,
            "percent_statements_covered_display": "0.00"
          },
          "missing_lines": [
            36, 39, 40, 43, 46, 52, 58, 61, 67, 70, 73, 78, 80, 87, 88, 91, 95
          ],
          "excluded_lines": []
        },
        "send_password_reset_email": {
          "executed_lines": [
            119, 122, 123, 126, 129, 135, 141, 144, 150, 153, 156
          ],
          "summary": {
            "covered_lines": 11,
            "num_statements": 17,
            "percent_covered": 64.70588235294117,
            "percent_covered_display": "64.71",
            "missing_lines": 6,
            "excluded_lines": 0,
            "percent_statements_covered": 64.70588235294117,
            "percent_statements_covered_display": "64.71"
          },
          "missing_lines": [161, 163, 170, 171, 174, 178],
          "excluded_lines": []
        },
        "": {
          "executed_lines": [3, 5, 7, 8, 9, 10, 12, 15, 24, 98, 107],
          "summary": {
            "covered_lines": 10,
            "num_statements": 10,
            "percent_covered": 100.0,
            "percent_covered_display": "100.00",
            "missing_lines": 0,
            "excluded_lines": 0,
            "percent_statements_covered": 100.0,
            "percent_statements_covered_display": "100.00"
          },
          "missing_lines": [],
          "excluded_lines": []
        }
      },
      "classes": {
        "": {
          "executed_lines": [
            3, 5, 7, 8, 9, 10, 12, 15, 24, 98, 107, 119, 122, 123, 126, 129,
            135, 141, 144, 150, 153, 156
          ],
          "summary": {
            "covered_lines": 21,
            "num_statements": 44,
            "percent_covered": 47.72727272727273,
            "percent_covered_display": "47.73",
            "missing_lines": 23,
            "excluded_lines": 0,
            "percent_statements_covered": 47.72727272727273,
            "percent_statements_covered_display": "47.73"
          },
          "missing_lines": [
            36, 39, 40, 43, 46, 52, 58, 61, 67, 70, 73, 78, 80, 87, 88, 91, 95,
            161, 163, 170, 171, 174, 178
          ],
          "excluded_lines": []
        }
      }
    },
    "apps/users/throttling.py": {
      "executed_lines": [3, 5, 8, 9, 14, 15, 17],
      "summary": {
        "covered_lines": 5,
        "num_statements": 9,
        "percent_covered": 55.55555555555556,
        "percent_covered_display": "55.56",
        "missing_lines": 4,
        "excluded_lines": 0,
        "percent_statements_covered": 55.55555555555556,
        "percent_statements_covered_display": "55.56"
      },
      "missing_lines": [28, 30, 33, 35],
      "excluded_lines": [],
      "functions": {
        "PreviewLoginThrottle.get_cache_key": {
          "executed_lines": [],
          "summary": {
            "covered_lines": 0,
            "num_statements": 4,
            "percent_covered": 0.0,
            "percent_covered_display": "0.00",
            "missing_lines": 4,
            "excluded_lines": 0,
            "percent_statements_covered": 0.0,
            "percent_statements_covered_display": "0.00"
          },
          "missing_lines": [28, 30, 33, 35],
          "excluded_lines": []
        },
        "": {
          "executed_lines": [3, 5, 8, 9, 14, 15, 17],
          "summary": {
            "covered_lines": 5,
            "num_statements": 5,
            "percent_covered": 100.0,
            "percent_covered_display": "100.00",
            "missing_lines": 0,
            "excluded_lines": 0,
            "percent_statements_covered": 100.0,
            "percent_statements_covered_display": "100.00"
          },
          "missing_lines": [],
          "excluded_lines": []
        }
      },
      "classes": {
        "PreviewLoginThrottle": {
          "executed_lines": [],
          "summary": {
            "covered_lines": 0,
            "num_statements": 4,
            "percent_covered": 0.0,
            "percent_covered_display": "0.00",
            "missing_lines": 4,
            "excluded_lines": 0,
            "percent_statements_covered": 0.0,
            "percent_statements_covered_display": "0.00"
          },
          "missing_lines": [28, 30, 33, 35],
          "excluded_lines": []
        },
        "": {
          "executed_lines": [3, 5, 8, 9, 14, 15, 17],
          "summary": {
            "covered_lines": 5,
            "num_statements": 5,
            "percent_covered": 100.0,
            "percent_covered_display": "100.00",
            "missing_lines": 0,
            "excluded_lines": 0,
            "percent_statements_covered": 100.0,
            "percent_statements_covered_display": "100.00"
          },
          "missing_lines": [],
          "excluded_lines": []
        }
      }
    },
    "apps/users/urls.py": {
      "executed_lines": [3, 5, 18, 20, 22],
      "summary": {
        "covered_lines": 4,
        "num_statements": 4,
        "percent_covered": 100.0,
        "percent_covered_display": "100.00",
        "missing_lines": 0,
        "excluded_lines": 0,
        "percent_statements_covered": 100.0,
        "percent_statements_covered_display": "100.00"
      },
      "missing_lines": [],
      "excluded_lines": [],
      "functions": {
        "": {
          "executed_lines": [3, 5, 18, 20, 22],
          "summary": {
            "covered_lines": 4,
            "num_statements": 4,
            "percent_covered": 100.0,
            "percent_covered_display": "100.00",
            "missing_lines": 0,
            "excluded_lines": 0,
            "percent_statements_covered": 100.0,
            "percent_statements_covered_display": "100.00"
          },
          "missing_lines": [],
          "excluded_lines": []
        }
      },
      "classes": {
        "": {
          "executed_lines": [3, 5, 18, 20, 22],
          "summary": {
            "covered_lines": 4,
            "num_statements": 4,
            "percent_covered": 100.0,
            "percent_covered_display": "100.00",
            "missing_lines": 0,
            "excluded_lines": 0,
            "percent_statements_covered": 100.0,
            "percent_statements_covered_display": "100.00"
          },
          "missing_lines": [],
          "excluded_lines": []
        }
      }
    },
    "apps/users/utils.py": {
      "executed_lines": [
        3, 5, 6, 7, 8, 9, 11, 12, 15, 27, 28, 31, 32, 33, 36, 38, 41, 42, 44,
        45, 47, 50, 51, 52, 55, 61, 62, 63, 69, 72, 73, 74, 75, 76, 77, 82, 85,
        86, 87, 88, 93, 96, 97, 98, 99, 100, 103, 105, 108, 120, 121, 122, 125,
        136, 139, 140, 142, 144, 147, 149, 150, 155, 165, 167, 169, 171, 172,
        173, 174
      ],
      "summary": {
        "covered_lines": 68,
        "num_statements": 74,
        "percent_covered": 91.89189189189189,
        "percent_covered_display": "91.89",
        "missing_lines": 6,
        "excluded_lines": 0,
        "percent_statements_covered": 91.89189189189189,
        "percent_statements_covered_display": "91.89"
      },
      "missing_lines": [137, 152, 177, 178, 179, 180],
      "excluded_lines": [],
      "functions": {
        "generate_captcha": {
          "executed_lines": [
            27, 28, 31, 32, 33, 36, 38, 41, 42, 44, 45, 47, 50, 51, 52, 55, 61,
            62, 63, 69, 72, 73, 74, 75, 76, 77, 82, 85, 86, 87, 88, 93, 96, 97,
            98, 99, 100, 103, 105
          ],
          "summary": {
            "covered_lines": 39,
            "num_statements": 39,
            "percent_covered": 100.0,
            "percent_covered_display": "100.00",
            "missing_lines": 0,
            "excluded_lines": 0,
            "percent_statements_covered": 100.0,
            "percent_statements_covered_display": "100.00"
          },
          "missing_lines": [],
          "excluded_lines": []
        },
        "store_captcha": {
          "executed_lines": [120, 121, 122],
          "summary": {
            "covered_lines": 3,
            "num_statements": 3,
            "percent_covered": 100.0,
            "percent_covered_display": "100.00",
            "missing_lines": 0,
            "excluded_lines": 0,
            "percent_statements_covered": 100.0,
            "percent_statements_covered_display": "100.00"
          },
          "missing_lines": [],
          "excluded_lines": []
        },
        "verify_captcha": {
          "executed_lines": [136, 139, 140, 142, 144, 147, 149, 150],
          "summary": {
            "covered_lines": 8,
            "num_statements": 10,
            "percent_covered": 80.0,
            "percent_covered_display": "80.00",
            "missing_lines": 2,
            "excluded_lines": 0,
            "percent_statements_covered": 80.0,
            "percent_statements_covered_display": "80.00"
          },
          "missing_lines": [137, 152],
          "excluded_lines": []
        },
        "find_user_by_email_or_username": {
          "executed_lines": [165, 167, 169, 171, 172, 173, 174],
          "summary": {
            "covered_lines": 7,
            "num_statements": 11,
            "percent_covered": 63.63636363636363,
            "percent_covered_display": "63.64",
            "missing_lines": 4,
            "excluded_lines": 0,
            "percent_statements_covered": 63.63636363636363,
            "percent_statements_covered_display": "63.64"
          },
          "missing_lines": [177, 178, 179, 180],
          "excluded_lines": []
        },
        "": {
          "executed_lines": [3, 5, 6, 7, 8, 9, 11, 12, 15, 108, 125, 155],
          "summary": {
            "covered_lines": 11,
            "num_statements": 11,
            "percent_covered": 100.0,
            "percent_covered_display": "100.00",
            "missing_lines": 0,
            "excluded_lines": 0,
            "percent_statements_covered": 100.0,
            "percent_statements_covered_display": "100.00"
          },
          "missing_lines": [],
          "excluded_lines": []
        }
      },
      "classes": {
        "": {
          "executed_lines": [
            3, 5, 6, 7, 8, 9, 11, 12, 15, 27, 28, 31, 32, 33, 36, 38, 41, 42,
            44, 45, 47, 50, 51, 52, 55, 61, 62, 63, 69, 72, 73, 74, 75, 76, 77,
            82, 85, 86, 87, 88, 93, 96, 97, 98, 99, 100, 103, 105, 108, 120,
            121, 122, 125, 136, 139, 140, 142, 144, 147, 149, 150, 155, 165,
            167, 169, 171, 172, 173, 174
          ],
          "summary": {
            "covered_lines": 68,
            "num_statements": 74,
            "percent_covered": 91.89189189189189,
            "percent_covered_display": "91.89",
            "missing_lines": 6,
            "excluded_lines": 0,
            "percent_statements_covered": 91.89189189189189,
            "percent_statements_covered_display": "91.89"
          },
          "missing_lines": [137, 152, 177, 178, 179, 180],
          "excluded_lines": []
        }
      }
    },
    "apps/users/views.py": {
      "executed_lines": [
        3, 5, 6, 8, 9, 17, 18, 19, 24, 25, 26, 27, 28, 29, 30, 31, 32, 34, 37,
        40, 41, 43, 45, 55, 56, 57, 60, 64, 66, 90, 91, 93, 103, 104, 106, 127,
        128, 130, 132, 204, 217, 266, 267, 269, 271, 404, 418, 419, 421, 422,
        424, 441, 467, 517, 518, 520, 522, 563, 564, 566, 568, 612, 613, 615,
        617, 695, 696, 698, 700, 765, 766, 768, 770, 784, 785, 786, 788, 789,
        790, 792, 797, 800, 803, 805, 808, 811, 821, 828, 849, 850, 852, 854,
        868, 869, 870, 872, 873, 874, 875, 877, 878, 879, 889, 894, 895, 898,
        899, 900, 901, 907, 908, 914, 915, 921, 922, 923, 926, 927, 929
      ],
      "summary": {
        "covered_lines": 106,
        "num_statements": 291,
        "percent_covered": 36.42611683848797,
        "percent_covered_display": "36.43",
        "missing_lines": 185,
        "excluded_lines": 0,
        "percent_statements_covered": 36.42611683848797,
        "percent_statements_covered_display": "36.43"
      },
      "missing_lines": [
        74, 77, 80, 100, 119, 120, 121, 124, 143, 144, 145, 148, 154, 155, 156,
        159, 163, 164, 167, 168, 169, 170, 177, 184, 185, 188, 189, 192, 195,
        199, 200, 202, 214, 215, 233, 235, 237, 238, 239, 242, 245, 248, 251,
        286, 288, 290, 293, 294, 295, 298, 299, 300, 301, 304, 305, 306, 307,
        308, 311, 314, 316, 317, 318, 320, 322, 324, 325, 328, 335, 340, 347,
        353, 354, 357, 360, 363, 364, 369, 370, 371, 372, 375, 376, 382, 383,
        384, 385, 388, 391, 414, 415, 434, 436, 439, 451, 453, 460, 482, 484,
        486, 489, 490, 491, 494, 497, 498, 499, 501, 503, 509, 511, 532, 534,
        535, 540, 542, 543, 546, 551, 552, 556, 557, 579, 580, 585, 587, 589,
        590, 592, 593, 594, 596, 599, 604, 606, 632, 633, 634, 635, 640, 643,
        644, 650, 653, 656, 667, 673, 678, 680, 682, 683, 689, 710, 712, 713,
        714, 715, 721, 722, 728, 729, 735, 736, 737, 738, 741, 742, 744, 749,
        751, 753, 754, 759, 833, 835, 837, 838, 843, 883, 885, 934, 936, 938,
        939, 944
      ],
      "excluded_lines": [],
      "functions": {
        "BaseCaptchaView._handle_captcha_error": {
          "executed_lines": [55, 56, 57, 60, 64],
          "summary": {
            "covered_lines": 5,
            "num_statements": 5,
            "percent_covered": 100.0,
            "percent_covered_display": "100.00",
            "missing_lines": 0,
            "excluded_lines": 0,
            "percent_statements_covered": 100.0,
            "percent_statements_covered_display": "100.00"
          },
          "missing_lines": [],
          "excluded_lines": []
        },
        "BaseCaptchaView._create_captcha_response": {
          "executed_lines": [],
          "summary": {
            "covered_lines": 0,
            "num_statements": 3,
            "percent_covered": 0.0,
            "percent_covered_display": "0.00",
            "missing_lines": 3,
            "excluded_lines": 0,
            "percent_statements_covered": 0.0,
            "percent_statements_covered_display": "0.00"
          },
          "missing_lines": [74, 77, 80],
          "excluded_lines": []
        },
        "CaptchaAPIView.get": {
          "executed_lines": [],
          "summary": {
            "covered_lines": 0,
            "num_statements": 1,
            "percent_covered": 0.0,
            "percent_covered_display": "0.00",
            "missing_lines": 1,
            "excluded_lines": 0,
            "percent_statements_covered": 0.0,
            "percent_statements_covered_display": "0.00"
          },
          "missing_lines": [100],
          "excluded_lines": []
        },
        "CaptchaRefreshAPIView.post": {
          "executed_lines": [],
          "summary": {
            "covered_lines": 0,
            "num_statements": 4,
            "percent_covered": 0.0,
            "percent_covered_display": "0.00",
            "missing_lines": 4,
            "excluded_lines": 0,
            "percent_statements_covered": 0.0,
            "percent_statements_covered_display": "0.00"
          },
          "missing_lines": [119, 120, 121, 124],
          "excluded_lines": []
        },
        "RegisterAPIView._format_error_response": {
          "executed_lines": [],
          "summary": {
            "covered_lines": 0,
            "num_statements": 24,
            "percent_covered": 0.0,
            "percent_covered_display": "0.00",
            "missing_lines": 24,
            "excluded_lines": 0,
            "percent_statements_covered": 0.0,
            "percent_statements_covered_display": "0.00"
          },
          "missing_lines": [
            143, 144, 145, 148, 154, 155, 156, 159, 163, 164, 167, 168, 169,
            170, 177, 184, 185, 188, 189, 192, 195, 199, 200, 202
          ],
          "excluded_lines": []
        },
        "RegisterAPIView._generate_tokens": {
          "executed_lines": [],
          "summary": {
            "covered_lines": 0,
            "num_statements": 2,
            "percent_covered": 0.0,
            "percent_covered_display": "0.00",
            "missing_lines": 2,
            "excluded_lines": 0,
            "percent_statements_covered": 0.0,
            "percent_statements_covered_display": "0.00"
          },
          "missing_lines": [214, 215],
          "excluded_lines": []
        },
        "RegisterAPIView.post": {
          "executed_lines": [],
          "summary": {
            "covered_lines": 0,
            "num_statements": 9,
            "percent_covered": 0.0,
            "percent_covered_display": "0.00",
            "missing_lines": 9,
            "excluded_lines": 0,
            "percent_statements_covered": 0.0,
            "percent_statements_covered_display": "0.00"
          },
          "missing_lines": [233, 235, 237, 238, 239, 242, 245, 248, 251],
          "excluded_lines": []
        },
        "LoginAPIView.post": {
          "executed_lines": [],
          "summary": {
            "covered_lines": 0,
            "num_statements": 46,
            "percent_covered": 0.0,
            "percent_covered_display": "0.00",
            "missing_lines": 46,
            "excluded_lines": 0,
            "percent_statements_covered": 0.0,
            "percent_statements_covered_display": "0.00"
          },
          "missing_lines": [
            286, 288, 290, 293, 294, 295, 298, 299, 300, 301, 304, 305, 306,
            307, 308, 311, 314, 316, 317, 318, 320, 322, 324, 325, 328, 335,
            340, 347, 353, 354, 357, 360, 363, 364, 369, 370, 371, 372, 375,
            376, 382, 383, 384, 385, 388, 391
          ],
          "excluded_lines": []
        },
        "LoginAPIView._generate_tokens": {
          "executed_lines": [],
          "summary": {
            "covered_lines": 0,
            "num_statements": 2,
            "percent_covered": 0.0,
            "percent_covered_display": "0.00",
            "missing_lines": 2,
            "excluded_lines": 0,
            "percent_statements_covered": 0.0,
            "percent_statements_covered_display": "0.00"
          },
          "missing_lines": [414, 415],
          "excluded_lines": []
        },
        "PreviewAPIView._get_avatar_letter": {
          "executed_lines": [],
          "summary": {
            "covered_lines": 0,
            "num_statements": 3,
            "percent_covered": 0.0,
            "percent_covered_display": "0.00",
            "missing_lines": 3,
            "excluded_lines": 0,
            "percent_statements_covered": 0.0,
            "percent_statements_covered_display": "0.00"
          },
          "missing_lines": [434, 436, 439],
          "excluded_lines": []
        },
        "PreviewAPIView._format_user_preview_data": {
          "executed_lines": [],
          "summary": {
            "covered_lines": 0,
            "num_statements": 3,
            "percent_covered": 0.0,
            "percent_covered_display": "0.00",
            "missing_lines": 3,
            "excluded_lines": 0,
            "percent_statements_covered": 0.0,
            "percent_statements_covered_display": "0.00"
          },
          "missing_lines": [451, 453, 460],
          "excluded_lines": []
        },
        "PreviewAPIView.post": {
          "executed_lines": [],
          "summary": {
            "covered_lines": 0,
            "num_statements": 14,
            "percent_covered": 0.0,
            "percent_covered_display": "0.00",
            "missing_lines": 14,
            "excluded_lines": 0,
            "percent_statements_covered": 0.0,
            "percent_statements_covered_display": "0.00"
          },
          "missing_lines": [
            482, 484, 486, 489, 490, 491, 494, 497, 498, 499, 501, 503, 509, 511
          ],
          "excluded_lines": []
        },
        "TokenRefreshAPIView.post": {
          "executed_lines": [],
          "summary": {
            "covered_lines": 0,
            "num_statements": 11,
            "percent_covered": 0.0,
            "percent_covered_display": "0.00",
            "missing_lines": 11,
            "excluded_lines": 0,
            "percent_statements_covered": 0.0,
            "percent_statements_covered_display": "0.00"
          },
          "missing_lines": [
            532, 534, 535, 540, 542, 543, 546, 551, 552, 556, 557
          ],
          "excluded_lines": []
        },
        "LogoutAPIView.post": {
          "executed_lines": [],
          "summary": {
            "covered_lines": 0,
            "num_statements": 13,
            "percent_covered": 0.0,
            "percent_covered_display": "0.00",
            "missing_lines": 13,
            "excluded_lines": 0,
            "percent_statements_covered": 0.0,
            "percent_statements_covered_display": "0.00"
          },
          "missing_lines": [
            579, 580, 585, 587, 589, 590, 592, 593, 594, 596, 599, 604, 606
          ],
          "excluded_lines": []
        },
        "SendEmailVerificationAPIView.post": {
          "executed_lines": [],
          "summary": {
            "covered_lines": 0,
            "num_statements": 17,
            "percent_covered": 0.0,
            "percent_covered_display": "0.00",
            "missing_lines": 17,
            "excluded_lines": 0,
            "percent_statements_covered": 0.0,
            "percent_statements_covered_display": "0.00"
          },
          "missing_lines": [
            632, 633, 634, 635, 640, 643, 644, 650, 653, 656, 667, 673, 678,
            680, 682, 683, 689
          ],
          "excluded_lines": []
        },
        "VerifyEmailAPIView.get": {
          "executed_lines": [],
          "summary": {
            "covered_lines": 0,
            "num_statements": 21,
            "percent_covered": 0.0,
            "percent_covered_display": "0.00",
            "missing_lines": 21,
            "excluded_lines": 0,
            "percent_statements_covered": 0.0,
            "percent_statements_covered_display": "0.00"
          },
          "missing_lines": [
            710, 712, 713, 714, 715, 721, 722, 728, 729, 735, 736, 737, 738,
            741, 742, 744, 749, 751, 753, 754, 759
          ],
          "excluded_lines": []
        },
        "SendPasswordResetAPIView.post": {
          "executed_lines": [
            784, 785, 786, 788, 789, 790, 792, 797, 800, 803, 805, 808, 811,
            821, 828
          ],
          "summary": {
            "covered_lines": 15,
            "num_statements": 20,
            "percent_covered": 75.0,
            "percent_covered_display": "75.00",
            "missing_lines": 5,
            "excluded_lines": 0,
            "percent_statements_covered": 75.0,
            "percent_statements_covered_display": "75.00"
          },
          "missing_lines": [833, 835, 837, 838, 843],
          "excluded_lines": []
        },
        "PasswordResetAPIView.post": {
          "executed_lines": [
            868, 869, 870, 872, 873, 874, 875, 877, 878, 879, 889, 894, 895,
            898, 899, 900, 901, 907, 908, 914, 915, 921, 922, 923, 926, 927, 929
          ],
          "summary": {
            "covered_lines": 27,
            "num_statements": 34,
            "percent_covered": 79.41176470588235,
            "percent_covered_display": "79.41",
            "missing_lines": 7,
            "excluded_lines": 0,
            "percent_statements_covered": 79.41176470588235,
            "percent_statements_covered_display": "79.41"
          },
          "missing_lines": [883, 885, 934, 936, 938, 939, 944],
          "excluded_lines": []
        },
        "": {
          "executed_lines": [
            3, 5, 6, 8, 9, 17, 18, 19, 24, 25, 26, 27, 28, 29, 30, 31, 32, 34,
            37, 40, 41, 43, 45, 66, 90, 91, 93, 103, 104, 106, 127, 128, 130,
            132, 204, 217, 266, 267, 269, 271, 404, 418, 419, 421, 422, 424,
            441, 467, 517, 518, 520, 522, 563, 564, 566, 568, 612, 613, 615,
            617, 695, 696, 698, 700, 765, 766, 768, 770, 849, 850, 852, 854
          ],
          "summary": {
            "covered_lines": 59,
            "num_statements": 59,
            "percent_covered": 100.0,
            "percent_covered_display": "100.00",
            "missing_lines": 0,
            "excluded_lines": 0,
            "percent_statements_covered": 100.0,
            "percent_statements_covered_display": "100.00"
          },
          "missing_lines": [],
          "excluded_lines": []
        }
      },
      "classes": {
        "BaseCaptchaView": {
          "executed_lines": [55, 56, 57, 60, 64],
          "summary": {
            "covered_lines": 5,
            "num_statements": 8,
            "percent_covered": 62.5,
            "percent_covered_display": "62.50",
            "missing_lines": 3,
            "excluded_lines": 0,
            "percent_statements_covered": 62.5,
            "percent_statements_covered_display": "62.50"
          },
          "missing_lines": [74, 77, 80],
          "excluded_lines": []
        },
        "CaptchaAPIView": {
          "executed_lines": [],
          "summary": {
            "covered_lines": 0,
            "num_statements": 1,
            "percent_covered": 0.0,
            "percent_covered_display": "0.00",
            "missing_lines": 1,
            "excluded_lines": 0,
            "percent_statements_covered": 0.0,
            "percent_statements_covered_display": "0.00"
          },
          "missing_lines": [100],
          "excluded_lines": []
        },
        "CaptchaRefreshAPIView": {
          "executed_lines": [],
          "summary": {
            "covered_lines": 0,
            "num_statements": 4,
            "percent_covered": 0.0,
            "percent_covered_display": "0.00",
            "missing_lines": 4,
            "excluded_lines": 0,
            "percent_statements_covered": 0.0,
            "percent_statements_covered_display": "0.00"
          },
          "missing_lines": [119, 120, 121, 124],
          "excluded_lines": []
        },
        "RegisterAPIView": {
          "executed_lines": [],
          "summary": {
            "covered_lines": 0,
            "num_statements": 35,
            "percent_covered": 0.0,
            "percent_covered_display": "0.00",
            "missing_lines": 35,
            "excluded_lines": 0,
            "percent_statements_covered": 0.0,
            "percent_statements_covered_display": "0.00"
          },
          "missing_lines": [
            143, 144, 145, 148, 154, 155, 156, 159, 163, 164, 167, 168, 169,
            170, 177, 184, 185, 188, 189, 192, 195, 199, 200, 202, 214, 215,
            233, 235, 237, 238, 239, 242, 245, 248, 251
          ],
          "excluded_lines": []
        },
        "LoginAPIView": {
          "executed_lines": [],
          "summary": {
            "covered_lines": 0,
            "num_statements": 48,
            "percent_covered": 0.0,
            "percent_covered_display": "0.00",
            "missing_lines": 48,
            "excluded_lines": 0,
            "percent_statements_covered": 0.0,
            "percent_statements_covered_display": "0.00"
          },
          "missing_lines": [
            286, 288, 290, 293, 294, 295, 298, 299, 300, 301, 304, 305, 306,
            307, 308, 311, 314, 316, 317, 318, 320, 322, 324, 325, 328, 335,
            340, 347, 353, 354, 357, 360, 363, 364, 369, 370, 371, 372, 375,
            376, 382, 383, 384, 385, 388, 391, 414, 415
          ],
          "excluded_lines": []
        },
        "PreviewAPIView": {
          "executed_lines": [],
          "summary": {
            "covered_lines": 0,
            "num_statements": 20,
            "percent_covered": 0.0,
            "percent_covered_display": "0.00",
            "missing_lines": 20,
            "excluded_lines": 0,
            "percent_statements_covered": 0.0,
            "percent_statements_covered_display": "0.00"
          },
          "missing_lines": [
            434, 436, 439, 451, 453, 460, 482, 484, 486, 489, 490, 491, 494,
            497, 498, 499, 501, 503, 509, 511
          ],
          "excluded_lines": []
        },
        "TokenRefreshAPIView": {
          "executed_lines": [],
          "summary": {
            "covered_lines": 0,
            "num_statements": 11,
            "percent_covered": 0.0,
            "percent_covered_display": "0.00",
            "missing_lines": 11,
            "excluded_lines": 0,
            "percent_statements_covered": 0.0,
            "percent_statements_covered_display": "0.00"
          },
          "missing_lines": [
            532, 534, 535, 540, 542, 543, 546, 551, 552, 556, 557
          ],
          "excluded_lines": []
        },
        "LogoutAPIView": {
          "executed_lines": [],
          "summary": {
            "covered_lines": 0,
            "num_statements": 13,
            "percent_covered": 0.0,
            "percent_covered_display": "0.00",
            "missing_lines": 13,
            "excluded_lines": 0,
            "percent_statements_covered": 0.0,
            "percent_statements_covered_display": "0.00"
          },
          "missing_lines": [
            579, 580, 585, 587, 589, 590, 592, 593, 594, 596, 599, 604, 606
          ],
          "excluded_lines": []
        },
        "SendEmailVerificationAPIView": {
          "executed_lines": [],
          "summary": {
            "covered_lines": 0,
            "num_statements": 17,
            "percent_covered": 0.0,
            "percent_covered_display": "0.00",
            "missing_lines": 17,
            "excluded_lines": 0,
            "percent_statements_covered": 0.0,
            "percent_statements_covered_display": "0.00"
          },
          "missing_lines": [
            632, 633, 634, 635, 640, 643, 644, 650, 653, 656, 667, 673, 678,
            680, 682, 683, 689
          ],
          "excluded_lines": []
        },
        "VerifyEmailAPIView": {
          "executed_lines": [],
          "summary": {
            "covered_lines": 0,
            "num_statements": 21,
            "percent_covered": 0.0,
            "percent_covered_display": "0.00",
            "missing_lines": 21,
            "excluded_lines": 0,
            "percent_statements_covered": 0.0,
            "percent_statements_covered_display": "0.00"
          },
          "missing_lines": [
            710, 712, 713, 714, 715, 721, 722, 728, 729, 735, 736, 737, 738,
            741, 742, 744, 749, 751, 753, 754, 759
          ],
          "excluded_lines": []
        },
        "SendPasswordResetAPIView": {
          "executed_lines": [
            784, 785, 786, 788, 789, 790, 792, 797, 800, 803, 805, 808, 811,
            821, 828
          ],
          "summary": {
            "covered_lines": 15,
            "num_statements": 20,
            "percent_covered": 75.0,
            "percent_covered_display": "75.00",
            "missing_lines": 5,
            "excluded_lines": 0,
            "percent_statements_covered": 75.0,
            "percent_statements_covered_display": "75.00"
          },
          "missing_lines": [833, 835, 837, 838, 843],
          "excluded_lines": []
        },
        "PasswordResetAPIView": {
          "executed_lines": [
            868, 869, 870, 872, 873, 874, 875, 877, 878, 879, 889, 894, 895,
            898, 899, 900, 901, 907, 908, 914, 915, 921, 922, 923, 926, 927, 929
          ],
          "summary": {
            "covered_lines": 27,
            "num_statements": 34,
            "percent_covered": 79.41176470588235,
            "percent_covered_display": "79.41",
            "missing_lines": 7,
            "excluded_lines": 0,
            "percent_statements_covered": 79.41176470588235,
            "percent_statements_covered_display": "79.41"
          },
          "missing_lines": [883, 885, 934, 936, 938, 939, 944],
          "excluded_lines": []
        },
        "": {
          "executed_lines": [
            3, 5, 6, 8, 9, 17, 18, 19, 24, 25, 26, 27, 28, 29, 30, 31, 32, 34,
            37, 40, 41, 43, 45, 66, 90, 91, 93, 103, 104, 106, 127, 128, 130,
            132, 204, 217, 266, 267, 269, 271, 404, 418, 419, 421, 422, 424,
            441, 467, 517, 518, 520, 522, 563, 564, 566, 568, 612, 613, 615,
            617, 695, 696, 698, 700, 765, 766, 768, 770, 849, 850, 852, 854
          ],
          "summary": {
            "covered_lines": 59,
            "num_statements": 59,
            "percent_covered": 100.0,
            "percent_covered_display": "100.00",
            "missing_lines": 0,
            "excluded_lines": 0,
            "percent_statements_covered": 100.0,
            "percent_statements_covered_display": "100.00"
          },
          "missing_lines": [],
          "excluded_lines": []
        }
      }
    },
    "bravo/__init__.py": {
      "executed_lines": [4, 6],
      "summary": {
        "covered_lines": 2,
        "num_statements": 2,
        "percent_covered": 100.0,
        "percent_covered_display": "100.00",
        "missing_lines": 0,
        "excluded_lines": 0,
        "percent_statements_covered": 100.0,
        "percent_statements_covered_display": "100.00"
      },
      "missing_lines": [],
      "excluded_lines": [],
      "functions": {
        "": {
          "executed_lines": [4, 6],
          "summary": {
            "covered_lines": 2,
            "num_statements": 2,
            "percent_covered": 100.0,
            "percent_covered_display": "100.00",
            "missing_lines": 0,
            "excluded_lines": 0,
            "percent_statements_covered": 100.0,
            "percent_statements_covered_display": "100.00"
          },
          "missing_lines": [],
          "excluded_lines": []
        }
      },
      "classes": {
        "": {
          "executed_lines": [4, 6],
          "summary": {
            "covered_lines": 2,
            "num_statements": 2,
            "percent_covered": 100.0,
            "percent_covered_display": "100.00",
            "missing_lines": 0,
            "excluded_lines": 0,
            "percent_statements_covered": 100.0,
            "percent_statements_covered_display": "100.00"
          },
          "missing_lines": [],
          "excluded_lines": []
        }
      }
    },
    "bravo/celery.py": {
      "executed_lines": [1, 3, 6, 8, 11, 14, 17, 18],
      "summary": {
        "covered_lines": 8,
        "num_statements": 9,
        "percent_covered": 88.88888888888889,
        "percent_covered_display": "88.89",
        "missing_lines": 1,
        "excluded_lines": 0,
        "percent_statements_covered": 88.88888888888889,
        "percent_statements_covered_display": "88.89"
      },
      "missing_lines": [19],
      "excluded_lines": [],
      "functions": {
        "debug_task": {
          "executed_lines": [],
          "summary": {
            "covered_lines": 0,
            "num_statements": 1,
            "percent_covered": 0.0,
            "percent_covered_display": "0.00",
            "missing_lines": 1,
            "excluded_lines": 0,
            "percent_statements_covered": 0.0,
            "percent_statements_covered_display": "0.00"
          },
          "missing_lines": [19],
          "excluded_lines": []
        },
        "": {
          "executed_lines": [1, 3, 6, 8, 11, 14, 17, 18],
          "summary": {
            "covered_lines": 8,
            "num_statements": 8,
            "percent_covered": 100.0,
            "percent_covered_display": "100.00",
            "missing_lines": 0,
            "excluded_lines": 0,
            "percent_statements_covered": 100.0,
            "percent_statements_covered_display": "100.00"
          },
          "missing_lines": [],
          "excluded_lines": []
        }
      },
      "classes": {
        "": {
          "executed_lines": [1, 3, 6, 8, 11, 14, 17, 18],
          "summary": {
            "covered_lines": 8,
            "num_statements": 9,
            "percent_covered": 88.88888888888889,
            "percent_covered_display": "88.89",
            "missing_lines": 1,
            "excluded_lines": 0,
            "percent_statements_covered": 88.88888888888889,
            "percent_statements_covered_display": "88.89"
          },
          "missing_lines": [19],
          "excluded_lines": []
        }
      }
    },
    "bravo/urls.py": {
      "executed_lines": [],
      "summary": {
        "covered_lines": 0,
        "num_statements": 11,
        "percent_covered": 0.0,
        "percent_covered_display": "0.00",
        "missing_lines": 11,
        "excluded_lines": 3,
        "percent_statements_covered": 0.0,
        "percent_statements_covered_display": "0.00"
      },
      "missing_lines": [16, 18, 19, 20, 21, 22, 25, 27, 40, 42, 55],
      "excluded_lines": [64, 65, 66],
      "functions": {
        "health_check": {
          "executed_lines": [],
          "summary": {
            "covered_lines": 0,
            "num_statements": 1,
            "percent_covered": 0.0,
            "percent_covered_display": "0.00",
            "missing_lines": 1,
            "excluded_lines": 0,
            "percent_statements_covered": 0.0,
            "percent_statements_covered_display": "0.00"
          },
          "missing_lines": [27],
          "excluded_lines": []
        },
        "api_root": {
          "executed_lines": [],
          "summary": {
            "covered_lines": 0,
            "num_statements": 1,
            "percent_covered": 0.0,
            "percent_covered_display": "0.00",
            "missing_lines": 1,
            "excluded_lines": 0,
            "percent_statements_covered": 0.0,
            "percent_statements_covered_display": "0.00"
          },
          "missing_lines": [42],
          "excluded_lines": []
        },
        "": {
          "executed_lines": [],
          "summary": {
            "covered_lines": 0,
            "num_statements": 9,
            "percent_covered": 0.0,
            "percent_covered_display": "0.00",
            "missing_lines": 9,
            "excluded_lines": 3,
            "percent_statements_covered": 0.0,
            "percent_statements_covered_display": "0.00"
          },
          "missing_lines": [16, 18, 19, 20, 21, 22, 25, 40, 55],
          "excluded_lines": [64, 65, 66]
        }
      },
      "classes": {
        "": {
          "executed_lines": [],
          "summary": {
            "covered_lines": 0,
            "num_statements": 11,
            "percent_covered": 0.0,
            "percent_covered_display": "0.00",
            "missing_lines": 11,
            "excluded_lines": 3,
            "percent_statements_covered": 0.0,
            "percent_statements_covered_display": "0.00"
          },
          "missing_lines": [16, 18, 19, 20, 21, 22, 25, 27, 40, 42, 55],
          "excluded_lines": [64, 65, 66]
        }
      }
    },
    "bravo/urls_test.py": {
      "executed_lines": [2, 4, 5, 6, 7, 10, 26],
      "summary": {
        "covered_lines": 6,
        "num_statements": 7,
        "percent_covered": 85.71428571428571,
        "percent_covered_display": "85.71",
        "missing_lines": 1,
        "excluded_lines": 0,
        "percent_statements_covered": 85.71428571428571,
        "percent_statements_covered_display": "85.71"
      },
      "missing_lines": [12],
      "excluded_lines": [],
      "functions": {
        "home_view": {
          "executed_lines": [],
          "summary": {
            "covered_lines": 0,
            "num_statements": 1,
            "percent_covered": 0.0,
            "percent_covered_display": "0.00",
            "missing_lines": 1,
            "excluded_lines": 0,
            "percent_statements_covered": 0.0,
            "percent_statements_covered_display": "0.00"
          },
          "missing_lines": [12],
          "excluded_lines": []
        },
        "": {
          "executed_lines": [2, 4, 5, 6, 7, 10, 26],
          "summary": {
            "covered_lines": 6,
            "num_statements": 6,
            "percent_covered": 100.0,
            "percent_covered_display": "100.00",
            "missing_lines": 0,
            "excluded_lines": 0,
            "percent_statements_covered": 100.0,
            "percent_statements_covered_display": "100.00"
          },
          "missing_lines": [],
          "excluded_lines": []
        }
      },
      "classes": {
        "": {
          "executed_lines": [2, 4, 5, 6, 7, 10, 26],
          "summary": {
            "covered_lines": 6,
            "num_statements": 7,
            "percent_covered": 85.71428571428571,
            "percent_covered_display": "85.71",
            "missing_lines": 1,
            "excluded_lines": 0,
            "percent_statements_covered": 85.71428571428571,
            "percent_statements_covered_display": "85.71"
          },
          "missing_lines": [12],
          "excluded_lines": []
        }
      }
    }
  },
  "totals": {
    "covered_lines": 347,
    "num_statements": 712,
    "percent_covered": 48.735955056179776,
    "percent_covered_display": "48.74",
    "missing_lines": 365,
    "excluded_lines": 3,
    "percent_statements_covered": 48.735955056179776,
    "percent_statements_covered_display": "48.74"
  }
}
